2021-09-29 21:35:24,218:INFO: Model type:
2021-09-29 21:35:24,218:INFO: device: cuda
2021-09-29 21:35:24,218:INFO: Load pre-train model weights...
2021-09-29 21:35:26,428:INFO: -done
2021-09-29 21:35:26,428:INFO: Starting training for 200 epoch(s)
2021-09-29 21:35:35,571:INFO: Epoch 1/200
2021-09-29 21:41:00,152:INFO: - Val metrics:
correct_num: 119.000; predict_num: 275.000; gold_num: 1113.000; precision: 0.433; recall: 0.107; f1: 0.171
2021-09-29 21:41:06,119:INFO: - Found new best F1
2021-09-29 21:41:06,119:INFO: Epoch 2/200
2021-09-29 21:46:32,862:INFO: - Val metrics:
correct_num: 632.000; predict_num: 883.000; gold_num: 1113.000; precision: 0.716; recall: 0.568; f1: 0.633
2021-09-29 21:46:54,118:INFO: - Found new best F1
2021-09-29 21:46:54,119:INFO: Epoch 3/200
2021-09-29 21:52:20,071:INFO: - Val metrics:
correct_num: 792.000; predict_num: 915.000; gold_num: 1113.000; precision: 0.866; recall: 0.712; f1: 0.781
2021-09-29 21:52:42,785:INFO: - Found new best F1
2021-09-29 21:52:42,785:INFO: Epoch 4/200
2021-09-29 21:58:09,624:INFO: - Val metrics:
correct_num: 882.000; predict_num: 1021.000; gold_num: 1113.000; precision: 0.864; recall: 0.792; f1: 0.827
2021-09-29 21:58:32,379:INFO: - Found new best F1
2021-09-29 21:58:32,379:INFO: Epoch 5/200
2021-09-29 22:03:58,708:INFO: - Val metrics:
correct_num: 951.000; predict_num: 1092.000; gold_num: 1113.000; precision: 0.871; recall: 0.854; f1: 0.863
2021-09-29 22:04:21,106:INFO: - Found new best F1
2021-09-29 22:04:21,106:INFO: Epoch 6/200
2021-09-29 22:09:46,579:INFO: - Val metrics:
correct_num: 957.000; predict_num: 1113.000; gold_num: 1113.000; precision: 0.860; recall: 0.860; f1: 0.860
2021-09-29 22:09:59,142:INFO: Epoch 7/200
2021-09-29 22:15:28,297:INFO: - Val metrics:
correct_num: 951.000; predict_num: 1076.000; gold_num: 1113.000; precision: 0.884; recall: 0.854; f1: 0.869
2021-09-29 22:15:50,640:INFO: - Found new best F1
2021-09-29 22:15:50,640:INFO: Epoch 8/200
2021-09-29 22:21:18,973:INFO: - Val metrics:
correct_num: 972.000; predict_num: 1079.000; gold_num: 1113.000; precision: 0.901; recall: 0.873; f1: 0.887
2021-09-29 22:21:40,506:INFO: - Found new best F1
2021-09-29 22:21:40,506:INFO: Epoch 9/200
2021-09-29 22:27:06,302:INFO: - Val metrics:
correct_num: 936.000; predict_num: 1014.000; gold_num: 1113.000; precision: 0.923; recall: 0.841; f1: 0.880
2021-09-29 22:27:19,299:INFO: Epoch 10/200
2021-09-29 22:32:45,302:INFO: - Val metrics:
correct_num: 971.000; predict_num: 1085.000; gold_num: 1113.000; precision: 0.895; recall: 0.872; f1: 0.884
2021-09-29 22:32:58,856:INFO: Epoch 11/200
2021-09-29 22:38:25,129:INFO: - Val metrics:
correct_num: 919.000; predict_num: 1008.000; gold_num: 1113.000; precision: 0.912; recall: 0.826; f1: 0.867
2021-09-29 22:38:38,248:INFO: Epoch 12/200
2021-09-29 22:44:04,373:INFO: - Val metrics:
correct_num: 985.000; predict_num: 1072.000; gold_num: 1113.000; precision: 0.919; recall: 0.885; f1: 0.902
2021-09-29 22:44:27,458:INFO: - Found new best F1
2021-09-29 22:44:27,459:INFO: Epoch 13/200
2021-09-29 22:49:54,299:INFO: - Val metrics:
correct_num: 958.000; predict_num: 1071.000; gold_num: 1113.000; precision: 0.894; recall: 0.861; f1: 0.877
2021-09-29 22:50:07,742:INFO: Epoch 14/200
2021-09-29 22:55:33,750:INFO: - Val metrics:
correct_num: 988.000; predict_num: 1105.000; gold_num: 1113.000; precision: 0.894; recall: 0.888; f1: 0.891
2021-09-29 22:55:43,992:INFO: Epoch 15/200
2021-09-29 23:01:09,825:INFO: - Val metrics:
correct_num: 977.000; predict_num: 1075.000; gold_num: 1113.000; precision: 0.909; recall: 0.878; f1: 0.893
2021-09-29 23:01:20,031:INFO: Epoch 16/200
2021-09-29 23:06:44,764:INFO: - Val metrics:
correct_num: 961.000; predict_num: 1033.000; gold_num: 1113.000; precision: 0.930; recall: 0.863; f1: 0.896
2021-09-29 23:06:55,643:INFO: Epoch 17/200
2021-09-29 23:12:20,765:INFO: - Val metrics:
correct_num: 924.000; predict_num: 1057.000; gold_num: 1113.000; precision: 0.874; recall: 0.830; f1: 0.852
2021-09-29 23:12:30,957:INFO: Epoch 18/200
2021-09-29 23:17:55,431:INFO: - Val metrics:
correct_num: 920.000; predict_num: 1009.000; gold_num: 1113.000; precision: 0.912; recall: 0.827; f1: 0.867
2021-09-29 23:18:06,020:INFO: Epoch 19/200
2021-09-29 23:23:31,597:INFO: - Val metrics:
correct_num: 954.000; predict_num: 1028.000; gold_num: 1113.000; precision: 0.928; recall: 0.857; f1: 0.891
2021-09-29 23:23:42,219:INFO: Epoch 20/200
2021-09-29 23:29:06,831:INFO: - Val metrics:
correct_num: 959.000; predict_num: 1067.000; gold_num: 1113.000; precision: 0.899; recall: 0.862; f1: 0.880
2021-09-29 23:29:16,978:INFO: Epoch 21/200
2021-09-29 23:34:43,410:INFO: - Val metrics:
correct_num: 932.000; predict_num: 1047.000; gold_num: 1113.000; precision: 0.890; recall: 0.837; f1: 0.863
2021-09-29 23:34:54,210:INFO: Epoch 22/200
2021-09-29 23:40:11,382:INFO: - Val metrics:
correct_num: 979.000; predict_num: 1068.000; gold_num: 1113.000; precision: 0.917; recall: 0.880; f1: 0.898
2021-09-29 23:40:22,579:INFO: Epoch 23/200
2021-09-29 23:45:29,316:INFO: - Val metrics:
correct_num: 959.000; predict_num: 1073.000; gold_num: 1113.000; precision: 0.894; recall: 0.862; f1: 0.877
2021-09-29 23:45:39,254:INFO: Epoch 24/200
2021-09-29 23:50:45,854:INFO: - Val metrics:
correct_num: 973.000; predict_num: 1090.000; gold_num: 1113.000; precision: 0.893; recall: 0.874; f1: 0.883
2021-09-29 23:50:55,943:INFO: Epoch 25/200
2021-09-29 23:56:03,523:INFO: - Val metrics:
correct_num: 962.000; predict_num: 1084.000; gold_num: 1113.000; precision: 0.887; recall: 0.864; f1: 0.876
2021-09-29 23:56:13,325:INFO: Epoch 26/200
2021-09-30 00:01:19,302:INFO: - Val metrics:
correct_num: 991.000; predict_num: 1091.000; gold_num: 1113.000; precision: 0.908; recall: 0.890; f1: 0.899
2021-09-30 00:01:29,152:INFO: Epoch 27/200
2021-09-30 00:06:34,529:INFO: - Val metrics:
correct_num: 974.000; predict_num: 1075.000; gold_num: 1113.000; precision: 0.906; recall: 0.875; f1: 0.890
2021-09-30 00:06:44,346:INFO: Epoch 28/200
2021-09-30 00:11:49,922:INFO: - Val metrics:
correct_num: 932.000; predict_num: 1027.000; gold_num: 1113.000; precision: 0.907; recall: 0.837; f1: 0.871
2021-09-30 00:11:59,782:INFO: Epoch 29/200
2021-09-30 00:17:05,287:INFO: - Val metrics:
correct_num: 981.000; predict_num: 1084.000; gold_num: 1113.000; precision: 0.905; recall: 0.881; f1: 0.893
2021-09-30 00:17:15,631:INFO: Epoch 30/200
2021-09-30 00:22:21,070:INFO: - Val metrics:
correct_num: 988.000; predict_num: 1098.000; gold_num: 1113.000; precision: 0.900; recall: 0.888; f1: 0.894
2021-09-30 00:22:31,174:INFO: Epoch 31/200
2021-09-30 00:27:36,056:INFO: - Val metrics:
correct_num: 999.000; predict_num: 1088.000; gold_num: 1113.000; precision: 0.918; recall: 0.898; f1: 0.908
2021-09-30 00:27:55,103:INFO: - Found new best F1
2021-09-30 00:27:55,103:INFO: Epoch 32/200
2021-09-30 00:33:00,527:INFO: - Val metrics:
correct_num: 966.000; predict_num: 1096.000; gold_num: 1113.000; precision: 0.881; recall: 0.868; f1: 0.875
2021-09-30 00:33:10,775:INFO: Epoch 33/200
2021-09-30 00:38:15,245:INFO: - Val metrics:
correct_num: 997.000; predict_num: 1097.000; gold_num: 1113.000; precision: 0.909; recall: 0.896; f1: 0.902
2021-09-30 00:38:25,173:INFO: Epoch 34/200
2021-09-30 00:43:30,485:INFO: - Val metrics:
correct_num: 982.000; predict_num: 1082.000; gold_num: 1113.000; precision: 0.908; recall: 0.882; f1: 0.895
2021-09-30 00:43:40,666:INFO: Epoch 35/200
2021-09-30 00:48:45,400:INFO: - Val metrics:
correct_num: 981.000; predict_num: 1116.000; gold_num: 1113.000; precision: 0.879; recall: 0.881; f1: 0.880
2021-09-30 00:48:55,477:INFO: Epoch 36/200
2021-09-30 00:54:00,491:INFO: - Val metrics:
correct_num: 995.000; predict_num: 1104.000; gold_num: 1113.000; precision: 0.901; recall: 0.894; f1: 0.898
2021-09-30 00:54:10,416:INFO: Epoch 37/200
2021-09-30 00:59:15,698:INFO: - Val metrics:
correct_num: 962.000; predict_num: 1057.000; gold_num: 1113.000; precision: 0.910; recall: 0.864; f1: 0.887
2021-09-30 00:59:25,609:INFO: Epoch 38/200
2021-09-30 01:04:41,332:INFO: - Val metrics:
correct_num: 972.000; predict_num: 1068.000; gold_num: 1113.000; precision: 0.910; recall: 0.873; f1: 0.891
2021-09-30 01:04:52,762:INFO: Epoch 39/200
2021-09-30 01:10:14,974:INFO: - Val metrics:
correct_num: 956.000; predict_num: 1036.000; gold_num: 1113.000; precision: 0.923; recall: 0.859; f1: 0.890
2021-09-30 01:10:27,230:INFO: Epoch 40/200
2021-09-30 01:15:49,944:INFO: - Val metrics:
correct_num: 988.000; predict_num: 1063.000; gold_num: 1113.000; precision: 0.929; recall: 0.888; f1: 0.908
2021-09-30 01:16:09,772:INFO: - Found new best F1
2021-09-30 01:16:09,772:INFO: Epoch 41/200
2021-09-30 01:21:32,145:INFO: - Val metrics:
correct_num: 1000.000; predict_num: 1093.000; gold_num: 1113.000; precision: 0.915; recall: 0.898; f1: 0.907
2021-09-30 01:21:42,884:INFO: Epoch 42/200
2021-09-30 01:27:06,208:INFO: - Val metrics:
correct_num: 942.000; predict_num: 1084.000; gold_num: 1113.000; precision: 0.869; recall: 0.846; f1: 0.858
2021-09-30 01:27:18,893:INFO: Epoch 43/200
2021-09-30 01:32:41,708:INFO: - Val metrics:
correct_num: 981.000; predict_num: 1100.000; gold_num: 1113.000; precision: 0.892; recall: 0.881; f1: 0.887
2021-09-30 01:32:53,839:INFO: Epoch 44/200
2021-09-30 01:38:17,193:INFO: - Val metrics:
correct_num: 1005.000; predict_num: 1115.000; gold_num: 1113.000; precision: 0.901; recall: 0.903; f1: 0.902
2021-09-30 01:38:28,969:INFO: Epoch 45/200
2021-09-30 01:43:52,613:INFO: - Val metrics:
correct_num: 966.000; predict_num: 1057.000; gold_num: 1113.000; precision: 0.914; recall: 0.868; f1: 0.890
2021-09-30 01:44:05,005:INFO: Epoch 46/200
2021-09-30 01:49:29,610:INFO: - Val metrics:
correct_num: 961.000; predict_num: 1073.000; gold_num: 1113.000; precision: 0.896; recall: 0.863; f1: 0.879
2021-09-30 01:49:42,704:INFO: Epoch 47/200
2021-09-30 01:55:05,970:INFO: - Val metrics:
correct_num: 975.000; predict_num: 1079.000; gold_num: 1113.000; precision: 0.904; recall: 0.876; f1: 0.890
2021-09-30 01:55:19,436:INFO: Epoch 48/200
2021-09-30 02:00:43,493:INFO: - Val metrics:
correct_num: 992.000; predict_num: 1109.000; gold_num: 1113.000; precision: 0.894; recall: 0.891; f1: 0.893
2021-09-30 02:00:56,409:INFO: Epoch 49/200
2021-09-30 02:06:19,720:INFO: - Val metrics:
correct_num: 983.000; predict_num: 1086.000; gold_num: 1113.000; precision: 0.905; recall: 0.883; f1: 0.894
2021-09-30 02:06:32,046:INFO: Epoch 50/200
2021-09-30 02:11:57,265:INFO: - Val metrics:
correct_num: 969.000; predict_num: 1090.000; gold_num: 1113.000; precision: 0.889; recall: 0.871; f1: 0.880
2021-09-30 02:12:10,710:INFO: Epoch 51/200
2021-09-30 02:17:35,062:INFO: - Val metrics:
correct_num: 976.000; predict_num: 1083.000; gold_num: 1113.000; precision: 0.901; recall: 0.877; f1: 0.889
2021-09-30 02:17:47,862:INFO: Epoch 52/200
2021-09-30 02:23:10,843:INFO: - Val metrics:
correct_num: 984.000; predict_num: 1090.000; gold_num: 1113.000; precision: 0.903; recall: 0.884; f1: 0.893
2021-09-30 02:23:23,477:INFO: Epoch 53/200
2021-09-30 02:28:46,355:INFO: - Val metrics:
correct_num: 947.000; predict_num: 1039.000; gold_num: 1113.000; precision: 0.911; recall: 0.851; f1: 0.880
2021-09-30 02:28:58,468:INFO: Epoch 54/200
2021-09-30 02:34:22,448:INFO: - Val metrics:
correct_num: 992.000; predict_num: 1083.000; gold_num: 1113.000; precision: 0.916; recall: 0.891; f1: 0.903
2021-09-30 02:34:34,668:INFO: Epoch 55/200
2021-09-30 02:39:58,999:INFO: - Val metrics:
correct_num: 988.000; predict_num: 1110.000; gold_num: 1113.000; precision: 0.890; recall: 0.888; f1: 0.889
2021-09-30 02:40:11,641:INFO: Epoch 56/200
2021-09-30 02:45:35,818:INFO: - Val metrics:
correct_num: 992.000; predict_num: 1093.000; gold_num: 1113.000; precision: 0.908; recall: 0.891; f1: 0.899
2021-09-30 02:45:49,010:INFO: Epoch 57/200
2021-09-30 02:51:14,167:INFO: - Val metrics:
correct_num: 986.000; predict_num: 1103.000; gold_num: 1113.000; precision: 0.894; recall: 0.886; f1: 0.890
2021-09-30 02:51:27,858:INFO: Epoch 58/200
2021-09-30 02:56:52,192:INFO: - Val metrics:
correct_num: 987.000; predict_num: 1093.000; gold_num: 1113.000; precision: 0.903; recall: 0.887; f1: 0.895
2021-09-30 02:57:05,169:INFO: Epoch 59/200
2021-09-30 03:02:29,777:INFO: - Val metrics:
correct_num: 965.000; predict_num: 1090.000; gold_num: 1113.000; precision: 0.885; recall: 0.867; f1: 0.876
2021-09-30 03:02:42,684:INFO: Epoch 60/200
2021-09-30 03:08:05,206:INFO: - Val metrics:
correct_num: 984.000; predict_num: 1105.000; gold_num: 1113.000; precision: 0.890; recall: 0.884; f1: 0.887
2021-09-30 03:08:15,515:INFO: Epoch 61/200
2021-09-30 03:13:37,935:INFO: - Val metrics:
correct_num: 983.000; predict_num: 1076.000; gold_num: 1113.000; precision: 0.914; recall: 0.883; f1: 0.898
2021-09-30 03:13:47,775:INFO: Best val f1: 00.91
