2021-10-03 09:08:44,005:INFO: 
Running with the following configs:
 >> seed : 2020
 >> ex_index : 2021-10-03_09:08:42
 >> corpus_type : WebNLG-star
 >> device_id : 0
 >> epoch_num : 150
 >> multi_gpu : False
 >> restore_file : None
 >> corres_threshold : 0.5
 >> rel_threshold : 0.5
 >> emb_fusion : concat
 >> ensure_cross : none
 >> ensure_rel : hgat_relemb
 >> ensure_corres : default
 >> num_negs : 4


2021-10-03 09:08:44,011:INFO: Model type:
2021-10-03 09:08:44,011:INFO: device: cuda
2021-10-03 09:08:44,011:INFO: Load pre-train model weights...
2021-10-03 09:08:45,866:INFO: -done
2021-10-03 09:08:45,866:INFO: Starting training for 150 epoch(s)
2021-10-03 09:08:51,244:INFO: Epoch 1/150
2021-10-03 09:14:04,124:INFO: loss=0.350, loss_seq=0.190, loss_mat=0.038, loss_rel=0.122
2021-10-03 09:14:07,625:INFO: - Val metrics:
correct_num: 231.000; predict_num: 515.000; gold_num: 1113.000; precision: 0.449; recall: 0.208; f1: 0.284
2021-10-03 09:14:10,416:INFO: - Found new best F1
2021-10-03 09:14:10,416:INFO: Epoch 2/150
2021-10-03 09:19:24,127:INFO: loss=0.077, loss_seq=0.047, loss_mat=0.004, loss_rel=0.026
2021-10-03 09:19:27,632:INFO: - Val metrics:
correct_num: 656.000; predict_num: 867.000; gold_num: 1113.000; precision: 0.757; recall: 0.589; f1: 0.663
2021-10-03 09:19:47,914:INFO: - Found new best F1
2021-10-03 09:19:47,915:INFO: Epoch 3/150
2021-10-03 09:25:01,170:INFO: loss=0.039, loss_seq=0.022, loss_mat=0.003, loss_rel=0.014
2021-10-03 09:25:04,716:INFO: - Val metrics:
correct_num: 821.000; predict_num: 976.000; gold_num: 1113.000; precision: 0.841; recall: 0.738; f1: 0.786
2021-10-03 09:25:26,004:INFO: - Found new best F1
2021-10-03 09:25:26,004:INFO: Epoch 4/150
2021-10-03 09:30:39,174:INFO: loss=0.026, loss_seq=0.015, loss_mat=0.002, loss_rel=0.009
2021-10-03 09:30:42,720:INFO: - Val metrics:
correct_num: 882.000; predict_num: 1034.000; gold_num: 1113.000; precision: 0.853; recall: 0.792; f1: 0.822
2021-10-03 09:31:01,258:INFO: - Found new best F1
2021-10-03 09:31:01,258:INFO: Epoch 5/150
2021-10-03 09:36:16,593:INFO: loss=0.020, loss_seq=0.011, loss_mat=0.001, loss_rel=0.007
2021-10-03 09:36:20,087:INFO: - Val metrics:
correct_num: 918.000; predict_num: 1033.000; gold_num: 1113.000; precision: 0.889; recall: 0.825; f1: 0.856
2021-10-03 09:36:39,361:INFO: - Found new best F1
2021-10-03 09:36:39,361:INFO: Epoch 6/150
2021-10-03 09:41:54,387:INFO: loss=0.018, loss_seq=0.011, loss_mat=0.001, loss_rel=0.006
2021-10-03 09:41:57,924:INFO: - Val metrics:
correct_num: 948.000; predict_num: 1108.000; gold_num: 1113.000; precision: 0.856; recall: 0.852; f1: 0.854
2021-10-03 09:42:09,835:INFO: Epoch 7/150
2021-10-03 09:47:22,901:INFO: loss=0.017, loss_seq=0.011, loss_mat=0.001, loss_rel=0.005
2021-10-03 09:47:26,401:INFO: - Val metrics:
correct_num: 946.000; predict_num: 1062.000; gold_num: 1113.000; precision: 0.891; recall: 0.850; f1: 0.870
2021-10-03 09:47:48,529:INFO: - Found new best F1
2021-10-03 09:47:48,529:INFO: Epoch 8/150
2021-10-03 09:53:03,071:INFO: loss=0.019, loss_seq=0.013, loss_mat=0.001, loss_rel=0.005
2021-10-03 09:53:06,560:INFO: - Val metrics:
correct_num: 959.000; predict_num: 1098.000; gold_num: 1113.000; precision: 0.873; recall: 0.862; f1: 0.867
2021-10-03 09:53:18,944:INFO: Epoch 9/150
2021-10-03 09:58:35,053:INFO: loss=0.014, loss_seq=0.009, loss_mat=0.001, loss_rel=0.004
2021-10-03 09:58:38,542:INFO: - Val metrics:
correct_num: 956.000; predict_num: 1083.000; gold_num: 1113.000; precision: 0.883; recall: 0.859; f1: 0.871
2021-10-03 09:58:59,736:INFO: - Found new best F1
2021-10-03 09:58:59,737:INFO: Epoch 10/150
2021-10-03 10:04:15,048:INFO: loss=0.018, loss_seq=0.012, loss_mat=0.001, loss_rel=0.005
2021-10-03 10:04:18,564:INFO: - Val metrics:
correct_num: 925.000; predict_num: 1031.000; gold_num: 1113.000; precision: 0.897; recall: 0.831; f1: 0.863
2021-10-03 10:04:30,965:INFO: Epoch 11/150
2021-10-03 10:09:46,531:INFO: loss=0.017, loss_seq=0.012, loss_mat=0.001, loss_rel=0.004
2021-10-03 10:09:50,032:INFO: - Val metrics:
correct_num: 976.000; predict_num: 1102.000; gold_num: 1113.000; precision: 0.886; recall: 0.877; f1: 0.881
2021-10-03 10:10:12,245:INFO: - Found new best F1
2021-10-03 10:10:12,245:INFO: Epoch 12/150
2021-10-03 10:15:29,392:INFO: loss=0.022, loss_seq=0.016, loss_mat=0.001, loss_rel=0.005
2021-10-03 10:15:32,873:INFO: - Val metrics:
correct_num: 937.000; predict_num: 1083.000; gold_num: 1113.000; precision: 0.865; recall: 0.842; f1: 0.853
2021-10-03 10:15:45,611:INFO: Epoch 13/150
2021-10-03 10:21:01,431:INFO: loss=0.080, loss_seq=0.062, loss_mat=0.002, loss_rel=0.017
2021-10-03 10:21:04,923:INFO: - Val metrics:
correct_num: 621.000; predict_num: 800.000; gold_num: 1113.000; precision: 0.776; recall: 0.558; f1: 0.649
2021-10-03 10:21:17,240:INFO: Epoch 14/150
2021-10-03 10:26:32,376:INFO: loss=0.027, loss_seq=0.019, loss_mat=0.001, loss_rel=0.007
2021-10-03 10:26:35,894:INFO: - Val metrics:
correct_num: 943.000; predict_num: 1058.000; gold_num: 1113.000; precision: 0.891; recall: 0.847; f1: 0.869
2021-10-03 10:26:49,394:INFO: Epoch 15/150
2021-10-03 10:32:05,053:INFO: loss=0.106, loss_seq=0.060, loss_mat=0.002, loss_rel=0.044
2021-10-03 10:32:08,530:INFO: - Val metrics:
correct_num: 684.000; predict_num: 827.000; gold_num: 1113.000; precision: 0.827; recall: 0.615; f1: 0.705
2021-10-03 10:32:19,113:INFO: Epoch 16/150
2021-10-03 10:37:33,467:INFO: loss=0.037, loss_seq=0.027, loss_mat=0.001, loss_rel=0.008
2021-10-03 10:37:36,959:INFO: - Val metrics:
correct_num: 980.000; predict_num: 1117.000; gold_num: 1113.000; precision: 0.877; recall: 0.881; f1: 0.879
2021-10-03 10:37:49,085:INFO: Epoch 17/150
2021-10-03 10:43:02,431:INFO: loss=0.017, loss_seq=0.011, loss_mat=0.001, loss_rel=0.005
2021-10-03 10:43:05,924:INFO: - Val metrics:
correct_num: 965.000; predict_num: 1084.000; gold_num: 1113.000; precision: 0.890; recall: 0.867; f1: 0.878
2021-10-03 10:43:18,404:INFO: Epoch 18/150
2021-10-03 10:48:32,258:INFO: loss=0.016, loss_seq=0.011, loss_mat=0.001, loss_rel=0.005
2021-10-03 10:48:35,767:INFO: - Val metrics:
correct_num: 972.000; predict_num: 1095.000; gold_num: 1113.000; precision: 0.888; recall: 0.873; f1: 0.880
2021-10-03 10:48:48,933:INFO: Epoch 19/150
2021-10-03 10:54:01,636:INFO: loss=0.018, loss_seq=0.012, loss_mat=0.001, loss_rel=0.005
2021-10-03 10:54:05,127:INFO: - Val metrics:
correct_num: 963.000; predict_num: 1077.000; gold_num: 1113.000; precision: 0.894; recall: 0.865; f1: 0.879
2021-10-03 10:54:16,648:INFO: Epoch 20/150
2021-10-03 10:59:29,261:INFO: loss=0.047, loss_seq=0.015, loss_mat=0.001, loss_rel=0.031
2021-10-03 10:59:32,769:INFO: - Val metrics:
correct_num: 951.000; predict_num: 1066.000; gold_num: 1113.000; precision: 0.892; recall: 0.854; f1: 0.873
2021-10-03 10:59:45,232:INFO: Epoch 21/150
2021-10-03 11:04:58,469:INFO: loss=0.046, loss_seq=0.035, loss_mat=0.002, loss_rel=0.009
2021-10-03 11:05:01,943:INFO: - Val metrics:
correct_num: 911.000; predict_num: 1049.000; gold_num: 1113.000; precision: 0.868; recall: 0.819; f1: 0.843
2021-10-03 11:05:14,590:INFO: Epoch 22/150
2021-10-03 11:10:28,038:INFO: loss=0.027, loss_seq=0.020, loss_mat=0.001, loss_rel=0.006
2021-10-03 11:10:31,635:INFO: - Val metrics:
correct_num: 974.000; predict_num: 1112.000; gold_num: 1113.000; precision: 0.876; recall: 0.875; f1: 0.876
2021-10-03 11:10:44,121:INFO: Epoch 23/150
2021-10-03 11:15:57,452:INFO: loss=0.015, loss_seq=0.010, loss_mat=0.001, loss_rel=0.004
2021-10-03 11:16:00,962:INFO: - Val metrics:
correct_num: 964.000; predict_num: 1065.000; gold_num: 1113.000; precision: 0.905; recall: 0.866; f1: 0.885
2021-10-03 11:16:22,252:INFO: - Found new best F1
2021-10-03 11:16:22,252:INFO: Epoch 24/150
2021-10-03 11:21:36,762:INFO: loss=0.019, loss_seq=0.013, loss_mat=0.001, loss_rel=0.005
2021-10-03 11:21:40,292:INFO: - Val metrics:
correct_num: 965.000; predict_num: 1104.000; gold_num: 1113.000; precision: 0.874; recall: 0.867; f1: 0.871
2021-10-03 11:21:52,918:INFO: Epoch 25/150
2021-10-03 11:27:06,481:INFO: loss=0.028, loss_seq=0.019, loss_mat=0.001, loss_rel=0.008
2021-10-03 11:27:09,976:INFO: - Val metrics:
correct_num: 941.000; predict_num: 1071.000; gold_num: 1113.000; precision: 0.879; recall: 0.845; f1: 0.862
2021-10-03 11:27:22,257:INFO: Epoch 26/150
2021-10-03 11:32:37,005:INFO: loss=0.046, loss_seq=0.037, loss_mat=0.001, loss_rel=0.007
2021-10-03 11:32:40,503:INFO: - Val metrics:
correct_num: 851.000; predict_num: 1009.000; gold_num: 1113.000; precision: 0.843; recall: 0.765; f1: 0.802
2021-10-03 11:32:52,914:INFO: Epoch 27/150
2021-10-03 11:38:07,498:INFO: loss=0.026, loss_seq=0.018, loss_mat=0.001, loss_rel=0.006
2021-10-03 11:38:10,986:INFO: - Val metrics:
correct_num: 938.000; predict_num: 1094.000; gold_num: 1113.000; precision: 0.857; recall: 0.843; f1: 0.850
2021-10-03 11:38:23,989:INFO: Epoch 28/150
2021-10-03 11:43:38,670:INFO: loss=0.017, loss_seq=0.012, loss_mat=0.001, loss_rel=0.004
2021-10-03 11:43:42,150:INFO: - Val metrics:
correct_num: 948.000; predict_num: 1060.000; gold_num: 1113.000; precision: 0.894; recall: 0.852; f1: 0.873
2021-10-03 11:43:55,672:INFO: Epoch 29/150
2021-10-03 11:49:09,762:INFO: loss=0.015, loss_seq=0.010, loss_mat=0.001, loss_rel=0.004
2021-10-03 11:49:13,262:INFO: - Val metrics:
correct_num: 970.000; predict_num: 1112.000; gold_num: 1113.000; precision: 0.872; recall: 0.872; f1: 0.872
2021-10-03 11:49:26,224:INFO: Epoch 30/150
2021-10-03 11:54:38,451:INFO: loss=0.017, loss_seq=0.012, loss_mat=0.001, loss_rel=0.004
2021-10-03 11:54:41,956:INFO: - Val metrics:
correct_num: 934.000; predict_num: 1056.000; gold_num: 1113.000; precision: 0.884; recall: 0.839; f1: 0.861
2021-10-03 11:54:54,908:INFO: Epoch 31/150
2021-10-03 12:00:09,141:INFO: loss=0.017, loss_seq=0.012, loss_mat=0.001, loss_rel=0.004
2021-10-03 12:00:12,636:INFO: - Val metrics:
correct_num: 934.000; predict_num: 1050.000; gold_num: 1113.000; precision: 0.890; recall: 0.839; f1: 0.864
2021-10-03 12:00:25,060:INFO: Epoch 32/150
2021-10-03 12:05:38,629:INFO: loss=0.020, loss_seq=0.015, loss_mat=0.001, loss_rel=0.005
2021-10-03 12:05:42,152:INFO: - Val metrics:
correct_num: 990.000; predict_num: 1107.000; gold_num: 1113.000; precision: 0.894; recall: 0.889; f1: 0.892
2021-10-03 12:06:04,538:INFO: - Found new best F1
2021-10-03 12:06:04,538:INFO: Epoch 33/150
2021-10-03 12:11:17,551:INFO: loss=0.016, loss_seq=0.011, loss_mat=0.001, loss_rel=0.004
2021-10-03 12:11:21,084:INFO: - Val metrics:
correct_num: 943.000; predict_num: 1060.000; gold_num: 1113.000; precision: 0.890; recall: 0.847; f1: 0.868
2021-10-03 12:11:33,600:INFO: Epoch 34/150
2021-10-03 12:16:47,644:INFO: loss=0.014, loss_seq=0.010, loss_mat=0.001, loss_rel=0.003
2021-10-03 12:16:51,121:INFO: - Val metrics:
correct_num: 974.000; predict_num: 1093.000; gold_num: 1113.000; precision: 0.891; recall: 0.875; f1: 0.883
2021-10-03 12:17:04,902:INFO: Epoch 35/150
2021-10-03 12:22:19,959:INFO: loss=0.019, loss_seq=0.014, loss_mat=0.001, loss_rel=0.004
2021-10-03 12:22:23,463:INFO: - Val metrics:
correct_num: 974.000; predict_num: 1109.000; gold_num: 1113.000; precision: 0.878; recall: 0.875; f1: 0.877
2021-10-03 12:22:36,503:INFO: Epoch 36/150
2021-10-03 12:27:49,692:INFO: loss=0.018, loss_seq=0.013, loss_mat=0.001, loss_rel=0.004
2021-10-03 12:27:53,185:INFO: - Val metrics:
correct_num: 966.000; predict_num: 1085.000; gold_num: 1113.000; precision: 0.890; recall: 0.868; f1: 0.879
2021-10-03 12:28:06,621:INFO: Epoch 37/150
2021-10-03 12:33:19,526:INFO: loss=0.014, loss_seq=0.010, loss_mat=0.001, loss_rel=0.004
2021-10-03 12:33:23,060:INFO: - Val metrics:
correct_num: 981.000; predict_num: 1100.000; gold_num: 1113.000; precision: 0.892; recall: 0.881; f1: 0.887
2021-10-03 12:33:36,239:INFO: Epoch 38/150
2021-10-03 12:38:50,058:INFO: loss=0.012, loss_seq=0.008, loss_mat=0.001, loss_rel=0.003
2021-10-03 12:38:53,560:INFO: - Val metrics:
correct_num: 953.000; predict_num: 1041.000; gold_num: 1113.000; precision: 0.915; recall: 0.856; f1: 0.885
2021-10-03 12:39:06,653:INFO: Epoch 39/150
2021-10-03 12:44:20,691:INFO: loss=0.015, loss_seq=0.011, loss_mat=0.001, loss_rel=0.003
2021-10-03 12:44:24,169:INFO: - Val metrics:
correct_num: 993.000; predict_num: 1099.000; gold_num: 1113.000; precision: 0.904; recall: 0.892; f1: 0.898
2021-10-03 12:44:45,403:INFO: - Found new best F1
2021-10-03 12:44:45,403:INFO: Epoch 40/150
2021-10-03 12:49:59,537:INFO: loss=0.013, loss_seq=0.009, loss_mat=0.001, loss_rel=0.003
2021-10-03 12:50:03,041:INFO: - Val metrics:
correct_num: 979.000; predict_num: 1072.000; gold_num: 1113.000; precision: 0.913; recall: 0.880; f1: 0.896
2021-10-03 12:50:16,472:INFO: Epoch 41/150
2021-10-03 12:55:29,945:INFO: loss=0.016, loss_seq=0.012, loss_mat=0.001, loss_rel=0.003
2021-10-03 12:55:33,452:INFO: - Val metrics:
correct_num: 964.000; predict_num: 1093.000; gold_num: 1113.000; precision: 0.882; recall: 0.866; f1: 0.874
2021-10-03 12:55:47,036:INFO: Epoch 42/150
2021-10-03 13:01:01,625:INFO: loss=0.012, loss_seq=0.008, loss_mat=0.001, loss_rel=0.003
2021-10-03 13:01:05,116:INFO: - Val metrics:
correct_num: 989.000; predict_num: 1103.000; gold_num: 1113.000; precision: 0.897; recall: 0.889; f1: 0.893
2021-10-03 13:01:17,843:INFO: Epoch 43/150
2021-10-03 13:06:30,928:INFO: loss=0.014, loss_seq=0.010, loss_mat=0.001, loss_rel=0.003
2021-10-03 13:06:34,443:INFO: - Val metrics:
correct_num: 982.000; predict_num: 1081.000; gold_num: 1113.000; precision: 0.908; recall: 0.882; f1: 0.895
2021-10-03 13:06:47,810:INFO: Epoch 44/150
2021-10-03 13:12:02,667:INFO: loss=0.015, loss_seq=0.011, loss_mat=0.001, loss_rel=0.004
2021-10-03 13:12:06,175:INFO: - Val metrics:
correct_num: 954.000; predict_num: 1076.000; gold_num: 1113.000; precision: 0.887; recall: 0.857; f1: 0.872
2021-10-03 13:12:19,877:INFO: Epoch 45/150
2021-10-03 13:17:33,726:INFO: loss=0.014, loss_seq=0.010, loss_mat=0.001, loss_rel=0.003
2021-10-03 13:17:37,230:INFO: - Val metrics:
correct_num: 951.000; predict_num: 1052.000; gold_num: 1113.000; precision: 0.904; recall: 0.854; f1: 0.879
2021-10-03 13:17:50,773:INFO: Epoch 46/150
2021-10-03 13:23:05,803:INFO: loss=0.012, loss_seq=0.008, loss_mat=0.001, loss_rel=0.003
2021-10-03 13:23:09,313:INFO: - Val metrics:
correct_num: 994.000; predict_num: 1108.000; gold_num: 1113.000; precision: 0.897; recall: 0.893; f1: 0.895
2021-10-03 13:23:23,027:INFO: Epoch 47/150
2021-10-03 13:28:37,621:INFO: loss=0.010, loss_seq=0.007, loss_mat=0.001, loss_rel=0.003
2021-10-03 13:28:41,124:INFO: - Val metrics:
correct_num: 973.000; predict_num: 1080.000; gold_num: 1113.000; precision: 0.901; recall: 0.874; f1: 0.887
2021-10-03 13:28:54,054:INFO: Epoch 48/150
2021-10-03 13:34:08,382:INFO: loss=0.065, loss_seq=0.062, loss_mat=0.001, loss_rel=0.003
2021-10-03 13:34:11,889:INFO: - Val metrics:
correct_num: 843.000; predict_num: 1006.000; gold_num: 1113.000; precision: 0.838; recall: 0.757; f1: 0.796
2021-10-03 13:34:24,464:INFO: Epoch 49/150
2021-10-03 13:39:37,523:INFO: loss=0.025, loss_seq=0.017, loss_mat=0.001, loss_rel=0.007
2021-10-03 13:39:40,949:INFO: - Val metrics:
correct_num: 0.000; predict_num: 0.000; gold_num: 1113.000; precision: 0.000; recall: 0.000; f1: 0.000
2021-10-03 13:39:53,872:INFO: Epoch 50/150
2021-10-03 13:45:06,447:INFO: loss=0.323, loss_seq=0.228, loss_mat=0.017, loss_rel=0.078
2021-10-03 13:45:09,860:INFO: - Val metrics:
correct_num: 0.000; predict_num: 0.000; gold_num: 1113.000; precision: 0.000; recall: 0.000; f1: 0.000
2021-10-03 13:45:23,076:INFO: Epoch 51/150
2021-10-03 13:50:36,093:INFO: loss=0.309, loss_seq=0.219, loss_mat=0.017, loss_rel=0.074
2021-10-03 13:50:39,497:INFO: - Val metrics:
correct_num: 0.000; predict_num: 0.000; gold_num: 1113.000; precision: 0.000; recall: 0.000; f1: 0.000
2021-10-03 13:50:52,747:INFO: Epoch 52/150
2021-10-03 13:56:05,468:INFO: loss=0.307, loss_seq=0.217, loss_mat=0.017, loss_rel=0.073
2021-10-03 13:56:08,877:INFO: - Val metrics:
correct_num: 0.000; predict_num: 0.000; gold_num: 1113.000; precision: 0.000; recall: 0.000; f1: 0.000
2021-10-03 13:56:22,369:INFO: Epoch 53/150
2021-10-03 14:01:36,568:INFO: loss=0.304, loss_seq=0.215, loss_mat=0.017, loss_rel=0.072
2021-10-03 14:01:39,959:INFO: - Val metrics:
correct_num: 0.000; predict_num: 0.000; gold_num: 1113.000; precision: 0.000; recall: 0.000; f1: 0.000
2021-10-03 14:01:53,621:INFO: Epoch 54/150
2021-10-03 14:07:06,388:INFO: loss=0.301, loss_seq=0.213, loss_mat=0.017, loss_rel=0.071
2021-10-03 14:07:09,774:INFO: - Val metrics:
correct_num: 0.000; predict_num: 0.000; gold_num: 1113.000; precision: 0.000; recall: 0.000; f1: 0.000
2021-10-03 14:07:23,308:INFO: Epoch 55/150
2021-10-03 14:12:37,058:INFO: loss=0.302, loss_seq=0.214, loss_mat=0.017, loss_rel=0.071
2021-10-03 14:12:40,457:INFO: - Val metrics:
correct_num: 0.000; predict_num: 0.000; gold_num: 1113.000; precision: 0.000; recall: 0.000; f1: 0.000
2021-10-03 14:12:53,080:INFO: Epoch 56/150
2021-10-03 14:18:07,203:INFO: loss=0.299, loss_seq=0.212, loss_mat=0.017, loss_rel=0.070
2021-10-03 14:18:10,585:INFO: - Val metrics:
correct_num: 0.000; predict_num: 0.000; gold_num: 1113.000; precision: 0.000; recall: 0.000; f1: 0.000
2021-10-03 14:18:24,617:INFO: Epoch 57/150
2021-10-03 14:23:37,772:INFO: loss=0.301, loss_seq=0.215, loss_mat=0.017, loss_rel=0.069
2021-10-03 14:23:41,156:INFO: - Val metrics:
correct_num: 0.000; predict_num: 0.000; gold_num: 1113.000; precision: 0.000; recall: 0.000; f1: 0.000
2021-10-03 14:23:55,119:INFO: Epoch 58/150
2021-10-03 14:29:08,812:INFO: loss=0.299, loss_seq=0.213, loss_mat=0.017, loss_rel=0.069
2021-10-03 14:29:12,206:INFO: - Val metrics:
correct_num: 0.000; predict_num: 0.000; gold_num: 1113.000; precision: 0.000; recall: 0.000; f1: 0.000
2021-10-03 14:29:25,262:INFO: Epoch 59/150
2021-10-03 14:34:37,679:INFO: loss=0.299, loss_seq=0.213, loss_mat=0.017, loss_rel=0.069
2021-10-03 14:34:41,066:INFO: - Val metrics:
correct_num: 0.000; predict_num: 0.000; gold_num: 1113.000; precision: 0.000; recall: 0.000; f1: 0.000
2021-10-03 14:34:53,629:INFO: Epoch 60/150
2021-10-03 14:40:07,159:INFO: loss=0.298, loss_seq=0.213, loss_mat=0.017, loss_rel=0.069
2021-10-03 14:40:10,556:INFO: - Val metrics:
correct_num: 0.000; predict_num: 0.000; gold_num: 1113.000; precision: 0.000; recall: 0.000; f1: 0.000
2021-10-03 14:40:23,713:INFO: Epoch 61/150
2021-10-03 14:45:36,719:INFO: loss=0.298, loss_seq=0.213, loss_mat=0.017, loss_rel=0.068
2021-10-03 14:45:40,115:INFO: - Val metrics:
correct_num: 0.000; predict_num: 0.000; gold_num: 1113.000; precision: 0.000; recall: 0.000; f1: 0.000
2021-10-03 14:45:53,696:INFO: Epoch 62/150
2021-10-03 14:51:06,697:INFO: loss=0.297, loss_seq=0.213, loss_mat=0.017, loss_rel=0.068
2021-10-03 14:51:10,089:INFO: - Val metrics:
correct_num: 0.000; predict_num: 0.000; gold_num: 1113.000; precision: 0.000; recall: 0.000; f1: 0.000
2021-10-03 14:51:23,041:INFO: Epoch 63/150
2021-10-03 14:56:37,511:INFO: loss=0.296, loss_seq=0.211, loss_mat=0.017, loss_rel=0.068
2021-10-03 14:56:40,931:INFO: - Val metrics:
correct_num: 0.000; predict_num: 0.000; gold_num: 1113.000; precision: 0.000; recall: 0.000; f1: 0.000
2021-10-03 14:56:53,395:INFO: Epoch 64/150
2021-10-03 15:02:06,834:INFO: loss=0.297, loss_seq=0.213, loss_mat=0.017, loss_rel=0.068
2021-10-03 15:02:10,228:INFO: - Val metrics:
correct_num: 0.000; predict_num: 0.000; gold_num: 1113.000; precision: 0.000; recall: 0.000; f1: 0.000
2021-10-03 15:02:21,183:INFO: Epoch 65/150
2021-10-03 15:07:34,636:INFO: loss=0.295, loss_seq=0.211, loss_mat=0.017, loss_rel=0.068
2021-10-03 15:07:38,078:INFO: - Val metrics:
correct_num: 0.000; predict_num: 0.000; gold_num: 1113.000; precision: 0.000; recall: 0.000; f1: 0.000
2021-10-03 15:07:50,121:INFO: Epoch 66/150
2021-10-03 15:13:02,974:INFO: loss=0.296, loss_seq=0.213, loss_mat=0.017, loss_rel=0.067
2021-10-03 15:13:06,383:INFO: - Val metrics:
correct_num: 0.000; predict_num: 0.000; gold_num: 1113.000; precision: 0.000; recall: 0.000; f1: 0.000
2021-10-03 15:13:19,183:INFO: Epoch 67/150
2021-10-03 15:18:33,058:INFO: loss=0.296, loss_seq=0.213, loss_mat=0.017, loss_rel=0.067
2021-10-03 15:18:36,486:INFO: - Val metrics:
correct_num: 0.000; predict_num: 0.000; gold_num: 1113.000; precision: 0.000; recall: 0.000; f1: 0.000
2021-10-03 15:18:49,199:INFO: Epoch 68/150
2021-10-03 15:24:02,224:INFO: loss=0.296, loss_seq=0.213, loss_mat=0.017, loss_rel=0.066
2021-10-03 15:24:05,602:INFO: - Val metrics:
correct_num: 0.000; predict_num: 0.000; gold_num: 1113.000; precision: 0.000; recall: 0.000; f1: 0.000
2021-10-03 15:24:18,476:INFO: Epoch 69/150
2021-10-03 15:29:31,207:INFO: loss=0.296, loss_seq=0.213, loss_mat=0.017, loss_rel=0.066
2021-10-03 15:29:34,600:INFO: - Val metrics:
correct_num: 0.000; predict_num: 0.000; gold_num: 1113.000; precision: 0.000; recall: 0.000; f1: 0.000
2021-10-03 15:29:47,133:INFO: Epoch 70/150
2021-10-03 15:34:59,657:INFO: loss=0.295, loss_seq=0.212, loss_mat=0.017, loss_rel=0.066
2021-10-03 15:35:03,082:INFO: - Val metrics:
correct_num: 0.000; predict_num: 0.000; gold_num: 1113.000; precision: 0.000; recall: 0.000; f1: 0.000
2021-10-03 15:35:15,572:INFO: Epoch 71/150
2021-10-03 15:40:28,028:INFO: loss=0.295, loss_seq=0.212, loss_mat=0.017, loss_rel=0.066
2021-10-03 15:40:31,441:INFO: - Val metrics:
correct_num: 0.000; predict_num: 0.000; gold_num: 1113.000; precision: 0.000; recall: 0.000; f1: 0.000
2021-10-03 15:40:44,702:INFO: Epoch 72/150
2021-10-03 15:45:58,632:INFO: loss=0.294, loss_seq=0.211, loss_mat=0.017, loss_rel=0.067
2021-10-03 15:46:02,126:INFO: - Val metrics:
correct_num: 0.000; predict_num: 0.000; gold_num: 1113.000; precision: 0.000; recall: 0.000; f1: 0.000
2021-10-03 15:46:15,260:INFO: Epoch 73/150
2021-10-03 15:51:30,090:INFO: loss=0.293, loss_seq=0.211, loss_mat=0.017, loss_rel=0.066
2021-10-03 15:51:33,478:INFO: - Val metrics:
correct_num: 0.000; predict_num: 0.000; gold_num: 1113.000; precision: 0.000; recall: 0.000; f1: 0.000
2021-10-03 15:51:45,722:INFO: Epoch 74/150
2021-10-03 15:57:02,934:INFO: loss=0.294, loss_seq=0.211, loss_mat=0.017, loss_rel=0.066
2021-10-03 15:57:06,348:INFO: - Val metrics:
correct_num: 0.000; predict_num: 0.000; gold_num: 1113.000; precision: 0.000; recall: 0.000; f1: 0.000
2021-10-03 15:57:19,153:INFO: Epoch 75/150
2021-10-03 16:02:32,680:INFO: loss=0.293, loss_seq=0.210, loss_mat=0.017, loss_rel=0.066
2021-10-03 16:02:36,063:INFO: - Val metrics:
correct_num: 0.000; predict_num: 0.000; gold_num: 1113.000; precision: 0.000; recall: 0.000; f1: 0.000
2021-10-03 16:02:49,770:INFO: Epoch 76/150
2021-10-03 16:08:05,325:INFO: loss=0.292, loss_seq=0.209, loss_mat=0.017, loss_rel=0.066
2021-10-03 16:08:08,719:INFO: - Val metrics:
correct_num: 0.000; predict_num: 0.000; gold_num: 1113.000; precision: 0.000; recall: 0.000; f1: 0.000
2021-10-03 16:08:22,759:INFO: Epoch 77/150
2021-10-03 16:13:38,418:INFO: loss=0.294, loss_seq=0.212, loss_mat=0.017, loss_rel=0.066
2021-10-03 16:13:41,821:INFO: - Val metrics:
correct_num: 0.000; predict_num: 0.000; gold_num: 1113.000; precision: 0.000; recall: 0.000; f1: 0.000
2021-10-03 16:13:54,787:INFO: Epoch 78/150
2021-10-03 16:19:10,956:INFO: loss=0.294, loss_seq=0.211, loss_mat=0.017, loss_rel=0.065
2021-10-03 16:19:14,371:INFO: - Val metrics:
correct_num: 0.000; predict_num: 0.000; gold_num: 1113.000; precision: 0.000; recall: 0.000; f1: 0.000
2021-10-03 16:19:27,500:INFO: Epoch 79/150
2021-10-03 16:24:40,812:INFO: loss=0.294, loss_seq=0.212, loss_mat=0.017, loss_rel=0.066
2021-10-03 16:24:44,209:INFO: - Val metrics:
correct_num: 0.000; predict_num: 0.000; gold_num: 1113.000; precision: 0.000; recall: 0.000; f1: 0.000
2021-10-03 16:24:58,193:INFO: Epoch 80/150
2021-10-03 16:30:10,989:INFO: loss=0.293, loss_seq=0.211, loss_mat=0.017, loss_rel=0.065
2021-10-03 16:30:14,391:INFO: - Val metrics:
correct_num: 0.000; predict_num: 0.000; gold_num: 1113.000; precision: 0.000; recall: 0.000; f1: 0.000
2021-10-03 16:30:27,530:INFO: Epoch 81/150
2021-10-03 16:35:41,866:INFO: loss=0.291, loss_seq=0.209, loss_mat=0.017, loss_rel=0.066
2021-10-03 16:35:45,251:INFO: - Val metrics:
correct_num: 0.000; predict_num: 0.000; gold_num: 1113.000; precision: 0.000; recall: 0.000; f1: 0.000
2021-10-03 16:35:57,612:INFO: Epoch 82/150
2021-10-03 16:41:13,240:INFO: loss=0.292, loss_seq=0.210, loss_mat=0.017, loss_rel=0.065
2021-10-03 16:41:16,647:INFO: - Val metrics:
correct_num: 0.000; predict_num: 0.000; gold_num: 1113.000; precision: 0.000; recall: 0.000; f1: 0.000
2021-10-03 16:41:29,350:INFO: Epoch 83/150
2021-10-03 16:46:45,023:INFO: loss=0.293, loss_seq=0.211, loss_mat=0.017, loss_rel=0.066
2021-10-03 16:46:48,402:INFO: - Val metrics:
correct_num: 0.000; predict_num: 0.000; gold_num: 1113.000; precision: 0.000; recall: 0.000; f1: 0.000
2021-10-03 16:47:01,687:INFO: Epoch 84/150
2021-10-03 16:52:18,468:INFO: loss=0.291, loss_seq=0.209, loss_mat=0.017, loss_rel=0.066
2021-10-03 16:52:21,862:INFO: - Val metrics:
correct_num: 0.000; predict_num: 0.000; gold_num: 1113.000; precision: 0.000; recall: 0.000; f1: 0.000
2021-10-03 16:52:35,086:INFO: Epoch 85/150
2021-10-03 16:57:51,721:INFO: loss=0.292, loss_seq=0.211, loss_mat=0.017, loss_rel=0.065
2021-10-03 16:57:55,115:INFO: - Val metrics:
correct_num: 0.000; predict_num: 0.000; gold_num: 1113.000; precision: 0.000; recall: 0.000; f1: 0.000
2021-10-03 16:58:08,519:INFO: Epoch 86/150
2021-10-03 17:03:25,089:INFO: loss=0.293, loss_seq=0.211, loss_mat=0.017, loss_rel=0.065
2021-10-03 17:03:28,473:INFO: - Val metrics:
correct_num: 0.000; predict_num: 0.000; gold_num: 1113.000; precision: 0.000; recall: 0.000; f1: 0.000
2021-10-03 17:03:41,223:INFO: Epoch 87/150
2021-10-03 17:08:57,575:INFO: loss=0.292, loss_seq=0.211, loss_mat=0.017, loss_rel=0.065
2021-10-03 17:09:00,998:INFO: - Val metrics:
correct_num: 0.000; predict_num: 0.000; gold_num: 1113.000; precision: 0.000; recall: 0.000; f1: 0.000
2021-10-03 17:09:14,621:INFO: Epoch 88/150
2021-10-03 17:14:31,129:INFO: loss=0.293, loss_seq=0.212, loss_mat=0.017, loss_rel=0.065
2021-10-03 17:14:34,534:INFO: - Val metrics:
correct_num: 0.000; predict_num: 0.000; gold_num: 1113.000; precision: 0.000; recall: 0.000; f1: 0.000
2021-10-03 17:14:47,940:INFO: Epoch 89/150
2021-10-03 17:20:04,844:INFO: loss=0.291, loss_seq=0.210, loss_mat=0.017, loss_rel=0.065
2021-10-03 17:20:08,276:INFO: - Val metrics:
correct_num: 0.000; predict_num: 0.000; gold_num: 1113.000; precision: 0.000; recall: 0.000; f1: 0.000
2021-10-03 17:20:21,976:INFO: Epoch 90/150
2021-10-03 17:25:38,884:INFO: loss=0.290, loss_seq=0.208, loss_mat=0.017, loss_rel=0.065
2021-10-03 17:25:42,282:INFO: - Val metrics:
correct_num: 0.000; predict_num: 0.000; gold_num: 1113.000; precision: 0.000; recall: 0.000; f1: 0.000
2021-10-03 17:25:54,771:INFO: Epoch 91/150
2021-10-03 17:31:11,566:INFO: loss=0.292, loss_seq=0.211, loss_mat=0.016, loss_rel=0.064
2021-10-03 17:31:14,981:INFO: - Val metrics:
correct_num: 0.000; predict_num: 0.000; gold_num: 1113.000; precision: 0.000; recall: 0.000; f1: 0.000
2021-10-03 17:31:27,691:INFO: Epoch 92/150
2021-10-03 17:36:45,675:INFO: loss=0.293, loss_seq=0.212, loss_mat=0.017, loss_rel=0.065
2021-10-03 17:36:49,082:INFO: - Val metrics:
correct_num: 0.000; predict_num: 0.000; gold_num: 1113.000; precision: 0.000; recall: 0.000; f1: 0.000
2021-10-03 17:37:03,227:INFO: Epoch 93/150
2021-10-03 17:42:20,219:INFO: loss=0.288, loss_seq=0.207, loss_mat=0.016, loss_rel=0.065
2021-10-03 17:42:23,602:INFO: - Val metrics:
correct_num: 0.000; predict_num: 0.000; gold_num: 1113.000; precision: 0.000; recall: 0.000; f1: 0.000
2021-10-03 17:42:36,656:INFO: Epoch 94/150
2021-10-03 17:47:52,993:INFO: loss=0.290, loss_seq=0.209, loss_mat=0.016, loss_rel=0.064
2021-10-03 17:47:56,410:INFO: - Val metrics:
correct_num: 0.000; predict_num: 0.000; gold_num: 1113.000; precision: 0.000; recall: 0.000; f1: 0.000
2021-10-03 17:48:09,154:INFO: Epoch 95/150
2021-10-03 17:53:27,739:INFO: loss=0.288, loss_seq=0.207, loss_mat=0.016, loss_rel=0.065
2021-10-03 17:53:31,132:INFO: - Val metrics:
correct_num: 0.000; predict_num: 0.000; gold_num: 1113.000; precision: 0.000; recall: 0.000; f1: 0.000
2021-10-03 17:53:44,442:INFO: Epoch 96/150
2021-10-03 17:59:01,647:INFO: loss=0.290, loss_seq=0.210, loss_mat=0.016, loss_rel=0.064
2021-10-03 17:59:05,056:INFO: - Val metrics:
correct_num: 0.000; predict_num: 0.000; gold_num: 1113.000; precision: 0.000; recall: 0.000; f1: 0.000
2021-10-03 17:59:18,662:INFO: Epoch 97/150
2021-10-03 18:04:35,071:INFO: loss=0.289, loss_seq=0.208, loss_mat=0.016, loss_rel=0.064
2021-10-03 18:04:38,486:INFO: - Val metrics:
correct_num: 0.000; predict_num: 0.000; gold_num: 1113.000; precision: 0.000; recall: 0.000; f1: 0.000
2021-10-03 18:04:51,212:INFO: Epoch 98/150
2021-10-03 18:10:07,888:INFO: loss=0.292, loss_seq=0.210, loss_mat=0.017, loss_rel=0.065
2021-10-03 18:10:11,273:INFO: - Val metrics:
correct_num: 0.000; predict_num: 0.000; gold_num: 1113.000; precision: 0.000; recall: 0.000; f1: 0.000
2021-10-03 18:10:23,879:INFO: Epoch 99/150
2021-10-03 18:15:41,366:INFO: loss=0.289, loss_seq=0.209, loss_mat=0.016, loss_rel=0.064
2021-10-03 18:15:44,784:INFO: - Val metrics:
correct_num: 0.000; predict_num: 0.000; gold_num: 1113.000; precision: 0.000; recall: 0.000; f1: 0.000
2021-10-03 18:15:57,066:INFO: Epoch 100/150
2021-10-03 18:21:14,082:INFO: loss=0.290, loss_seq=0.209, loss_mat=0.017, loss_rel=0.064
2021-10-03 18:21:17,482:INFO: - Val metrics:
correct_num: 0.000; predict_num: 0.000; gold_num: 1113.000; precision: 0.000; recall: 0.000; f1: 0.000
2021-10-03 18:21:30,206:INFO: Epoch 101/150
2021-10-03 18:26:46,474:INFO: loss=0.289, loss_seq=0.209, loss_mat=0.016, loss_rel=0.064
2021-10-03 18:26:49,883:INFO: - Val metrics:
correct_num: 0.000; predict_num: 0.000; gold_num: 1113.000; precision: 0.000; recall: 0.000; f1: 0.000
2021-10-03 18:27:02,824:INFO: Epoch 102/150
2021-10-03 18:32:20,945:INFO: loss=0.289, loss_seq=0.209, loss_mat=0.016, loss_rel=0.064
2021-10-03 18:32:24,337:INFO: - Val metrics:
correct_num: 0.000; predict_num: 0.000; gold_num: 1113.000; precision: 0.000; recall: 0.000; f1: 0.000
2021-10-03 18:32:37,966:INFO: Epoch 103/150
2021-10-03 18:37:55,149:INFO: loss=0.289, loss_seq=0.208, loss_mat=0.016, loss_rel=0.065
2021-10-03 18:37:58,546:INFO: - Val metrics:
correct_num: 0.000; predict_num: 0.000; gold_num: 1113.000; precision: 0.000; recall: 0.000; f1: 0.000
2021-10-03 18:38:11,608:INFO: Epoch 104/150
2021-10-03 18:43:28,838:INFO: loss=0.291, loss_seq=0.210, loss_mat=0.017, loss_rel=0.064
2021-10-03 18:43:32,255:INFO: - Val metrics:
correct_num: 0.000; predict_num: 0.000; gold_num: 1113.000; precision: 0.000; recall: 0.000; f1: 0.000
2021-10-03 18:43:46,132:INFO: Epoch 105/150
2021-10-03 18:49:03,476:INFO: loss=0.289, loss_seq=0.209, loss_mat=0.017, loss_rel=0.064
2021-10-03 18:49:06,870:INFO: - Val metrics:
correct_num: 0.000; predict_num: 0.000; gold_num: 1113.000; precision: 0.000; recall: 0.000; f1: 0.000
2021-10-03 18:49:20,663:INFO: Epoch 106/150
2021-10-03 18:54:37,969:INFO: loss=0.292, loss_seq=0.212, loss_mat=0.017, loss_rel=0.064
2021-10-03 18:54:41,368:INFO: - Val metrics:
correct_num: 0.000; predict_num: 0.000; gold_num: 1113.000; precision: 0.000; recall: 0.000; f1: 0.000
2021-10-03 18:54:55,227:INFO: Epoch 107/150
2021-10-03 19:00:12,387:INFO: loss=0.289, loss_seq=0.208, loss_mat=0.017, loss_rel=0.064
2021-10-03 19:00:15,789:INFO: - Val metrics:
correct_num: 0.000; predict_num: 0.000; gold_num: 1113.000; precision: 0.000; recall: 0.000; f1: 0.000
2021-10-03 19:00:29,726:INFO: Epoch 108/150
2021-10-03 19:05:46,020:INFO: loss=0.290, loss_seq=0.209, loss_mat=0.016, loss_rel=0.064
2021-10-03 19:05:49,425:INFO: - Val metrics:
correct_num: 0.000; predict_num: 0.000; gold_num: 1113.000; precision: 0.000; recall: 0.000; f1: 0.000
2021-10-03 19:06:04,084:INFO: Epoch 109/150
2021-10-03 19:11:21,810:INFO: loss=0.288, loss_seq=0.208, loss_mat=0.016, loss_rel=0.064
2021-10-03 19:11:25,231:INFO: - Val metrics:
correct_num: 0.000; predict_num: 0.000; gold_num: 1113.000; precision: 0.000; recall: 0.000; f1: 0.000
2021-10-03 19:11:39,640:INFO: Epoch 110/150
2021-10-03 19:16:57,738:INFO: loss=0.289, loss_seq=0.210, loss_mat=0.016, loss_rel=0.063
2021-10-03 19:17:01,163:INFO: - Val metrics:
correct_num: 0.000; predict_num: 0.000; gold_num: 1113.000; precision: 0.000; recall: 0.000; f1: 0.000
2021-10-03 19:17:14,856:INFO: Epoch 111/150
2021-10-03 19:22:32,686:INFO: loss=0.289, loss_seq=0.209, loss_mat=0.017, loss_rel=0.064
2021-10-03 19:22:36,088:INFO: - Val metrics:
correct_num: 0.000; predict_num: 0.000; gold_num: 1113.000; precision: 0.000; recall: 0.000; f1: 0.000
2021-10-03 19:22:49,956:INFO: Epoch 112/150
2021-10-03 19:28:06,127:INFO: loss=0.290, loss_seq=0.210, loss_mat=0.017, loss_rel=0.063
2021-10-03 19:28:09,513:INFO: - Val metrics:
correct_num: 0.000; predict_num: 0.000; gold_num: 1113.000; precision: 0.000; recall: 0.000; f1: 0.000
2021-10-03 19:28:23,102:INFO: Epoch 113/150
2021-10-03 19:33:39,850:INFO: loss=0.289, loss_seq=0.209, loss_mat=0.017, loss_rel=0.064
2021-10-03 19:33:43,262:INFO: - Val metrics:
correct_num: 0.000; predict_num: 0.000; gold_num: 1113.000; precision: 0.000; recall: 0.000; f1: 0.000
2021-10-03 19:33:56,788:INFO: Epoch 114/150
2021-10-03 19:39:12,757:INFO: loss=0.287, loss_seq=0.207, loss_mat=0.016, loss_rel=0.064
2021-10-03 19:39:16,174:INFO: - Val metrics:
correct_num: 0.000; predict_num: 0.000; gold_num: 1113.000; precision: 0.000; recall: 0.000; f1: 0.000
2021-10-03 19:39:28,984:INFO: Epoch 115/150
2021-10-03 19:44:45,013:INFO: loss=0.288, loss_seq=0.208, loss_mat=0.016, loss_rel=0.064
2021-10-03 19:44:48,437:INFO: - Val metrics:
correct_num: 0.000; predict_num: 0.000; gold_num: 1113.000; precision: 0.000; recall: 0.000; f1: 0.000
2021-10-03 19:45:00,972:INFO: Epoch 116/150
2021-10-03 19:50:18,150:INFO: loss=0.287, loss_seq=0.207, loss_mat=0.016, loss_rel=0.063
2021-10-03 19:50:21,551:INFO: - Val metrics:
correct_num: 0.000; predict_num: 0.000; gold_num: 1113.000; precision: 0.000; recall: 0.000; f1: 0.000
2021-10-03 19:50:34,799:INFO: Epoch 117/150
2021-10-03 19:55:51,948:INFO: loss=0.289, loss_seq=0.209, loss_mat=0.016, loss_rel=0.064
2021-10-03 19:55:55,373:INFO: - Val metrics:
correct_num: 0.000; predict_num: 0.000; gold_num: 1113.000; precision: 0.000; recall: 0.000; f1: 0.000
2021-10-03 19:56:08,487:INFO: Epoch 118/150
2021-10-03 20:01:23,747:INFO: loss=0.289, loss_seq=0.209, loss_mat=0.017, loss_rel=0.063
2021-10-03 20:01:27,160:INFO: - Val metrics:
correct_num: 0.000; predict_num: 0.000; gold_num: 1113.000; precision: 0.000; recall: 0.000; f1: 0.000
2021-10-03 20:01:40,234:INFO: Epoch 119/150
2021-10-03 20:06:56,763:INFO: loss=0.291, loss_seq=0.211, loss_mat=0.017, loss_rel=0.063
2021-10-03 20:07:00,148:INFO: - Val metrics:
correct_num: 0.000; predict_num: 0.000; gold_num: 1113.000; precision: 0.000; recall: 0.000; f1: 0.000
2021-10-03 20:07:12,545:INFO: Epoch 120/150
2021-10-03 20:12:29,080:INFO: loss=0.289, loss_seq=0.209, loss_mat=0.016, loss_rel=0.063
2021-10-03 20:12:32,506:INFO: - Val metrics:
correct_num: 0.000; predict_num: 0.000; gold_num: 1113.000; precision: 0.000; recall: 0.000; f1: 0.000
2021-10-03 20:12:45,389:INFO: Epoch 121/150
2021-10-03 20:18:03,035:INFO: loss=0.289, loss_seq=0.209, loss_mat=0.016, loss_rel=0.063
2021-10-03 20:18:06,438:INFO: - Val metrics:
correct_num: 0.000; predict_num: 0.000; gold_num: 1113.000; precision: 0.000; recall: 0.000; f1: 0.000
2021-10-03 20:18:18,912:INFO: Epoch 122/150
2021-10-03 20:23:36,133:INFO: loss=0.288, loss_seq=0.208, loss_mat=0.017, loss_rel=0.063
2021-10-03 20:23:39,534:INFO: - Val metrics:
correct_num: 0.000; predict_num: 0.000; gold_num: 1113.000; precision: 0.000; recall: 0.000; f1: 0.000
2021-10-03 20:23:51,673:INFO: Epoch 123/150
2021-10-03 20:29:08,428:INFO: loss=0.290, loss_seq=0.210, loss_mat=0.017, loss_rel=0.063
2021-10-03 20:29:11,837:INFO: - Val metrics:
correct_num: 0.000; predict_num: 0.000; gold_num: 1113.000; precision: 0.000; recall: 0.000; f1: 0.000
2021-10-03 20:29:24,440:INFO: Epoch 124/150
2021-10-03 20:34:41,906:INFO: loss=0.288, loss_seq=0.208, loss_mat=0.017, loss_rel=0.064
2021-10-03 20:34:45,308:INFO: - Val metrics:
correct_num: 0.000; predict_num: 0.000; gold_num: 1113.000; precision: 0.000; recall: 0.000; f1: 0.000
2021-10-03 20:34:58,592:INFO: Epoch 125/150
2021-10-03 20:40:15,385:INFO: loss=0.288, loss_seq=0.208, loss_mat=0.017, loss_rel=0.063
2021-10-03 20:40:18,783:INFO: - Val metrics:
correct_num: 0.000; predict_num: 0.000; gold_num: 1113.000; precision: 0.000; recall: 0.000; f1: 0.000
2021-10-03 20:40:31,148:INFO: Epoch 126/150
2021-10-03 20:45:48,124:INFO: loss=0.286, loss_seq=0.206, loss_mat=0.016, loss_rel=0.064
2021-10-03 20:45:51,558:INFO: - Val metrics:
correct_num: 0.000; predict_num: 0.000; gold_num: 1113.000; precision: 0.000; recall: 0.000; f1: 0.000
2021-10-03 20:46:04,032:INFO: Epoch 127/150
2021-10-03 20:51:21,530:INFO: loss=0.287, loss_seq=0.208, loss_mat=0.017, loss_rel=0.063
2021-10-03 20:51:24,929:INFO: - Val metrics:
correct_num: 0.000; predict_num: 0.000; gold_num: 1113.000; precision: 0.000; recall: 0.000; f1: 0.000
2021-10-03 20:51:37,419:INFO: Epoch 128/150
2021-10-03 20:56:55,031:INFO: loss=0.287, loss_seq=0.208, loss_mat=0.016, loss_rel=0.063
2021-10-03 20:56:58,446:INFO: - Val metrics:
correct_num: 0.000; predict_num: 0.000; gold_num: 1113.000; precision: 0.000; recall: 0.000; f1: 0.000
2021-10-03 20:57:10,836:INFO: Epoch 129/150
2021-10-03 21:02:28,644:INFO: loss=0.288, loss_seq=0.208, loss_mat=0.017, loss_rel=0.063
2021-10-03 21:02:32,050:INFO: - Val metrics:
correct_num: 0.000; predict_num: 0.000; gold_num: 1113.000; precision: 0.000; recall: 0.000; f1: 0.000
2021-10-03 21:02:45,228:INFO: Epoch 130/150
2021-10-03 21:08:01,999:INFO: loss=0.287, loss_seq=0.208, loss_mat=0.016, loss_rel=0.063
2021-10-03 21:08:05,400:INFO: - Val metrics:
correct_num: 0.000; predict_num: 0.000; gold_num: 1113.000; precision: 0.000; recall: 0.000; f1: 0.000
2021-10-03 21:08:18,331:INFO: Epoch 131/150
2021-10-03 21:13:34,388:INFO: loss=0.288, loss_seq=0.209, loss_mat=0.016, loss_rel=0.063
2021-10-03 21:13:37,798:INFO: - Val metrics:
correct_num: 0.000; predict_num: 0.000; gold_num: 1113.000; precision: 0.000; recall: 0.000; f1: 0.000
2021-10-03 21:13:51,095:INFO: Epoch 132/150
2021-10-03 21:19:08,215:INFO: loss=0.290, loss_seq=0.210, loss_mat=0.017, loss_rel=0.063
2021-10-03 21:19:11,622:INFO: - Val metrics:
correct_num: 0.000; predict_num: 0.000; gold_num: 1113.000; precision: 0.000; recall: 0.000; f1: 0.000
2021-10-03 21:19:24,620:INFO: Epoch 133/150
2021-10-03 21:24:40,415:INFO: loss=0.289, loss_seq=0.209, loss_mat=0.016, loss_rel=0.063
2021-10-03 21:24:43,816:INFO: - Val metrics:
correct_num: 0.000; predict_num: 0.000; gold_num: 1113.000; precision: 0.000; recall: 0.000; f1: 0.000
2021-10-03 21:24:56,539:INFO: Epoch 134/150
2021-10-03 21:30:13,385:INFO: loss=0.287, loss_seq=0.207, loss_mat=0.016, loss_rel=0.063
2021-10-03 21:30:16,798:INFO: - Val metrics:
correct_num: 0.000; predict_num: 0.000; gold_num: 1113.000; precision: 0.000; recall: 0.000; f1: 0.000
2021-10-03 21:30:31,102:INFO: Epoch 135/150
2021-10-03 21:35:48,333:INFO: loss=0.289, loss_seq=0.209, loss_mat=0.017, loss_rel=0.063
2021-10-03 21:35:51,724:INFO: - Val metrics:
correct_num: 0.000; predict_num: 0.000; gold_num: 1113.000; precision: 0.000; recall: 0.000; f1: 0.000
2021-10-03 21:36:06,011:INFO: Epoch 136/150
2021-10-03 21:41:23,426:INFO: loss=0.288, loss_seq=0.209, loss_mat=0.016, loss_rel=0.063
2021-10-03 21:41:26,822:INFO: - Val metrics:
correct_num: 0.000; predict_num: 0.000; gold_num: 1113.000; precision: 0.000; recall: 0.000; f1: 0.000
2021-10-03 21:41:39,595:INFO: Epoch 137/150
2021-10-03 21:46:55,563:INFO: loss=0.288, loss_seq=0.209, loss_mat=0.016, loss_rel=0.063
2021-10-03 21:46:58,979:INFO: - Val metrics:
correct_num: 0.000; predict_num: 0.000; gold_num: 1113.000; precision: 0.000; recall: 0.000; f1: 0.000
2021-10-03 21:47:12,238:INFO: Epoch 138/150
2021-10-03 21:52:29,348:INFO: loss=0.287, loss_seq=0.208, loss_mat=0.016, loss_rel=0.063
2021-10-03 21:52:32,771:INFO: - Val metrics:
correct_num: 0.000; predict_num: 0.000; gold_num: 1113.000; precision: 0.000; recall: 0.000; f1: 0.000
2021-10-03 21:52:45,634:INFO: Epoch 139/150
2021-10-03 21:58:01,496:INFO: loss=0.289, loss_seq=0.209, loss_mat=0.016, loss_rel=0.063
2021-10-03 21:58:04,910:INFO: - Val metrics:
correct_num: 0.000; predict_num: 0.000; gold_num: 1113.000; precision: 0.000; recall: 0.000; f1: 0.000
2021-10-03 21:58:17,504:INFO: Epoch 140/150
2021-10-03 22:03:22,026:INFO: loss=0.289, loss_seq=0.209, loss_mat=0.017, loss_rel=0.063
2021-10-03 22:03:25,414:INFO: - Val metrics:
correct_num: 0.000; predict_num: 0.000; gold_num: 1113.000; precision: 0.000; recall: 0.000; f1: 0.000
2021-10-03 22:03:35,708:WARNING: Best val f1: 0.8978300180831826


Test in TestSet:
correct_num: 0.000; predict_num: 0.000; gold_num: 1581.000; precision: 0.000; recall: 0.000; f1: 0.000

Test in TestSet:
correct_num: 0.000; predict_num: 0.000; gold_num: 1581.000; precision: 0.000; recall: 0.000; f1: 0.000

Test in TestSet:
correct_num: 0.000; predict_num: 0.000; gold_num: 1581.000; precision: 0.000; recall: 0.000; f1: 0.000