2021-10-24 15:31:25,419:INFO: 
Running with the following configs:
 >> seed : 2021
 >> ex_index : 2021-10-24_15-31-24
 >> corpus_type : WebNLG
 >> device_id : 0
 >> epoch_num : 150
 >> multi_gpu : False
 >> restore_file : None
 >> corres_threshold : 0.5
 >> rel_threshold : 0.5
 >> emb_fusion : concat
 >> ensure_cross : none
 >> ensure_rel : default
 >> ensure_corres : default
 >> use_symmetries : none
 >> sent_rels : global
 >> sent_attn : none
 >> num_negs : 4


2021-10-24 15:31:25,420:INFO: Params: 
 >> bert_model_dir: ../Bert/bert-base-cased
 >> n_gpu: 2
 >> max_seq_length: 100
 >> data_cache: False
 >> train_batch_size: 8
 >> val_batch_size: 24
 >> test_batch_size: 64
 >> seq_tag_size: 3
 >> rel_num: 216
 >> min_epoch_num: 20
 >> patience: 1e-05
 >> patience_num: 100
 >> fin_tuning_lr: 0.0001
 >> downs_en_lr: 0.001
 >> clip_grad: 2.0
 >> drop_prob: 0.3
 >> weight_decay_rate: 0.01
 >> warmup_prop: 0.1
 >> gradient_accumulation_steps: 2

2021-10-24 15:31:25,420:INFO: Model type:
2021-10-24 15:31:25,420:INFO: device: cuda
2021-10-24 15:31:25,420:INFO: Load pre-train model weights...
2021-10-24 15:31:26,337:INFO: -done
2021-10-24 15:31:26,337:INFO: Starting training for 150 epoch(s)
2021-10-24 15:31:32,898:INFO: Epoch 1/150
2021-10-24 15:37:11,320:INFO: loss=0.494, loss_seq=0.290, loss_mat=0.051, loss_rel=0.153
2021-10-24 15:37:13,862:INFO: - Val metrics:
correct_num: 19.000; predict_num: 117.000; gold_num: 1223.000; precision: 0.162; recall: 0.016; f1: 0.028
2021-10-24 15:37:16,039:INFO: - Found new best F1
2021-10-24 15:37:16,039:INFO: Epoch 2/150
2021-10-24 15:42:53,618:INFO: loss=0.147, loss_seq=0.101, loss_mat=0.004, loss_rel=0.042
2021-10-24 15:42:56,191:INFO: - Val metrics:
correct_num: 428.000; predict_num: 747.000; gold_num: 1223.000; precision: 0.573; recall: 0.350; f1: 0.435
2021-10-24 15:43:05,043:INFO: - Found new best F1
2021-10-24 15:43:05,043:INFO: Epoch 3/150
2021-10-24 15:48:41,232:INFO: loss=0.079, loss_seq=0.052, loss_mat=0.002, loss_rel=0.025
2021-10-24 15:48:43,814:INFO: - Val metrics:
correct_num: 631.000; predict_num: 916.000; gold_num: 1223.000; precision: 0.689; recall: 0.516; f1: 0.590
2021-10-24 15:48:52,703:INFO: - Found new best F1
2021-10-24 15:48:52,703:INFO: Epoch 4/150
2021-10-24 15:54:30,299:INFO: loss=0.052, loss_seq=0.035, loss_mat=0.002, loss_rel=0.016
2021-10-24 15:54:32,888:INFO: - Val metrics:
correct_num: 759.000; predict_num: 1010.000; gold_num: 1223.000; precision: 0.751; recall: 0.621; f1: 0.680
2021-10-24 15:54:41,867:INFO: - Found new best F1
2021-10-24 15:54:41,867:INFO: Epoch 5/150
2021-10-24 16:00:19,047:INFO: loss=0.040, loss_seq=0.027, loss_mat=0.001, loss_rel=0.012
2021-10-24 16:00:21,648:INFO: - Val metrics:
correct_num: 827.000; predict_num: 1056.000; gold_num: 1223.000; precision: 0.783; recall: 0.676; f1: 0.726
2021-10-24 16:00:30,709:INFO: - Found new best F1
2021-10-24 16:00:30,710:INFO: Epoch 6/150
2021-10-24 16:06:08,200:INFO: loss=0.033, loss_seq=0.023, loss_mat=0.001, loss_rel=0.009
2021-10-24 16:06:10,808:INFO: - Val metrics:
correct_num: 915.000; predict_num: 1143.000; gold_num: 1223.000; precision: 0.801; recall: 0.748; f1: 0.773
2021-10-24 16:06:20,222:INFO: - Found new best F1
2021-10-24 16:06:20,222:INFO: Epoch 7/150
2021-10-24 16:11:57,518:INFO: loss=0.029, loss_seq=0.021, loss_mat=0.001, loss_rel=0.007
2021-10-24 16:12:00,115:INFO: - Val metrics:
correct_num: 894.000; predict_num: 1098.000; gold_num: 1223.000; precision: 0.814; recall: 0.731; f1: 0.770
2021-10-24 16:12:05,278:INFO: Epoch 8/150
2021-10-24 16:17:41,871:INFO: loss=0.028, loss_seq=0.021, loss_mat=0.001, loss_rel=0.006
2021-10-24 16:17:44,475:INFO: - Val metrics:
correct_num: 898.000; predict_num: 1144.000; gold_num: 1223.000; precision: 0.785; recall: 0.734; f1: 0.759
2021-10-24 16:17:49,444:INFO: Epoch 9/150
2021-10-24 16:23:26,736:INFO: loss=0.023, loss_seq=0.017, loss_mat=0.001, loss_rel=0.005
2021-10-24 16:23:29,350:INFO: - Val metrics:
correct_num: 931.000; predict_num: 1152.000; gold_num: 1223.000; precision: 0.808; recall: 0.761; f1: 0.784
2021-10-24 16:23:38,445:INFO: - Found new best F1
2021-10-24 16:23:38,446:INFO: Epoch 10/150
2021-10-24 16:29:15,300:INFO: loss=0.026, loss_seq=0.020, loss_mat=0.001, loss_rel=0.005
2021-10-24 16:29:17,906:INFO: - Val metrics:
correct_num: 857.000; predict_num: 1146.000; gold_num: 1223.000; precision: 0.748; recall: 0.701; f1: 0.724
2021-10-24 16:29:22,729:INFO: Epoch 11/150
2021-10-24 16:34:59,664:INFO: loss=0.027, loss_seq=0.021, loss_mat=0.001, loss_rel=0.005
2021-10-24 16:35:02,278:INFO: - Val metrics:
correct_num: 954.000; predict_num: 1227.000; gold_num: 1223.000; precision: 0.778; recall: 0.780; f1: 0.779
2021-10-24 16:35:07,159:INFO: Epoch 12/150
2021-10-24 16:40:43,953:INFO: loss=0.023, loss_seq=0.018, loss_mat=0.001, loss_rel=0.004
2021-10-24 16:40:46,565:INFO: - Val metrics:
correct_num: 960.000; predict_num: 1147.000; gold_num: 1223.000; precision: 0.837; recall: 0.785; f1: 0.810
2021-10-24 16:40:55,454:INFO: - Found new best F1
2021-10-24 16:40:55,454:INFO: Epoch 13/150
2021-10-24 16:46:32,289:INFO: loss=0.025, loss_seq=0.020, loss_mat=0.001, loss_rel=0.004
2021-10-24 16:46:34,883:INFO: - Val metrics:
correct_num: 927.000; predict_num: 1151.000; gold_num: 1223.000; precision: 0.805; recall: 0.758; f1: 0.781
2021-10-24 16:46:39,646:INFO: Epoch 14/150
2021-10-24 16:52:32,972:INFO: loss=0.022, loss_seq=0.017, loss_mat=0.001, loss_rel=0.004
2021-10-24 16:52:35,618:INFO: - Val metrics:
correct_num: 942.000; predict_num: 1129.000; gold_num: 1223.000; precision: 0.834; recall: 0.770; f1: 0.801
2021-10-24 16:52:40,514:INFO: Epoch 15/150
2021-10-24 16:58:37,833:INFO: loss=0.025, loss_seq=0.020, loss_mat=0.001, loss_rel=0.004
2021-10-24 16:58:40,511:INFO: - Val metrics:
correct_num: 921.000; predict_num: 1144.000; gold_num: 1223.000; precision: 0.805; recall: 0.753; f1: 0.778
2021-10-24 16:58:45,092:INFO: Epoch 16/150
2021-10-24 17:04:42,587:INFO: loss=0.028, loss_seq=0.023, loss_mat=0.001, loss_rel=0.004
2021-10-24 17:04:45,297:INFO: - Val metrics:
correct_num: 912.000; predict_num: 1122.000; gold_num: 1223.000; precision: 0.813; recall: 0.746; f1: 0.778
2021-10-24 17:04:50,105:INFO: Epoch 17/150
2021-10-24 17:10:47,509:INFO: loss=0.020, loss_seq=0.016, loss_mat=0.001, loss_rel=0.003
2021-10-24 17:10:50,177:INFO: - Val metrics:
correct_num: 956.000; predict_num: 1153.000; gold_num: 1223.000; precision: 0.829; recall: 0.782; f1: 0.805
2021-10-24 17:10:55,108:INFO: Epoch 18/150
2021-10-24 17:16:49,808:INFO: loss=0.023, loss_seq=0.019, loss_mat=0.001, loss_rel=0.003
2021-10-24 17:16:52,523:INFO: - Val metrics:
correct_num: 967.000; predict_num: 1152.000; gold_num: 1223.000; precision: 0.839; recall: 0.791; f1: 0.814
2021-10-24 17:17:01,648:INFO: - Found new best F1
2021-10-24 17:17:01,648:INFO: Epoch 19/150
2021-10-24 17:22:57,610:INFO: loss=0.020, loss_seq=0.016, loss_mat=0.001, loss_rel=0.003
2021-10-24 17:23:00,304:INFO: - Val metrics:
correct_num: 974.000; predict_num: 1168.000; gold_num: 1223.000; precision: 0.834; recall: 0.796; f1: 0.815
2021-10-24 17:23:09,099:INFO: - Found new best F1
2021-10-24 17:23:09,099:INFO: Epoch 20/150
2021-10-24 17:29:07,288:INFO: loss=0.018, loss_seq=0.014, loss_mat=0.001, loss_rel=0.003
2021-10-24 17:29:10,026:INFO: - Val metrics:
correct_num: 990.000; predict_num: 1202.000; gold_num: 1223.000; precision: 0.824; recall: 0.809; f1: 0.816
2021-10-24 17:29:18,951:INFO: - Found new best F1
2021-10-24 17:29:18,952:INFO: Epoch 21/150
2021-10-24 17:35:15,349:INFO: loss=0.019, loss_seq=0.016, loss_mat=0.001, loss_rel=0.003
2021-10-24 17:35:18,056:INFO: - Val metrics:
correct_num: 995.000; predict_num: 1179.000; gold_num: 1223.000; precision: 0.844; recall: 0.814; f1: 0.828
2021-10-24 17:35:26,602:INFO: - Found new best F1
2021-10-24 17:35:26,602:INFO: Epoch 22/150
2021-10-24 17:41:25,206:INFO: loss=0.020, loss_seq=0.016, loss_mat=0.001, loss_rel=0.003
2021-10-24 17:41:27,899:INFO: - Val metrics:
correct_num: 944.000; predict_num: 1163.000; gold_num: 1223.000; precision: 0.812; recall: 0.772; f1: 0.791
2021-10-24 17:41:32,930:INFO: Epoch 23/150
2021-10-24 17:47:30,994:INFO: loss=0.017, loss_seq=0.014, loss_mat=0.001, loss_rel=0.003
2021-10-24 17:47:33,696:INFO: - Val metrics:
correct_num: 970.000; predict_num: 1152.000; gold_num: 1223.000; precision: 0.842; recall: 0.793; f1: 0.817
2021-10-24 17:47:38,717:INFO: Epoch 24/150
2021-10-24 17:53:38,625:INFO: loss=0.016, loss_seq=0.012, loss_mat=0.001, loss_rel=0.003
2021-10-24 17:53:41,331:INFO: - Val metrics:
correct_num: 978.000; predict_num: 1186.000; gold_num: 1223.000; precision: 0.825; recall: 0.800; f1: 0.812
2021-10-24 17:53:46,291:INFO: Epoch 25/150
2021-10-24 17:59:43,270:INFO: loss=0.019, loss_seq=0.015, loss_mat=0.001, loss_rel=0.003
2021-10-24 17:59:45,965:INFO: - Val metrics:
correct_num: 945.000; predict_num: 1152.000; gold_num: 1223.000; precision: 0.820; recall: 0.773; f1: 0.796
2021-10-24 17:59:50,932:INFO: Epoch 26/150
2021-10-24 18:05:48,560:INFO: loss=0.014, loss_seq=0.011, loss_mat=0.001, loss_rel=0.002
2021-10-24 18:05:51,238:INFO: - Val metrics:
correct_num: 957.000; predict_num: 1147.000; gold_num: 1223.000; precision: 0.834; recall: 0.783; f1: 0.808
2021-10-24 18:05:55,691:INFO: Epoch 27/150
2021-10-24 18:11:52,005:INFO: loss=0.014, loss_seq=0.011, loss_mat=0.001, loss_rel=0.002
2021-10-24 18:11:54,732:INFO: - Val metrics:
correct_num: 950.000; predict_num: 1156.000; gold_num: 1223.000; precision: 0.822; recall: 0.777; f1: 0.799
2021-10-24 18:11:59,869:INFO: Epoch 28/150
2021-10-24 18:17:42,784:INFO: loss=0.020, loss_seq=0.016, loss_mat=0.001, loss_rel=0.003
2021-10-24 18:17:45,402:INFO: - Val metrics:
correct_num: 967.000; predict_num: 1140.000; gold_num: 1223.000; precision: 0.848; recall: 0.791; f1: 0.818
2021-10-24 18:17:50,304:INFO: Epoch 29/150
2021-10-24 18:23:28,260:INFO: loss=0.016, loss_seq=0.013, loss_mat=0.001, loss_rel=0.002
2021-10-24 18:23:30,853:INFO: - Val metrics:
correct_num: 997.000; predict_num: 1170.000; gold_num: 1223.000; precision: 0.852; recall: 0.815; f1: 0.833
2021-10-24 18:23:39,969:INFO: - Found new best F1
2021-10-24 18:23:39,970:INFO: Epoch 30/150
2021-10-24 18:29:16,736:INFO: loss=0.010, loss_seq=0.008, loss_mat=0.000, loss_rel=0.002
2021-10-24 18:29:19,355:INFO: - Val metrics:
correct_num: 998.000; predict_num: 1169.000; gold_num: 1223.000; precision: 0.854; recall: 0.816; f1: 0.834
2021-10-24 18:29:28,387:INFO: - Found new best F1
2021-10-24 18:29:28,387:INFO: Epoch 31/150
2021-10-24 18:35:05,020:INFO: loss=0.011, loss_seq=0.009, loss_mat=0.000, loss_rel=0.002
2021-10-24 18:35:07,621:INFO: - Val metrics:
correct_num: 972.000; predict_num: 1147.000; gold_num: 1223.000; precision: 0.847; recall: 0.795; f1: 0.820
2021-10-24 18:35:12,576:INFO: Epoch 32/150
2021-10-24 18:40:49,856:INFO: loss=0.014, loss_seq=0.012, loss_mat=0.001, loss_rel=0.002
2021-10-24 18:40:52,461:INFO: - Val metrics:
correct_num: 953.000; predict_num: 1120.000; gold_num: 1223.000; precision: 0.851; recall: 0.779; f1: 0.813
2021-10-24 18:40:57,356:INFO: Epoch 33/150
2021-10-24 18:46:34,286:INFO: loss=0.015, loss_seq=0.012, loss_mat=0.001, loss_rel=0.002
2021-10-24 18:46:36,888:INFO: - Val metrics:
correct_num: 975.000; predict_num: 1177.000; gold_num: 1223.000; precision: 0.828; recall: 0.797; f1: 0.812
2021-10-24 18:46:41,776:INFO: Epoch 34/150
2021-10-24 18:52:18,976:INFO: loss=0.013, loss_seq=0.010, loss_mat=0.001, loss_rel=0.002
2021-10-24 18:52:21,580:INFO: - Val metrics:
correct_num: 1002.000; predict_num: 1178.000; gold_num: 1223.000; precision: 0.851; recall: 0.819; f1: 0.835
2021-10-24 18:52:30,457:INFO: - Found new best F1
2021-10-24 18:52:30,458:INFO: Epoch 35/150
2021-10-24 18:58:07,062:INFO: loss=0.013, loss_seq=0.010, loss_mat=0.001, loss_rel=0.002
2021-10-24 18:58:09,670:INFO: - Val metrics:
correct_num: 993.000; predict_num: 1149.000; gold_num: 1223.000; precision: 0.864; recall: 0.812; f1: 0.837
2021-10-24 18:58:18,674:INFO: - Found new best F1
2021-10-24 18:58:18,674:INFO: Epoch 36/150
2021-10-24 19:03:55,513:INFO: loss=0.009, loss_seq=0.007, loss_mat=0.000, loss_rel=0.001
2021-10-24 19:03:58,107:INFO: - Val metrics:
correct_num: 1000.000; predict_num: 1178.000; gold_num: 1223.000; precision: 0.849; recall: 0.818; f1: 0.833
2021-10-24 19:04:03,012:INFO: Epoch 37/150
2021-10-24 19:09:42,183:INFO: loss=0.013, loss_seq=0.010, loss_mat=0.001, loss_rel=0.002
2021-10-24 19:09:44,769:INFO: - Val metrics:
correct_num: 970.000; predict_num: 1141.000; gold_num: 1223.000; precision: 0.850; recall: 0.793; f1: 0.821
2021-10-24 19:09:49,668:INFO: Epoch 38/150
2021-10-24 19:15:32,149:INFO: loss=0.012, loss_seq=0.009, loss_mat=0.001, loss_rel=0.002
2021-10-24 19:15:34,756:INFO: - Val metrics:
correct_num: 1008.000; predict_num: 1191.000; gold_num: 1223.000; precision: 0.846; recall: 0.824; f1: 0.835
2021-10-24 19:15:39,826:INFO: Epoch 39/150
2021-10-24 19:21:21,579:INFO: loss=0.010, loss_seq=0.008, loss_mat=0.000, loss_rel=0.002
2021-10-24 19:21:24,190:INFO: - Val metrics:
correct_num: 997.000; predict_num: 1147.000; gold_num: 1223.000; precision: 0.869; recall: 0.815; f1: 0.841
2021-10-24 19:21:33,270:INFO: - Found new best F1
2021-10-24 19:21:33,270:INFO: Epoch 40/150
2021-10-24 19:27:21,324:INFO: loss=0.010, loss_seq=0.008, loss_mat=0.000, loss_rel=0.002
2021-10-24 19:27:23,980:INFO: - Val metrics:
correct_num: 977.000; predict_num: 1153.000; gold_num: 1223.000; precision: 0.847; recall: 0.799; f1: 0.822
2021-10-24 19:27:29,020:INFO: Epoch 41/150
2021-10-24 19:33:18,280:INFO: loss=0.010, loss_seq=0.008, loss_mat=0.000, loss_rel=0.002
2021-10-24 19:33:20,976:INFO: - Val metrics:
correct_num: 998.000; predict_num: 1170.000; gold_num: 1223.000; precision: 0.853; recall: 0.816; f1: 0.834
2021-10-24 19:33:25,912:INFO: Epoch 42/150
2021-10-24 19:39:15,525:INFO: loss=0.013, loss_seq=0.010, loss_mat=0.001, loss_rel=0.002
2021-10-24 19:39:18,211:INFO: - Val metrics:
correct_num: 971.000; predict_num: 1137.000; gold_num: 1223.000; precision: 0.854; recall: 0.794; f1: 0.823
2021-10-24 19:39:23,143:INFO: Epoch 43/150
2021-10-24 19:45:13,126:INFO: loss=0.010, loss_seq=0.009, loss_mat=0.000, loss_rel=0.001
2021-10-24 19:45:15,880:INFO: - Val metrics:
correct_num: 1007.000; predict_num: 1175.000; gold_num: 1223.000; precision: 0.857; recall: 0.823; f1: 0.840
2021-10-24 19:45:20,776:INFO: Epoch 44/150
2021-10-24 19:51:09,784:INFO: loss=0.009, loss_seq=0.008, loss_mat=0.000, loss_rel=0.001
2021-10-24 19:51:12,449:INFO: - Val metrics:
correct_num: 1001.000; predict_num: 1167.000; gold_num: 1223.000; precision: 0.858; recall: 0.818; f1: 0.838
2021-10-24 19:51:17,472:INFO: Epoch 45/150
2021-10-24 19:57:07,220:INFO: loss=0.010, loss_seq=0.008, loss_mat=0.000, loss_rel=0.001
2021-10-24 19:57:09,896:INFO: - Val metrics:
correct_num: 993.000; predict_num: 1151.000; gold_num: 1223.000; precision: 0.863; recall: 0.812; f1: 0.837
2021-10-24 19:57:14,907:INFO: Epoch 46/150
2021-10-24 20:03:07,372:INFO: loss=0.011, loss_seq=0.009, loss_mat=0.000, loss_rel=0.002
2021-10-24 20:03:10,059:INFO: - Val metrics:
correct_num: 967.000; predict_num: 1142.000; gold_num: 1223.000; precision: 0.847; recall: 0.791; f1: 0.818
2021-10-24 20:03:15,292:INFO: Epoch 47/150
2021-10-24 20:09:07,471:INFO: loss=0.009, loss_seq=0.008, loss_mat=0.000, loss_rel=0.001
2021-10-24 20:09:10,128:INFO: - Val metrics:
correct_num: 997.000; predict_num: 1158.000; gold_num: 1223.000; precision: 0.861; recall: 0.815; f1: 0.837
2021-10-24 20:09:15,135:INFO: Epoch 48/150
2021-10-24 20:15:04,520:INFO: loss=0.008, loss_seq=0.006, loss_mat=0.000, loss_rel=0.001
2021-10-24 20:15:07,187:INFO: - Val metrics:
correct_num: 997.000; predict_num: 1171.000; gold_num: 1223.000; precision: 0.851; recall: 0.815; f1: 0.833
2021-10-24 20:15:12,086:INFO: Epoch 49/150
2021-10-24 20:21:01,722:INFO: loss=0.009, loss_seq=0.007, loss_mat=0.000, loss_rel=0.001
2021-10-24 20:21:04,387:INFO: - Val metrics:
correct_num: 1002.000; predict_num: 1170.000; gold_num: 1223.000; precision: 0.856; recall: 0.819; f1: 0.837
2021-10-24 20:21:09,457:INFO: Epoch 50/150
2021-10-24 20:26:58,781:INFO: loss=0.008, loss_seq=0.006, loss_mat=0.000, loss_rel=0.001
2021-10-24 20:27:01,458:INFO: - Val metrics:
correct_num: 991.000; predict_num: 1164.000; gold_num: 1223.000; precision: 0.851; recall: 0.810; f1: 0.830
2021-10-24 20:27:06,473:INFO: Epoch 51/150
2021-10-24 20:32:55,677:INFO: loss=0.008, loss_seq=0.006, loss_mat=0.000, loss_rel=0.001
2021-10-24 20:32:58,351:INFO: - Val metrics:
correct_num: 1021.000; predict_num: 1159.000; gold_num: 1223.000; precision: 0.881; recall: 0.835; f1: 0.857
2021-10-24 20:33:07,408:INFO: - Found new best F1
2021-10-24 20:33:07,408:INFO: Epoch 52/150
2021-10-24 20:38:56,137:INFO: loss=0.009, loss_seq=0.007, loss_mat=0.000, loss_rel=0.001
2021-10-24 20:38:58,810:INFO: - Val metrics:
correct_num: 1020.000; predict_num: 1150.000; gold_num: 1223.000; precision: 0.887; recall: 0.834; f1: 0.860
2021-10-24 20:39:08,059:INFO: - Found new best F1
2021-10-24 20:39:08,060:INFO: Epoch 53/150
2021-10-24 20:44:57,869:INFO: loss=0.007, loss_seq=0.005, loss_mat=0.000, loss_rel=0.001
2021-10-24 20:45:00,568:INFO: - Val metrics:
correct_num: 1021.000; predict_num: 1176.000; gold_num: 1223.000; precision: 0.868; recall: 0.835; f1: 0.851
2021-10-24 20:45:05,779:INFO: Epoch 54/150
2021-10-24 20:51:00,003:INFO: loss=0.008, loss_seq=0.006, loss_mat=0.000, loss_rel=0.001
2021-10-24 20:51:02,691:INFO: - Val metrics:
correct_num: 1018.000; predict_num: 1198.000; gold_num: 1223.000; precision: 0.850; recall: 0.832; f1: 0.841
2021-10-24 20:51:07,831:INFO: Epoch 55/150
2021-10-24 20:56:57,596:INFO: loss=0.010, loss_seq=0.008, loss_mat=0.000, loss_rel=0.001
2021-10-24 20:57:00,274:INFO: - Val metrics:
correct_num: 993.000; predict_num: 1149.000; gold_num: 1223.000; precision: 0.864; recall: 0.812; f1: 0.837
2021-10-24 20:57:05,603:INFO: Epoch 56/150
2021-10-24 21:02:55,126:INFO: loss=0.008, loss_seq=0.006, loss_mat=0.000, loss_rel=0.001
2021-10-24 21:02:57,791:INFO: - Val metrics:
correct_num: 1004.000; predict_num: 1167.000; gold_num: 1223.000; precision: 0.860; recall: 0.821; f1: 0.840
2021-10-24 21:03:02,978:INFO: Epoch 57/150
2021-10-24 21:08:51,777:INFO: loss=0.006, loss_seq=0.005, loss_mat=0.000, loss_rel=0.001
2021-10-24 21:08:54,448:INFO: - Val metrics:
correct_num: 1024.000; predict_num: 1154.000; gold_num: 1223.000; precision: 0.887; recall: 0.837; f1: 0.862
2021-10-24 21:09:03,683:INFO: - Found new best F1
2021-10-24 21:09:03,683:INFO: Epoch 58/150
2021-10-24 21:14:53,361:INFO: loss=0.007, loss_seq=0.006, loss_mat=0.000, loss_rel=0.001
2021-10-24 21:14:56,030:INFO: - Val metrics:
correct_num: 1020.000; predict_num: 1162.000; gold_num: 1223.000; precision: 0.878; recall: 0.834; f1: 0.855
2021-10-24 21:15:01,036:INFO: Epoch 59/150
2021-10-24 21:20:50,729:INFO: loss=0.005, loss_seq=0.004, loss_mat=0.000, loss_rel=0.001
2021-10-24 21:20:53,385:INFO: - Val metrics:
correct_num: 1030.000; predict_num: 1181.000; gold_num: 1223.000; precision: 0.872; recall: 0.842; f1: 0.857
2021-10-24 21:20:58,272:INFO: Epoch 60/150
2021-10-24 21:26:47,681:INFO: loss=0.008, loss_seq=0.006, loss_mat=0.000, loss_rel=0.001
2021-10-24 21:26:50,342:INFO: - Val metrics:
correct_num: 1011.000; predict_num: 1156.000; gold_num: 1223.000; precision: 0.875; recall: 0.827; f1: 0.850
2021-10-24 21:26:55,480:INFO: Epoch 61/150
2021-10-24 21:32:47,820:INFO: loss=0.005, loss_seq=0.004, loss_mat=0.000, loss_rel=0.001
2021-10-24 21:32:50,496:INFO: - Val metrics:
correct_num: 1026.000; predict_num: 1165.000; gold_num: 1223.000; precision: 0.881; recall: 0.839; f1: 0.859
2021-10-24 21:32:55,551:INFO: Epoch 62/150
2021-10-24 21:38:47,222:INFO: loss=0.005, loss_seq=0.004, loss_mat=0.000, loss_rel=0.001
2021-10-24 21:38:49,882:INFO: - Val metrics:
correct_num: 1036.000; predict_num: 1167.000; gold_num: 1223.000; precision: 0.888; recall: 0.847; f1: 0.867
2021-10-24 21:38:58,816:INFO: - Found new best F1
2021-10-24 21:38:58,816:INFO: Epoch 63/150
2021-10-24 21:44:48,387:INFO: loss=0.004, loss_seq=0.003, loss_mat=0.000, loss_rel=0.001
2021-10-24 21:44:51,045:INFO: - Val metrics:
correct_num: 1020.000; predict_num: 1163.000; gold_num: 1223.000; precision: 0.877; recall: 0.834; f1: 0.855
2021-10-24 21:44:56,182:INFO: Epoch 64/150
2021-10-24 21:50:46,551:INFO: loss=0.007, loss_seq=0.006, loss_mat=0.000, loss_rel=0.001
2021-10-24 21:50:49,209:INFO: - Val metrics:
correct_num: 1010.000; predict_num: 1165.000; gold_num: 1223.000; precision: 0.867; recall: 0.826; f1: 0.846
2021-10-24 21:50:54,151:INFO: Epoch 65/150
2021-10-24 21:56:43,852:INFO: loss=0.006, loss_seq=0.005, loss_mat=0.000, loss_rel=0.001
2021-10-24 21:56:46,514:INFO: - Val metrics:
correct_num: 1017.000; predict_num: 1175.000; gold_num: 1223.000; precision: 0.866; recall: 0.832; f1: 0.848
2021-10-24 21:56:51,425:INFO: Epoch 66/150
2021-10-24 22:02:40,723:INFO: loss=0.009, loss_seq=0.007, loss_mat=0.000, loss_rel=0.001
2021-10-24 22:02:43,379:INFO: - Val metrics:
correct_num: 1025.000; predict_num: 1190.000; gold_num: 1223.000; precision: 0.861; recall: 0.838; f1: 0.850
2021-10-24 22:02:48,311:INFO: Epoch 67/150
2021-10-24 22:08:38,020:INFO: loss=0.006, loss_seq=0.005, loss_mat=0.000, loss_rel=0.001
2021-10-24 22:08:40,667:INFO: - Val metrics:
correct_num: 977.000; predict_num: 1132.000; gold_num: 1223.000; precision: 0.863; recall: 0.799; f1: 0.830
2021-10-24 22:08:45,801:INFO: Epoch 68/150
2021-10-24 22:14:35,939:INFO: loss=0.005, loss_seq=0.004, loss_mat=0.000, loss_rel=0.001
2021-10-24 22:14:38,601:INFO: - Val metrics:
correct_num: 1008.000; predict_num: 1170.000; gold_num: 1223.000; precision: 0.862; recall: 0.824; f1: 0.842
2021-10-24 22:14:43,879:INFO: Epoch 69/150
2021-10-24 22:20:37,899:INFO: loss=0.004, loss_seq=0.003, loss_mat=0.000, loss_rel=0.001
2021-10-24 22:20:40,559:INFO: - Val metrics:
correct_num: 1005.000; predict_num: 1164.000; gold_num: 1223.000; precision: 0.863; recall: 0.822; f1: 0.842
2021-10-24 22:20:45,529:INFO: Epoch 70/150
2021-10-24 22:26:34,325:INFO: loss=0.004, loss_seq=0.003, loss_mat=0.000, loss_rel=0.001
2021-10-24 22:26:36,972:INFO: - Val metrics:
correct_num: 1039.000; predict_num: 1180.000; gold_num: 1223.000; precision: 0.881; recall: 0.850; f1: 0.865
2021-10-24 22:26:41,926:INFO: Epoch 71/150
2021-10-24 22:32:31,194:INFO: loss=0.003, loss_seq=0.003, loss_mat=0.000, loss_rel=0.000
2021-10-24 22:32:33,849:INFO: - Val metrics:
correct_num: 991.000; predict_num: 1148.000; gold_num: 1223.000; precision: 0.863; recall: 0.810; f1: 0.836
2021-10-24 22:32:38,862:INFO: Epoch 72/150
2021-10-24 22:38:26,614:INFO: loss=0.004, loss_seq=0.003, loss_mat=0.000, loss_rel=0.001
2021-10-24 22:38:29,278:INFO: - Val metrics:
correct_num: 1036.000; predict_num: 1197.000; gold_num: 1223.000; precision: 0.865; recall: 0.847; f1: 0.856
2021-10-24 22:38:34,286:INFO: Epoch 73/150
2021-10-24 22:44:22,469:INFO: loss=0.004, loss_seq=0.003, loss_mat=0.000, loss_rel=0.001
2021-10-24 22:44:25,132:INFO: - Val metrics:
correct_num: 1015.000; predict_num: 1181.000; gold_num: 1223.000; precision: 0.859; recall: 0.830; f1: 0.844
2021-10-24 22:44:30,118:INFO: Epoch 74/150
2021-10-24 22:50:18,230:INFO: loss=0.003, loss_seq=0.003, loss_mat=0.000, loss_rel=0.000
2021-10-24 22:50:20,887:INFO: - Val metrics:
correct_num: 1030.000; predict_num: 1188.000; gold_num: 1223.000; precision: 0.867; recall: 0.842; f1: 0.854
2021-10-24 22:50:25,766:INFO: Epoch 75/150
2021-10-24 22:56:14,223:INFO: loss=0.003, loss_seq=0.003, loss_mat=0.000, loss_rel=0.001
2021-10-24 22:56:16,883:INFO: - Val metrics:
correct_num: 1022.000; predict_num: 1161.000; gold_num: 1223.000; precision: 0.880; recall: 0.836; f1: 0.857
2021-10-24 22:56:21,823:INFO: Epoch 76/150
2021-10-24 23:02:13,134:INFO: loss=0.004, loss_seq=0.003, loss_mat=0.000, loss_rel=0.000
2021-10-24 23:02:15,820:INFO: - Val metrics:
correct_num: 1038.000; predict_num: 1180.000; gold_num: 1223.000; precision: 0.880; recall: 0.849; f1: 0.864
2021-10-24 23:02:20,859:INFO: Epoch 77/150
2021-10-24 23:08:11,672:INFO: loss=0.003, loss_seq=0.002, loss_mat=0.000, loss_rel=0.000
2021-10-24 23:08:14,343:INFO: - Val metrics:
correct_num: 1043.000; predict_num: 1187.000; gold_num: 1223.000; precision: 0.879; recall: 0.853; f1: 0.866
2021-10-24 23:08:19,354:INFO: Epoch 78/150
2021-10-24 23:14:07,217:INFO: loss=0.003, loss_seq=0.003, loss_mat=0.000, loss_rel=0.001
2021-10-24 23:14:09,867:INFO: - Val metrics:
correct_num: 1023.000; predict_num: 1159.000; gold_num: 1223.000; precision: 0.883; recall: 0.836; f1: 0.859
2021-10-24 23:14:14,801:INFO: Epoch 79/150
2021-10-24 23:20:03,465:INFO: loss=0.004, loss_seq=0.003, loss_mat=0.000, loss_rel=0.001
2021-10-24 23:20:06,121:INFO: - Val metrics:
correct_num: 1032.000; predict_num: 1168.000; gold_num: 1223.000; precision: 0.884; recall: 0.844; f1: 0.863
2021-10-24 23:20:11,151:INFO: Epoch 80/150
2021-10-24 23:25:59,213:INFO: loss=0.003, loss_seq=0.002, loss_mat=0.000, loss_rel=0.000
2021-10-24 23:26:01,879:INFO: - Val metrics:
correct_num: 1039.000; predict_num: 1188.000; gold_num: 1223.000; precision: 0.875; recall: 0.850; f1: 0.862
2021-10-24 23:26:06,859:INFO: Epoch 81/150
2021-10-24 23:31:54,993:INFO: loss=0.002, loss_seq=0.002, loss_mat=0.000, loss_rel=0.000
2021-10-24 23:31:57,651:INFO: - Val metrics:
correct_num: 1045.000; predict_num: 1192.000; gold_num: 1223.000; precision: 0.877; recall: 0.854; f1: 0.865
2021-10-24 23:32:02,775:INFO: Epoch 82/150
2021-10-24 23:37:50,804:INFO: loss=0.002, loss_seq=0.001, loss_mat=0.000, loss_rel=0.000
2021-10-24 23:37:53,475:INFO: - Val metrics:
correct_num: 1048.000; predict_num: 1192.000; gold_num: 1223.000; precision: 0.879; recall: 0.857; f1: 0.868
2021-10-24 23:38:02,524:INFO: - Found new best F1
2021-10-24 23:38:02,524:INFO: Epoch 83/150
2021-10-24 23:43:51,438:INFO: loss=0.003, loss_seq=0.002, loss_mat=0.000, loss_rel=0.000
2021-10-24 23:43:54,100:INFO: - Val metrics:
correct_num: 1041.000; predict_num: 1186.000; gold_num: 1223.000; precision: 0.878; recall: 0.851; f1: 0.864
2021-10-24 23:43:59,200:INFO: Epoch 84/150
2021-10-24 23:49:52,352:INFO: loss=0.002, loss_seq=0.002, loss_mat=0.000, loss_rel=0.000
2021-10-24 23:49:55,015:INFO: - Val metrics:
correct_num: 1042.000; predict_num: 1174.000; gold_num: 1223.000; precision: 0.888; recall: 0.852; f1: 0.869
2021-10-24 23:50:04,102:INFO: - Found new best F1
2021-10-24 23:50:04,102:INFO: Epoch 85/150
2021-10-24 23:55:52,753:INFO: loss=0.002, loss_seq=0.001, loss_mat=0.000, loss_rel=0.000
2021-10-24 23:55:55,426:INFO: - Val metrics:
correct_num: 1031.000; predict_num: 1194.000; gold_num: 1223.000; precision: 0.863; recall: 0.843; f1: 0.853
2021-10-24 23:55:59,980:INFO: Epoch 86/150
2021-10-25 00:01:48,137:INFO: loss=0.002, loss_seq=0.002, loss_mat=0.000, loss_rel=0.000
2021-10-25 00:01:50,793:INFO: - Val metrics:
correct_num: 1048.000; predict_num: 1175.000; gold_num: 1223.000; precision: 0.892; recall: 0.857; f1: 0.874
2021-10-25 00:01:59,844:INFO: - Found new best F1
2021-10-25 00:01:59,845:INFO: Epoch 87/150
2021-10-25 00:07:48,083:INFO: loss=0.003, loss_seq=0.002, loss_mat=0.000, loss_rel=0.000
2021-10-25 00:07:50,731:INFO: - Val metrics:
correct_num: 1040.000; predict_num: 1158.000; gold_num: 1223.000; precision: 0.898; recall: 0.850; f1: 0.874
2021-10-25 00:07:55,656:INFO: Epoch 88/150
2021-10-25 00:13:43,905:INFO: loss=0.001, loss_seq=0.001, loss_mat=0.000, loss_rel=0.000
2021-10-25 00:13:46,558:INFO: - Val metrics:
correct_num: 1046.000; predict_num: 1184.000; gold_num: 1223.000; precision: 0.883; recall: 0.855; f1: 0.869
2021-10-25 00:13:51,460:INFO: Epoch 89/150
2021-10-25 00:19:40,064:INFO: loss=0.002, loss_seq=0.002, loss_mat=0.000, loss_rel=0.000
2021-10-25 00:19:42,721:INFO: - Val metrics:
correct_num: 1054.000; predict_num: 1179.000; gold_num: 1223.000; precision: 0.894; recall: 0.862; f1: 0.878
2021-10-25 00:19:51,783:INFO: - Found new best F1
2021-10-25 00:19:51,783:INFO: Epoch 90/150
2021-10-25 00:25:39,661:INFO: loss=0.001, loss_seq=0.001, loss_mat=0.000, loss_rel=0.000
2021-10-25 00:25:42,317:INFO: - Val metrics:
correct_num: 1048.000; predict_num: 1166.000; gold_num: 1223.000; precision: 0.899; recall: 0.857; f1: 0.877
2021-10-25 00:25:47,274:INFO: Epoch 91/150
2021-10-25 00:31:38,483:INFO: loss=0.002, loss_seq=0.001, loss_mat=0.000, loss_rel=0.000
2021-10-25 00:31:41,157:INFO: - Val metrics:
correct_num: 1051.000; predict_num: 1185.000; gold_num: 1223.000; precision: 0.887; recall: 0.859; f1: 0.873
2021-10-25 00:31:46,187:INFO: Epoch 92/150
2021-10-25 00:37:37,113:INFO: loss=0.002, loss_seq=0.002, loss_mat=0.000, loss_rel=0.000
2021-10-25 00:37:39,768:INFO: - Val metrics:
correct_num: 1051.000; predict_num: 1194.000; gold_num: 1223.000; precision: 0.880; recall: 0.859; f1: 0.870
2021-10-25 00:37:44,761:INFO: Epoch 93/150
2021-10-25 00:43:32,569:INFO: loss=0.002, loss_seq=0.001, loss_mat=0.000, loss_rel=0.000
2021-10-25 00:43:35,226:INFO: - Val metrics:
correct_num: 1046.000; predict_num: 1168.000; gold_num: 1223.000; precision: 0.896; recall: 0.855; f1: 0.875
2021-10-25 00:43:40,175:INFO: Epoch 94/150
2021-10-25 00:49:29,108:INFO: loss=0.002, loss_seq=0.002, loss_mat=0.000, loss_rel=0.000
2021-10-25 00:49:31,757:INFO: - Val metrics:
correct_num: 1034.000; predict_num: 1171.000; gold_num: 1223.000; precision: 0.883; recall: 0.845; f1: 0.864
2021-10-25 00:49:36,295:INFO: Epoch 95/150
2021-10-25 00:55:25,189:INFO: loss=0.001, loss_seq=0.001, loss_mat=0.000, loss_rel=0.000
2021-10-25 00:55:27,835:INFO: - Val metrics:
correct_num: 1033.000; predict_num: 1167.000; gold_num: 1223.000; precision: 0.885; recall: 0.845; f1: 0.864
2021-10-25 00:55:32,817:INFO: Epoch 96/150
2021-10-25 01:01:21,692:INFO: loss=0.001, loss_seq=0.001, loss_mat=0.000, loss_rel=0.000
2021-10-25 01:01:24,439:INFO: - Val metrics:
correct_num: 1059.000; predict_num: 1195.000; gold_num: 1223.000; precision: 0.886; recall: 0.866; f1: 0.876
2021-10-25 01:01:29,463:INFO: Epoch 97/150
2021-10-25 01:07:17,546:INFO: loss=0.001, loss_seq=0.001, loss_mat=0.000, loss_rel=0.000
2021-10-25 01:07:20,201:INFO: - Val metrics:
correct_num: 1050.000; predict_num: 1183.000; gold_num: 1223.000; precision: 0.888; recall: 0.859; f1: 0.873
2021-10-25 01:07:25,217:INFO: Epoch 98/150
2021-10-25 01:13:13,991:INFO: loss=0.001, loss_seq=0.000, loss_mat=0.000, loss_rel=0.000
2021-10-25 01:13:16,662:INFO: - Val metrics:
correct_num: 1064.000; predict_num: 1185.000; gold_num: 1223.000; precision: 0.898; recall: 0.870; f1: 0.884
2021-10-25 01:13:25,939:INFO: - Found new best F1
2021-10-25 01:13:25,939:INFO: Epoch 99/150
2021-10-25 01:19:19,830:INFO: loss=0.001, loss_seq=0.001, loss_mat=0.000, loss_rel=0.000
2021-10-25 01:19:22,482:INFO: - Val metrics:
correct_num: 1059.000; predict_num: 1180.000; gold_num: 1223.000; precision: 0.897; recall: 0.866; f1: 0.881
2021-10-25 01:19:27,455:INFO: Epoch 100/150
2021-10-25 01:25:15,905:INFO: loss=0.001, loss_seq=0.001, loss_mat=0.000, loss_rel=0.000
2021-10-25 01:25:18,557:INFO: - Val metrics:
correct_num: 1060.000; predict_num: 1193.000; gold_num: 1223.000; precision: 0.889; recall: 0.867; f1: 0.877
2021-10-25 01:25:23,716:INFO: Epoch 101/150
2021-10-25 01:31:11,781:INFO: loss=0.001, loss_seq=0.000, loss_mat=0.000, loss_rel=0.000
2021-10-25 01:31:14,433:INFO: - Val metrics:
correct_num: 1059.000; predict_num: 1179.000; gold_num: 1223.000; precision: 0.898; recall: 0.866; f1: 0.882
2021-10-25 01:31:19,416:INFO: Epoch 102/150
2021-10-25 01:37:08,205:INFO: loss=0.001, loss_seq=0.000, loss_mat=0.000, loss_rel=0.000
2021-10-25 01:37:10,857:INFO: - Val metrics:
correct_num: 1054.000; predict_num: 1176.000; gold_num: 1223.000; precision: 0.896; recall: 0.862; f1: 0.879
2021-10-25 01:37:15,930:INFO: Epoch 103/150
2021-10-25 01:43:04,625:INFO: loss=0.001, loss_seq=0.000, loss_mat=0.000, loss_rel=0.000
2021-10-25 01:43:07,270:INFO: - Val metrics:
correct_num: 1047.000; predict_num: 1171.000; gold_num: 1223.000; precision: 0.894; recall: 0.856; f1: 0.875
2021-10-25 01:43:12,236:INFO: Epoch 104/150
2021-10-25 01:49:00,498:INFO: loss=0.001, loss_seq=0.001, loss_mat=0.000, loss_rel=0.000
2021-10-25 01:49:03,145:INFO: - Val metrics:
correct_num: 1042.000; predict_num: 1169.000; gold_num: 1223.000; precision: 0.891; recall: 0.852; f1: 0.871
2021-10-25 01:49:08,187:INFO: Epoch 105/150
2021-10-25 01:54:56,328:INFO: loss=0.001, loss_seq=0.001, loss_mat=0.000, loss_rel=0.000
2021-10-25 01:54:58,987:INFO: - Val metrics:
correct_num: 1053.000; predict_num: 1163.000; gold_num: 1223.000; precision: 0.905; recall: 0.861; f1: 0.883
2021-10-25 01:55:04,006:INFO: Epoch 106/150
2021-10-25 02:00:55,189:INFO: loss=0.000, loss_seq=0.000, loss_mat=0.000, loss_rel=0.000
2021-10-25 02:00:57,870:INFO: - Val metrics:
correct_num: 1060.000; predict_num: 1183.000; gold_num: 1223.000; precision: 0.896; recall: 0.867; f1: 0.881
2021-10-25 02:01:02,913:INFO: Epoch 107/150
2021-10-25 02:06:54,561:INFO: loss=0.001, loss_seq=0.000, loss_mat=0.000, loss_rel=0.000
2021-10-25 02:06:57,218:INFO: - Val metrics:
correct_num: 1063.000; predict_num: 1182.000; gold_num: 1223.000; precision: 0.899; recall: 0.869; f1: 0.884
2021-10-25 02:07:06,322:INFO: - Found new best F1
2021-10-25 02:07:06,322:INFO: Epoch 108/150
2021-10-25 02:12:54,416:INFO: loss=0.000, loss_seq=0.000, loss_mat=0.000, loss_rel=0.000
2021-10-25 02:12:57,074:INFO: - Val metrics:
correct_num: 1048.000; predict_num: 1171.000; gold_num: 1223.000; precision: 0.895; recall: 0.857; f1: 0.876
2021-10-25 02:13:02,231:INFO: Epoch 109/150
2021-10-25 02:18:50,604:INFO: loss=0.000, loss_seq=0.000, loss_mat=0.000, loss_rel=0.000
2021-10-25 02:18:53,257:INFO: - Val metrics:
correct_num: 1052.000; predict_num: 1176.000; gold_num: 1223.000; precision: 0.895; recall: 0.860; f1: 0.877
2021-10-25 02:18:58,473:INFO: Epoch 110/150
2021-10-25 02:24:47,025:INFO: loss=0.000, loss_seq=0.000, loss_mat=0.000, loss_rel=0.000
2021-10-25 02:24:49,678:INFO: - Val metrics:
correct_num: 1059.000; predict_num: 1180.000; gold_num: 1223.000; precision: 0.897; recall: 0.866; f1: 0.881
2021-10-25 02:24:54,986:INFO: Epoch 111/150
2021-10-25 02:30:43,104:INFO: loss=0.000, loss_seq=0.000, loss_mat=0.000, loss_rel=0.000
2021-10-25 02:30:45,756:INFO: - Val metrics:
correct_num: 1055.000; predict_num: 1176.000; gold_num: 1223.000; precision: 0.897; recall: 0.863; f1: 0.880
2021-10-25 02:30:50,950:INFO: Epoch 112/150
2021-10-25 02:36:39,565:INFO: loss=0.000, loss_seq=0.000, loss_mat=0.000, loss_rel=0.000
2021-10-25 02:36:42,225:INFO: - Val metrics:
correct_num: 1062.000; predict_num: 1181.000; gold_num: 1223.000; precision: 0.899; recall: 0.868; f1: 0.884
2021-10-25 02:36:47,305:INFO: Epoch 113/150
2021-10-25 02:42:36,140:INFO: loss=0.000, loss_seq=0.000, loss_mat=0.000, loss_rel=0.000
2021-10-25 02:42:38,806:INFO: - Val metrics:
correct_num: 1056.000; predict_num: 1179.000; gold_num: 1223.000; precision: 0.896; recall: 0.863; f1: 0.879
2021-10-25 02:42:44,132:INFO: Epoch 114/150
2021-10-25 02:48:37,344:INFO: loss=0.000, loss_seq=0.000, loss_mat=0.000, loss_rel=0.000
2021-10-25 02:48:40,002:INFO: - Val metrics:
correct_num: 1055.000; predict_num: 1183.000; gold_num: 1223.000; precision: 0.892; recall: 0.863; f1: 0.877
2021-10-25 02:48:45,193:INFO: Epoch 115/150
2021-10-25 02:54:33,710:INFO: loss=0.000, loss_seq=0.000, loss_mat=0.000, loss_rel=0.000
2021-10-25 02:54:36,365:INFO: - Val metrics:
correct_num: 1060.000; predict_num: 1182.000; gold_num: 1223.000; precision: 0.897; recall: 0.867; f1: 0.881
2021-10-25 02:54:41,580:INFO: Epoch 116/150
2021-10-25 03:00:29,646:INFO: loss=0.000, loss_seq=0.000, loss_mat=0.000, loss_rel=0.000
2021-10-25 03:00:32,297:INFO: - Val metrics:
correct_num: 1064.000; predict_num: 1177.000; gold_num: 1223.000; precision: 0.904; recall: 0.870; f1: 0.887
2021-10-25 03:00:42,023:INFO: - Found new best F1
2021-10-25 03:00:42,023:INFO: Epoch 117/150
2021-10-25 03:06:31,124:INFO: loss=0.000, loss_seq=0.000, loss_mat=0.000, loss_rel=0.000
2021-10-25 03:06:33,773:INFO: - Val metrics:
correct_num: 1060.000; predict_num: 1176.000; gold_num: 1223.000; precision: 0.901; recall: 0.867; f1: 0.884
2021-10-25 03:06:38,909:INFO: Epoch 118/150
2021-10-25 03:12:27,414:INFO: loss=0.000, loss_seq=0.000, loss_mat=0.000, loss_rel=0.000
2021-10-25 03:12:30,064:INFO: - Val metrics:
correct_num: 1061.000; predict_num: 1177.000; gold_num: 1223.000; precision: 0.901; recall: 0.868; f1: 0.884
2021-10-25 03:12:35,027:INFO: Epoch 119/150
2021-10-25 03:18:23,695:INFO: loss=0.000, loss_seq=0.000, loss_mat=0.000, loss_rel=0.000
2021-10-25 03:18:26,348:INFO: - Val metrics:
correct_num: 1061.000; predict_num: 1183.000; gold_num: 1223.000; precision: 0.897; recall: 0.868; f1: 0.882
2021-10-25 03:18:31,304:INFO: Epoch 120/150
2021-10-25 03:24:20,082:INFO: loss=0.000, loss_seq=0.000, loss_mat=0.000, loss_rel=0.000
2021-10-25 03:24:22,735:INFO: - Val metrics:
correct_num: 1057.000; predict_num: 1184.000; gold_num: 1223.000; precision: 0.893; recall: 0.864; f1: 0.878
2021-10-25 03:24:27,789:INFO: Epoch 121/150
2021-10-25 03:30:19,973:INFO: loss=0.000, loss_seq=0.000, loss_mat=0.000, loss_rel=0.000
2021-10-25 03:30:22,639:INFO: - Val metrics:
correct_num: 1062.000; predict_num: 1176.000; gold_num: 1223.000; precision: 0.903; recall: 0.868; f1: 0.885
2021-10-25 03:30:28,021:INFO: Epoch 122/150
2021-10-25 03:36:18,586:INFO: loss=0.000, loss_seq=0.000, loss_mat=0.000, loss_rel=0.000
2021-10-25 03:36:21,238:INFO: - Val metrics:
correct_num: 1058.000; predict_num: 1176.000; gold_num: 1223.000; precision: 0.900; recall: 0.865; f1: 0.882
2021-10-25 03:36:26,256:INFO: Epoch 123/150
2021-10-25 03:42:14,902:INFO: loss=0.000, loss_seq=0.000, loss_mat=0.000, loss_rel=0.000
2021-10-25 03:42:17,558:INFO: - Val metrics:
correct_num: 1057.000; predict_num: 1172.000; gold_num: 1223.000; precision: 0.902; recall: 0.864; f1: 0.883
2021-10-25 03:42:22,573:INFO: Epoch 124/150
2021-10-25 03:48:10,877:INFO: loss=0.000, loss_seq=0.000, loss_mat=0.000, loss_rel=0.000
2021-10-25 03:48:13,540:INFO: - Val metrics:
correct_num: 1061.000; predict_num: 1182.000; gold_num: 1223.000; precision: 0.898; recall: 0.868; f1: 0.882
2021-10-25 03:48:18,532:INFO: Epoch 125/150
2021-10-25 03:54:07,474:INFO: loss=0.000, loss_seq=0.000, loss_mat=0.000, loss_rel=0.000
2021-10-25 03:54:10,129:INFO: - Val metrics:
correct_num: 1060.000; predict_num: 1179.000; gold_num: 1223.000; precision: 0.899; recall: 0.867; f1: 0.883
2021-10-25 03:54:15,141:INFO: Epoch 126/150
2021-10-25 04:00:03,465:INFO: loss=0.000, loss_seq=0.000, loss_mat=0.000, loss_rel=0.000
2021-10-25 04:00:06,121:INFO: - Val metrics:
correct_num: 1060.000; predict_num: 1175.000; gold_num: 1223.000; precision: 0.902; recall: 0.867; f1: 0.884
2021-10-25 04:00:11,083:INFO: Epoch 127/150
2021-10-25 04:05:59,767:INFO: loss=0.000, loss_seq=0.000, loss_mat=0.000, loss_rel=0.000
2021-10-25 04:06:02,420:INFO: - Val metrics:
correct_num: 1060.000; predict_num: 1179.000; gold_num: 1223.000; precision: 0.899; recall: 0.867; f1: 0.883
2021-10-25 04:06:07,424:INFO: Epoch 128/150
2021-10-25 04:11:56,444:INFO: loss=0.000, loss_seq=0.000, loss_mat=0.000, loss_rel=0.000
2021-10-25 04:11:59,104:INFO: - Val metrics:
correct_num: 1055.000; predict_num: 1177.000; gold_num: 1223.000; precision: 0.896; recall: 0.863; f1: 0.879
2021-10-25 04:12:04,147:INFO: Epoch 129/150
2021-10-25 04:17:58,049:INFO: loss=0.000, loss_seq=0.000, loss_mat=0.000, loss_rel=0.000
2021-10-25 04:18:00,708:INFO: - Val metrics:
correct_num: 1056.000; predict_num: 1179.000; gold_num: 1223.000; precision: 0.896; recall: 0.863; f1: 0.879
2021-10-25 04:18:05,735:INFO: Epoch 130/150
2021-10-25 04:23:54,249:INFO: loss=0.000, loss_seq=0.000, loss_mat=0.000, loss_rel=0.000
2021-10-25 04:23:56,905:INFO: - Val metrics:
correct_num: 1058.000; predict_num: 1184.000; gold_num: 1223.000; precision: 0.894; recall: 0.865; f1: 0.879
2021-10-25 04:24:01,879:INFO: Epoch 131/150
2021-10-25 04:29:50,659:INFO: loss=0.000, loss_seq=0.000, loss_mat=0.000, loss_rel=0.000
2021-10-25 04:29:53,317:INFO: - Val metrics:
correct_num: 1059.000; predict_num: 1184.000; gold_num: 1223.000; precision: 0.894; recall: 0.866; f1: 0.880
2021-10-25 04:29:58,450:INFO: Epoch 132/150
2021-10-25 04:35:46,948:INFO: loss=0.000, loss_seq=0.000, loss_mat=0.000, loss_rel=0.000
2021-10-25 04:35:49,604:INFO: - Val metrics:
correct_num: 1057.000; predict_num: 1182.000; gold_num: 1223.000; precision: 0.894; recall: 0.864; f1: 0.879
2021-10-25 04:35:54,658:INFO: Epoch 133/150
2021-10-25 04:41:43,628:INFO: loss=0.000, loss_seq=0.000, loss_mat=0.000, loss_rel=0.000
2021-10-25 04:41:46,282:INFO: - Val metrics:
correct_num: 1058.000; predict_num: 1178.000; gold_num: 1223.000; precision: 0.898; recall: 0.865; f1: 0.881
2021-10-25 04:41:51,250:INFO: Epoch 134/150
2021-10-25 04:47:39,622:INFO: loss=0.000, loss_seq=0.000, loss_mat=0.000, loss_rel=0.000
2021-10-25 04:47:42,277:INFO: - Val metrics:
correct_num: 1059.000; predict_num: 1179.000; gold_num: 1223.000; precision: 0.898; recall: 0.866; f1: 0.882
2021-10-25 04:47:47,274:INFO: Epoch 135/150
2021-10-25 04:53:35,542:INFO: loss=0.000, loss_seq=0.000, loss_mat=0.000, loss_rel=0.000
2021-10-25 04:53:38,194:INFO: - Val metrics:
correct_num: 1060.000; predict_num: 1180.000; gold_num: 1223.000; precision: 0.898; recall: 0.867; f1: 0.882
2021-10-25 04:53:43,203:INFO: Epoch 136/150
2021-10-25 04:59:34,795:INFO: loss=0.000, loss_seq=0.000, loss_mat=0.000, loss_rel=0.000
2021-10-25 04:59:37,464:INFO: - Val metrics:
correct_num: 1062.000; predict_num: 1179.000; gold_num: 1223.000; precision: 0.901; recall: 0.868; f1: 0.884
2021-10-25 04:59:42,450:INFO: Epoch 137/150
2021-10-25 05:05:33,701:INFO: loss=0.000, loss_seq=0.000, loss_mat=0.000, loss_rel=0.000
2021-10-25 05:05:36,353:INFO: - Val metrics:
correct_num: 1064.000; predict_num: 1183.000; gold_num: 1223.000; precision: 0.899; recall: 0.870; f1: 0.884
2021-10-25 05:05:41,372:INFO: Epoch 138/150
2021-10-25 05:11:29,326:INFO: loss=0.000, loss_seq=0.000, loss_mat=0.000, loss_rel=0.000
2021-10-25 05:11:31,979:INFO: - Val metrics:
correct_num: 1059.000; predict_num: 1177.000; gold_num: 1223.000; precision: 0.900; recall: 0.866; f1: 0.883
2021-10-25 05:11:36,975:INFO: Epoch 139/150
2021-10-25 05:17:25,069:INFO: loss=0.000, loss_seq=0.000, loss_mat=0.000, loss_rel=0.000
2021-10-25 05:17:27,719:INFO: - Val metrics:
correct_num: 1058.000; predict_num: 1176.000; gold_num: 1223.000; precision: 0.900; recall: 0.865; f1: 0.882
2021-10-25 05:17:32,698:INFO: Epoch 140/150
2021-10-25 05:23:20,705:INFO: loss=0.000, loss_seq=0.000, loss_mat=0.000, loss_rel=0.000
2021-10-25 05:23:23,356:INFO: - Val metrics:
correct_num: 1059.000; predict_num: 1175.000; gold_num: 1223.000; precision: 0.901; recall: 0.866; f1: 0.883
2021-10-25 05:23:28,348:INFO: Epoch 141/150
2021-10-25 05:29:16,656:INFO: loss=0.000, loss_seq=0.000, loss_mat=0.000, loss_rel=0.000
2021-10-25 05:29:19,307:INFO: - Val metrics:
correct_num: 1059.000; predict_num: 1175.000; gold_num: 1223.000; precision: 0.901; recall: 0.866; f1: 0.883
2021-10-25 05:29:24,279:INFO: Epoch 142/150
2021-10-25 05:35:12,745:INFO: loss=0.000, loss_seq=0.000, loss_mat=0.000, loss_rel=0.000
2021-10-25 05:35:15,396:INFO: - Val metrics:
correct_num: 1059.000; predict_num: 1176.000; gold_num: 1223.000; precision: 0.901; recall: 0.866; f1: 0.883
2021-10-25 05:35:20,396:INFO: Epoch 143/150
2021-10-25 05:41:08,731:INFO: loss=0.000, loss_seq=0.000, loss_mat=0.000, loss_rel=0.000
2021-10-25 05:41:11,495:INFO: - Val metrics:
correct_num: 1059.000; predict_num: 1176.000; gold_num: 1223.000; precision: 0.901; recall: 0.866; f1: 0.883
2021-10-25 05:41:16,568:INFO: Epoch 144/150
2021-10-25 05:47:09,970:INFO: loss=0.000, loss_seq=0.000, loss_mat=0.000, loss_rel=0.000
2021-10-25 05:47:12,631:INFO: - Val metrics:
correct_num: 1061.000; predict_num: 1177.000; gold_num: 1223.000; precision: 0.901; recall: 0.868; f1: 0.884
2021-10-25 05:47:17,650:INFO: Epoch 145/150
2021-10-25 05:53:04,727:INFO: loss=0.000, loss_seq=0.000, loss_mat=0.000, loss_rel=0.000
2021-10-25 05:53:07,378:INFO: - Val metrics:
correct_num: 1061.000; predict_num: 1177.000; gold_num: 1223.000; precision: 0.901; recall: 0.868; f1: 0.884
2021-10-25 05:53:12,317:INFO: Epoch 146/150
2021-10-25 05:59:00,566:INFO: loss=0.000, loss_seq=0.000, loss_mat=0.000, loss_rel=0.000
2021-10-25 05:59:03,216:INFO: - Val metrics:
correct_num: 1061.000; predict_num: 1177.000; gold_num: 1223.000; precision: 0.901; recall: 0.868; f1: 0.884
2021-10-25 05:59:08,213:INFO: Epoch 147/150
2021-10-25 06:04:55,602:INFO: loss=0.000, loss_seq=0.000, loss_mat=0.000, loss_rel=0.000
2021-10-25 06:04:58,259:INFO: - Val metrics:
correct_num: 1061.000; predict_num: 1177.000; gold_num: 1223.000; precision: 0.901; recall: 0.868; f1: 0.884
2021-10-25 06:05:03,256:INFO: Epoch 148/150
2021-10-25 06:10:51,679:INFO: loss=0.000, loss_seq=0.000, loss_mat=0.000, loss_rel=0.000
2021-10-25 06:10:54,329:INFO: - Val metrics:
correct_num: 1061.000; predict_num: 1177.000; gold_num: 1223.000; precision: 0.901; recall: 0.868; f1: 0.884
2021-10-25 06:10:59,403:INFO: Epoch 149/150
2021-10-25 06:16:46,509:INFO: loss=0.000, loss_seq=0.000, loss_mat=0.000, loss_rel=0.000
2021-10-25 06:16:49,160:INFO: - Val metrics:
correct_num: 1061.000; predict_num: 1177.000; gold_num: 1223.000; precision: 0.901; recall: 0.868; f1: 0.884
2021-10-25 06:16:54,145:INFO: Epoch 150/150
2021-10-25 06:22:42,252:INFO: loss=0.000, loss_seq=0.000, loss_mat=0.000, loss_rel=0.000
2021-10-25 06:22:44,903:INFO: - Val metrics:
correct_num: 1061.000; predict_num: 1177.000; gold_num: 1223.000; precision: 0.901; recall: 0.868; f1: 0.884
2021-10-25 06:22:50,002:WARNING: Best val f1: 0.8866666666666667
2021-10-25 06:22:53,877:INFO: - test metrics:
correct_num: 1396.000; predict_num: 1557.000; gold_num: 1607.000; precision: 0.897; recall: 0.869; f1: 0.882
2021-10-25 06:22:53,881:INFO: 

Test in TestSet:

2021-10-25 06:22:53,881:INFO: correct_num: 1396.000; predict_num: 1557.000; gold_num: 1607.000; precision: 0.897; recall: 0.869; f1: 0.882
2021-10-25 06:22:53,900:INFO: -done
