2021-10-29 21:36:39,392:INFO: 
Running with the following configs:
 >> seed : 2021
 >> ex_index : 2021-10-29_21-36-38
 >> corpus_type : WebNLG
 >> device_id : 1
 >> epoch_num : 150
 >> multi_gpu : False
 >> restore_file : None
 >> corres_threshold : 0.5
 >> rel_threshold : 0.5
 >> emb_fusion : concat
 >> ensure_cross : none
 >> ensure_rel : default
 >> ensure_corres : default
 >> use_symmetries : none
 >> sent_rels : global2
 >> sent_attn : none
 >> cross_data : 0
 >> num_negs : 4


2021-10-29 21:36:39,392:INFO: Params: 
 >> bert_model_dir: ../Bert/bert-base-cased
 >> n_gpu: 4
 >> max_seq_length: 100
 >> data_cache: False
 >> train_batch_size: 6
 >> val_batch_size: 24
 >> test_batch_size: 24
 >> seq_tag_size: 3
 >> rel_num: 216
 >> min_epoch_num: 20
 >> patience: 1e-05
 >> patience_num: 100
 >> fin_tuning_lr: 0.0001
 >> downs_en_lr: 0.001
 >> clip_grad: 2.0
 >> drop_prob: 0.3
 >> weight_decay_rate: 0.01
 >> warmup_prop: 0.1
 >> gradient_accumulation_steps: 2

2021-10-29 21:36:39,398:INFO: Model type:
2021-10-29 21:36:39,399:INFO: device: cuda
2021-10-29 21:36:39,399:INFO: Load pre-train model weights...
2021-10-29 21:36:39,399:INFO: loading configuration file ../Bert/bert-base-cased/config.json
2021-10-29 21:36:39,399:INFO: Model config BertConfig {
  "architectures": [
    "BertForMaskedLM"
  ],
  "attention_probs_dropout_prob": 0.1,
  "bos_token_id": null,
  "do_sample": false,
  "eos_token_ids": null,
  "finetuning_task": null,
  "gradient_checkpointing": false,
  "hidden_act": "gelu",
  "hidden_dropout_prob": 0.1,
  "hidden_size": 768,
  "id2label": {
    "0": "LABEL_0",
    "1": "LABEL_1"
  },
  "initializer_range": 0.02,
  "intermediate_size": 3072,
  "is_decoder": false,
  "label2id": {
    "LABEL_0": 0,
    "LABEL_1": 1
  },
  "layer_norm_eps": 1e-12,
  "length_penalty": 1.0,
  "max_length": 20,
  "max_position_embeddings": 512,
  "model_type": "bert",
  "num_attention_heads": 12,
  "num_beams": 1,
  "num_hidden_layers": 12,
  "num_labels": 2,
  "num_return_sequences": 1,
  "output_attentions": false,
  "output_hidden_states": false,
  "output_past": true,
  "pad_token_id": 0,
  "position_embedding_type": "absolute",
  "pruned_heads": {},
  "repetition_penalty": 1.0,
  "temperature": 1.0,
  "top_k": 50,
  "top_p": 1.0,
  "torchscript": false,
  "transformers_version": "4.6.0.dev0",
  "type_vocab_size": 2,
  "use_bfloat16": false,
  "use_cache": true,
  "vocab_size": 28996
}

2021-10-29 21:36:39,400:INFO: loading weights file ../Bert/bert-base-cased/pytorch_model.bin
2021-10-29 21:36:41,488:INFO: -done
2021-10-29 21:36:41,488:INFO: Starting training for 150 epoch(s)
2021-10-29 21:36:47,522:INFO: Epoch 1/150
2021-10-29 21:45:27,408:INFO: loss=0.465, loss_seq=0.284, loss_mat=0.031, loss_rel=0.149
2021-10-29 21:45:34,493:INFO: - Val metrics:
correct_num: 44.0000; predict_num: 265.0000; gold_num: 1223.0000; precision: 0.1660; recall: 0.0360; f1: 0.0591
2021-10-29 21:45:37,440:INFO: - Found new best F1
2021-10-29 21:45:37,440:INFO: Epoch 2/150
2021-10-29 21:54:17,940:INFO: loss=0.137, loss_seq=0.095, loss_mat=0.004, loss_rel=0.039
2021-10-29 21:54:25,049:INFO: - Val metrics:
correct_num: 455.0000; predict_num: 803.0000; gold_num: 1223.0000; precision: 0.5666; recall: 0.3720; f1: 0.4492
2021-10-29 21:54:44,052:INFO: - Found new best F1
2021-10-29 21:54:44,052:INFO: Epoch 3/150
2021-10-29 22:03:24,695:INFO: loss=0.073, loss_seq=0.048, loss_mat=0.002, loss_rel=0.022
2021-10-29 22:03:31,816:INFO: - Val metrics:
correct_num: 691.0000; predict_num: 944.0000; gold_num: 1223.0000; precision: 0.7320; recall: 0.5650; f1: 0.6377
2021-10-29 22:03:51,158:INFO: - Found new best F1
2021-10-29 22:03:51,158:INFO: Epoch 4/150
2021-10-29 22:12:33,058:INFO: loss=0.050, loss_seq=0.034, loss_mat=0.001, loss_rel=0.015
2021-10-29 22:12:40,199:INFO: - Val metrics:
correct_num: 770.0000; predict_num: 1014.0000; gold_num: 1223.0000; precision: 0.7594; recall: 0.6296; f1: 0.6884
2021-10-29 22:12:59,380:INFO: - Found new best F1
2021-10-29 22:12:59,380:INFO: Epoch 5/150
2021-10-29 22:21:39,765:INFO: loss=0.039, loss_seq=0.027, loss_mat=0.001, loss_rel=0.011
2021-10-29 22:21:46,903:INFO: - Val metrics:
correct_num: 874.0000; predict_num: 1163.0000; gold_num: 1223.0000; precision: 0.7515; recall: 0.7146; f1: 0.7326
2021-10-29 22:22:05,987:INFO: - Found new best F1
2021-10-29 22:22:05,987:INFO: Epoch 6/150
2021-10-29 22:30:44,567:INFO: loss=0.033, loss_seq=0.024, loss_mat=0.001, loss_rel=0.008
2021-10-29 22:30:51,773:INFO: - Val metrics:
correct_num: 857.0000; predict_num: 1160.0000; gold_num: 1223.0000; precision: 0.7388; recall: 0.7007; f1: 0.7193
2021-10-29 22:31:01,859:INFO: Epoch 7/150
2021-10-29 22:39:40,922:INFO: loss=0.031, loss_seq=0.024, loss_mat=0.001, loss_rel=0.007
2021-10-29 22:39:48,037:INFO: - Val metrics:
correct_num: 915.0000; predict_num: 1139.0000; gold_num: 1223.0000; precision: 0.8033; recall: 0.7482; f1: 0.7748
2021-10-29 22:40:07,240:INFO: - Found new best F1
2021-10-29 22:40:07,240:INFO: Epoch 8/150
2021-10-29 22:48:46,519:INFO: loss=0.024, loss_seq=0.018, loss_mat=0.001, loss_rel=0.005
2021-10-29 22:48:53,662:INFO: - Val metrics:
correct_num: 918.0000; predict_num: 1150.0000; gold_num: 1223.0000; precision: 0.7983; recall: 0.7506; f1: 0.7737
2021-10-29 22:49:03,529:INFO: Epoch 9/150
2021-10-29 22:57:42,239:INFO: loss=0.025, loss_seq=0.019, loss_mat=0.001, loss_rel=0.005
2021-10-29 22:57:49,371:INFO: - Val metrics:
correct_num: 909.0000; predict_num: 1120.0000; gold_num: 1223.0000; precision: 0.8116; recall: 0.7433; f1: 0.7759
2021-10-29 22:58:08,091:INFO: - Found new best F1
2021-10-29 22:58:08,091:INFO: Epoch 10/150
2021-10-29 23:06:45,765:INFO: loss=0.029, loss_seq=0.023, loss_mat=0.001, loss_rel=0.005
2021-10-29 23:06:52,979:INFO: - Val metrics:
correct_num: 803.0000; predict_num: 1068.0000; gold_num: 1223.0000; precision: 0.7519; recall: 0.6566; f1: 0.7010
2021-10-29 23:07:03,446:INFO: Epoch 11/150
2021-10-29 23:15:40,322:INFO: loss=0.030, loss_seq=0.024, loss_mat=0.001, loss_rel=0.005
2021-10-29 23:15:47,447:INFO: - Val metrics:
correct_num: 934.0000; predict_num: 1185.0000; gold_num: 1223.0000; precision: 0.7882; recall: 0.7637; f1: 0.7757
2021-10-29 23:15:57,473:INFO: Epoch 12/150
2021-10-29 23:24:36,082:INFO: loss=0.027, loss_seq=0.022, loss_mat=0.001, loss_rel=0.004
2021-10-29 23:24:43,216:INFO: - Val metrics:
correct_num: 872.0000; predict_num: 1040.0000; gold_num: 1223.0000; precision: 0.8385; recall: 0.7130; f1: 0.7707
2021-10-29 23:24:53,441:INFO: Epoch 13/150
2021-10-29 23:33:32,085:INFO: loss=0.027, loss_seq=0.022, loss_mat=0.001, loss_rel=0.004
2021-10-29 23:33:39,235:INFO: - Val metrics:
correct_num: 911.0000; predict_num: 1130.0000; gold_num: 1223.0000; precision: 0.8062; recall: 0.7449; f1: 0.7743
2021-10-29 23:33:49,494:INFO: Epoch 14/150
2021-10-29 23:42:27,622:INFO: loss=0.028, loss_seq=0.023, loss_mat=0.001, loss_rel=0.004
2021-10-29 23:42:34,756:INFO: - Val metrics:
correct_num: 947.0000; predict_num: 1193.0000; gold_num: 1223.0000; precision: 0.7938; recall: 0.7743; f1: 0.7839
2021-10-29 23:42:53,736:INFO: - Found new best F1
2021-10-29 23:42:53,736:INFO: Epoch 15/150
2021-10-29 23:51:29,801:INFO: loss=0.028, loss_seq=0.022, loss_mat=0.001, loss_rel=0.005
2021-10-29 23:51:36,979:INFO: - Val metrics:
correct_num: 890.0000; predict_num: 1086.0000; gold_num: 1223.0000; precision: 0.8195; recall: 0.7277; f1: 0.7709
2021-10-29 23:51:47,363:INFO: Epoch 16/150
2021-10-30 00:00:23,882:INFO: loss=0.029, loss_seq=0.023, loss_mat=0.001, loss_rel=0.005
2021-10-30 00:00:31,020:INFO: - Val metrics:
correct_num: 880.0000; predict_num: 1084.0000; gold_num: 1223.0000; precision: 0.8118; recall: 0.7195; f1: 0.7629
2021-10-30 00:00:41,142:INFO: Epoch 17/150
2021-10-30 00:09:18,844:INFO: loss=0.028, loss_seq=0.023, loss_mat=0.001, loss_rel=0.004
2021-10-30 00:09:25,963:INFO: - Val metrics:
correct_num: 868.0000; predict_num: 1138.0000; gold_num: 1223.0000; precision: 0.7627; recall: 0.7097; f1: 0.7353
2021-10-30 00:09:36,100:INFO: Epoch 18/150
2021-10-30 00:18:13,841:INFO: loss=0.026, loss_seq=0.021, loss_mat=0.001, loss_rel=0.004
2021-10-30 00:18:21,071:INFO: - Val metrics:
correct_num: 950.0000; predict_num: 1149.0000; gold_num: 1223.0000; precision: 0.8268; recall: 0.7768; f1: 0.8010
2021-10-30 00:18:39,913:INFO: - Found new best F1
2021-10-30 00:18:39,913:INFO: Epoch 19/150
2021-10-30 00:27:16,968:INFO: loss=0.023, loss_seq=0.018, loss_mat=0.001, loss_rel=0.003
2021-10-30 00:27:24,145:INFO: - Val metrics:
correct_num: 915.0000; predict_num: 1106.0000; gold_num: 1223.0000; precision: 0.8273; recall: 0.7482; f1: 0.7857
2021-10-30 00:27:34,216:INFO: Epoch 20/150
2021-10-30 00:36:10,717:INFO: loss=0.023, loss_seq=0.018, loss_mat=0.001, loss_rel=0.003
2021-10-30 00:36:17,864:INFO: - Val metrics:
correct_num: 967.0000; predict_num: 1202.0000; gold_num: 1223.0000; precision: 0.8045; recall: 0.7907; f1: 0.7975
2021-10-30 00:36:27,972:INFO: Epoch 21/150
2021-10-30 00:45:06,113:INFO: loss=0.022, loss_seq=0.017, loss_mat=0.001, loss_rel=0.003
2021-10-30 00:45:13,252:INFO: - Val metrics:
correct_num: 929.0000; predict_num: 1164.0000; gold_num: 1223.0000; precision: 0.7981; recall: 0.7596; f1: 0.7784
2021-10-30 00:45:23,226:INFO: Epoch 22/150
2021-10-30 00:54:01,050:INFO: loss=0.020, loss_seq=0.016, loss_mat=0.001, loss_rel=0.003
2021-10-30 00:54:08,204:INFO: - Val metrics:
correct_num: 950.0000; predict_num: 1163.0000; gold_num: 1223.0000; precision: 0.8169; recall: 0.7768; f1: 0.7963
2021-10-30 00:54:18,009:INFO: Epoch 23/150
2021-10-30 01:02:56,389:INFO: loss=0.024, loss_seq=0.019, loss_mat=0.001, loss_rel=0.003
2021-10-30 01:03:03,516:INFO: - Val metrics:
correct_num: 968.0000; predict_num: 1174.0000; gold_num: 1223.0000; precision: 0.8245; recall: 0.7915; f1: 0.8077
2021-10-30 01:03:22,307:INFO: - Found new best F1
2021-10-30 01:03:22,307:INFO: Epoch 24/150
2021-10-30 01:12:00,241:INFO: loss=0.017, loss_seq=0.013, loss_mat=0.001, loss_rel=0.003
2021-10-30 01:12:07,403:INFO: - Val metrics:
correct_num: 961.0000; predict_num: 1156.0000; gold_num: 1223.0000; precision: 0.8313; recall: 0.7858; f1: 0.8079
2021-10-30 01:12:27,383:INFO: - Found new best F1
2021-10-30 01:12:27,384:INFO: Epoch 25/150
2021-10-30 01:21:05,047:INFO: loss=0.023, loss_seq=0.019, loss_mat=0.001, loss_rel=0.003
2021-10-30 01:21:12,161:INFO: - Val metrics:
correct_num: 961.0000; predict_num: 1156.0000; gold_num: 1223.0000; precision: 0.8313; recall: 0.7858; f1: 0.8079
2021-10-30 01:21:22,041:INFO: Epoch 26/150
2021-10-30 01:30:01,530:INFO: loss=0.020, loss_seq=0.016, loss_mat=0.001, loss_rel=0.003
2021-10-30 01:30:08,682:INFO: - Val metrics:
correct_num: 924.0000; predict_num: 1092.0000; gold_num: 1223.0000; precision: 0.8462; recall: 0.7555; f1: 0.7983
2021-10-30 01:30:18,395:INFO: Epoch 27/150
2021-10-30 01:38:58,834:INFO: loss=0.018, loss_seq=0.015, loss_mat=0.001, loss_rel=0.003
2021-10-30 01:39:05,979:INFO: - Val metrics:
correct_num: 965.0000; predict_num: 1157.0000; gold_num: 1223.0000; precision: 0.8341; recall: 0.7890; f1: 0.8109
2021-10-30 01:39:24,690:INFO: - Found new best F1
2021-10-30 01:39:24,690:INFO: Epoch 28/150
2021-10-30 01:48:04,540:INFO: loss=0.018, loss_seq=0.015, loss_mat=0.001, loss_rel=0.003
2021-10-30 01:48:11,741:INFO: - Val metrics:
correct_num: 960.0000; predict_num: 1124.0000; gold_num: 1223.0000; precision: 0.8541; recall: 0.7850; f1: 0.8181
2021-10-30 01:48:30,827:INFO: - Found new best F1
2021-10-30 01:48:30,827:INFO: Epoch 29/150
2021-10-30 01:57:08,687:INFO: loss=0.018, loss_seq=0.014, loss_mat=0.001, loss_rel=0.003
2021-10-30 01:57:15,851:INFO: - Val metrics:
correct_num: 980.0000; predict_num: 1151.0000; gold_num: 1223.0000; precision: 0.8514; recall: 0.8013; f1: 0.8256
2021-10-30 01:57:35,005:INFO: - Found new best F1
2021-10-30 01:57:35,005:INFO: Epoch 30/150
2021-10-30 02:06:15,226:INFO: loss=0.015, loss_seq=0.012, loss_mat=0.001, loss_rel=0.002
2021-10-30 02:06:22,389:INFO: - Val metrics:
correct_num: 1005.0000; predict_num: 1233.0000; gold_num: 1223.0000; precision: 0.8151; recall: 0.8217; f1: 0.8184
2021-10-30 02:06:32,638:INFO: Epoch 31/150
2021-10-30 02:15:13,881:INFO: loss=0.019, loss_seq=0.015, loss_mat=0.001, loss_rel=0.003
2021-10-30 02:15:21,049:INFO: - Val metrics:
correct_num: 965.0000; predict_num: 1170.0000; gold_num: 1223.0000; precision: 0.8248; recall: 0.7890; f1: 0.8065
2021-10-30 02:15:30,863:INFO: Epoch 32/150
2021-10-30 02:24:12,533:INFO: loss=0.020, loss_seq=0.016, loss_mat=0.001, loss_rel=0.003
2021-10-30 02:24:19,701:INFO: - Val metrics:
correct_num: 974.0000; predict_num: 1130.0000; gold_num: 1223.0000; precision: 0.8619; recall: 0.7964; f1: 0.8279
2021-10-30 02:24:38,605:INFO: - Found new best F1
2021-10-30 02:24:38,605:INFO: Epoch 33/150
2021-10-30 02:33:19,603:INFO: loss=0.016, loss_seq=0.013, loss_mat=0.001, loss_rel=0.002
2021-10-30 02:33:26,778:INFO: - Val metrics:
correct_num: 955.0000; predict_num: 1149.0000; gold_num: 1223.0000; precision: 0.8312; recall: 0.7809; f1: 0.8052
2021-10-30 02:33:36,766:INFO: Epoch 34/150
2021-10-30 02:42:19,358:INFO: loss=0.017, loss_seq=0.013, loss_mat=0.001, loss_rel=0.003
2021-10-30 02:42:26,523:INFO: - Val metrics:
correct_num: 906.0000; predict_num: 1106.0000; gold_num: 1223.0000; precision: 0.8192; recall: 0.7408; f1: 0.7780
2021-10-30 02:42:36,968:INFO: Epoch 35/150
2021-10-30 02:51:20,050:INFO: loss=0.014, loss_seq=0.011, loss_mat=0.001, loss_rel=0.002
2021-10-30 02:51:27,235:INFO: - Val metrics:
correct_num: 1010.0000; predict_num: 1210.0000; gold_num: 1223.0000; precision: 0.8347; recall: 0.8258; f1: 0.8303
2021-10-30 02:51:45,980:INFO: - Found new best F1
2021-10-30 02:51:45,980:INFO: Epoch 36/150
2021-10-30 03:00:29,786:INFO: loss=0.016, loss_seq=0.013, loss_mat=0.001, loss_rel=0.002
2021-10-30 03:00:36,949:INFO: - Val metrics:
correct_num: 961.0000; predict_num: 1140.0000; gold_num: 1223.0000; precision: 0.8430; recall: 0.7858; f1: 0.8134
2021-10-30 03:00:46,984:INFO: Epoch 37/150
2021-10-30 03:09:31,361:INFO: loss=0.013, loss_seq=0.010, loss_mat=0.001, loss_rel=0.002
2021-10-30 03:09:38,578:INFO: - Val metrics:
correct_num: 957.0000; predict_num: 1158.0000; gold_num: 1223.0000; precision: 0.8264; recall: 0.7825; f1: 0.8039
2021-10-30 03:09:48,598:INFO: Epoch 38/150
2021-10-30 03:18:33,880:INFO: loss=0.013, loss_seq=0.010, loss_mat=0.001, loss_rel=0.002
2021-10-30 03:18:41,022:INFO: - Val metrics:
correct_num: 976.0000; predict_num: 1137.0000; gold_num: 1223.0000; precision: 0.8584; recall: 0.7980; f1: 0.8271
2021-10-30 03:18:50,911:INFO: Epoch 39/150
2021-10-30 03:27:37,417:INFO: loss=0.016, loss_seq=0.013, loss_mat=0.001, loss_rel=0.002
2021-10-30 03:27:44,584:INFO: - Val metrics:
correct_num: 984.0000; predict_num: 1151.0000; gold_num: 1223.0000; precision: 0.8549; recall: 0.8046; f1: 0.8290
2021-10-30 03:27:54,514:INFO: Epoch 40/150
2021-10-30 03:36:41,308:INFO: loss=0.015, loss_seq=0.012, loss_mat=0.001, loss_rel=0.002
2021-10-30 03:36:48,494:INFO: - Val metrics:
correct_num: 960.0000; predict_num: 1183.0000; gold_num: 1223.0000; precision: 0.8115; recall: 0.7850; f1: 0.7980
2021-10-30 03:36:58,487:INFO: Epoch 41/150
2021-10-30 03:45:45,345:INFO: loss=0.015, loss_seq=0.012, loss_mat=0.001, loss_rel=0.002
2021-10-30 03:45:52,569:INFO: - Val metrics:
correct_num: 993.0000; predict_num: 1174.0000; gold_num: 1223.0000; precision: 0.8458; recall: 0.8119; f1: 0.8285
2021-10-30 03:46:02,670:INFO: Epoch 42/150
2021-10-30 03:54:46,053:INFO: loss=0.011, loss_seq=0.008, loss_mat=0.001, loss_rel=0.002
2021-10-30 03:54:53,203:INFO: - Val metrics:
correct_num: 987.0000; predict_num: 1166.0000; gold_num: 1223.0000; precision: 0.8465; recall: 0.8070; f1: 0.8263
2021-10-30 03:55:03,479:INFO: Epoch 43/150
2021-10-30 04:03:47,790:INFO: loss=0.013, loss_seq=0.011, loss_mat=0.001, loss_rel=0.002
2021-10-30 04:03:54,934:INFO: - Val metrics:
correct_num: 998.0000; predict_num: 1179.0000; gold_num: 1223.0000; precision: 0.8465; recall: 0.8160; f1: 0.8310
2021-10-30 04:04:13,739:INFO: - Found new best F1
2021-10-30 04:04:13,739:INFO: Epoch 44/150
2021-10-30 04:12:58,798:INFO: loss=0.013, loss_seq=0.010, loss_mat=0.001, loss_rel=0.002
2021-10-30 04:13:05,928:INFO: - Val metrics:
correct_num: 953.0000; predict_num: 1145.0000; gold_num: 1223.0000; precision: 0.8323; recall: 0.7792; f1: 0.8049
2021-10-30 04:13:15,863:INFO: Epoch 45/150
2021-10-30 04:22:02,549:INFO: loss=0.012, loss_seq=0.010, loss_mat=0.001, loss_rel=0.002
2021-10-30 04:22:09,730:INFO: - Val metrics:
correct_num: 1032.0000; predict_num: 1207.0000; gold_num: 1223.0000; precision: 0.8550; recall: 0.8438; f1: 0.8494
2021-10-30 04:22:28,750:INFO: - Found new best F1
2021-10-30 04:22:28,750:INFO: Epoch 46/150
2021-10-30 04:31:14,898:INFO: loss=0.012, loss_seq=0.010, loss_mat=0.001, loss_rel=0.002
2021-10-30 04:31:22,090:INFO: - Val metrics:
correct_num: 981.0000; predict_num: 1181.0000; gold_num: 1223.0000; precision: 0.8307; recall: 0.8021; f1: 0.8161
2021-10-30 04:31:32,513:INFO: Epoch 47/150
2021-10-30 04:40:20,738:INFO: loss=0.011, loss_seq=0.009, loss_mat=0.000, loss_rel=0.001
2021-10-30 04:40:27,931:INFO: - Val metrics:
correct_num: 985.0000; predict_num: 1159.0000; gold_num: 1223.0000; precision: 0.8499; recall: 0.8054; f1: 0.8270
2021-10-30 04:40:37,852:INFO: Epoch 48/150
2021-10-30 04:49:25,593:INFO: loss=0.012, loss_seq=0.010, loss_mat=0.001, loss_rel=0.002
2021-10-30 04:49:32,767:INFO: - Val metrics:
correct_num: 985.0000; predict_num: 1181.0000; gold_num: 1223.0000; precision: 0.8340; recall: 0.8054; f1: 0.8195
2021-10-30 04:49:42,755:INFO: Epoch 49/150
2021-10-30 04:58:29,759:INFO: loss=0.010, loss_seq=0.008, loss_mat=0.000, loss_rel=0.001
2021-10-30 04:58:36,938:INFO: - Val metrics:
correct_num: 1002.0000; predict_num: 1165.0000; gold_num: 1223.0000; precision: 0.8601; recall: 0.8193; f1: 0.8392
2021-10-30 04:58:47,007:INFO: Epoch 50/150
2021-10-30 05:07:32,369:INFO: loss=0.010, loss_seq=0.008, loss_mat=0.000, loss_rel=0.001
2021-10-30 05:07:39,551:INFO: - Val metrics:
correct_num: 951.0000; predict_num: 1137.0000; gold_num: 1223.0000; precision: 0.8364; recall: 0.7776; f1: 0.8059
2021-10-30 05:07:49,596:INFO: Epoch 51/150
2021-10-30 05:16:35,252:INFO: loss=0.011, loss_seq=0.009, loss_mat=0.000, loss_rel=0.001
2021-10-30 05:16:42,428:INFO: - Val metrics:
correct_num: 1015.0000; predict_num: 1200.0000; gold_num: 1223.0000; precision: 0.8458; recall: 0.8299; f1: 0.8378
2021-10-30 05:16:52,401:INFO: Epoch 52/150
2021-10-30 05:25:38,987:INFO: loss=0.008, loss_seq=0.007, loss_mat=0.000, loss_rel=0.001
2021-10-30 05:25:46,138:INFO: - Val metrics:
correct_num: 963.0000; predict_num: 1157.0000; gold_num: 1223.0000; precision: 0.8323; recall: 0.7874; f1: 0.8092
2021-10-30 05:25:56,016:INFO: Epoch 53/150
2021-10-30 05:34:42,692:INFO: loss=0.011, loss_seq=0.009, loss_mat=0.000, loss_rel=0.002
2021-10-30 05:34:49,830:INFO: - Val metrics:
correct_num: 999.0000; predict_num: 1158.0000; gold_num: 1223.0000; precision: 0.8627; recall: 0.8168; f1: 0.8391
2021-10-30 05:34:59,786:INFO: Epoch 54/150
2021-10-30 05:43:46,604:INFO: loss=0.012, loss_seq=0.009, loss_mat=0.001, loss_rel=0.002
2021-10-30 05:43:53,792:INFO: - Val metrics:
correct_num: 1004.0000; predict_num: 1152.0000; gold_num: 1223.0000; precision: 0.8715; recall: 0.8209; f1: 0.8455
2021-10-30 05:44:03,951:INFO: Epoch 55/150
2021-10-30 05:52:49,824:INFO: loss=0.008, loss_seq=0.006, loss_mat=0.000, loss_rel=0.001
2021-10-30 05:52:56,979:INFO: - Val metrics:
correct_num: 1015.0000; predict_num: 1151.0000; gold_num: 1223.0000; precision: 0.8818; recall: 0.8299; f1: 0.8551
2021-10-30 05:53:16,133:INFO: - Found new best F1
2021-10-30 05:53:16,134:INFO: Epoch 56/150
2021-10-30 06:02:03,552:INFO: loss=0.006, loss_seq=0.005, loss_mat=0.000, loss_rel=0.001
2021-10-30 06:02:10,706:INFO: - Val metrics:
correct_num: 1022.0000; predict_num: 1170.0000; gold_num: 1223.0000; precision: 0.8735; recall: 0.8357; f1: 0.8542
2021-10-30 06:02:20,887:INFO: Epoch 57/150
2021-10-30 06:11:08,065:INFO: loss=0.012, loss_seq=0.010, loss_mat=0.000, loss_rel=0.002
2021-10-30 06:11:15,224:INFO: - Val metrics:
correct_num: 1019.0000; predict_num: 1185.0000; gold_num: 1223.0000; precision: 0.8599; recall: 0.8332; f1: 0.8463
2021-10-30 06:11:25,152:INFO: Epoch 58/150
2021-10-30 06:20:12,617:INFO: loss=0.008, loss_seq=0.007, loss_mat=0.000, loss_rel=0.001
2021-10-30 06:20:19,822:INFO: - Val metrics:
correct_num: 1009.0000; predict_num: 1174.0000; gold_num: 1223.0000; precision: 0.8595; recall: 0.8250; f1: 0.8419
2021-10-30 06:20:29,900:INFO: Epoch 59/150
2021-10-30 06:29:15,123:INFO: loss=0.007, loss_seq=0.005, loss_mat=0.000, loss_rel=0.001
2021-10-30 06:29:22,307:INFO: - Val metrics:
correct_num: 984.0000; predict_num: 1161.0000; gold_num: 1223.0000; precision: 0.8475; recall: 0.8046; f1: 0.8255
2021-10-30 06:29:32,392:INFO: Epoch 60/150
2021-10-30 06:38:17,255:INFO: loss=0.009, loss_seq=0.007, loss_mat=0.000, loss_rel=0.001
2021-10-30 06:38:24,417:INFO: - Val metrics:
correct_num: 1016.0000; predict_num: 1162.0000; gold_num: 1223.0000; precision: 0.8744; recall: 0.8307; f1: 0.8520
2021-10-30 06:38:34,309:INFO: Epoch 61/150
2021-10-30 06:47:18,818:INFO: loss=0.005, loss_seq=0.004, loss_mat=0.000, loss_rel=0.001
2021-10-30 06:47:25,994:INFO: - Val metrics:
correct_num: 994.0000; predict_num: 1166.0000; gold_num: 1223.0000; precision: 0.8525; recall: 0.8128; f1: 0.8321
2021-10-30 06:47:36,013:INFO: Epoch 62/150
2021-10-30 06:56:21,272:INFO: loss=0.010, loss_seq=0.008, loss_mat=0.000, loss_rel=0.001
2021-10-30 06:56:28,416:INFO: - Val metrics:
correct_num: 987.0000; predict_num: 1152.0000; gold_num: 1223.0000; precision: 0.8568; recall: 0.8070; f1: 0.8312
2021-10-30 06:56:38,394:INFO: Epoch 63/150
2021-10-30 07:05:22,169:INFO: loss=0.006, loss_seq=0.005, loss_mat=0.000, loss_rel=0.001
2021-10-30 07:05:29,336:INFO: - Val metrics:
correct_num: 1025.0000; predict_num: 1180.0000; gold_num: 1223.0000; precision: 0.8686; recall: 0.8381; f1: 0.8531
2021-10-30 07:05:39,377:INFO: Epoch 64/150
2021-10-30 07:14:23,696:INFO: loss=0.007, loss_seq=0.005, loss_mat=0.000, loss_rel=0.001
2021-10-30 07:14:30,846:INFO: - Val metrics:
correct_num: 1005.0000; predict_num: 1151.0000; gold_num: 1223.0000; precision: 0.8732; recall: 0.8217; f1: 0.8467
2021-10-30 07:14:40,797:INFO: Epoch 65/150
2021-10-30 07:23:22,844:INFO: loss=0.006, loss_seq=0.005, loss_mat=0.000, loss_rel=0.001
2021-10-30 07:23:29,977:INFO: - Val metrics:
correct_num: 1012.0000; predict_num: 1178.0000; gold_num: 1223.0000; precision: 0.8591; recall: 0.8275; f1: 0.8430
2021-10-30 07:23:40,035:INFO: Epoch 66/150
2021-10-30 07:32:20,810:INFO: loss=0.006, loss_seq=0.004, loss_mat=0.000, loss_rel=0.001
2021-10-30 07:32:27,942:INFO: - Val metrics:
correct_num: 1008.0000; predict_num: 1170.0000; gold_num: 1223.0000; precision: 0.8615; recall: 0.8242; f1: 0.8425
2021-10-30 07:32:38,003:INFO: Epoch 67/150
2021-10-30 07:41:18,742:INFO: loss=0.006, loss_seq=0.005, loss_mat=0.000, loss_rel=0.001
2021-10-30 07:41:25,937:INFO: - Val metrics:
correct_num: 1023.0000; predict_num: 1175.0000; gold_num: 1223.0000; precision: 0.8706; recall: 0.8365; f1: 0.8532
2021-10-30 07:41:35,925:INFO: Epoch 68/150
2021-10-30 07:50:16,916:INFO: loss=0.006, loss_seq=0.005, loss_mat=0.000, loss_rel=0.001
2021-10-30 07:50:24,054:INFO: - Val metrics:
correct_num: 1042.0000; predict_num: 1208.0000; gold_num: 1223.0000; precision: 0.8626; recall: 0.8520; f1: 0.8573
2021-10-30 07:50:43,043:INFO: - Found new best F1
2021-10-30 07:50:43,043:INFO: Epoch 69/150
2021-10-30 07:59:26,442:INFO: loss=0.005, loss_seq=0.004, loss_mat=0.000, loss_rel=0.001
2021-10-30 07:59:33,593:INFO: - Val metrics:
correct_num: 1026.0000; predict_num: 1164.0000; gold_num: 1223.0000; precision: 0.8814; recall: 0.8389; f1: 0.8597
2021-10-30 07:59:52,395:INFO: - Found new best F1
2021-10-30 07:59:52,395:INFO: Epoch 70/150
2021-10-30 08:08:36,798:INFO: loss=0.006, loss_seq=0.005, loss_mat=0.000, loss_rel=0.001
2021-10-30 08:08:43,956:INFO: - Val metrics:
correct_num: 1028.0000; predict_num: 1173.0000; gold_num: 1223.0000; precision: 0.8764; recall: 0.8406; f1: 0.8581
2021-10-30 08:08:53,868:INFO: Epoch 71/150
2021-10-30 08:17:38,495:INFO: loss=0.005, loss_seq=0.004, loss_mat=0.000, loss_rel=0.001
2021-10-30 08:17:45,698:INFO: - Val metrics:
correct_num: 1009.0000; predict_num: 1174.0000; gold_num: 1223.0000; precision: 0.8595; recall: 0.8250; f1: 0.8419
2021-10-30 08:17:55,598:INFO: Epoch 72/150
2021-10-30 08:26:38,736:INFO: loss=0.004, loss_seq=0.003, loss_mat=0.000, loss_rel=0.001
2021-10-30 08:26:45,916:INFO: - Val metrics:
correct_num: 1041.0000; predict_num: 1173.0000; gold_num: 1223.0000; precision: 0.8875; recall: 0.8512; f1: 0.8689
2021-10-30 08:27:05,073:INFO: - Found new best F1
2021-10-30 08:27:05,073:INFO: Epoch 73/150
2021-10-30 08:35:46,266:INFO: loss=0.005, loss_seq=0.004, loss_mat=0.000, loss_rel=0.001
2021-10-30 08:35:53,395:INFO: - Val metrics:
correct_num: 1009.0000; predict_num: 1188.0000; gold_num: 1223.0000; precision: 0.8493; recall: 0.8250; f1: 0.8370
2021-10-30 08:36:03,296:INFO: Epoch 74/150
2021-10-30 08:44:44,377:INFO: loss=0.005, loss_seq=0.004, loss_mat=0.000, loss_rel=0.001
2021-10-30 08:44:51,512:INFO: - Val metrics:
correct_num: 1017.0000; predict_num: 1180.0000; gold_num: 1223.0000; precision: 0.8619; recall: 0.8316; f1: 0.8464
2021-10-30 08:45:01,575:INFO: Epoch 75/150
2021-10-30 08:53:43,491:INFO: loss=0.003, loss_seq=0.002, loss_mat=0.000, loss_rel=0.001
2021-10-30 08:53:50,650:INFO: - Val metrics:
correct_num: 1038.0000; predict_num: 1177.0000; gold_num: 1223.0000; precision: 0.8819; recall: 0.8487; f1: 0.8650
2021-10-30 08:54:00,575:INFO: Epoch 76/150
2021-10-30 09:02:41,755:INFO: loss=0.005, loss_seq=0.004, loss_mat=0.000, loss_rel=0.001
2021-10-30 09:02:48,951:INFO: - Val metrics:
correct_num: 1036.0000; predict_num: 1171.0000; gold_num: 1223.0000; precision: 0.8847; recall: 0.8471; f1: 0.8655
2021-10-30 09:02:59,035:INFO: Epoch 77/150
2021-10-30 09:11:42,168:INFO: loss=0.004, loss_seq=0.003, loss_mat=0.000, loss_rel=0.001
2021-10-30 09:11:49,323:INFO: - Val metrics:
correct_num: 1028.0000; predict_num: 1176.0000; gold_num: 1223.0000; precision: 0.8741; recall: 0.8406; f1: 0.8570
2021-10-30 09:11:59,208:INFO: Epoch 78/150
2021-10-30 09:20:42,092:INFO: loss=0.004, loss_seq=0.003, loss_mat=0.000, loss_rel=0.001
2021-10-30 09:20:49,245:INFO: - Val metrics:
correct_num: 1046.0000; predict_num: 1194.0000; gold_num: 1223.0000; precision: 0.8760; recall: 0.8553; f1: 0.8655
2021-10-30 09:20:59,085:INFO: Epoch 79/150
2021-10-30 09:29:41,861:INFO: loss=0.004, loss_seq=0.003, loss_mat=0.000, loss_rel=0.001
2021-10-30 09:29:49,025:INFO: - Val metrics:
correct_num: 1035.0000; predict_num: 1176.0000; gold_num: 1223.0000; precision: 0.8801; recall: 0.8463; f1: 0.8629
2021-10-30 09:29:59,071:INFO: Epoch 80/150
2021-10-30 09:38:42,670:INFO: loss=0.004, loss_seq=0.003, loss_mat=0.000, loss_rel=0.000
2021-10-30 09:38:49,849:INFO: - Val metrics:
correct_num: 1035.0000; predict_num: 1158.0000; gold_num: 1223.0000; precision: 0.8938; recall: 0.8463; f1: 0.8694
2021-10-30 09:39:09,461:INFO: - Found new best F1
2021-10-30 09:39:09,461:INFO: Epoch 81/150
2021-10-30 09:47:54,054:INFO: loss=0.003, loss_seq=0.002, loss_mat=0.000, loss_rel=0.000
2021-10-30 09:48:01,294:INFO: - Val metrics:
correct_num: 1019.0000; predict_num: 1155.0000; gold_num: 1223.0000; precision: 0.8823; recall: 0.8332; f1: 0.8570
2021-10-30 09:48:11,349:INFO: Epoch 82/150
2021-10-30 09:56:57,345:INFO: loss=0.004, loss_seq=0.003, loss_mat=0.000, loss_rel=0.000
2021-10-30 09:57:04,502:INFO: - Val metrics:
correct_num: 1033.0000; predict_num: 1171.0000; gold_num: 1223.0000; precision: 0.8822; recall: 0.8446; f1: 0.8630
2021-10-30 09:57:14,676:INFO: Epoch 83/150
2021-10-30 10:06:00,757:INFO: loss=0.003, loss_seq=0.003, loss_mat=0.000, loss_rel=0.000
2021-10-30 10:06:07,908:INFO: - Val metrics:
correct_num: 1038.0000; predict_num: 1171.0000; gold_num: 1223.0000; precision: 0.8864; recall: 0.8487; f1: 0.8672
2021-10-30 10:06:17,812:INFO: Epoch 84/150
2021-10-30 10:15:05,108:INFO: loss=0.003, loss_seq=0.003, loss_mat=0.000, loss_rel=0.000
2021-10-30 10:15:12,322:INFO: - Val metrics:
correct_num: 1042.0000; predict_num: 1182.0000; gold_num: 1223.0000; precision: 0.8816; recall: 0.8520; f1: 0.8665
2021-10-30 10:15:22,389:INFO: Epoch 85/150
2021-10-30 10:24:08,606:INFO: loss=0.002, loss_seq=0.002, loss_mat=0.000, loss_rel=0.000
2021-10-30 10:24:15,766:INFO: - Val metrics:
correct_num: 1039.0000; predict_num: 1179.0000; gold_num: 1223.0000; precision: 0.8813; recall: 0.8496; f1: 0.8651
2021-10-30 10:24:25,852:INFO: Epoch 86/150
2021-10-30 10:33:13,019:INFO: loss=0.002, loss_seq=0.002, loss_mat=0.000, loss_rel=0.000
2021-10-30 10:33:20,183:INFO: - Val metrics:
correct_num: 1034.0000; predict_num: 1173.0000; gold_num: 1223.0000; precision: 0.8815; recall: 0.8455; f1: 0.8631
2021-10-30 10:33:30,015:INFO: Epoch 87/150
2021-10-30 10:42:17,927:INFO: loss=0.002, loss_seq=0.002, loss_mat=0.000, loss_rel=0.000
2021-10-30 10:42:25,096:INFO: - Val metrics:
correct_num: 1040.0000; predict_num: 1193.0000; gold_num: 1223.0000; precision: 0.8718; recall: 0.8504; f1: 0.8609
2021-10-30 10:42:35,137:INFO: Epoch 88/150
2021-10-30 10:51:22,750:INFO: loss=0.002, loss_seq=0.001, loss_mat=0.000, loss_rel=0.000
2021-10-30 10:51:29,945:INFO: - Val metrics:
correct_num: 1054.0000; predict_num: 1196.0000; gold_num: 1223.0000; precision: 0.8813; recall: 0.8618; f1: 0.8714
2021-10-30 10:51:49,240:INFO: - Found new best F1
2021-10-30 10:51:49,240:INFO: Epoch 89/150
2021-10-30 11:00:36,885:INFO: loss=0.002, loss_seq=0.001, loss_mat=0.000, loss_rel=0.000
2021-10-30 11:00:44,118:INFO: - Val metrics:
correct_num: 1024.0000; predict_num: 1177.0000; gold_num: 1223.0000; precision: 0.8700; recall: 0.8373; f1: 0.8533
2021-10-30 11:00:54,170:INFO: Epoch 90/150
2021-10-30 11:09:41,785:INFO: loss=0.003, loss_seq=0.002, loss_mat=0.000, loss_rel=0.000
2021-10-30 11:09:48,958:INFO: - Val metrics:
correct_num: 1032.0000; predict_num: 1186.0000; gold_num: 1223.0000; precision: 0.8702; recall: 0.8438; f1: 0.8568
2021-10-30 11:09:58,927:INFO: Epoch 91/150
2021-10-30 11:18:47,676:INFO: loss=0.002, loss_seq=0.001, loss_mat=0.000, loss_rel=0.000
2021-10-30 11:18:54,846:INFO: - Val metrics:
correct_num: 1036.0000; predict_num: 1191.0000; gold_num: 1223.0000; precision: 0.8699; recall: 0.8471; f1: 0.8583
2021-10-30 11:19:04,846:INFO: Epoch 92/150
2021-10-30 11:27:53,722:INFO: loss=0.002, loss_seq=0.001, loss_mat=0.000, loss_rel=0.000
2021-10-30 11:28:00,897:INFO: - Val metrics:
correct_num: 1047.0000; predict_num: 1187.0000; gold_num: 1223.0000; precision: 0.8821; recall: 0.8561; f1: 0.8689
2021-10-30 11:28:10,679:INFO: Epoch 93/150
2021-10-30 11:36:57,631:INFO: loss=0.001, loss_seq=0.001, loss_mat=0.000, loss_rel=0.000
2021-10-30 11:37:04,814:INFO: - Val metrics:
correct_num: 1044.0000; predict_num: 1184.0000; gold_num: 1223.0000; precision: 0.8818; recall: 0.8536; f1: 0.8675
2021-10-30 11:37:14,752:INFO: Epoch 94/150
2021-10-30 11:45:59,993:INFO: loss=0.001, loss_seq=0.001, loss_mat=0.000, loss_rel=0.000
2021-10-30 11:46:07,145:INFO: - Val metrics:
correct_num: 1032.0000; predict_num: 1172.0000; gold_num: 1223.0000; precision: 0.8805; recall: 0.8438; f1: 0.8618
2021-10-30 11:46:17,173:INFO: Epoch 95/150
2021-10-30 11:55:01,699:INFO: loss=0.002, loss_seq=0.002, loss_mat=0.000, loss_rel=0.000
2021-10-30 11:55:08,840:INFO: - Val metrics:
correct_num: 1032.0000; predict_num: 1186.0000; gold_num: 1223.0000; precision: 0.8702; recall: 0.8438; f1: 0.8568
2021-10-30 11:55:19,331:INFO: Epoch 96/150
2021-10-30 12:04:02,746:INFO: loss=0.001, loss_seq=0.001, loss_mat=0.000, loss_rel=0.000
2021-10-30 12:04:09,893:INFO: - Val metrics:
correct_num: 1041.0000; predict_num: 1184.0000; gold_num: 1223.0000; precision: 0.8792; recall: 0.8512; f1: 0.8650
2021-10-30 12:04:20,043:INFO: Epoch 97/150
2021-10-30 12:13:04,481:INFO: loss=0.001, loss_seq=0.001, loss_mat=0.000, loss_rel=0.000
2021-10-30 12:13:11,665:INFO: - Val metrics:
correct_num: 1056.0000; predict_num: 1196.0000; gold_num: 1223.0000; precision: 0.8829; recall: 0.8635; f1: 0.8731
2021-10-30 12:13:31,087:INFO: - Found new best F1
2021-10-30 12:13:31,087:INFO: Epoch 98/150
2021-10-30 12:22:15,312:INFO: loss=0.001, loss_seq=0.001, loss_mat=0.000, loss_rel=0.000
2021-10-30 12:22:22,456:INFO: - Val metrics:
correct_num: 1046.0000; predict_num: 1191.0000; gold_num: 1223.0000; precision: 0.8783; recall: 0.8553; f1: 0.8666
2021-10-30 12:22:32,972:INFO: Epoch 99/150
2021-10-30 12:31:17,657:INFO: loss=0.001, loss_seq=0.001, loss_mat=0.000, loss_rel=0.000
2021-10-30 12:31:24,808:INFO: - Val metrics:
correct_num: 1044.0000; predict_num: 1186.0000; gold_num: 1223.0000; precision: 0.8803; recall: 0.8536; f1: 0.8667
2021-10-30 12:31:34,853:INFO: Epoch 100/150
2021-10-30 12:40:17,751:INFO: loss=0.001, loss_seq=0.001, loss_mat=0.000, loss_rel=0.000
2021-10-30 12:40:24,892:INFO: - Val metrics:
correct_num: 1033.0000; predict_num: 1159.0000; gold_num: 1223.0000; precision: 0.8913; recall: 0.8446; f1: 0.8673
2021-10-30 12:40:34,853:INFO: Epoch 101/150
2021-10-30 12:49:17,184:INFO: loss=0.001, loss_seq=0.001, loss_mat=0.000, loss_rel=0.000
2021-10-30 12:49:24,367:INFO: - Val metrics:
correct_num: 1046.0000; predict_num: 1190.0000; gold_num: 1223.0000; precision: 0.8790; recall: 0.8553; f1: 0.8670
2021-10-30 12:49:34,636:INFO: Epoch 102/150
2021-10-30 12:58:15,461:INFO: loss=0.001, loss_seq=0.001, loss_mat=0.000, loss_rel=0.000
2021-10-30 12:58:22,605:INFO: - Val metrics:
correct_num: 1037.0000; predict_num: 1175.0000; gold_num: 1223.0000; precision: 0.8826; recall: 0.8479; f1: 0.8649
2021-10-30 12:58:33,099:INFO: Epoch 103/150
2021-10-30 13:07:15,185:INFO: loss=0.001, loss_seq=0.001, loss_mat=0.000, loss_rel=0.000
2021-10-30 13:07:22,317:INFO: - Val metrics:
correct_num: 1033.0000; predict_num: 1160.0000; gold_num: 1223.0000; precision: 0.8905; recall: 0.8446; f1: 0.8670
2021-10-30 13:07:32,291:INFO: Epoch 104/150
2021-10-30 13:16:15,632:INFO: loss=0.001, loss_seq=0.000, loss_mat=0.000, loss_rel=0.000
2021-10-30 13:16:22,768:INFO: - Val metrics:
correct_num: 1030.0000; predict_num: 1170.0000; gold_num: 1223.0000; precision: 0.8803; recall: 0.8422; f1: 0.8608
2021-10-30 13:16:33,354:INFO: Epoch 105/150
2021-10-30 13:25:18,083:INFO: loss=0.001, loss_seq=0.001, loss_mat=0.000, loss_rel=0.000
2021-10-30 13:25:25,318:INFO: - Val metrics:
correct_num: 1052.0000; predict_num: 1177.0000; gold_num: 1223.0000; precision: 0.8938; recall: 0.8602; f1: 0.8767
2021-10-30 13:25:44,239:INFO: - Found new best F1
2021-10-30 13:25:44,239:INFO: Epoch 106/150
2021-10-30 13:34:29,459:INFO: loss=0.001, loss_seq=0.000, loss_mat=0.000, loss_rel=0.000
2021-10-30 13:34:36,653:INFO: - Val metrics:
correct_num: 1040.0000; predict_num: 1168.0000; gold_num: 1223.0000; precision: 0.8904; recall: 0.8504; f1: 0.8699
2021-10-30 13:34:46,937:INFO: Epoch 107/150
2021-10-30 13:43:32,068:INFO: loss=0.000, loss_seq=0.000, loss_mat=0.000, loss_rel=0.000
2021-10-30 13:43:39,222:INFO: - Val metrics:
correct_num: 1050.0000; predict_num: 1181.0000; gold_num: 1223.0000; precision: 0.8891; recall: 0.8585; f1: 0.8735
2021-10-30 13:43:49,762:INFO: Epoch 108/150
2021-10-30 13:52:36,798:INFO: loss=0.001, loss_seq=0.001, loss_mat=0.000, loss_rel=0.000
2021-10-30 13:52:43,971:INFO: - Val metrics:
correct_num: 1048.0000; predict_num: 1197.0000; gold_num: 1223.0000; precision: 0.8755; recall: 0.8569; f1: 0.8661
2021-10-30 13:52:53,862:INFO: Epoch 109/150
2021-10-30 14:01:41,827:INFO: loss=0.000, loss_seq=0.000, loss_mat=0.000, loss_rel=0.000
2021-10-30 14:01:48,987:INFO: - Val metrics:
correct_num: 1038.0000; predict_num: 1161.0000; gold_num: 1223.0000; precision: 0.8941; recall: 0.8487; f1: 0.8708
2021-10-30 14:01:59,127:INFO: Epoch 110/150
2021-10-30 14:10:47,466:INFO: loss=0.000, loss_seq=0.000, loss_mat=0.000, loss_rel=0.000
2021-10-30 14:10:54,671:INFO: - Val metrics:
correct_num: 1051.0000; predict_num: 1184.0000; gold_num: 1223.0000; precision: 0.8877; recall: 0.8594; f1: 0.8733
2021-10-30 14:11:04,988:INFO: Epoch 111/150
2021-10-30 14:19:53,954:INFO: loss=0.000, loss_seq=0.000, loss_mat=0.000, loss_rel=0.000
2021-10-30 14:20:01,105:INFO: - Val metrics:
correct_num: 1053.0000; predict_num: 1177.0000; gold_num: 1223.0000; precision: 0.8946; recall: 0.8610; f1: 0.8775
2021-10-30 14:20:19,819:INFO: - Found new best F1
2021-10-30 14:20:19,819:INFO: Epoch 112/150
2021-10-30 14:29:09,396:INFO: loss=0.000, loss_seq=0.000, loss_mat=0.000, loss_rel=0.000
2021-10-30 14:29:16,566:INFO: - Val metrics:
correct_num: 1053.0000; predict_num: 1191.0000; gold_num: 1223.0000; precision: 0.8841; recall: 0.8610; f1: 0.8724
2021-10-30 14:29:26,590:INFO: Epoch 113/150
2021-10-30 14:38:16,502:INFO: loss=0.000, loss_seq=0.000, loss_mat=0.000, loss_rel=0.000
2021-10-30 14:38:23,658:INFO: - Val metrics:
correct_num: 1047.0000; predict_num: 1184.0000; gold_num: 1223.0000; precision: 0.8843; recall: 0.8561; f1: 0.8700
2021-10-30 14:38:33,854:INFO: Epoch 114/150
2021-10-30 14:47:24,968:INFO: loss=0.000, loss_seq=0.000, loss_mat=0.000, loss_rel=0.000
2021-10-30 14:47:32,163:INFO: - Val metrics:
correct_num: 1052.0000; predict_num: 1184.0000; gold_num: 1223.0000; precision: 0.8885; recall: 0.8602; f1: 0.8741
2021-10-30 14:47:42,713:INFO: Epoch 115/150
2021-10-30 14:56:31,890:INFO: loss=0.000, loss_seq=0.000, loss_mat=0.000, loss_rel=0.000
2021-10-30 14:56:39,073:INFO: - Val metrics:
correct_num: 1058.0000; predict_num: 1192.0000; gold_num: 1223.0000; precision: 0.8876; recall: 0.8651; f1: 0.8762
2021-10-30 14:56:49,083:INFO: Epoch 116/150
2021-10-30 15:05:39,056:INFO: loss=0.001, loss_seq=0.001, loss_mat=0.000, loss_rel=0.000
2021-10-30 15:05:46,232:INFO: - Val metrics:
correct_num: 1045.0000; predict_num: 1183.0000; gold_num: 1223.0000; precision: 0.8833; recall: 0.8545; f1: 0.8687
2021-10-30 15:05:55,945:INFO: Epoch 117/150
2021-10-30 15:14:46,638:INFO: loss=0.000, loss_seq=0.000, loss_mat=0.000, loss_rel=0.000
2021-10-30 15:14:53,821:INFO: - Val metrics:
correct_num: 1067.0000; predict_num: 1195.0000; gold_num: 1223.0000; precision: 0.8929; recall: 0.8724; f1: 0.8825
2021-10-30 15:15:12,826:INFO: - Found new best F1
2021-10-30 15:15:12,826:INFO: Epoch 118/150
2021-10-30 15:24:03,643:INFO: loss=0.000, loss_seq=0.000, loss_mat=0.000, loss_rel=0.000
2021-10-30 15:24:10,812:INFO: - Val metrics:
correct_num: 1048.0000; predict_num: 1175.0000; gold_num: 1223.0000; precision: 0.8919; recall: 0.8569; f1: 0.8741
2021-10-30 15:24:21,079:INFO: Epoch 119/150
2021-10-30 15:33:11,171:INFO: loss=0.000, loss_seq=0.000, loss_mat=0.000, loss_rel=0.000
2021-10-30 15:33:18,386:INFO: - Val metrics:
correct_num: 1056.0000; predict_num: 1184.0000; gold_num: 1223.0000; precision: 0.8919; recall: 0.8635; f1: 0.8774
2021-10-30 15:33:28,491:INFO: Epoch 120/150
2021-10-30 15:42:19,968:INFO: loss=0.000, loss_seq=0.000, loss_mat=0.000, loss_rel=0.000
2021-10-30 15:42:27,150:INFO: - Val metrics:
correct_num: 1058.0000; predict_num: 1189.0000; gold_num: 1223.0000; precision: 0.8898; recall: 0.8651; f1: 0.8773
2021-10-30 15:42:37,214:INFO: Epoch 121/150
2021-10-30 15:51:29,818:INFO: loss=0.000, loss_seq=0.000, loss_mat=0.000, loss_rel=0.000
2021-10-30 15:51:37,026:INFO: - Val metrics:
correct_num: 1063.0000; predict_num: 1191.0000; gold_num: 1223.0000; precision: 0.8925; recall: 0.8692; f1: 0.8807
2021-10-30 15:51:46,922:INFO: Epoch 122/150
2021-10-30 16:00:39,412:INFO: loss=0.000, loss_seq=0.000, loss_mat=0.000, loss_rel=0.000
2021-10-30 16:00:46,587:INFO: - Val metrics:
correct_num: 1055.0000; predict_num: 1182.0000; gold_num: 1223.0000; precision: 0.8926; recall: 0.8626; f1: 0.8773
2021-10-30 16:00:56,355:INFO: Epoch 123/150
2021-10-30 16:09:46,352:INFO: loss=0.000, loss_seq=0.000, loss_mat=0.000, loss_rel=0.000
2021-10-30 16:09:53,545:INFO: - Val metrics:
correct_num: 1050.0000; predict_num: 1172.0000; gold_num: 1223.0000; precision: 0.8959; recall: 0.8585; f1: 0.8768
2021-10-30 16:10:03,465:INFO: Epoch 124/150
2021-10-30 16:18:52,061:INFO: loss=0.000, loss_seq=0.000, loss_mat=0.000, loss_rel=0.000
2021-10-30 16:18:59,240:INFO: - Val metrics:
correct_num: 1047.0000; predict_num: 1171.0000; gold_num: 1223.0000; precision: 0.8941; recall: 0.8561; f1: 0.8747
2021-10-30 16:19:09,075:INFO: Epoch 125/150
2021-10-30 16:27:57,851:INFO: loss=0.000, loss_seq=0.000, loss_mat=0.000, loss_rel=0.000
2021-10-30 16:28:05,006:INFO: - Val metrics:
correct_num: 1050.0000; predict_num: 1174.0000; gold_num: 1223.0000; precision: 0.8944; recall: 0.8585; f1: 0.8761
2021-10-30 16:28:14,901:INFO: Epoch 126/150
2021-10-30 16:37:03,633:INFO: loss=0.000, loss_seq=0.000, loss_mat=0.000, loss_rel=0.000
2021-10-30 16:37:10,782:INFO: - Val metrics:
correct_num: 1051.0000; predict_num: 1175.0000; gold_num: 1223.0000; precision: 0.8945; recall: 0.8594; f1: 0.8766
2021-10-30 16:37:20,646:INFO: Epoch 127/150
2021-10-30 16:46:08,755:INFO: loss=0.000, loss_seq=0.000, loss_mat=0.000, loss_rel=0.000
2021-10-30 16:46:15,974:INFO: - Val metrics:
correct_num: 1063.0000; predict_num: 1189.0000; gold_num: 1223.0000; precision: 0.8940; recall: 0.8692; f1: 0.8814
2021-10-30 16:46:25,939:INFO: Epoch 128/150
2021-10-30 16:55:12,024:INFO: loss=0.000, loss_seq=0.000, loss_mat=0.000, loss_rel=0.000
2021-10-30 16:55:19,164:INFO: - Val metrics:
correct_num: 1056.0000; predict_num: 1185.0000; gold_num: 1223.0000; precision: 0.8911; recall: 0.8635; f1: 0.8771
2021-10-30 16:55:29,029:INFO: Epoch 129/150
2021-10-30 17:04:15,757:INFO: loss=0.000, loss_seq=0.000, loss_mat=0.000, loss_rel=0.000
2021-10-30 17:04:22,899:INFO: - Val metrics:
correct_num: 1054.0000; predict_num: 1174.0000; gold_num: 1223.0000; precision: 0.8978; recall: 0.8618; f1: 0.8794
2021-10-30 17:04:32,763:INFO: Epoch 130/150
2021-10-30 17:13:07,788:INFO: loss=0.000, loss_seq=0.000, loss_mat=0.000, loss_rel=0.000
2021-10-30 17:13:14,859:INFO: - Val metrics:
correct_num: 1056.0000; predict_num: 1182.0000; gold_num: 1223.0000; precision: 0.8934; recall: 0.8635; f1: 0.8782
2021-10-30 17:13:24,762:INFO: Epoch 131/150
2021-10-30 17:22:11,436:INFO: loss=0.000, loss_seq=0.000, loss_mat=0.000, loss_rel=0.000
2021-10-30 17:22:18,603:INFO: - Val metrics:
correct_num: 1060.0000; predict_num: 1183.0000; gold_num: 1223.0000; precision: 0.8960; recall: 0.8667; f1: 0.8811
2021-10-30 17:22:29,539:INFO: Epoch 132/150
2021-10-30 17:31:18,334:INFO: loss=0.000, loss_seq=0.000, loss_mat=0.000, loss_rel=0.000
2021-10-30 17:31:25,450:INFO: - Val metrics:
correct_num: 1062.0000; predict_num: 1185.0000; gold_num: 1223.0000; precision: 0.8962; recall: 0.8684; f1: 0.8821
2021-10-30 17:31:35,958:INFO: Epoch 133/150
2021-10-30 17:40:28,931:INFO: loss=0.000, loss_seq=0.000, loss_mat=0.000, loss_rel=0.000
2021-10-30 17:40:36,045:INFO: - Val metrics:
correct_num: 1062.0000; predict_num: 1181.0000; gold_num: 1223.0000; precision: 0.8992; recall: 0.8684; f1: 0.8835
2021-10-30 17:40:55,440:INFO: - Found new best F1
2021-10-30 17:40:55,440:INFO: Epoch 134/150
2021-10-30 17:49:47,158:INFO: loss=0.000, loss_seq=0.000, loss_mat=0.000, loss_rel=0.000
2021-10-30 17:49:54,321:INFO: - Val metrics:
correct_num: 1058.0000; predict_num: 1177.0000; gold_num: 1223.0000; precision: 0.8989; recall: 0.8651; f1: 0.8817
2021-10-30 17:50:04,790:INFO: Epoch 135/150
2021-10-30 17:58:56,844:INFO: loss=0.000, loss_seq=0.000, loss_mat=0.000, loss_rel=0.000
2021-10-30 17:59:03,953:INFO: - Val metrics:
correct_num: 1058.0000; predict_num: 1176.0000; gold_num: 1223.0000; precision: 0.8997; recall: 0.8651; f1: 0.8820
2021-10-30 17:59:14,086:INFO: Epoch 136/150
2021-10-30 18:08:00,675:INFO: loss=0.000, loss_seq=0.000, loss_mat=0.000, loss_rel=0.000
2021-10-30 18:08:07,776:INFO: - Val metrics:
correct_num: 1054.0000; predict_num: 1175.0000; gold_num: 1223.0000; precision: 0.8970; recall: 0.8618; f1: 0.8791
2021-10-30 18:08:17,912:INFO: Epoch 137/150
2021-10-30 18:17:08,862:INFO: loss=0.000, loss_seq=0.000, loss_mat=0.000, loss_rel=0.000
2021-10-30 18:17:15,958:INFO: - Val metrics:
correct_num: 1057.0000; predict_num: 1174.0000; gold_num: 1223.0000; precision: 0.9003; recall: 0.8643; f1: 0.8819
2021-10-30 18:17:26,080:INFO: Epoch 138/150
2021-10-30 18:26:14,487:INFO: loss=0.000, loss_seq=0.000, loss_mat=0.000, loss_rel=0.000
2021-10-30 18:26:21,569:INFO: - Val metrics:
correct_num: 1054.0000; predict_num: 1175.0000; gold_num: 1223.0000; precision: 0.8970; recall: 0.8618; f1: 0.8791
2021-10-30 18:26:31,718:INFO: Epoch 139/150
2021-10-30 18:35:20,472:INFO: loss=0.000, loss_seq=0.000, loss_mat=0.000, loss_rel=0.000
2021-10-30 18:35:27,600:INFO: - Val metrics:
correct_num: 1058.0000; predict_num: 1179.0000; gold_num: 1223.0000; precision: 0.8974; recall: 0.8651; f1: 0.8809
2021-10-30 18:35:38,141:INFO: Epoch 140/150
2021-10-30 18:44:18,174:INFO: loss=0.000, loss_seq=0.000, loss_mat=0.000, loss_rel=0.000
2021-10-30 18:44:25,266:INFO: - Val metrics:
correct_num: 1057.0000; predict_num: 1178.0000; gold_num: 1223.0000; precision: 0.8973; recall: 0.8643; f1: 0.8805
2021-10-30 18:44:35,534:INFO: Epoch 141/150
2021-10-30 18:53:19,592:INFO: loss=0.000, loss_seq=0.000, loss_mat=0.000, loss_rel=0.000
2021-10-30 18:53:26,691:INFO: - Val metrics:
correct_num: 1058.0000; predict_num: 1176.0000; gold_num: 1223.0000; precision: 0.8997; recall: 0.8651; f1: 0.8820
2021-10-30 18:53:37,307:INFO: Epoch 142/150
2021-10-30 19:02:16,022:INFO: loss=0.000, loss_seq=0.000, loss_mat=0.000, loss_rel=0.000
2021-10-30 19:02:23,104:INFO: - Val metrics:
correct_num: 1059.0000; predict_num: 1177.0000; gold_num: 1223.0000; precision: 0.8997; recall: 0.8659; f1: 0.8825
2021-10-30 19:02:33,513:INFO: Epoch 143/150
2021-10-30 19:11:11,685:INFO: loss=0.000, loss_seq=0.000, loss_mat=0.000, loss_rel=0.000
2021-10-30 19:11:18,757:INFO: - Val metrics:
correct_num: 1059.0000; predict_num: 1179.0000; gold_num: 1223.0000; precision: 0.8982; recall: 0.8659; f1: 0.8818
2021-10-30 19:11:28,795:INFO: Epoch 144/150
2021-10-30 19:20:05,961:INFO: loss=0.000, loss_seq=0.000, loss_mat=0.000, loss_rel=0.000
2021-10-30 19:20:13,068:INFO: - Val metrics:
correct_num: 1059.0000; predict_num: 1178.0000; gold_num: 1223.0000; precision: 0.8990; recall: 0.8659; f1: 0.8821
2021-10-30 19:20:23,039:INFO: Epoch 145/150
2021-10-30 19:28:59,934:INFO: loss=0.000, loss_seq=0.000, loss_mat=0.000, loss_rel=0.000
2021-10-30 19:29:07,014:INFO: - Val metrics:
correct_num: 1058.0000; predict_num: 1177.0000; gold_num: 1223.0000; precision: 0.8989; recall: 0.8651; f1: 0.8817
2021-10-30 19:29:17,098:INFO: Epoch 146/150
2021-10-30 19:37:55,417:INFO: loss=0.000, loss_seq=0.000, loss_mat=0.000, loss_rel=0.000
2021-10-30 19:38:02,509:INFO: - Val metrics:
correct_num: 1058.0000; predict_num: 1179.0000; gold_num: 1223.0000; precision: 0.8974; recall: 0.8651; f1: 0.8809
2021-10-30 19:38:12,410:INFO: Epoch 147/150
2021-10-30 19:46:50,470:INFO: loss=0.000, loss_seq=0.000, loss_mat=0.000, loss_rel=0.000
2021-10-30 19:46:57,552:INFO: - Val metrics:
correct_num: 1058.0000; predict_num: 1178.0000; gold_num: 1223.0000; precision: 0.8981; recall: 0.8651; f1: 0.8813
2021-10-30 19:47:07,622:INFO: Epoch 148/150
2021-10-30 19:55:45,393:INFO: loss=0.000, loss_seq=0.000, loss_mat=0.000, loss_rel=0.000
2021-10-30 19:55:52,503:INFO: - Val metrics:
correct_num: 1058.0000; predict_num: 1179.0000; gold_num: 1223.0000; precision: 0.8974; recall: 0.8651; f1: 0.8809
2021-10-30 19:56:02,579:INFO: Epoch 149/150
2021-10-30 20:04:38,274:INFO: loss=0.000, loss_seq=0.000, loss_mat=0.000, loss_rel=0.000
2021-10-30 20:04:45,404:INFO: - Val metrics:
correct_num: 1058.0000; predict_num: 1179.0000; gold_num: 1223.0000; precision: 0.8974; recall: 0.8651; f1: 0.8809
2021-10-30 20:04:55,291:INFO: Epoch 150/150
2021-10-30 20:13:32,820:INFO: loss=0.000, loss_seq=0.000, loss_mat=0.000, loss_rel=0.000
2021-10-30 20:13:39,889:INFO: - Val metrics:
correct_num: 1058.0000; predict_num: 1179.0000; gold_num: 1223.0000; precision: 0.8974; recall: 0.8651; f1: 0.8809
2021-10-30 20:13:49,950:WARNING: Best val f1: 0.8835274542429284
2021-10-30 20:13:49,950:INFO: 

Test in TestSet:

2021-10-30 20:13:59,850:INFO: - test metrics:
correct_num: 1393.0000; predict_num: 1545.0000; gold_num: 1607.0000; precision: 0.9016; recall: 0.8668; f1: 0.8839
2021-10-30 20:13:59,887:INFO: -done
2021-10-30 20:14:00,716:INFO: Restoring parameters from /home/zwj/NLPer/PRGC/model/ex2021-10-29_21-36-38/best.pth.tar
2021-10-30 20:14:01,240:INFO: 

Test in TestSet best:

2021-10-30 20:14:11,135:INFO: - test metrics:
correct_num: 1391.0000; predict_num: 1551.0000; gold_num: 1607.0000; precision: 0.8968; recall: 0.8656; f1: 0.8809
2021-10-30 20:14:11,167:INFO: -done
2021-10-30 20:14:12,134:INFO: Restoring parameters from /home/zwj/NLPer/PRGC/model/ex2021-10-29_21-36-38/last.pth.tar
2021-10-30 20:14:12,644:INFO: 

Test in TestSet last:

2021-10-30 20:14:22,561:INFO: - test metrics:
correct_num: 1393.0000; predict_num: 1545.0000; gold_num: 1607.0000; precision: 0.9016; recall: 0.8668; f1: 0.8839
2021-10-30 20:14:22,590:INFO: -done
