2021-09-30 07:38:25,128:INFO: Model type:
2021-09-30 07:38:25,129:INFO: device: cuda
2021-09-30 07:38:25,129:INFO: Load pre-train model weights...
2021-09-30 07:38:27,323:INFO: -done
2021-09-30 07:38:27,323:INFO: Starting training for 200 epoch(s)
2021-09-30 07:38:33,308:INFO: Epoch 1/200
2021-09-30 07:43:49,997:INFO: - Val metrics:
correct_num: 119.000; predict_num: 275.000; gold_num: 1113.000; precision: 0.433; recall: 0.107; f1: 0.171
2021-09-30 07:43:52,796:INFO: - Found new best F1
2021-09-30 07:43:52,796:INFO: Epoch 2/200
2021-09-30 07:49:11,920:INFO: - Val metrics:
correct_num: 632.000; predict_num: 883.000; gold_num: 1113.000; precision: 0.716; recall: 0.568; f1: 0.633
2021-09-30 07:49:30,102:INFO: - Found new best F1
2021-09-30 07:49:30,102:INFO: Epoch 3/200
2021-09-30 07:54:51,630:INFO: - Val metrics:
correct_num: 792.000; predict_num: 915.000; gold_num: 1113.000; precision: 0.866; recall: 0.712; f1: 0.781
2021-09-30 07:55:09,949:INFO: - Found new best F1
2021-09-30 07:55:09,950:INFO: Epoch 4/200
2021-09-30 08:00:28,746:INFO: - Val metrics:
correct_num: 882.000; predict_num: 1021.000; gold_num: 1113.000; precision: 0.864; recall: 0.792; f1: 0.827
2021-09-30 08:00:46,648:INFO: - Found new best F1
2021-09-30 08:00:46,648:INFO: Epoch 5/200
2021-09-30 08:06:03,972:INFO: - Val metrics:
correct_num: 951.000; predict_num: 1092.000; gold_num: 1113.000; precision: 0.871; recall: 0.854; f1: 0.863
2021-09-30 08:06:22,768:INFO: - Found new best F1
2021-09-30 08:06:22,769:INFO: Epoch 6/200
2021-09-30 08:11:43,605:INFO: - Val metrics:
correct_num: 957.000; predict_num: 1113.000; gold_num: 1113.000; precision: 0.860; recall: 0.860; f1: 0.860
2021-09-30 08:11:53,418:INFO: Epoch 7/200
2021-09-30 08:17:12,356:INFO: - Val metrics:
correct_num: 951.000; predict_num: 1076.000; gold_num: 1113.000; precision: 0.884; recall: 0.854; f1: 0.869
2021-09-30 08:17:31,320:INFO: - Found new best F1
2021-09-30 08:17:31,320:INFO: Epoch 8/200
2021-09-30 08:22:50,691:INFO: - Val metrics:
correct_num: 972.000; predict_num: 1079.000; gold_num: 1113.000; precision: 0.901; recall: 0.873; f1: 0.887
2021-09-30 08:23:10,191:INFO: - Found new best F1
2021-09-30 08:23:10,191:INFO: Epoch 9/200
2021-09-30 08:28:29,708:INFO: - Val metrics:
correct_num: 936.000; predict_num: 1014.000; gold_num: 1113.000; precision: 0.923; recall: 0.841; f1: 0.880
2021-09-30 08:28:39,727:INFO: Epoch 10/200
2021-09-30 08:33:58,305:INFO: - Val metrics:
correct_num: 971.000; predict_num: 1085.000; gold_num: 1113.000; precision: 0.895; recall: 0.872; f1: 0.884
2021-09-30 08:34:07,927:INFO: Epoch 11/200
2021-09-30 08:39:26,860:INFO: - Val metrics:
correct_num: 919.000; predict_num: 1008.000; gold_num: 1113.000; precision: 0.912; recall: 0.826; f1: 0.867
2021-09-30 08:39:36,709:INFO: Epoch 12/200
2021-09-30 08:44:56,797:INFO: - Val metrics:
correct_num: 985.000; predict_num: 1072.000; gold_num: 1113.000; precision: 0.919; recall: 0.885; f1: 0.902
2021-09-30 08:45:15,252:INFO: - Found new best F1
2021-09-30 08:45:15,252:INFO: Epoch 13/200
2021-09-30 08:50:34,829:INFO: - Val metrics:
correct_num: 958.000; predict_num: 1071.000; gold_num: 1113.000; precision: 0.894; recall: 0.861; f1: 0.877
2021-09-30 08:50:44,519:INFO: Epoch 14/200
2021-09-30 08:56:04,839:INFO: - Val metrics:
correct_num: 988.000; predict_num: 1105.000; gold_num: 1113.000; precision: 0.894; recall: 0.888; f1: 0.891
2021-09-30 08:56:15,454:INFO: Epoch 15/200
2021-09-30 09:01:34,212:INFO: - Val metrics:
correct_num: 977.000; predict_num: 1075.000; gold_num: 1113.000; precision: 0.909; recall: 0.878; f1: 0.893
2021-09-30 09:01:43,939:INFO: Epoch 16/200
2021-09-30 09:07:04,465:INFO: - Val metrics:
correct_num: 961.000; predict_num: 1033.000; gold_num: 1113.000; precision: 0.930; recall: 0.863; f1: 0.896
2021-09-30 09:07:13,963:INFO: Epoch 17/200
2021-09-30 09:12:32,990:INFO: - Val metrics:
correct_num: 924.000; predict_num: 1057.000; gold_num: 1113.000; precision: 0.874; recall: 0.830; f1: 0.852
2021-09-30 09:12:43,402:INFO: Epoch 18/200
2021-09-30 09:18:03,005:INFO: - Val metrics:
correct_num: 920.000; predict_num: 1009.000; gold_num: 1113.000; precision: 0.912; recall: 0.827; f1: 0.867
2021-09-30 09:18:12,554:INFO: Epoch 19/200
2021-09-30 09:23:30,651:INFO: - Val metrics:
correct_num: 954.000; predict_num: 1028.000; gold_num: 1113.000; precision: 0.928; recall: 0.857; f1: 0.891
2021-09-30 09:23:40,484:INFO: Epoch 20/200
2021-09-30 09:29:00,574:INFO: - Val metrics:
correct_num: 959.000; predict_num: 1067.000; gold_num: 1113.000; precision: 0.899; recall: 0.862; f1: 0.880
2021-09-30 09:29:10,515:INFO: Epoch 21/200
2021-09-30 09:34:30,915:INFO: - Val metrics:
correct_num: 932.000; predict_num: 1047.000; gold_num: 1113.000; precision: 0.890; recall: 0.837; f1: 0.863
2021-09-30 09:34:40,791:INFO: Epoch 22/200
2021-09-30 09:40:00,757:INFO: - Val metrics:
correct_num: 979.000; predict_num: 1068.000; gold_num: 1113.000; precision: 0.917; recall: 0.880; f1: 0.898
2021-09-30 09:40:10,651:INFO: Epoch 23/200
2021-09-30 09:45:31,046:INFO: - Val metrics:
correct_num: 959.000; predict_num: 1073.000; gold_num: 1113.000; precision: 0.894; recall: 0.862; f1: 0.877
2021-09-30 09:45:40,824:INFO: Epoch 24/200
2021-09-30 09:51:00,528:INFO: - Val metrics:
correct_num: 973.000; predict_num: 1090.000; gold_num: 1113.000; precision: 0.893; recall: 0.874; f1: 0.883
2021-09-30 09:51:09,963:INFO: Epoch 25/200
2021-09-30 09:56:30,127:INFO: - Val metrics:
correct_num: 962.000; predict_num: 1084.000; gold_num: 1113.000; precision: 0.887; recall: 0.864; f1: 0.876
2021-09-30 09:56:39,687:INFO: Epoch 26/200
2021-09-30 10:02:00,745:INFO: - Val metrics:
correct_num: 991.000; predict_num: 1091.000; gold_num: 1113.000; precision: 0.908; recall: 0.890; f1: 0.899
2021-09-30 10:02:10,340:INFO: Epoch 27/200
2021-09-30 10:07:30,941:INFO: - Val metrics:
correct_num: 974.000; predict_num: 1075.000; gold_num: 1113.000; precision: 0.906; recall: 0.875; f1: 0.890
2021-09-30 10:07:40,647:INFO: Epoch 28/200
2021-09-30 10:13:00,331:INFO: - Val metrics:
correct_num: 932.000; predict_num: 1027.000; gold_num: 1113.000; precision: 0.907; recall: 0.837; f1: 0.871
2021-09-30 10:13:10,100:INFO: Epoch 29/200
2021-09-30 10:18:28,239:INFO: - Val metrics:
correct_num: 981.000; predict_num: 1084.000; gold_num: 1113.000; precision: 0.905; recall: 0.881; f1: 0.893
2021-09-30 10:18:38,944:INFO: Epoch 30/200
2021-09-30 10:23:56,034:INFO: - Val metrics:
correct_num: 988.000; predict_num: 1098.000; gold_num: 1113.000; precision: 0.900; recall: 0.888; f1: 0.894
2021-09-30 10:24:05,877:INFO: Epoch 31/200
2021-09-30 10:29:26,278:INFO: - Val metrics:
correct_num: 999.000; predict_num: 1088.000; gold_num: 1113.000; precision: 0.918; recall: 0.898; f1: 0.908
2021-09-30 10:29:44,202:INFO: - Found new best F1
2021-09-30 10:29:44,202:INFO: Epoch 32/200
2021-09-30 10:35:01,113:INFO: - Val metrics:
correct_num: 966.000; predict_num: 1096.000; gold_num: 1113.000; precision: 0.881; recall: 0.868; f1: 0.875
2021-09-30 10:35:11,603:INFO: Epoch 33/200
2021-09-30 10:40:27,687:INFO: - Val metrics:
correct_num: 997.000; predict_num: 1097.000; gold_num: 1113.000; precision: 0.909; recall: 0.896; f1: 0.902
2021-09-30 10:40:37,665:INFO: Epoch 34/200
2021-09-30 10:45:53,295:INFO: - Val metrics:
correct_num: 982.000; predict_num: 1082.000; gold_num: 1113.000; precision: 0.908; recall: 0.882; f1: 0.895
2021-09-30 10:46:03,438:INFO: Epoch 35/200
2021-09-30 10:51:20,233:INFO: - Val metrics:
correct_num: 981.000; predict_num: 1116.000; gold_num: 1113.000; precision: 0.879; recall: 0.881; f1: 0.880
2021-09-30 10:51:30,173:INFO: Epoch 36/200
2021-09-30 10:56:49,602:INFO: - Val metrics:
correct_num: 995.000; predict_num: 1104.000; gold_num: 1113.000; precision: 0.901; recall: 0.894; f1: 0.898
2021-09-30 10:57:02,223:INFO: Epoch 37/200
2021-09-30 11:02:27,385:INFO: - Val metrics:
correct_num: 962.000; predict_num: 1057.000; gold_num: 1113.000; precision: 0.910; recall: 0.864; f1: 0.887
2021-09-30 11:02:40,786:INFO: Epoch 38/200
2021-09-30 11:08:05,763:INFO: - Val metrics:
correct_num: 972.000; predict_num: 1068.000; gold_num: 1113.000; precision: 0.910; recall: 0.873; f1: 0.891
2021-09-30 11:08:18,581:INFO: Epoch 39/200
2021-09-30 11:13:45,013:INFO: - Val metrics:
correct_num: 956.000; predict_num: 1036.000; gold_num: 1113.000; precision: 0.923; recall: 0.859; f1: 0.890
2021-09-30 11:13:58,218:INFO: Epoch 40/200
2021-09-30 11:19:22,811:INFO: - Val metrics:
correct_num: 988.000; predict_num: 1063.000; gold_num: 1113.000; precision: 0.929; recall: 0.888; f1: 0.908
2021-09-30 11:19:45,338:INFO: - Found new best F1
2021-09-30 11:19:45,997:INFO: Epoch 41/200
2021-09-30 11:25:13,321:INFO: - Val metrics:
correct_num: 1000.000; predict_num: 1093.000; gold_num: 1113.000; precision: 0.915; recall: 0.898; f1: 0.907
2021-09-30 11:25:25,858:INFO: Epoch 42/200
2021-09-30 11:30:55,723:INFO: - Val metrics:
correct_num: 942.000; predict_num: 1084.000; gold_num: 1113.000; precision: 0.869; recall: 0.846; f1: 0.858
2021-09-30 11:31:09,946:INFO: Epoch 43/200
2021-09-30 11:36:36,772:INFO: - Val metrics:
correct_num: 981.000; predict_num: 1100.000; gold_num: 1113.000; precision: 0.892; recall: 0.881; f1: 0.887
2021-09-30 11:36:50,096:INFO: Epoch 44/200
2021-09-30 11:42:15,828:INFO: - Val metrics:
correct_num: 1005.000; predict_num: 1115.000; gold_num: 1113.000; precision: 0.901; recall: 0.903; f1: 0.902
2021-09-30 11:42:28,381:INFO: Epoch 45/200
2021-09-30 11:47:53,464:INFO: - Val metrics:
correct_num: 966.000; predict_num: 1057.000; gold_num: 1113.000; precision: 0.914; recall: 0.868; f1: 0.890
2021-09-30 11:48:05,780:INFO: Epoch 46/200
2021-09-30 11:53:30,546:INFO: - Val metrics:
correct_num: 961.000; predict_num: 1073.000; gold_num: 1113.000; precision: 0.896; recall: 0.863; f1: 0.879
2021-09-30 11:53:43,611:INFO: Epoch 47/200
2021-09-30 11:59:08,834:INFO: - Val metrics:
correct_num: 975.000; predict_num: 1079.000; gold_num: 1113.000; precision: 0.904; recall: 0.876; f1: 0.890
2021-09-30 11:59:23,575:INFO: Epoch 48/200
2021-09-30 12:04:48,499:INFO: - Val metrics:
correct_num: 992.000; predict_num: 1109.000; gold_num: 1113.000; precision: 0.894; recall: 0.891; f1: 0.893
2021-09-30 12:05:02,374:INFO: Epoch 49/200
2021-09-30 12:10:26,650:INFO: - Val metrics:
correct_num: 983.000; predict_num: 1086.000; gold_num: 1113.000; precision: 0.905; recall: 0.883; f1: 0.894
2021-09-30 12:10:40,007:INFO: Epoch 50/200
2021-09-30 12:16:03,303:INFO: - Val metrics:
correct_num: 969.000; predict_num: 1090.000; gold_num: 1113.000; precision: 0.889; recall: 0.871; f1: 0.880
2021-09-30 12:16:16,830:INFO: Epoch 51/200
2021-09-30 12:21:41,985:INFO: - Val metrics:
correct_num: 976.000; predict_num: 1083.000; gold_num: 1113.000; precision: 0.901; recall: 0.877; f1: 0.889
2021-09-30 12:21:54,551:INFO: Epoch 52/200
2021-09-30 12:27:20,040:INFO: - Val metrics:
correct_num: 984.000; predict_num: 1090.000; gold_num: 1113.000; precision: 0.903; recall: 0.884; f1: 0.893
2021-09-30 12:27:33,214:INFO: Epoch 53/200
2021-09-30 12:32:59,413:INFO: - Val metrics:
correct_num: 947.000; predict_num: 1039.000; gold_num: 1113.000; precision: 0.911; recall: 0.851; f1: 0.880
2021-09-30 12:33:12,946:INFO: Epoch 54/200
2021-09-30 12:38:37,892:INFO: - Val metrics:
correct_num: 992.000; predict_num: 1083.000; gold_num: 1113.000; precision: 0.916; recall: 0.891; f1: 0.903
2021-09-30 12:38:50,681:INFO: Epoch 55/200
2021-09-30 12:44:14,453:INFO: - Val metrics:
correct_num: 988.000; predict_num: 1110.000; gold_num: 1113.000; precision: 0.890; recall: 0.888; f1: 0.889
2021-09-30 12:44:27,853:INFO: Epoch 56/200
2021-09-30 12:49:53,276:INFO: - Val metrics:
correct_num: 992.000; predict_num: 1093.000; gold_num: 1113.000; precision: 0.908; recall: 0.891; f1: 0.899
2021-09-30 12:50:07,267:INFO: Epoch 57/200
2021-09-30 12:55:32,870:INFO: - Val metrics:
correct_num: 986.000; predict_num: 1103.000; gold_num: 1113.000; precision: 0.894; recall: 0.886; f1: 0.890
2021-09-30 12:55:45,711:INFO: Epoch 58/200
2021-09-30 13:01:11,070:INFO: - Val metrics:
correct_num: 987.000; predict_num: 1093.000; gold_num: 1113.000; precision: 0.903; recall: 0.887; f1: 0.895
2021-09-30 13:01:24,306:INFO: Epoch 59/200
2021-09-30 13:06:49,598:INFO: - Val metrics:
correct_num: 965.000; predict_num: 1090.000; gold_num: 1113.000; precision: 0.885; recall: 0.867; f1: 0.876
2021-09-30 13:07:04,054:INFO: Epoch 60/200
2021-09-30 13:12:29,585:INFO: - Val metrics:
correct_num: 984.000; predict_num: 1105.000; gold_num: 1113.000; precision: 0.890; recall: 0.884; f1: 0.887
2021-09-30 13:12:43,885:INFO: Epoch 61/200
2021-09-30 13:18:09,115:INFO: - Val metrics:
correct_num: 983.000; predict_num: 1076.000; gold_num: 1113.000; precision: 0.914; recall: 0.883; f1: 0.898
2021-09-30 13:18:23,373:INFO: Epoch 62/200
2021-09-30 13:23:48,805:INFO: - Val metrics:
correct_num: 925.000; predict_num: 1034.000; gold_num: 1113.000; precision: 0.895; recall: 0.831; f1: 0.862
2021-09-30 13:24:02,101:INFO: Epoch 63/200
2021-09-30 13:29:27,788:INFO: - Val metrics:
correct_num: 987.000; predict_num: 1097.000; gold_num: 1113.000; precision: 0.900; recall: 0.887; f1: 0.893
2021-09-30 13:29:42,773:INFO: Epoch 64/200
2021-09-30 13:35:08,692:INFO: - Val metrics:
correct_num: 976.000; predict_num: 1082.000; gold_num: 1113.000; precision: 0.902; recall: 0.877; f1: 0.889
2021-09-30 13:35:23,970:INFO: Epoch 65/200
2021-09-30 13:40:47,866:INFO: - Val metrics:
correct_num: 992.000; predict_num: 1085.000; gold_num: 1113.000; precision: 0.914; recall: 0.891; f1: 0.903
2021-09-30 13:41:01,741:INFO: Epoch 66/200
2021-09-30 13:46:26,780:INFO: - Val metrics:
correct_num: 1003.000; predict_num: 1089.000; gold_num: 1113.000; precision: 0.921; recall: 0.901; f1: 0.911
2021-09-30 13:46:49,457:INFO: - Found new best F1
2021-09-30 13:46:49,458:INFO: Epoch 67/200
2021-09-30 13:52:13,569:INFO: - Val metrics:
correct_num: 938.000; predict_num: 1076.000; gold_num: 1113.000; precision: 0.872; recall: 0.843; f1: 0.857
2021-09-30 13:52:27,227:INFO: Epoch 68/200
2021-09-30 13:57:52,403:INFO: - Val metrics:
correct_num: 985.000; predict_num: 1081.000; gold_num: 1113.000; precision: 0.911; recall: 0.885; f1: 0.898
2021-09-30 13:58:05,353:INFO: Epoch 69/200
2021-09-30 14:03:33,426:INFO: - Val metrics:
correct_num: 993.000; predict_num: 1088.000; gold_num: 1113.000; precision: 0.913; recall: 0.892; f1: 0.902
2021-09-30 14:03:46,769:INFO: Epoch 70/200
2021-09-30 14:09:14,636:INFO: - Val metrics:
correct_num: 991.000; predict_num: 1102.000; gold_num: 1113.000; precision: 0.899; recall: 0.890; f1: 0.895
2021-09-30 14:09:27,662:INFO: Epoch 71/200
2021-09-30 14:14:52,197:INFO: - Val metrics:
correct_num: 997.000; predict_num: 1092.000; gold_num: 1113.000; precision: 0.913; recall: 0.896; f1: 0.904
2021-09-30 14:15:05,333:INFO: Epoch 72/200
2021-09-30 14:20:30,336:INFO: - Val metrics:
correct_num: 996.000; predict_num: 1101.000; gold_num: 1113.000; precision: 0.905; recall: 0.895; f1: 0.900
2021-09-30 14:20:43,286:INFO: Epoch 73/200
2021-09-30 14:26:08,608:INFO: - Val metrics:
correct_num: 996.000; predict_num: 1085.000; gold_num: 1113.000; precision: 0.918; recall: 0.895; f1: 0.906
2021-09-30 14:26:21,651:INFO: Epoch 74/200
2021-09-30 14:31:46,817:INFO: - Val metrics:
correct_num: 984.000; predict_num: 1084.000; gold_num: 1113.000; precision: 0.908; recall: 0.884; f1: 0.896
2021-09-30 14:32:00,876:INFO: Epoch 75/200
2021-09-30 14:37:26,736:INFO: - Val metrics:
correct_num: 980.000; predict_num: 1079.000; gold_num: 1113.000; precision: 0.908; recall: 0.881; f1: 0.894
2021-09-30 14:37:40,006:INFO: Epoch 76/200
2021-09-30 14:43:04,718:INFO: - Val metrics:
correct_num: 1007.000; predict_num: 1101.000; gold_num: 1113.000; precision: 0.915; recall: 0.905; f1: 0.910
2021-09-30 14:43:18,924:INFO: Epoch 77/200
2021-09-30 14:48:44,026:INFO: - Val metrics:
correct_num: 986.000; predict_num: 1082.000; gold_num: 1113.000; precision: 0.911; recall: 0.886; f1: 0.898
2021-09-30 14:48:57,674:INFO: Epoch 78/200
2021-09-30 14:54:22,519:INFO: - Val metrics:
correct_num: 991.000; predict_num: 1076.000; gold_num: 1113.000; precision: 0.921; recall: 0.890; f1: 0.905
2021-09-30 14:54:36,756:INFO: Epoch 79/200
2021-09-30 15:00:02,206:INFO: - Val metrics:
correct_num: 994.000; predict_num: 1089.000; gold_num: 1113.000; precision: 0.913; recall: 0.893; f1: 0.903
2021-09-30 15:00:16,022:INFO: Epoch 80/200
2021-09-30 15:05:41,365:INFO: - Val metrics:
correct_num: 964.000; predict_num: 1069.000; gold_num: 1113.000; precision: 0.902; recall: 0.866; f1: 0.884
2021-09-30 15:05:52,747:INFO: Epoch 81/200
2021-09-30 15:11:18,207:INFO: - Val metrics:
correct_num: 999.000; predict_num: 1098.000; gold_num: 1113.000; precision: 0.910; recall: 0.898; f1: 0.904
2021-09-30 15:11:30,394:INFO: Epoch 82/200
2021-09-30 15:16:51,011:INFO: - Val metrics:
correct_num: 998.000; predict_num: 1093.000; gold_num: 1113.000; precision: 0.913; recall: 0.897; f1: 0.905
2021-09-30 15:17:01,132:INFO: Epoch 83/200
2021-09-30 15:22:17,845:INFO: - Val metrics:
correct_num: 1012.000; predict_num: 1096.000; gold_num: 1113.000; precision: 0.923; recall: 0.909; f1: 0.916
2021-09-30 15:22:36,997:INFO: - Found new best F1
2021-09-30 15:22:36,998:INFO: Epoch 84/200
2021-09-30 15:27:52,954:INFO: - Val metrics:
correct_num: 993.000; predict_num: 1077.000; gold_num: 1113.000; precision: 0.922; recall: 0.892; f1: 0.907
2021-09-30 15:28:03,345:INFO: Epoch 85/200
2021-09-30 15:33:20,665:INFO: - Val metrics:
correct_num: 999.000; predict_num: 1076.000; gold_num: 1113.000; precision: 0.928; recall: 0.898; f1: 0.913
2021-09-30 15:33:30,588:INFO: Epoch 86/200
2021-09-30 15:38:48,237:INFO: - Val metrics:
correct_num: 992.000; predict_num: 1077.000; gold_num: 1113.000; precision: 0.921; recall: 0.891; f1: 0.906
2021-09-30 15:38:58,165:INFO: Epoch 87/200
2021-09-30 15:44:15,253:INFO: - Val metrics:
correct_num: 999.000; predict_num: 1082.000; gold_num: 1113.000; precision: 0.923; recall: 0.898; f1: 0.910
2021-09-30 15:44:25,449:INFO: Epoch 88/200
2021-09-30 15:49:40,714:INFO: - Val metrics:
correct_num: 1011.000; predict_num: 1102.000; gold_num: 1113.000; precision: 0.917; recall: 0.908; f1: 0.913
2021-09-30 15:49:51,058:INFO: Epoch 89/200
2021-09-30 15:55:07,720:INFO: - Val metrics:
correct_num: 1003.000; predict_num: 1084.000; gold_num: 1113.000; precision: 0.925; recall: 0.901; f1: 0.913
2021-09-30 15:55:17,694:INFO: Epoch 90/200
2021-09-30 16:00:32,720:INFO: - Val metrics:
correct_num: 982.000; predict_num: 1055.000; gold_num: 1113.000; precision: 0.931; recall: 0.882; f1: 0.906
2021-09-30 16:00:42,768:INFO: Epoch 91/200
2021-09-30 16:06:00,600:INFO: - Val metrics:
correct_num: 972.000; predict_num: 1062.000; gold_num: 1113.000; precision: 0.915; recall: 0.873; f1: 0.894
2021-09-30 16:06:10,618:INFO: Epoch 92/200
2021-09-30 16:11:26,884:INFO: - Val metrics:
correct_num: 1010.000; predict_num: 1094.000; gold_num: 1113.000; precision: 0.923; recall: 0.907; f1: 0.915
2021-09-30 16:11:36,994:INFO: Epoch 93/200
2021-09-30 16:16:53,353:INFO: - Val metrics:
correct_num: 1005.000; predict_num: 1094.000; gold_num: 1113.000; precision: 0.919; recall: 0.903; f1: 0.911
2021-09-30 16:17:03,493:INFO: Epoch 94/200
2021-09-30 16:22:19,708:INFO: - Val metrics:
correct_num: 1004.000; predict_num: 1096.000; gold_num: 1113.000; precision: 0.916; recall: 0.902; f1: 0.909
2021-09-30 16:22:29,797:INFO: Epoch 95/200
2021-09-30 16:27:44,884:INFO: - Val metrics:
correct_num: 1015.000; predict_num: 1112.000; gold_num: 1113.000; precision: 0.913; recall: 0.912; f1: 0.912
2021-09-30 16:27:55,534:INFO: Epoch 96/200
2021-09-30 16:33:12,581:INFO: - Val metrics:
correct_num: 1012.000; predict_num: 1102.000; gold_num: 1113.000; precision: 0.918; recall: 0.909; f1: 0.914
2021-09-30 16:33:22,450:INFO: Epoch 97/200
2021-09-30 16:38:39,550:INFO: - Val metrics:
correct_num: 1005.000; predict_num: 1098.000; gold_num: 1113.000; precision: 0.915; recall: 0.903; f1: 0.909
2021-09-30 16:38:49,625:INFO: Epoch 98/200
2021-09-30 16:44:08,743:INFO: - Val metrics:
correct_num: 1003.000; predict_num: 1079.000; gold_num: 1113.000; precision: 0.930; recall: 0.901; f1: 0.915
2021-09-30 16:44:19,171:INFO: Epoch 99/200
2021-09-30 16:49:36,452:INFO: - Val metrics:
correct_num: 1014.000; predict_num: 1110.000; gold_num: 1113.000; precision: 0.914; recall: 0.911; f1: 0.912
2021-09-30 16:49:46,420:INFO: Epoch 100/200
2021-09-30 16:54:54,669:INFO: - Val metrics:
correct_num: 1009.000; predict_num: 1088.000; gold_num: 1113.000; precision: 0.927; recall: 0.907; f1: 0.917
2021-09-30 16:55:13,518:INFO: - Found new best F1
2021-09-30 16:55:13,519:INFO: Epoch 101/200
2021-09-30 17:00:22,429:INFO: - Val metrics:
correct_num: 1016.000; predict_num: 1090.000; gold_num: 1113.000; precision: 0.932; recall: 0.913; f1: 0.922
2021-09-30 17:00:42,319:INFO: - Found new best F1
2021-09-30 17:00:42,319:INFO: Epoch 102/200
2021-09-30 17:05:50,346:INFO: - Val metrics:
correct_num: 992.000; predict_num: 1068.000; gold_num: 1113.000; precision: 0.929; recall: 0.891; f1: 0.910
2021-09-30 17:06:00,803:INFO: Epoch 103/200
2021-09-30 17:11:13,924:INFO: - Val metrics:
correct_num: 996.000; predict_num: 1073.000; gold_num: 1113.000; precision: 0.928; recall: 0.895; f1: 0.911
2021-09-30 17:11:24,217:INFO: Epoch 104/200
2021-09-30 17:16:40,928:INFO: - Val metrics:
correct_num: 1023.000; predict_num: 1107.000; gold_num: 1113.000; precision: 0.924; recall: 0.919; f1: 0.922
2021-09-30 17:16:51,548:INFO: Epoch 105/200
2021-09-30 17:22:06,707:INFO: - Val metrics:
correct_num: 1018.000; predict_num: 1102.000; gold_num: 1113.000; precision: 0.924; recall: 0.915; f1: 0.919
2021-09-30 17:22:16,687:INFO: Epoch 106/200
2021-09-30 17:27:33,828:INFO: - Val metrics:
correct_num: 1022.000; predict_num: 1106.000; gold_num: 1113.000; precision: 0.924; recall: 0.918; f1: 0.921
2021-09-30 17:27:43,870:INFO: Epoch 107/200
2021-09-30 17:33:01,156:INFO: - Val metrics:
correct_num: 1009.000; predict_num: 1092.000; gold_num: 1113.000; precision: 0.924; recall: 0.907; f1: 0.915
2021-09-30 17:33:11,396:INFO: Epoch 108/200
2021-09-30 17:38:28,873:INFO: - Val metrics:
correct_num: 1018.000; predict_num: 1098.000; gold_num: 1113.000; precision: 0.927; recall: 0.915; f1: 0.921
2021-09-30 17:38:38,996:INFO: Epoch 109/200
2021-09-30 17:43:58,027:INFO: - Val metrics:
correct_num: 1013.000; predict_num: 1096.000; gold_num: 1113.000; precision: 0.924; recall: 0.910; f1: 0.917
2021-09-30 17:44:08,292:INFO: Epoch 110/200
2021-09-30 17:49:24,954:INFO: - Val metrics:
correct_num: 1015.000; predict_num: 1095.000; gold_num: 1113.000; precision: 0.927; recall: 0.912; f1: 0.919
2021-09-30 17:49:34,689:INFO: Epoch 111/200
2021-09-30 17:54:50,648:INFO: - Val metrics:
correct_num: 1009.000; predict_num: 1094.000; gold_num: 1113.000; precision: 0.922; recall: 0.907; f1: 0.914
2021-09-30 17:55:00,522:INFO: Epoch 112/200
2021-09-30 18:00:16,427:INFO: - Val metrics:
correct_num: 1010.000; predict_num: 1086.000; gold_num: 1113.000; precision: 0.930; recall: 0.907; f1: 0.919
2021-09-30 18:00:26,757:INFO: Epoch 113/200
2021-09-30 18:05:43,547:INFO: - Val metrics:
correct_num: 1019.000; predict_num: 1104.000; gold_num: 1113.000; precision: 0.923; recall: 0.916; f1: 0.919
2021-09-30 18:05:53,946:INFO: Epoch 114/200
2021-09-30 18:11:09,883:INFO: - Val metrics:
correct_num: 1016.000; predict_num: 1088.000; gold_num: 1113.000; precision: 0.934; recall: 0.913; f1: 0.923
2021-09-30 18:11:28,990:INFO: - Found new best F1
2021-09-30 18:11:28,990:INFO: Epoch 115/200
2021-09-30 18:16:43,087:INFO: - Val metrics:
correct_num: 1015.000; predict_num: 1090.000; gold_num: 1113.000; precision: 0.931; recall: 0.912; f1: 0.921
2021-09-30 18:16:53,397:INFO: Epoch 116/200
2021-09-30 18:22:09,193:INFO: - Val metrics:
correct_num: 1014.000; predict_num: 1091.000; gold_num: 1113.000; precision: 0.929; recall: 0.911; f1: 0.920
2021-09-30 18:22:19,190:INFO: Epoch 117/200
2021-09-30 18:27:36,376:INFO: - Val metrics:
correct_num: 1004.000; predict_num: 1078.000; gold_num: 1113.000; precision: 0.931; recall: 0.902; f1: 0.916
2021-09-30 18:27:46,694:INFO: Epoch 118/200
2021-09-30 18:33:03,145:INFO: - Val metrics:
correct_num: 1016.000; predict_num: 1093.000; gold_num: 1113.000; precision: 0.930; recall: 0.913; f1: 0.921
2021-09-30 18:33:13,271:INFO: Epoch 119/200
2021-09-30 18:38:29,419:INFO: - Val metrics:
correct_num: 1018.000; predict_num: 1097.000; gold_num: 1113.000; precision: 0.928; recall: 0.915; f1: 0.921
2021-09-30 18:38:39,271:INFO: Epoch 120/200
2021-09-30 18:43:56,352:INFO: - Val metrics:
correct_num: 1009.000; predict_num: 1098.000; gold_num: 1113.000; precision: 0.919; recall: 0.907; f1: 0.913
2021-09-30 18:44:06,372:INFO: Epoch 121/200
2021-09-30 18:49:23,185:INFO: - Val metrics:
correct_num: 1020.000; predict_num: 1106.000; gold_num: 1113.000; precision: 0.922; recall: 0.916; f1: 0.919
2021-09-30 18:49:33,273:INFO: Epoch 122/200
2021-09-30 18:54:49,775:INFO: - Val metrics:
correct_num: 1019.000; predict_num: 1097.000; gold_num: 1113.000; precision: 0.929; recall: 0.916; f1: 0.922
2021-09-30 18:54:59,840:INFO: Epoch 123/200
2021-09-30 19:00:16,754:INFO: - Val metrics:
correct_num: 1024.000; predict_num: 1114.000; gold_num: 1113.000; precision: 0.919; recall: 0.920; f1: 0.920
2021-09-30 19:00:27,346:INFO: Epoch 124/200
2021-09-30 19:05:43,607:INFO: - Val metrics:
correct_num: 1018.000; predict_num: 1087.000; gold_num: 1113.000; precision: 0.937; recall: 0.915; f1: 0.925
2021-09-30 19:06:02,685:INFO: - Found new best F1
2021-09-30 19:06:02,685:INFO: Epoch 125/200
2021-09-30 19:11:18,838:INFO: - Val metrics:
correct_num: 1012.000; predict_num: 1088.000; gold_num: 1113.000; precision: 0.930; recall: 0.909; f1: 0.920
2021-09-30 19:11:28,830:INFO: Epoch 126/200
2021-09-30 19:16:44,700:INFO: - Val metrics:
correct_num: 1018.000; predict_num: 1081.000; gold_num: 1113.000; precision: 0.942; recall: 0.915; f1: 0.928
2021-09-30 19:17:03,913:INFO: - Found new best F1
2021-09-30 19:17:03,913:INFO: Epoch 127/200
2021-09-30 19:22:18,976:INFO: - Val metrics:
correct_num: 1007.000; predict_num: 1076.000; gold_num: 1113.000; precision: 0.936; recall: 0.905; f1: 0.920
2021-09-30 19:22:29,085:INFO: Epoch 128/200
2021-09-30 19:27:45,767:INFO: - Val metrics:
correct_num: 1016.000; predict_num: 1083.000; gold_num: 1113.000; precision: 0.938; recall: 0.913; f1: 0.925
2021-09-30 19:27:55,879:INFO: Epoch 129/200
2021-09-30 19:33:12,784:INFO: - Val metrics:
correct_num: 1011.000; predict_num: 1071.000; gold_num: 1113.000; precision: 0.944; recall: 0.908; f1: 0.926
2021-09-30 19:33:22,833:INFO: Epoch 130/200
2021-09-30 19:38:39,034:INFO: - Val metrics:
correct_num: 1019.000; predict_num: 1083.000; gold_num: 1113.000; precision: 0.941; recall: 0.916; f1: 0.928
2021-09-30 19:38:58,013:INFO: - Found new best F1
2021-09-30 19:38:58,013:INFO: Epoch 131/200
2021-09-30 19:44:17,139:INFO: - Val metrics:
correct_num: 1024.000; predict_num: 1099.000; gold_num: 1113.000; precision: 0.932; recall: 0.920; f1: 0.926
2021-09-30 19:44:27,166:INFO: Epoch 132/200
2021-09-30 19:49:39,691:INFO: - Val metrics:
correct_num: 1013.000; predict_num: 1075.000; gold_num: 1113.000; precision: 0.942; recall: 0.910; f1: 0.926
2021-09-30 19:49:49,629:INFO: Epoch 133/200
2021-09-30 19:54:58,327:INFO: - Val metrics:
correct_num: 1019.000; predict_num: 1081.000; gold_num: 1113.000; precision: 0.943; recall: 0.916; f1: 0.929
2021-09-30 19:55:17,547:INFO: - Found new best F1
2021-09-30 19:55:17,548:INFO: Epoch 134/200
2021-09-30 20:00:26,675:INFO: - Val metrics:
correct_num: 1012.000; predict_num: 1072.000; gold_num: 1113.000; precision: 0.944; recall: 0.909; f1: 0.926
2021-09-30 20:00:36,742:INFO: Epoch 135/200
2021-09-30 20:05:42,365:INFO: - Val metrics:
correct_num: 1018.000; predict_num: 1084.000; gold_num: 1113.000; precision: 0.939; recall: 0.915; f1: 0.927
2021-09-30 20:05:52,829:INFO: Epoch 136/200
2021-09-30 20:10:58,164:INFO: - Val metrics:
correct_num: 1012.000; predict_num: 1085.000; gold_num: 1113.000; precision: 0.933; recall: 0.909; f1: 0.921
2021-09-30 20:11:08,329:INFO: Epoch 137/200
2021-09-30 20:16:15,482:INFO: - Val metrics:
correct_num: 1022.000; predict_num: 1091.000; gold_num: 1113.000; precision: 0.937; recall: 0.918; f1: 0.927
2021-09-30 20:16:26,028:INFO: Epoch 138/200
2021-09-30 20:21:33,834:INFO: - Val metrics:
correct_num: 1016.000; predict_num: 1077.000; gold_num: 1113.000; precision: 0.943; recall: 0.913; f1: 0.928
2021-09-30 20:21:44,288:INFO: Epoch 139/200
2021-09-30 20:26:52,497:INFO: - Val metrics:
correct_num: 1024.000; predict_num: 1094.000; gold_num: 1113.000; precision: 0.936; recall: 0.920; f1: 0.928
2021-09-30 20:27:03,023:INFO: Epoch 140/200
2021-09-30 20:32:09,422:INFO: - Val metrics:
correct_num: 1020.000; predict_num: 1086.000; gold_num: 1113.000; precision: 0.939; recall: 0.916; f1: 0.928
2021-09-30 20:32:20,208:INFO: Epoch 141/200
2021-09-30 20:37:27,206:INFO: - Val metrics:
correct_num: 1025.000; predict_num: 1094.000; gold_num: 1113.000; precision: 0.937; recall: 0.921; f1: 0.929
2021-09-30 20:37:37,362:INFO: Epoch 142/200
2021-09-30 20:42:44,790:INFO: - Val metrics:
correct_num: 1024.000; predict_num: 1093.000; gold_num: 1113.000; precision: 0.937; recall: 0.920; f1: 0.928
2021-09-30 20:42:55,347:INFO: Epoch 143/200
2021-09-30 20:48:01,380:INFO: - Val metrics:
correct_num: 1021.000; predict_num: 1094.000; gold_num: 1113.000; precision: 0.933; recall: 0.917; f1: 0.925
2021-09-30 20:48:11,511:INFO: Epoch 144/200
2021-09-30 20:53:17,149:INFO: - Val metrics:
correct_num: 1022.000; predict_num: 1094.000; gold_num: 1113.000; precision: 0.934; recall: 0.918; f1: 0.926
2021-09-30 20:53:27,525:INFO: Epoch 145/200
2021-09-30 20:58:35,313:INFO: - Val metrics:
correct_num: 1022.000; predict_num: 1096.000; gold_num: 1113.000; precision: 0.932; recall: 0.918; f1: 0.925
2021-09-30 20:58:45,526:INFO: Epoch 146/200
2021-09-30 21:03:49,875:INFO: - Val metrics:
correct_num: 1026.000; predict_num: 1095.000; gold_num: 1113.000; precision: 0.937; recall: 0.922; f1: 0.929
2021-09-30 21:04:08,928:INFO: - Found new best F1
2021-09-30 21:04:08,929:INFO: Epoch 147/200
2021-09-30 21:09:16,106:INFO: - Val metrics:
correct_num: 1020.000; predict_num: 1084.000; gold_num: 1113.000; precision: 0.941; recall: 0.916; f1: 0.929
2021-09-30 21:09:26,343:INFO: Epoch 148/200
2021-09-30 21:14:33,597:INFO: - Val metrics:
correct_num: 1025.000; predict_num: 1091.000; gold_num: 1113.000; precision: 0.940; recall: 0.921; f1: 0.930
2021-09-30 21:14:52,930:INFO: - Found new best F1
2021-09-30 21:14:52,930:INFO: Epoch 149/200
2021-09-30 21:20:00,590:INFO: - Val metrics:
correct_num: 1016.000; predict_num: 1084.000; gold_num: 1113.000; precision: 0.937; recall: 0.913; f1: 0.925
2021-09-30 21:20:10,926:INFO: Epoch 150/200
2021-09-30 21:25:17,072:INFO: - Val metrics:
correct_num: 1020.000; predict_num: 1092.000; gold_num: 1113.000; precision: 0.934; recall: 0.916; f1: 0.925
2021-09-30 21:25:27,171:INFO: Epoch 151/200
2021-09-30 21:30:33,280:INFO: - Val metrics:
correct_num: 1021.000; predict_num: 1086.000; gold_num: 1113.000; precision: 0.940; recall: 0.917; f1: 0.929
2021-09-30 21:30:43,415:INFO: Epoch 152/200
2021-09-30 21:35:50,878:INFO: - Val metrics:
correct_num: 1017.000; predict_num: 1082.000; gold_num: 1113.000; precision: 0.940; recall: 0.914; f1: 0.927
2021-09-30 21:36:01,266:INFO: Epoch 153/200
2021-09-30 21:41:08,893:INFO: - Val metrics:
correct_num: 1021.000; predict_num: 1086.000; gold_num: 1113.000; precision: 0.940; recall: 0.917; f1: 0.929
2021-09-30 21:41:19,015:INFO: Epoch 154/200
2021-09-30 21:46:24,615:INFO: - Val metrics:
correct_num: 1021.000; predict_num: 1089.000; gold_num: 1113.000; precision: 0.938; recall: 0.917; f1: 0.927
2021-09-30 21:46:34,619:INFO: Epoch 155/200
2021-09-30 21:51:42,383:INFO: - Val metrics:
correct_num: 1023.000; predict_num: 1090.000; gold_num: 1113.000; precision: 0.939; recall: 0.919; f1: 0.929
2021-09-30 21:51:52,468:INFO: Epoch 156/200
2021-09-30 21:56:58,512:INFO: - Val metrics:
correct_num: 1024.000; predict_num: 1092.000; gold_num: 1113.000; precision: 0.938; recall: 0.920; f1: 0.929
2021-09-30 21:57:08,522:INFO: Epoch 157/200
2021-09-30 22:02:17,326:INFO: - Val metrics:
correct_num: 1021.000; predict_num: 1089.000; gold_num: 1113.000; precision: 0.938; recall: 0.917; f1: 0.927
2021-09-30 22:02:27,549:INFO: Epoch 158/200
2021-09-30 22:07:35,398:INFO: - Val metrics:
correct_num: 1021.000; predict_num: 1089.000; gold_num: 1113.000; precision: 0.938; recall: 0.917; f1: 0.927
2021-09-30 22:07:45,547:INFO: Epoch 159/200
2021-09-30 22:12:52,181:INFO: - Val metrics:
correct_num: 1026.000; predict_num: 1099.000; gold_num: 1113.000; precision: 0.934; recall: 0.922; f1: 0.928
2021-09-30 22:13:03,797:INFO: Epoch 160/200
2021-09-30 22:18:19,717:INFO: - Val metrics:
correct_num: 1016.000; predict_num: 1082.000; gold_num: 1113.000; precision: 0.939; recall: 0.913; f1: 0.926
2021-09-30 22:18:31,576:INFO: Epoch 161/200
2021-09-30 22:23:47,469:INFO: - Val metrics:
correct_num: 1013.000; predict_num: 1080.000; gold_num: 1113.000; precision: 0.938; recall: 0.910; f1: 0.924
2021-09-30 22:24:00,489:INFO: Epoch 162/200
2021-09-30 22:29:16,583:INFO: - Val metrics:
correct_num: 1011.000; predict_num: 1073.000; gold_num: 1113.000; precision: 0.942; recall: 0.908; f1: 0.925
2021-09-30 22:29:28,304:INFO: Epoch 163/200
2021-09-30 22:34:45,673:INFO: - Val metrics:
correct_num: 1018.000; predict_num: 1084.000; gold_num: 1113.000; precision: 0.939; recall: 0.915; f1: 0.927
2021-09-30 22:34:58,059:INFO: Epoch 164/200
2021-09-30 22:40:13,914:INFO: - Val metrics:
correct_num: 1021.000; predict_num: 1087.000; gold_num: 1113.000; precision: 0.939; recall: 0.917; f1: 0.928
2021-09-30 22:40:26,167:INFO: Epoch 165/200
2021-09-30 22:45:41,790:INFO: - Val metrics:
correct_num: 1020.000; predict_num: 1084.000; gold_num: 1113.000; precision: 0.941; recall: 0.916; f1: 0.929
2021-09-30 22:45:55,166:INFO: Epoch 166/200
2021-09-30 22:51:10,476:INFO: - Val metrics:
correct_num: 1024.000; predict_num: 1089.000; gold_num: 1113.000; precision: 0.940; recall: 0.920; f1: 0.930
2021-09-30 22:51:22,720:INFO: Epoch 167/200
2021-09-30 22:56:39,353:INFO: - Val metrics:
correct_num: 1021.000; predict_num: 1086.000; gold_num: 1113.000; precision: 0.940; recall: 0.917; f1: 0.929
2021-09-30 22:56:52,677:INFO: Epoch 168/200
2021-09-30 23:02:09,946:INFO: - Val metrics:
correct_num: 1020.000; predict_num: 1084.000; gold_num: 1113.000; precision: 0.941; recall: 0.916; f1: 0.929
2021-09-30 23:02:22,220:INFO: Epoch 169/200
2021-09-30 23:07:37,732:INFO: - Val metrics:
correct_num: 1023.000; predict_num: 1087.000; gold_num: 1113.000; precision: 0.941; recall: 0.919; f1: 0.930
2021-09-30 23:07:51,027:INFO: Epoch 170/200
2021-09-30 23:13:07,597:INFO: - Val metrics:
correct_num: 1026.000; predict_num: 1086.000; gold_num: 1113.000; precision: 0.945; recall: 0.922; f1: 0.933
2021-09-30 23:13:30,271:INFO: - Found new best F1
2021-09-30 23:13:30,271:INFO: Epoch 171/200
2021-09-30 23:18:46,356:INFO: - Val metrics:
correct_num: 1024.000; predict_num: 1086.000; gold_num: 1113.000; precision: 0.943; recall: 0.920; f1: 0.931
2021-09-30 23:18:59,478:INFO: Epoch 172/200
2021-09-30 23:24:14,309:INFO: - Val metrics:
correct_num: 1021.000; predict_num: 1084.000; gold_num: 1113.000; precision: 0.942; recall: 0.917; f1: 0.929
2021-09-30 23:24:26,637:INFO: Epoch 173/200
2021-09-30 23:29:41,971:INFO: - Val metrics:
correct_num: 1025.000; predict_num: 1085.000; gold_num: 1113.000; precision: 0.945; recall: 0.921; f1: 0.933
2021-09-30 23:29:55,312:INFO: Epoch 174/200
2021-09-30 23:35:10,998:INFO: - Val metrics:
correct_num: 1023.000; predict_num: 1084.000; gold_num: 1113.000; precision: 0.944; recall: 0.919; f1: 0.931
2021-09-30 23:35:23,852:INFO: Epoch 175/200
2021-09-30 23:40:40,859:INFO: - Val metrics:
correct_num: 1023.000; predict_num: 1084.000; gold_num: 1113.000; precision: 0.944; recall: 0.919; f1: 0.931
2021-09-30 23:40:52,690:INFO: Epoch 176/200
2021-09-30 23:46:09,687:INFO: - Val metrics:
correct_num: 1019.000; predict_num: 1080.000; gold_num: 1113.000; precision: 0.944; recall: 0.916; f1: 0.929
2021-09-30 23:46:21,670:INFO: Epoch 177/200
2021-09-30 23:51:37,410:INFO: - Val metrics:
correct_num: 1020.000; predict_num: 1081.000; gold_num: 1113.000; precision: 0.944; recall: 0.916; f1: 0.930
2021-09-30 23:51:49,961:INFO: Epoch 178/200
2021-09-30 23:57:05,880:INFO: - Val metrics:
correct_num: 1024.000; predict_num: 1084.000; gold_num: 1113.000; precision: 0.945; recall: 0.920; f1: 0.932
2021-09-30 23:57:18,222:INFO: Epoch 179/200
2021-10-01 00:02:33,361:INFO: - Val metrics:
correct_num: 1023.000; predict_num: 1083.000; gold_num: 1113.000; precision: 0.945; recall: 0.919; f1: 0.932
2021-10-01 00:02:45,778:INFO: Epoch 180/200
2021-10-01 00:08:00,587:INFO: - Val metrics:
correct_num: 1023.000; predict_num: 1086.000; gold_num: 1113.000; precision: 0.942; recall: 0.919; f1: 0.930
2021-10-01 00:08:13,929:INFO: Epoch 181/200
2021-10-01 00:13:29,141:INFO: - Val metrics:
correct_num: 1024.000; predict_num: 1086.000; gold_num: 1113.000; precision: 0.943; recall: 0.920; f1: 0.931
2021-10-01 00:13:41,112:INFO: Epoch 182/200
2021-10-01 00:18:57,461:INFO: - Val metrics:
correct_num: 1025.000; predict_num: 1086.000; gold_num: 1113.000; precision: 0.944; recall: 0.921; f1: 0.932
2021-10-01 00:19:10,349:INFO: Epoch 183/200
2021-10-01 00:24:28,077:INFO: - Val metrics:
correct_num: 1025.000; predict_num: 1087.000; gold_num: 1113.000; precision: 0.943; recall: 0.921; f1: 0.932
2021-10-01 00:24:40,346:INFO: Epoch 184/200
2021-10-01 00:29:56,361:INFO: - Val metrics:
correct_num: 1024.000; predict_num: 1086.000; gold_num: 1113.000; precision: 0.943; recall: 0.920; f1: 0.931
2021-10-01 00:30:08,722:INFO: Epoch 185/200
2021-10-01 00:35:24,633:INFO: - Val metrics:
correct_num: 1024.000; predict_num: 1086.000; gold_num: 1113.000; precision: 0.943; recall: 0.920; f1: 0.931
2021-10-01 00:35:36,960:INFO: Epoch 186/200
2021-10-01 00:40:53,185:INFO: - Val metrics:
correct_num: 1023.000; predict_num: 1084.000; gold_num: 1113.000; precision: 0.944; recall: 0.919; f1: 0.931
2021-10-01 00:41:05,097:INFO: Epoch 187/200
2021-10-01 00:46:21,764:INFO: - Val metrics:
correct_num: 1023.000; predict_num: 1084.000; gold_num: 1113.000; precision: 0.944; recall: 0.919; f1: 0.931
2021-10-01 00:46:34,087:INFO: Epoch 188/200
2021-10-01 00:51:49,875:INFO: - Val metrics:
correct_num: 1023.000; predict_num: 1083.000; gold_num: 1113.000; precision: 0.945; recall: 0.919; f1: 0.932
2021-10-01 00:52:03,207:INFO: Epoch 189/200
2021-10-01 00:57:19,217:INFO: - Val metrics:
correct_num: 1025.000; predict_num: 1085.000; gold_num: 1113.000; precision: 0.945; recall: 0.921; f1: 0.933
2021-10-01 00:57:31,751:INFO: Epoch 190/200
2021-10-01 01:02:47,367:INFO: - Val metrics:
correct_num: 1025.000; predict_num: 1086.000; gold_num: 1113.000; precision: 0.944; recall: 0.921; f1: 0.932
2021-10-01 01:03:00,621:INFO: Epoch 191/200
2021-10-01 01:08:17,071:INFO: - Val metrics:
correct_num: 1025.000; predict_num: 1086.000; gold_num: 1113.000; precision: 0.944; recall: 0.921; f1: 0.932
2021-10-01 01:08:29,779:INFO: Epoch 192/200
2021-10-01 01:13:45,261:INFO: - Val metrics:
correct_num: 1025.000; predict_num: 1085.000; gold_num: 1113.000; precision: 0.945; recall: 0.921; f1: 0.933
2021-10-01 01:13:58,496:INFO: Epoch 193/200
2021-10-01 01:19:14,813:INFO: - Val metrics:
correct_num: 1025.000; predict_num: 1085.000; gold_num: 1113.000; precision: 0.945; recall: 0.921; f1: 0.933
2021-10-01 01:19:28,309:INFO: Epoch 194/200
2021-10-01 01:24:44,186:INFO: - Val metrics:
correct_num: 1025.000; predict_num: 1085.000; gold_num: 1113.000; precision: 0.945; recall: 0.921; f1: 0.933
2021-10-01 01:24:56,927:INFO: Epoch 195/200
2021-10-01 01:30:13,408:INFO: - Val metrics:
correct_num: 1025.000; predict_num: 1085.000; gold_num: 1113.000; precision: 0.945; recall: 0.921; f1: 0.933
2021-10-01 01:30:26,491:INFO: Epoch 196/200
2021-10-01 01:35:42,569:INFO: - Val metrics:
correct_num: 1025.000; predict_num: 1085.000; gold_num: 1113.000; precision: 0.945; recall: 0.921; f1: 0.933
2021-10-01 01:35:55,088:INFO: Epoch 197/200
2021-10-01 01:41:11,096:INFO: - Val metrics:
correct_num: 1025.000; predict_num: 1085.000; gold_num: 1113.000; precision: 0.945; recall: 0.921; f1: 0.933
2021-10-01 01:41:23,720:INFO: Epoch 198/200
2021-10-01 01:46:39,514:INFO: - Val metrics:
correct_num: 1025.000; predict_num: 1085.000; gold_num: 1113.000; precision: 0.945; recall: 0.921; f1: 0.933
2021-10-01 01:46:53,699:INFO: Epoch 199/200
2021-10-01 01:52:10,302:INFO: - Val metrics:
correct_num: 1025.000; predict_num: 1085.000; gold_num: 1113.000; precision: 0.945; recall: 0.921; f1: 0.933
2021-10-01 01:52:23,022:INFO: Epoch 200/200
2021-10-01 01:57:38,011:INFO: - Val metrics:
correct_num: 1025.000; predict_num: 1085.000; gold_num: 1113.000; precision: 0.945; recall: 0.921; f1: 0.933
2021-10-01 01:57:51,540:INFO: Best val f1: 00.93

Loading the model...
Path: /home/zwj/NLPer/PRGC-main/model/ex2021-09-30_07:38:23/last.pth.tar
- done.
Loading the dataset...
=*==*==*==*==*==*==*==*==*==*=
Loading test data...
InputExamples: 703
703 test data loaded!

correct_num: 1438.000; predict_num: 1548.000; gold_num: 1581.000; precision: 0.929; recall: 0.910; f1: 0.919
-done