2021-10-04 22:44:12,766:INFO: 
Running with the following configs:
 >> seed : 2020
 >> ex_index : 2021-10-04_22-44-09
 >> corpus_type : WebNLG-star
 >> device_id : 2
 >> epoch_num : 150
 >> multi_gpu : False
 >> restore_file : None
 >> corres_threshold : 0.5
 >> rel_threshold : 0.5
 >> emb_fusion : concat
 >> ensure_cross : avg
 >> ensure_rel : hgat_relemb_astoken
 >> ensure_corres : default
 >> num_negs : 4


2021-10-04 22:44:12,771:INFO: Model type:
2021-10-04 22:44:12,771:INFO: device: cuda
2021-10-04 22:44:12,771:INFO: Load pre-train model weights...
2021-10-04 22:44:15,164:INFO: -done
2021-10-04 22:44:15,164:INFO: Starting training for 150 epoch(s)
2021-10-04 22:44:20,086:INFO: Epoch 1/150
2021-10-04 22:49:33,641:INFO: loss=0.344, loss_seq=0.167, loss_mat=0.043, loss_rel=0.134
2021-10-04 22:49:37,431:INFO: - Val metrics:
correct_num: 135.000; predict_num: 266.000; gold_num: 1113.000; precision: 0.508; recall: 0.121; f1: 0.196
2021-10-04 22:49:40,045:INFO: - Found new best F1
2021-10-04 22:49:40,045:INFO: Epoch 2/150
2021-10-04 22:55:01,115:INFO: loss=0.079, loss_seq=0.046, loss_mat=0.006, loss_rel=0.027
2021-10-04 22:55:04,926:INFO: - Val metrics:
correct_num: 528.000; predict_num: 676.000; gold_num: 1113.000; precision: 0.781; recall: 0.474; f1: 0.590
2021-10-04 22:55:23,482:INFO: - Found new best F1
2021-10-04 22:55:23,482:INFO: Epoch 3/150
2021-10-04 23:00:35,831:INFO: loss=0.040, loss_seq=0.022, loss_mat=0.004, loss_rel=0.015
2021-10-04 23:00:39,615:INFO: - Val metrics:
correct_num: 641.000; predict_num: 764.000; gold_num: 1113.000; precision: 0.839; recall: 0.576; f1: 0.683
2021-10-04 23:00:59,379:INFO: - Found new best F1
2021-10-04 23:00:59,379:INFO: Epoch 4/150
2021-10-04 23:06:12,974:INFO: loss=0.028, loss_seq=0.015, loss_mat=0.003, loss_rel=0.010
2021-10-04 23:06:16,779:INFO: - Val metrics:
correct_num: 744.000; predict_num: 868.000; gold_num: 1113.000; precision: 0.857; recall: 0.668; f1: 0.751
2021-10-04 23:06:35,168:INFO: - Found new best F1
2021-10-04 23:06:35,168:INFO: Epoch 5/150
2021-10-04 23:11:48,498:INFO: loss=0.022, loss_seq=0.012, loss_mat=0.003, loss_rel=0.007
2021-10-04 23:11:52,269:INFO: - Val metrics:
correct_num: 754.000; predict_num: 872.000; gold_num: 1113.000; precision: 0.865; recall: 0.677; f1: 0.760
2021-10-04 23:12:10,413:INFO: - Found new best F1
2021-10-04 23:12:10,414:INFO: Epoch 6/150
2021-10-04 23:17:22,977:INFO: loss=0.021, loss_seq=0.012, loss_mat=0.003, loss_rel=0.006
2021-10-04 23:17:26,771:INFO: - Val metrics:
correct_num: 640.000; predict_num: 730.000; gold_num: 1113.000; precision: 0.877; recall: 0.575; f1: 0.695
2021-10-04 23:17:36,392:INFO: Epoch 7/150
2021-10-04 23:22:49,160:INFO: loss=0.021, loss_seq=0.012, loss_mat=0.003, loss_rel=0.005
2021-10-04 23:22:52,960:INFO: - Val metrics:
correct_num: 689.000; predict_num: 764.000; gold_num: 1113.000; precision: 0.902; recall: 0.619; f1: 0.734
2021-10-04 23:23:02,519:INFO: Epoch 8/150
2021-10-04 23:28:15,499:INFO: loss=0.018, loss_seq=0.011, loss_mat=0.003, loss_rel=0.005
2021-10-04 23:28:19,279:INFO: - Val metrics:
correct_num: 743.000; predict_num: 825.000; gold_num: 1113.000; precision: 0.901; recall: 0.668; f1: 0.767
2021-10-04 23:28:38,639:INFO: - Found new best F1
2021-10-04 23:28:38,639:INFO: Epoch 9/150
2021-10-04 23:33:51,215:INFO: loss=0.020, loss_seq=0.012, loss_mat=0.003, loss_rel=0.005
2021-10-04 23:33:54,999:INFO: - Val metrics:
correct_num: 712.000; predict_num: 824.000; gold_num: 1113.000; precision: 0.864; recall: 0.640; f1: 0.735
2021-10-04 23:34:04,451:INFO: Epoch 10/150
2021-10-04 23:39:16,728:INFO: loss=0.021, loss_seq=0.013, loss_mat=0.003, loss_rel=0.005
2021-10-04 23:39:20,515:INFO: - Val metrics:
correct_num: 701.000; predict_num: 782.000; gold_num: 1113.000; precision: 0.896; recall: 0.630; f1: 0.740
2021-10-04 23:39:30,308:INFO: Epoch 11/150
2021-10-04 23:44:42,275:INFO: loss=0.019, loss_seq=0.012, loss_mat=0.003, loss_rel=0.005
2021-10-04 23:44:46,059:INFO: - Val metrics:
correct_num: 695.000; predict_num: 793.000; gold_num: 1113.000; precision: 0.876; recall: 0.624; f1: 0.729
2021-10-04 23:44:56,384:INFO: Epoch 12/150
2021-10-04 23:50:07,933:INFO: loss=0.022, loss_seq=0.014, loss_mat=0.003, loss_rel=0.005
2021-10-04 23:50:11,719:INFO: - Val metrics:
correct_num: 712.000; predict_num: 790.000; gold_num: 1113.000; precision: 0.901; recall: 0.640; f1: 0.748
2021-10-04 23:50:21,921:INFO: Epoch 13/150
2021-10-04 23:55:35,359:INFO: loss=0.021, loss_seq=0.013, loss_mat=0.003, loss_rel=0.005
2021-10-04 23:55:39,134:INFO: - Val metrics:
correct_num: 669.000; predict_num: 793.000; gold_num: 1113.000; precision: 0.844; recall: 0.601; f1: 0.702
2021-10-04 23:55:49,097:INFO: Epoch 14/150
2021-10-05 00:01:01,319:INFO: loss=0.041, loss_seq=0.028, loss_mat=0.004, loss_rel=0.009
2021-10-05 00:01:05,099:INFO: - Val metrics:
correct_num: 671.000; predict_num: 796.000; gold_num: 1113.000; precision: 0.843; recall: 0.603; f1: 0.703
2021-10-05 00:01:15,300:INFO: Epoch 15/150
2021-10-05 00:06:26,039:INFO: loss=0.024, loss_seq=0.015, loss_mat=0.003, loss_rel=0.006
2021-10-05 00:06:29,814:INFO: - Val metrics:
correct_num: 693.000; predict_num: 791.000; gold_num: 1113.000; precision: 0.876; recall: 0.623; f1: 0.728
2021-10-05 00:06:39,837:INFO: Epoch 16/150
2021-10-05 00:11:51,916:INFO: loss=0.025, loss_seq=0.016, loss_mat=0.003, loss_rel=0.005
2021-10-05 00:11:55,688:INFO: - Val metrics:
correct_num: 681.000; predict_num: 782.000; gold_num: 1113.000; precision: 0.871; recall: 0.612; f1: 0.719
2021-10-05 00:12:05,000:INFO: Epoch 17/150
2021-10-05 00:17:17,453:INFO: loss=0.025, loss_seq=0.016, loss_mat=0.003, loss_rel=0.006
2021-10-05 00:17:21,224:INFO: - Val metrics:
correct_num: 636.000; predict_num: 722.000; gold_num: 1113.000; precision: 0.881; recall: 0.571; f1: 0.693
2021-10-05 00:17:31,317:INFO: Epoch 18/150
2021-10-05 00:22:45,011:INFO: loss=0.024, loss_seq=0.016, loss_mat=0.003, loss_rel=0.005
2021-10-05 00:22:48,786:INFO: - Val metrics:
correct_num: 695.000; predict_num: 771.000; gold_num: 1113.000; precision: 0.901; recall: 0.624; f1: 0.738
2021-10-05 00:22:58,861:INFO: Epoch 19/150
2021-10-05 00:28:13,914:INFO: loss=0.021, loss_seq=0.013, loss_mat=0.003, loss_rel=0.004
2021-10-05 00:28:17,689:INFO: - Val metrics:
correct_num: 699.000; predict_num: 782.000; gold_num: 1113.000; precision: 0.894; recall: 0.628; f1: 0.738
2021-10-05 00:28:27,336:INFO: Epoch 20/150
2021-10-05 00:33:41,774:INFO: loss=0.022, loss_seq=0.014, loss_mat=0.003, loss_rel=0.005
2021-10-05 00:33:45,559:INFO: - Val metrics:
correct_num: 693.000; predict_num: 786.000; gold_num: 1113.000; precision: 0.882; recall: 0.623; f1: 0.730
2021-10-05 00:33:55,797:INFO: Epoch 21/150
2021-10-05 00:39:09,897:INFO: loss=0.022, loss_seq=0.014, loss_mat=0.003, loss_rel=0.005
2021-10-05 00:39:13,676:INFO: - Val metrics:
correct_num: 723.000; predict_num: 845.000; gold_num: 1113.000; precision: 0.856; recall: 0.650; f1: 0.739
2021-10-05 00:39:23,550:INFO: Epoch 22/150
2021-10-05 00:44:38,225:INFO: loss=0.022, loss_seq=0.015, loss_mat=0.003, loss_rel=0.004
2021-10-05 00:44:42,021:INFO: - Val metrics:
correct_num: 769.000; predict_num: 854.000; gold_num: 1113.000; precision: 0.900; recall: 0.691; f1: 0.782
2021-10-05 00:44:59,896:INFO: - Found new best F1
2021-10-05 00:44:59,897:INFO: Epoch 23/150
2021-10-05 00:50:15,439:INFO: loss=0.023, loss_seq=0.015, loss_mat=0.003, loss_rel=0.005
2021-10-05 00:50:19,217:INFO: - Val metrics:
correct_num: 710.000; predict_num: 798.000; gold_num: 1113.000; precision: 0.890; recall: 0.638; f1: 0.743
2021-10-05 00:50:28,680:INFO: Epoch 24/150
2021-10-05 00:55:43,381:INFO: loss=0.025, loss_seq=0.016, loss_mat=0.003, loss_rel=0.005
2021-10-05 00:55:47,160:INFO: - Val metrics:
correct_num: 682.000; predict_num: 755.000; gold_num: 1113.000; precision: 0.903; recall: 0.613; f1: 0.730
2021-10-05 00:55:56,752:INFO: Epoch 25/150
2021-10-05 01:01:11,725:INFO: loss=0.022, loss_seq=0.014, loss_mat=0.003, loss_rel=0.005
2021-10-05 01:01:15,582:INFO: - Val metrics:
correct_num: 758.000; predict_num: 846.000; gold_num: 1113.000; precision: 0.896; recall: 0.681; f1: 0.774
2021-10-05 01:01:25,338:INFO: Epoch 26/150
2021-10-05 01:06:38,904:INFO: loss=0.017, loss_seq=0.010, loss_mat=0.003, loss_rel=0.004
2021-10-05 01:06:42,677:INFO: - Val metrics:
correct_num: 732.000; predict_num: 800.000; gold_num: 1113.000; precision: 0.915; recall: 0.658; f1: 0.765
2021-10-05 01:06:52,611:INFO: Epoch 27/150
2021-10-05 01:12:06,759:INFO: loss=0.019, loss_seq=0.012, loss_mat=0.003, loss_rel=0.004
2021-10-05 01:12:10,525:INFO: - Val metrics:
correct_num: 718.000; predict_num: 785.000; gold_num: 1113.000; precision: 0.915; recall: 0.645; f1: 0.757
2021-10-05 01:12:20,365:INFO: Epoch 28/150
2021-10-05 01:17:35,728:INFO: loss=0.019, loss_seq=0.012, loss_mat=0.003, loss_rel=0.004
2021-10-05 01:17:39,558:INFO: - Val metrics:
correct_num: 749.000; predict_num: 841.000; gold_num: 1113.000; precision: 0.891; recall: 0.673; f1: 0.767
2021-10-05 01:17:49,466:INFO: Epoch 29/150
2021-10-05 01:23:04,378:INFO: loss=0.018, loss_seq=0.012, loss_mat=0.003, loss_rel=0.004
2021-10-05 01:23:08,155:INFO: - Val metrics:
correct_num: 721.000; predict_num: 784.000; gold_num: 1113.000; precision: 0.920; recall: 0.648; f1: 0.760
2021-10-05 01:23:17,465:INFO: Epoch 30/150
2021-10-05 01:28:32,976:INFO: loss=0.017, loss_seq=0.011, loss_mat=0.003, loss_rel=0.004
2021-10-05 01:28:36,764:INFO: - Val metrics:
correct_num: 736.000; predict_num: 816.000; gold_num: 1113.000; precision: 0.902; recall: 0.661; f1: 0.763
2021-10-05 01:28:45,835:INFO: Epoch 31/150
2021-10-05 01:34:01,582:INFO: loss=0.020, loss_seq=0.013, loss_mat=0.003, loss_rel=0.004
2021-10-05 01:34:05,354:INFO: - Val metrics:
correct_num: 730.000; predict_num: 829.000; gold_num: 1113.000; precision: 0.881; recall: 0.656; f1: 0.752
2021-10-05 01:34:14,731:INFO: Epoch 32/150
2021-10-05 01:39:29,598:INFO: loss=0.016, loss_seq=0.010, loss_mat=0.003, loss_rel=0.003
2021-10-05 01:39:33,366:INFO: - Val metrics:
correct_num: 719.000; predict_num: 791.000; gold_num: 1113.000; precision: 0.909; recall: 0.646; f1: 0.755
2021-10-05 01:39:42,558:INFO: Epoch 33/150
2021-10-05 01:44:56,506:INFO: loss=0.018, loss_seq=0.011, loss_mat=0.003, loss_rel=0.004
2021-10-05 01:45:00,285:INFO: - Val metrics:
correct_num: 729.000; predict_num: 825.000; gold_num: 1113.000; precision: 0.884; recall: 0.655; f1: 0.752
2021-10-05 01:45:09,619:INFO: Epoch 34/150
2021-10-05 01:50:25,457:INFO: loss=0.022, loss_seq=0.014, loss_mat=0.003, loss_rel=0.005
2021-10-05 01:50:29,235:INFO: - Val metrics:
correct_num: 695.000; predict_num: 785.000; gold_num: 1113.000; precision: 0.885; recall: 0.624; f1: 0.732
2021-10-05 01:50:38,658:INFO: Epoch 35/150
2021-10-05 01:55:53,849:INFO: loss=0.017, loss_seq=0.010, loss_mat=0.003, loss_rel=0.004
2021-10-05 01:55:57,633:INFO: - Val metrics:
correct_num: 683.000; predict_num: 772.000; gold_num: 1113.000; precision: 0.885; recall: 0.614; f1: 0.725
2021-10-05 01:56:07,069:INFO: Epoch 36/150
2021-10-05 02:01:21,178:INFO: loss=0.016, loss_seq=0.010, loss_mat=0.003, loss_rel=0.003
2021-10-05 02:01:24,982:INFO: - Val metrics:
correct_num: 742.000; predict_num: 814.000; gold_num: 1113.000; precision: 0.912; recall: 0.667; f1: 0.770
2021-10-05 02:01:34,507:INFO: Epoch 37/150
2021-10-05 02:06:50,458:INFO: loss=0.016, loss_seq=0.010, loss_mat=0.003, loss_rel=0.003
2021-10-05 02:06:54,256:INFO: - Val metrics:
correct_num: 714.000; predict_num: 822.000; gold_num: 1113.000; precision: 0.869; recall: 0.642; f1: 0.738
2021-10-05 02:07:03,624:INFO: Epoch 38/150
2021-10-05 02:12:18,052:INFO: loss=0.020, loss_seq=0.013, loss_mat=0.003, loss_rel=0.005
2021-10-05 02:12:21,833:INFO: - Val metrics:
correct_num: 704.000; predict_num: 784.000; gold_num: 1113.000; precision: 0.898; recall: 0.633; f1: 0.742
2021-10-05 02:12:31,908:INFO: Epoch 39/150
2021-10-05 02:17:45,912:INFO: loss=0.016, loss_seq=0.010, loss_mat=0.003, loss_rel=0.003
2021-10-05 02:17:49,699:INFO: - Val metrics:
correct_num: 680.000; predict_num: 761.000; gold_num: 1113.000; precision: 0.894; recall: 0.611; f1: 0.726
2021-10-05 02:17:58,759:INFO: Epoch 40/150
2021-10-05 02:23:13,963:INFO: loss=0.017, loss_seq=0.011, loss_mat=0.003, loss_rel=0.003
2021-10-05 02:23:17,764:INFO: - Val metrics:
correct_num: 720.000; predict_num: 790.000; gold_num: 1113.000; precision: 0.911; recall: 0.647; f1: 0.757
2021-10-05 02:23:27,132:INFO: Epoch 41/150
2021-10-05 02:28:42,605:INFO: loss=0.014, loss_seq=0.008, loss_mat=0.003, loss_rel=0.003
2021-10-05 02:28:46,381:INFO: - Val metrics:
correct_num: 694.000; predict_num: 775.000; gold_num: 1113.000; precision: 0.895; recall: 0.624; f1: 0.735
2021-10-05 02:28:55,855:INFO: Epoch 42/150
2021-10-05 02:34:10,935:INFO: loss=0.016, loss_seq=0.010, loss_mat=0.003, loss_rel=0.003
2021-10-05 02:34:14,719:INFO: - Val metrics:
correct_num: 727.000; predict_num: 797.000; gold_num: 1113.000; precision: 0.912; recall: 0.653; f1: 0.761
2021-10-05 02:34:24,180:INFO: Epoch 43/150
2021-10-05 02:39:39,306:INFO: loss=0.014, loss_seq=0.009, loss_mat=0.003, loss_rel=0.003
2021-10-05 02:39:43,084:INFO: - Val metrics:
correct_num: 723.000; predict_num: 802.000; gold_num: 1113.000; precision: 0.901; recall: 0.650; f1: 0.755
2021-10-05 02:39:52,392:INFO: Epoch 44/150
2021-10-05 02:45:06,914:INFO: loss=0.015, loss_seq=0.009, loss_mat=0.003, loss_rel=0.003
2021-10-05 02:45:10,689:INFO: - Val metrics:
correct_num: 694.000; predict_num: 784.000; gold_num: 1113.000; precision: 0.885; recall: 0.624; f1: 0.732
2021-10-05 02:45:20,117:INFO: Epoch 45/150
2021-10-05 02:50:35,564:INFO: loss=0.016, loss_seq=0.010, loss_mat=0.003, loss_rel=0.003
2021-10-05 02:50:39,350:INFO: - Val metrics:
correct_num: 748.000; predict_num: 836.000; gold_num: 1113.000; precision: 0.895; recall: 0.672; f1: 0.768
2021-10-05 02:50:48,868:INFO: Epoch 46/150
2021-10-05 02:56:03,681:INFO: loss=0.013, loss_seq=0.008, loss_mat=0.003, loss_rel=0.003
2021-10-05 02:56:07,453:INFO: - Val metrics:
correct_num: 754.000; predict_num: 827.000; gold_num: 1113.000; precision: 0.912; recall: 0.677; f1: 0.777
2021-10-05 02:56:17,259:INFO: Epoch 47/150
2021-10-05 03:01:30,721:INFO: loss=0.012, loss_seq=0.007, loss_mat=0.003, loss_rel=0.002
2021-10-05 03:01:34,492:INFO: - Val metrics:
correct_num: 750.000; predict_num: 835.000; gold_num: 1113.000; precision: 0.898; recall: 0.674; f1: 0.770
2021-10-05 03:01:44,375:INFO: Epoch 48/150
2021-10-05 03:07:01,983:INFO: loss=0.011, loss_seq=0.006, loss_mat=0.003, loss_rel=0.002
2021-10-05 03:07:05,830:INFO: - Val metrics:
correct_num: 754.000; predict_num: 847.000; gold_num: 1113.000; precision: 0.890; recall: 0.677; f1: 0.769
2021-10-05 03:07:15,405:INFO: Epoch 49/150
2021-10-05 03:12:30,531:INFO: loss=0.017, loss_seq=0.011, loss_mat=0.003, loss_rel=0.003
2021-10-05 03:12:34,300:INFO: - Val metrics:
correct_num: 705.000; predict_num: 800.000; gold_num: 1113.000; precision: 0.881; recall: 0.633; f1: 0.737
2021-10-05 03:12:43,798:INFO: Epoch 50/150
2021-10-05 03:17:57,917:INFO: loss=0.011, loss_seq=0.006, loss_mat=0.003, loss_rel=0.002
2021-10-05 03:18:01,684:INFO: - Val metrics:
correct_num: 718.000; predict_num: 797.000; gold_num: 1113.000; precision: 0.901; recall: 0.645; f1: 0.752
2021-10-05 03:18:11,022:INFO: Epoch 51/150
2021-10-05 03:23:26,022:INFO: loss=0.012, loss_seq=0.007, loss_mat=0.003, loss_rel=0.002
2021-10-05 03:23:29,814:INFO: - Val metrics:
correct_num: 706.000; predict_num: 774.000; gold_num: 1113.000; precision: 0.912; recall: 0.634; f1: 0.748
2021-10-05 03:23:39,163:INFO: Epoch 52/150
2021-10-05 03:28:54,495:INFO: loss=0.011, loss_seq=0.007, loss_mat=0.003, loss_rel=0.002
2021-10-05 03:28:58,275:INFO: - Val metrics:
correct_num: 752.000; predict_num: 820.000; gold_num: 1113.000; precision: 0.917; recall: 0.676; f1: 0.778
2021-10-05 03:29:07,363:INFO: Epoch 53/150
2021-10-05 03:34:21,501:INFO: loss=0.011, loss_seq=0.006, loss_mat=0.003, loss_rel=0.002
2021-10-05 03:34:25,294:INFO: - Val metrics:
correct_num: 714.000; predict_num: 790.000; gold_num: 1113.000; precision: 0.904; recall: 0.642; f1: 0.750
2021-10-05 03:34:34,553:INFO: Epoch 54/150
2021-10-05 03:39:51,647:INFO: loss=0.013, loss_seq=0.008, loss_mat=0.003, loss_rel=0.002
2021-10-05 03:39:55,430:INFO: - Val metrics:
correct_num: 751.000; predict_num: 808.000; gold_num: 1113.000; precision: 0.929; recall: 0.675; f1: 0.782
2021-10-05 03:40:04,653:INFO: Epoch 55/150
2021-10-05 03:45:20,533:INFO: loss=0.010, loss_seq=0.005, loss_mat=0.003, loss_rel=0.002
2021-10-05 03:45:24,315:INFO: - Val metrics:
correct_num: 731.000; predict_num: 797.000; gold_num: 1113.000; precision: 0.917; recall: 0.657; f1: 0.765
2021-10-05 03:45:33,794:INFO: Epoch 56/150
2021-10-05 03:50:47,144:INFO: loss=0.010, loss_seq=0.006, loss_mat=0.003, loss_rel=0.002
2021-10-05 03:50:50,900:INFO: - Val metrics:
correct_num: 759.000; predict_num: 820.000; gold_num: 1113.000; precision: 0.926; recall: 0.682; f1: 0.785
2021-10-05 03:51:08,244:INFO: - Found new best F1
2021-10-05 03:51:08,244:INFO: Epoch 57/150
2021-10-05 03:56:21,298:INFO: loss=0.011, loss_seq=0.006, loss_mat=0.003, loss_rel=0.002
2021-10-05 03:56:25,042:INFO: - Val metrics:
correct_num: 747.000; predict_num: 816.000; gold_num: 1113.000; precision: 0.915; recall: 0.671; f1: 0.774
2021-10-05 03:56:34,425:INFO: Epoch 58/150
2021-10-05 04:01:47,926:INFO: loss=0.011, loss_seq=0.007, loss_mat=0.003, loss_rel=0.002
2021-10-05 04:01:51,668:INFO: - Val metrics:
correct_num: 780.000; predict_num: 861.000; gold_num: 1113.000; precision: 0.906; recall: 0.701; f1: 0.790
2021-10-05 04:02:09,250:INFO: - Found new best F1
2021-10-05 04:02:09,250:INFO: Epoch 59/150
2021-10-05 04:07:19,227:INFO: loss=0.010, loss_seq=0.006, loss_mat=0.003, loss_rel=0.002
2021-10-05 04:07:22,962:INFO: - Val metrics:
correct_num: 715.000; predict_num: 790.000; gold_num: 1113.000; precision: 0.905; recall: 0.642; f1: 0.751
2021-10-05 04:07:32,166:INFO: Epoch 60/150
2021-10-05 04:12:42,038:INFO: loss=0.012, loss_seq=0.008, loss_mat=0.003, loss_rel=0.002
2021-10-05 04:12:45,771:INFO: - Val metrics:
correct_num: 757.000; predict_num: 820.000; gold_num: 1113.000; precision: 0.923; recall: 0.680; f1: 0.783
2021-10-05 04:12:55,059:INFO: Epoch 61/150
2021-10-05 04:18:05,166:INFO: loss=0.010, loss_seq=0.006, loss_mat=0.003, loss_rel=0.002
2021-10-05 04:18:08,910:INFO: - Val metrics:
correct_num: 713.000; predict_num: 781.000; gold_num: 1113.000; precision: 0.913; recall: 0.641; f1: 0.753
2021-10-05 04:18:18,322:INFO: Epoch 62/150
2021-10-05 04:23:30,986:INFO: loss=0.009, loss_seq=0.005, loss_mat=0.002, loss_rel=0.001
2021-10-05 04:23:34,716:INFO: - Val metrics:
correct_num: 751.000; predict_num: 821.000; gold_num: 1113.000; precision: 0.915; recall: 0.675; f1: 0.777
2021-10-05 04:23:44,853:INFO: Epoch 63/150
2021-10-05 04:28:55,130:INFO: loss=0.009, loss_seq=0.005, loss_mat=0.003, loss_rel=0.002
2021-10-05 04:28:58,862:INFO: - Val metrics:
correct_num: 687.000; predict_num: 749.000; gold_num: 1113.000; precision: 0.917; recall: 0.617; f1: 0.738
2021-10-05 04:29:08,245:INFO: Epoch 64/150
2021-10-05 04:34:24,769:INFO: loss=0.010, loss_seq=0.006, loss_mat=0.002, loss_rel=0.001
2021-10-05 04:34:28,497:INFO: - Val metrics:
correct_num: 751.000; predict_num: 808.000; gold_num: 1113.000; precision: 0.929; recall: 0.675; f1: 0.782
2021-10-05 04:34:37,927:INFO: Epoch 65/150
2021-10-05 04:39:48,854:INFO: loss=0.008, loss_seq=0.005, loss_mat=0.002, loss_rel=0.001
2021-10-05 04:39:52,588:INFO: - Val metrics:
correct_num: 756.000; predict_num: 843.000; gold_num: 1113.000; precision: 0.897; recall: 0.679; f1: 0.773
2021-10-05 04:40:01,816:INFO: Epoch 66/150
2021-10-05 04:45:13,310:INFO: loss=0.008, loss_seq=0.004, loss_mat=0.002, loss_rel=0.001
2021-10-05 04:45:17,038:INFO: - Val metrics:
correct_num: 726.000; predict_num: 786.000; gold_num: 1113.000; precision: 0.924; recall: 0.652; f1: 0.765
2021-10-05 04:45:26,435:INFO: Epoch 67/150
2021-10-05 04:50:36,285:INFO: loss=0.008, loss_seq=0.004, loss_mat=0.002, loss_rel=0.001
2021-10-05 04:50:40,014:INFO: - Val metrics:
correct_num: 712.000; predict_num: 784.000; gold_num: 1113.000; precision: 0.908; recall: 0.640; f1: 0.751
2021-10-05 04:50:49,375:INFO: Epoch 68/150
2021-10-05 04:55:59,202:INFO: loss=0.008, loss_seq=0.005, loss_mat=0.002, loss_rel=0.001
2021-10-05 04:56:02,931:INFO: - Val metrics:
correct_num: 715.000; predict_num: 777.000; gold_num: 1113.000; precision: 0.920; recall: 0.642; f1: 0.757
2021-10-05 04:56:12,249:INFO: Epoch 69/150
2021-10-05 05:01:25,943:INFO: loss=0.009, loss_seq=0.005, loss_mat=0.002, loss_rel=0.001
2021-10-05 05:01:29,666:INFO: - Val metrics:
correct_num: 698.000; predict_num: 755.000; gold_num: 1113.000; precision: 0.925; recall: 0.627; f1: 0.747
2021-10-05 05:01:39,039:INFO: Epoch 70/150
2021-10-05 05:06:48,306:INFO: loss=0.007, loss_seq=0.004, loss_mat=0.002, loss_rel=0.001
2021-10-05 05:06:52,031:INFO: - Val metrics:
correct_num: 707.000; predict_num: 766.000; gold_num: 1113.000; precision: 0.923; recall: 0.635; f1: 0.753
2021-10-05 05:07:01,194:INFO: Epoch 71/150
2021-10-05 05:12:10,437:INFO: loss=0.007, loss_seq=0.003, loss_mat=0.002, loss_rel=0.001
2021-10-05 05:12:14,164:INFO: - Val metrics:
correct_num: 749.000; predict_num: 814.000; gold_num: 1113.000; precision: 0.920; recall: 0.673; f1: 0.777
2021-10-05 05:12:23,532:INFO: Epoch 72/150
2021-10-05 05:17:33,075:INFO: loss=0.007, loss_seq=0.004, loss_mat=0.002, loss_rel=0.001
2021-10-05 05:17:36,806:INFO: - Val metrics:
correct_num: 717.000; predict_num: 784.000; gold_num: 1113.000; precision: 0.915; recall: 0.644; f1: 0.756
2021-10-05 05:17:46,249:INFO: Epoch 73/150
2021-10-05 05:22:57,539:INFO: loss=0.008, loss_seq=0.005, loss_mat=0.002, loss_rel=0.001
2021-10-05 05:23:01,269:INFO: - Val metrics:
correct_num: 741.000; predict_num: 813.000; gold_num: 1113.000; precision: 0.911; recall: 0.666; f1: 0.769
2021-10-05 05:23:10,961:INFO: Epoch 74/150
2021-10-05 05:28:22,499:INFO: loss=0.007, loss_seq=0.004, loss_mat=0.002, loss_rel=0.001
2021-10-05 05:28:26,237:INFO: - Val metrics:
correct_num: 763.000; predict_num: 828.000; gold_num: 1113.000; precision: 0.921; recall: 0.686; f1: 0.786
2021-10-05 05:28:35,627:INFO: Epoch 75/150
2021-10-05 05:33:45,764:INFO: loss=0.006, loss_seq=0.003, loss_mat=0.002, loss_rel=0.001
2021-10-05 05:33:49,493:INFO: - Val metrics:
correct_num: 768.000; predict_num: 846.000; gold_num: 1113.000; precision: 0.908; recall: 0.690; f1: 0.784
2021-10-05 05:33:58,839:INFO: Epoch 76/150
2021-10-05 05:39:10,902:INFO: loss=0.007, loss_seq=0.003, loss_mat=0.002, loss_rel=0.001
2021-10-05 05:39:14,630:INFO: - Val metrics:
correct_num: 729.000; predict_num: 797.000; gold_num: 1113.000; precision: 0.915; recall: 0.655; f1: 0.763
2021-10-05 05:39:23,991:INFO: Epoch 77/150
2021-10-05 05:44:36,221:INFO: loss=0.007, loss_seq=0.004, loss_mat=0.002, loss_rel=0.001
2021-10-05 05:44:39,952:INFO: - Val metrics:
correct_num: 742.000; predict_num: 803.000; gold_num: 1113.000; precision: 0.924; recall: 0.667; f1: 0.775
2021-10-05 05:44:49,372:INFO: Epoch 78/150
2021-10-05 05:49:59,371:INFO: loss=0.006, loss_seq=0.003, loss_mat=0.002, loss_rel=0.001
2021-10-05 05:50:03,099:INFO: - Val metrics:
correct_num: 741.000; predict_num: 803.000; gold_num: 1113.000; precision: 0.923; recall: 0.666; f1: 0.773
2021-10-05 05:50:12,404:INFO: Epoch 79/150
2021-10-05 05:55:24,954:INFO: loss=0.006, loss_seq=0.002, loss_mat=0.002, loss_rel=0.001
2021-10-05 05:55:28,686:INFO: - Val metrics:
correct_num: 742.000; predict_num: 800.000; gold_num: 1113.000; precision: 0.927; recall: 0.667; f1: 0.776
2021-10-05 05:55:37,936:INFO: Epoch 80/150
2021-10-05 06:00:51,356:INFO: loss=0.006, loss_seq=0.003, loss_mat=0.002, loss_rel=0.001
2021-10-05 06:00:55,094:INFO: - Val metrics:
correct_num: 741.000; predict_num: 806.000; gold_num: 1113.000; precision: 0.919; recall: 0.666; f1: 0.772
2021-10-05 06:01:04,395:INFO: Epoch 81/150
2021-10-05 06:06:16,085:INFO: loss=0.006, loss_seq=0.003, loss_mat=0.002, loss_rel=0.001
2021-10-05 06:06:19,813:INFO: - Val metrics:
correct_num: 745.000; predict_num: 807.000; gold_num: 1113.000; precision: 0.923; recall: 0.669; f1: 0.776
2021-10-05 06:06:28,965:INFO: Epoch 82/150
2021-10-05 06:11:39,819:INFO: loss=0.006, loss_seq=0.003, loss_mat=0.002, loss_rel=0.001
2021-10-05 06:11:43,557:INFO: - Val metrics:
correct_num: 752.000; predict_num: 822.000; gold_num: 1113.000; precision: 0.915; recall: 0.676; f1: 0.777
2021-10-05 06:11:52,801:INFO: Epoch 83/150
2021-10-05 06:17:05,339:INFO: loss=0.005, loss_seq=0.002, loss_mat=0.002, loss_rel=0.001
2021-10-05 06:17:09,066:INFO: - Val metrics:
correct_num: 745.000; predict_num: 808.000; gold_num: 1113.000; precision: 0.922; recall: 0.669; f1: 0.776
2021-10-05 06:17:18,382:INFO: Epoch 84/150
2021-10-05 06:22:27,753:INFO: loss=0.005, loss_seq=0.002, loss_mat=0.002, loss_rel=0.001
2021-10-05 06:22:31,477:INFO: - Val metrics:
correct_num: 737.000; predict_num: 798.000; gold_num: 1113.000; precision: 0.924; recall: 0.662; f1: 0.771
2021-10-05 06:22:40,916:INFO: Epoch 85/150
2021-10-05 06:27:50,276:INFO: loss=0.005, loss_seq=0.002, loss_mat=0.002, loss_rel=0.001
2021-10-05 06:27:54,002:INFO: - Val metrics:
correct_num: 754.000; predict_num: 823.000; gold_num: 1113.000; precision: 0.916; recall: 0.677; f1: 0.779
2021-10-05 06:28:03,306:INFO: Epoch 86/150
2021-10-05 06:33:12,772:INFO: loss=0.004, loss_seq=0.002, loss_mat=0.002, loss_rel=0.000
2021-10-05 06:33:16,496:INFO: - Val metrics:
correct_num: 744.000; predict_num: 806.000; gold_num: 1113.000; precision: 0.923; recall: 0.668; f1: 0.775
2021-10-05 06:33:25,778:INFO: Epoch 87/150
2021-10-05 06:38:35,126:INFO: loss=0.004, loss_seq=0.002, loss_mat=0.002, loss_rel=0.000
2021-10-05 06:38:38,849:INFO: - Val metrics:
correct_num: 755.000; predict_num: 816.000; gold_num: 1113.000; precision: 0.925; recall: 0.678; f1: 0.783
2021-10-05 06:38:48,199:INFO: Epoch 88/150
2021-10-05 06:43:58,645:INFO: loss=0.005, loss_seq=0.002, loss_mat=0.002, loss_rel=0.001
2021-10-05 06:44:02,366:INFO: - Val metrics:
correct_num: 760.000; predict_num: 828.000; gold_num: 1113.000; precision: 0.918; recall: 0.683; f1: 0.783
2021-10-05 06:44:11,627:INFO: Epoch 89/150
2021-10-05 06:49:23,708:INFO: loss=0.004, loss_seq=0.001, loss_mat=0.002, loss_rel=0.000
2021-10-05 06:49:27,431:INFO: - Val metrics:
correct_num: 772.000; predict_num: 835.000; gold_num: 1113.000; precision: 0.925; recall: 0.694; f1: 0.793
2021-10-05 06:49:45,372:INFO: - Found new best F1
2021-10-05 06:49:45,372:INFO: Epoch 90/150
2021-10-05 06:54:55,999:INFO: loss=0.004, loss_seq=0.001, loss_mat=0.002, loss_rel=0.000
2021-10-05 06:54:59,717:INFO: - Val metrics:
correct_num: 698.000; predict_num: 748.000; gold_num: 1113.000; precision: 0.933; recall: 0.627; f1: 0.750
2021-10-05 06:55:08,958:INFO: Epoch 91/150
2021-10-05 07:00:18,859:INFO: loss=0.004, loss_seq=0.001, loss_mat=0.002, loss_rel=0.000
2021-10-05 07:00:22,591:INFO: - Val metrics:
correct_num: 756.000; predict_num: 821.000; gold_num: 1113.000; precision: 0.921; recall: 0.679; f1: 0.782
2021-10-05 07:00:31,908:INFO: Epoch 92/150
2021-10-05 07:05:46,813:INFO: loss=0.004, loss_seq=0.001, loss_mat=0.002, loss_rel=0.000
2021-10-05 07:05:50,533:INFO: - Val metrics:
correct_num: 740.000; predict_num: 802.000; gold_num: 1113.000; precision: 0.923; recall: 0.665; f1: 0.773
2021-10-05 07:05:59,826:INFO: Epoch 93/150
2021-10-05 07:11:10,899:INFO: loss=0.004, loss_seq=0.001, loss_mat=0.002, loss_rel=0.000
2021-10-05 07:11:14,617:INFO: - Val metrics:
correct_num: 766.000; predict_num: 818.000; gold_num: 1113.000; precision: 0.936; recall: 0.688; f1: 0.793
2021-10-05 07:11:32,419:INFO: - Found new best F1
2021-10-05 07:11:32,419:INFO: Epoch 94/150
2021-10-05 07:16:43,875:INFO: loss=0.004, loss_seq=0.002, loss_mat=0.002, loss_rel=0.000
2021-10-05 07:16:47,597:INFO: - Val metrics:
correct_num: 751.000; predict_num: 804.000; gold_num: 1113.000; precision: 0.934; recall: 0.675; f1: 0.784
2021-10-05 07:16:56,885:INFO: Epoch 95/150
2021-10-05 07:22:14,671:INFO: loss=0.004, loss_seq=0.001, loss_mat=0.002, loss_rel=0.000
2021-10-05 07:22:18,412:INFO: - Val metrics:
correct_num: 746.000; predict_num: 803.000; gold_num: 1113.000; precision: 0.929; recall: 0.670; f1: 0.779
2021-10-05 07:22:27,893:INFO: Epoch 96/150
2021-10-05 07:27:37,767:INFO: loss=0.003, loss_seq=0.001, loss_mat=0.002, loss_rel=0.000
2021-10-05 07:27:41,486:INFO: - Val metrics:
correct_num: 754.000; predict_num: 812.000; gold_num: 1113.000; precision: 0.929; recall: 0.677; f1: 0.783
2021-10-05 07:27:50,862:INFO: Epoch 97/150
2021-10-05 07:33:02,158:INFO: loss=0.004, loss_seq=0.001, loss_mat=0.002, loss_rel=0.000
2021-10-05 07:33:05,873:INFO: - Val metrics:
correct_num: 758.000; predict_num: 814.000; gold_num: 1113.000; precision: 0.931; recall: 0.681; f1: 0.787
2021-10-05 07:33:15,299:INFO: Epoch 98/150
2021-10-05 07:38:27,849:INFO: loss=0.003, loss_seq=0.001, loss_mat=0.002, loss_rel=0.000
2021-10-05 07:38:31,579:INFO: - Val metrics:
correct_num: 760.000; predict_num: 814.000; gold_num: 1113.000; precision: 0.934; recall: 0.683; f1: 0.789
2021-10-05 07:38:41,026:INFO: Epoch 99/150
2021-10-05 07:43:50,877:INFO: loss=0.003, loss_seq=0.001, loss_mat=0.002, loss_rel=0.000
2021-10-05 07:43:54,594:INFO: - Val metrics:
correct_num: 752.000; predict_num: 810.000; gold_num: 1113.000; precision: 0.928; recall: 0.676; f1: 0.782
2021-10-05 07:44:03,981:INFO: Epoch 100/150
2021-10-05 07:49:14,176:INFO: loss=0.003, loss_seq=0.001, loss_mat=0.002, loss_rel=0.000
2021-10-05 07:49:17,896:INFO: - Val metrics:
correct_num: 747.000; predict_num: 804.000; gold_num: 1113.000; precision: 0.929; recall: 0.671; f1: 0.779
2021-10-05 07:49:27,238:INFO: Epoch 101/150
2021-10-05 07:54:38,178:INFO: loss=0.003, loss_seq=0.001, loss_mat=0.002, loss_rel=0.000
2021-10-05 07:54:41,904:INFO: - Val metrics:
correct_num: 757.000; predict_num: 819.000; gold_num: 1113.000; precision: 0.924; recall: 0.680; f1: 0.784
2021-10-05 07:54:51,578:INFO: Epoch 102/150
2021-10-05 08:00:02,949:INFO: loss=0.003, loss_seq=0.001, loss_mat=0.002, loss_rel=0.000
2021-10-05 08:00:06,671:INFO: - Val metrics:
correct_num: 767.000; predict_num: 829.000; gold_num: 1113.000; precision: 0.925; recall: 0.689; f1: 0.790
2021-10-05 08:00:16,488:INFO: Epoch 103/150
2021-10-05 08:05:26,043:INFO: loss=0.003, loss_seq=0.001, loss_mat=0.002, loss_rel=0.000
2021-10-05 08:05:29,761:INFO: - Val metrics:
correct_num: 744.000; predict_num: 800.000; gold_num: 1113.000; precision: 0.930; recall: 0.668; f1: 0.778
2021-10-05 08:05:39,519:INFO: Epoch 104/150
2021-10-05 08:10:49,366:INFO: loss=0.003, loss_seq=0.000, loss_mat=0.002, loss_rel=0.000
2021-10-05 08:10:53,103:INFO: - Val metrics:
correct_num: 771.000; predict_num: 832.000; gold_num: 1113.000; precision: 0.927; recall: 0.693; f1: 0.793
2021-10-05 08:11:02,863:INFO: Epoch 105/150
2021-10-05 08:16:16,236:INFO: loss=0.003, loss_seq=0.000, loss_mat=0.002, loss_rel=0.000
2021-10-05 08:16:19,961:INFO: - Val metrics:
correct_num: 765.000; predict_num: 826.000; gold_num: 1113.000; precision: 0.926; recall: 0.687; f1: 0.789
2021-10-05 08:16:29,694:INFO: Epoch 106/150
2021-10-05 08:21:42,518:INFO: loss=0.004, loss_seq=0.001, loss_mat=0.002, loss_rel=0.000
2021-10-05 08:21:46,236:INFO: - Val metrics:
correct_num: 760.000; predict_num: 814.000; gold_num: 1113.000; precision: 0.934; recall: 0.683; f1: 0.789
2021-10-05 08:21:55,996:INFO: Epoch 107/150
2021-10-05 08:27:08,492:INFO: loss=0.003, loss_seq=0.001, loss_mat=0.002, loss_rel=0.000
2021-10-05 08:27:12,209:INFO: - Val metrics:
correct_num: 761.000; predict_num: 813.000; gold_num: 1113.000; precision: 0.936; recall: 0.684; f1: 0.790
2021-10-05 08:27:22,266:INFO: Epoch 108/150
2021-10-05 08:32:31,461:INFO: loss=0.003, loss_seq=0.000, loss_mat=0.002, loss_rel=0.000
2021-10-05 08:32:35,183:INFO: - Val metrics:
correct_num: 774.000; predict_num: 835.000; gold_num: 1113.000; precision: 0.927; recall: 0.695; f1: 0.795
2021-10-05 08:32:53,214:INFO: - Found new best F1
2021-10-05 08:32:53,214:INFO: Epoch 109/150
2021-10-05 08:38:02,121:INFO: loss=0.003, loss_seq=0.000, loss_mat=0.002, loss_rel=0.000
2021-10-05 08:38:05,838:INFO: - Val metrics:
correct_num: 756.000; predict_num: 812.000; gold_num: 1113.000; precision: 0.931; recall: 0.679; f1: 0.785
2021-10-05 08:38:15,611:INFO: Epoch 110/150
2021-10-05 08:43:24,613:INFO: loss=0.003, loss_seq=0.000, loss_mat=0.002, loss_rel=0.000
2021-10-05 08:43:28,331:INFO: - Val metrics:
correct_num: 764.000; predict_num: 821.000; gold_num: 1113.000; precision: 0.931; recall: 0.686; f1: 0.790
2021-10-05 08:43:38,408:INFO: Epoch 111/150
2021-10-05 08:48:47,423:INFO: loss=0.003, loss_seq=0.000, loss_mat=0.002, loss_rel=0.000
2021-10-05 08:48:51,142:INFO: - Val metrics:
correct_num: 760.000; predict_num: 817.000; gold_num: 1113.000; precision: 0.930; recall: 0.683; f1: 0.788
2021-10-05 08:49:01,020:INFO: Epoch 112/150
2021-10-05 08:54:10,000:INFO: loss=0.003, loss_seq=0.000, loss_mat=0.002, loss_rel=0.000
2021-10-05 08:54:13,719:INFO: - Val metrics:
correct_num: 753.000; predict_num: 804.000; gold_num: 1113.000; precision: 0.937; recall: 0.677; f1: 0.786
2021-10-05 08:54:23,725:INFO: Epoch 113/150
2021-10-05 08:59:32,801:INFO: loss=0.002, loss_seq=0.000, loss_mat=0.002, loss_rel=0.000
2021-10-05 08:59:36,520:INFO: - Val metrics:
correct_num: 769.000; predict_num: 818.000; gold_num: 1113.000; precision: 0.940; recall: 0.691; f1: 0.796
2021-10-05 08:59:55,902:INFO: - Found new best F1
2021-10-05 08:59:55,902:INFO: Epoch 114/150
2021-10-05 09:05:05,551:INFO: loss=0.003, loss_seq=0.000, loss_mat=0.002, loss_rel=0.000
2021-10-05 09:05:09,273:INFO: - Val metrics:
correct_num: 777.000; predict_num: 828.000; gold_num: 1113.000; precision: 0.938; recall: 0.698; f1: 0.801
2021-10-05 09:05:27,781:INFO: - Found new best F1
2021-10-05 09:05:27,781:INFO: Epoch 115/150
2021-10-05 09:10:38,579:INFO: loss=0.002, loss_seq=0.000, loss_mat=0.002, loss_rel=0.000
2021-10-05 09:10:42,300:INFO: - Val metrics:
correct_num: 759.000; predict_num: 807.000; gold_num: 1113.000; precision: 0.941; recall: 0.682; f1: 0.791
2021-10-05 09:10:52,330:INFO: Epoch 116/150
2021-10-05 09:16:09,574:INFO: loss=0.003, loss_seq=0.000, loss_mat=0.002, loss_rel=0.000
2021-10-05 09:16:13,314:INFO: - Val metrics:
correct_num: 761.000; predict_num: 817.000; gold_num: 1113.000; precision: 0.931; recall: 0.684; f1: 0.789
2021-10-05 09:16:23,223:INFO: Epoch 117/150
2021-10-05 09:21:35,057:INFO: loss=0.002, loss_seq=0.000, loss_mat=0.002, loss_rel=0.000
2021-10-05 09:21:38,781:INFO: - Val metrics:
correct_num: 756.000; predict_num: 809.000; gold_num: 1113.000; precision: 0.934; recall: 0.679; f1: 0.787
2021-10-05 09:21:48,556:INFO: Epoch 118/150
2021-10-05 09:26:58,655:INFO: loss=0.002, loss_seq=0.000, loss_mat=0.002, loss_rel=0.000
2021-10-05 09:27:02,380:INFO: - Val metrics:
correct_num: 761.000; predict_num: 817.000; gold_num: 1113.000; precision: 0.931; recall: 0.684; f1: 0.789
2021-10-05 09:27:12,410:INFO: Epoch 119/150
2021-10-05 09:32:22,853:INFO: loss=0.002, loss_seq=0.000, loss_mat=0.002, loss_rel=0.000
2021-10-05 09:32:26,580:INFO: - Val metrics:
correct_num: 760.000; predict_num: 818.000; gold_num: 1113.000; precision: 0.929; recall: 0.683; f1: 0.787
2021-10-05 09:32:36,378:INFO: Epoch 120/150
2021-10-05 09:37:46,780:INFO: loss=0.002, loss_seq=0.000, loss_mat=0.002, loss_rel=0.000
2021-10-05 09:37:50,501:INFO: - Val metrics:
correct_num: 774.000; predict_num: 833.000; gold_num: 1113.000; precision: 0.929; recall: 0.695; f1: 0.795
2021-10-05 09:38:00,253:INFO: Epoch 121/150
2021-10-05 09:43:10,080:INFO: loss=0.002, loss_seq=0.000, loss_mat=0.002, loss_rel=0.000
2021-10-05 09:43:13,799:INFO: - Val metrics:
correct_num: 768.000; predict_num: 825.000; gold_num: 1113.000; precision: 0.931; recall: 0.690; f1: 0.793
2021-10-05 09:43:23,419:INFO: Epoch 122/150
2021-10-05 09:48:34,905:INFO: loss=0.002, loss_seq=0.000, loss_mat=0.002, loss_rel=0.000
2021-10-05 09:48:38,636:INFO: - Val metrics:
correct_num: 764.000; predict_num: 819.000; gold_num: 1113.000; precision: 0.933; recall: 0.686; f1: 0.791
2021-10-05 09:48:47,886:INFO: Epoch 123/150
2021-10-05 09:53:58,902:INFO: loss=0.002, loss_seq=0.000, loss_mat=0.002, loss_rel=0.000
2021-10-05 09:54:02,626:INFO: - Val metrics:
correct_num: 772.000; predict_num: 826.000; gold_num: 1113.000; precision: 0.935; recall: 0.694; f1: 0.796
2021-10-05 09:54:12,226:INFO: Epoch 124/150
2021-10-05 09:59:24,600:INFO: loss=0.002, loss_seq=0.000, loss_mat=0.002, loss_rel=0.000
2021-10-05 09:59:28,341:INFO: - Val metrics:
correct_num: 768.000; predict_num: 822.000; gold_num: 1113.000; precision: 0.934; recall: 0.690; f1: 0.794
2021-10-05 09:59:37,810:INFO: Epoch 125/150
2021-10-05 10:04:51,712:INFO: loss=0.002, loss_seq=0.000, loss_mat=0.002, loss_rel=0.000
2021-10-05 10:04:55,469:INFO: - Val metrics:
correct_num: 774.000; predict_num: 827.000; gold_num: 1113.000; precision: 0.936; recall: 0.695; f1: 0.798
2021-10-05 10:05:05,233:INFO: Epoch 126/150
2021-10-05 10:10:20,187:INFO: loss=0.002, loss_seq=0.000, loss_mat=0.002, loss_rel=0.000
2021-10-05 10:10:23,969:INFO: - Val metrics:
correct_num: 768.000; predict_num: 820.000; gold_num: 1113.000; precision: 0.937; recall: 0.690; f1: 0.795
2021-10-05 10:10:33,256:INFO: Epoch 127/150
2021-10-05 10:15:43,588:INFO: loss=0.002, loss_seq=0.000, loss_mat=0.002, loss_rel=0.000
2021-10-05 10:15:47,305:INFO: - Val metrics:
correct_num: 766.000; predict_num: 823.000; gold_num: 1113.000; precision: 0.931; recall: 0.688; f1: 0.791
2021-10-05 10:15:56,567:INFO: Epoch 128/150
2021-10-05 10:21:04,075:INFO: loss=0.002, loss_seq=0.000, loss_mat=0.002, loss_rel=0.000
2021-10-05 10:21:07,863:INFO: - Val metrics:
correct_num: 764.000; predict_num: 821.000; gold_num: 1113.000; precision: 0.931; recall: 0.686; f1: 0.790
2021-10-05 10:21:19,016:INFO: Epoch 129/150
2021-10-05 10:26:26,114:INFO: loss=0.002, loss_seq=0.000, loss_mat=0.002, loss_rel=0.000
2021-10-05 10:26:29,832:INFO: - Val metrics:
correct_num: 773.000; predict_num: 830.000; gold_num: 1113.000; precision: 0.931; recall: 0.695; f1: 0.796
2021-10-05 10:26:39,137:INFO: Epoch 130/150
2021-10-05 10:31:46,470:INFO: loss=0.002, loss_seq=0.000, loss_mat=0.002, loss_rel=0.000
2021-10-05 10:31:50,187:INFO: - Val metrics:
correct_num: 773.000; predict_num: 830.000; gold_num: 1113.000; precision: 0.931; recall: 0.695; f1: 0.796
2021-10-05 10:31:59,771:INFO: Epoch 131/150
2021-10-05 10:37:06,798:INFO: loss=0.002, loss_seq=0.000, loss_mat=0.002, loss_rel=0.000
2021-10-05 10:37:10,517:INFO: - Val metrics:
correct_num: 767.000; predict_num: 821.000; gold_num: 1113.000; precision: 0.934; recall: 0.689; f1: 0.793
2021-10-05 10:37:20,903:INFO: Epoch 132/150
2021-10-05 10:42:27,841:INFO: loss=0.002, loss_seq=0.000, loss_mat=0.002, loss_rel=0.000
2021-10-05 10:42:31,546:INFO: - Val metrics:
correct_num: 763.000; predict_num: 820.000; gold_num: 1113.000; precision: 0.930; recall: 0.686; f1: 0.789
2021-10-05 10:42:40,555:INFO: Epoch 133/150
2021-10-05 10:47:48,156:INFO: loss=0.002, loss_seq=0.000, loss_mat=0.002, loss_rel=0.000
2021-10-05 10:47:51,866:INFO: - Val metrics:
correct_num: 780.000; predict_num: 837.000; gold_num: 1113.000; precision: 0.932; recall: 0.701; f1: 0.800
2021-10-05 10:48:01,151:INFO: Epoch 134/150
2021-10-05 10:53:10,117:INFO: loss=0.002, loss_seq=0.000, loss_mat=0.002, loss_rel=0.000
2021-10-05 10:53:13,836:INFO: - Val metrics:
correct_num: 766.000; predict_num: 822.000; gold_num: 1113.000; precision: 0.932; recall: 0.688; f1: 0.792
2021-10-05 10:53:23,620:INFO: Epoch 135/150
2021-10-05 10:58:31,207:INFO: loss=0.002, loss_seq=0.000, loss_mat=0.002, loss_rel=0.000
2021-10-05 10:58:34,927:INFO: - Val metrics:
correct_num: 772.000; predict_num: 829.000; gold_num: 1113.000; precision: 0.931; recall: 0.694; f1: 0.795
2021-10-05 10:58:44,238:INFO: Epoch 136/150
2021-10-05 11:03:50,949:INFO: loss=0.002, loss_seq=0.000, loss_mat=0.002, loss_rel=0.000
2021-10-05 11:03:54,666:INFO: - Val metrics:
correct_num: 761.000; predict_num: 817.000; gold_num: 1113.000; precision: 0.931; recall: 0.684; f1: 0.789
2021-10-05 11:04:04,614:INFO: Epoch 137/150
2021-10-05 11:09:12,475:INFO: loss=0.002, loss_seq=0.000, loss_mat=0.002, loss_rel=0.000
2021-10-05 11:09:16,189:INFO: - Val metrics:
correct_num: 765.000; predict_num: 821.000; gold_num: 1113.000; precision: 0.932; recall: 0.687; f1: 0.791
2021-10-05 11:09:26,280:INFO: Epoch 138/150
2021-10-05 11:14:34,158:INFO: loss=0.002, loss_seq=0.000, loss_mat=0.002, loss_rel=0.000
2021-10-05 11:14:37,868:INFO: - Val metrics:
correct_num: 765.000; predict_num: 821.000; gold_num: 1113.000; precision: 0.932; recall: 0.687; f1: 0.791
2021-10-05 11:14:47,222:INFO: Epoch 139/150
2021-10-05 11:19:56,986:INFO: loss=0.002, loss_seq=0.000, loss_mat=0.002, loss_rel=0.000
2021-10-05 11:20:00,714:INFO: - Val metrics:
correct_num: 773.000; predict_num: 828.000; gold_num: 1113.000; precision: 0.934; recall: 0.695; f1: 0.796
2021-10-05 11:20:10,260:INFO: Epoch 140/150
2021-10-05 11:25:20,715:INFO: loss=0.002, loss_seq=0.000, loss_mat=0.002, loss_rel=0.000
2021-10-05 11:25:24,454:INFO: - Val metrics:
correct_num: 772.000; predict_num: 827.000; gold_num: 1113.000; precision: 0.933; recall: 0.694; f1: 0.796
2021-10-05 11:25:34,498:INFO: Epoch 141/150
2021-10-05 11:30:51,001:INFO: loss=0.002, loss_seq=0.000, loss_mat=0.002, loss_rel=0.000
2021-10-05 11:30:54,770:INFO: - Val metrics:
correct_num: 770.000; predict_num: 825.000; gold_num: 1113.000; precision: 0.933; recall: 0.692; f1: 0.795
2021-10-05 11:31:05,705:INFO: Epoch 142/150
2021-10-05 11:36:21,852:INFO: loss=0.002, loss_seq=0.000, loss_mat=0.002, loss_rel=0.000
2021-10-05 11:36:25,626:INFO: - Val metrics:
correct_num: 771.000; predict_num: 826.000; gold_num: 1113.000; precision: 0.933; recall: 0.693; f1: 0.795
2021-10-05 11:36:36,143:INFO: Epoch 143/150
2021-10-05 11:41:52,999:INFO: loss=0.002, loss_seq=0.000, loss_mat=0.002, loss_rel=0.000
2021-10-05 11:41:56,786:INFO: - Val metrics:
correct_num: 772.000; predict_num: 827.000; gold_num: 1113.000; precision: 0.933; recall: 0.694; f1: 0.796
2021-10-05 11:42:07,467:INFO: Epoch 144/150
2021-10-05 11:47:23,624:INFO: loss=0.002, loss_seq=0.000, loss_mat=0.002, loss_rel=0.000
2021-10-05 11:47:27,428:INFO: - Val metrics:
correct_num: 773.000; predict_num: 830.000; gold_num: 1113.000; precision: 0.931; recall: 0.695; f1: 0.796
2021-10-05 11:47:37,642:INFO: Epoch 145/150
2021-10-05 11:52:53,989:INFO: loss=0.002, loss_seq=0.000, loss_mat=0.002, loss_rel=0.000
2021-10-05 11:52:57,786:INFO: - Val metrics:
correct_num: 770.000; predict_num: 826.000; gold_num: 1113.000; precision: 0.932; recall: 0.692; f1: 0.794
2021-10-05 11:53:09,954:INFO: Epoch 146/150
2021-10-05 11:58:25,774:INFO: loss=0.002, loss_seq=0.000, loss_mat=0.002, loss_rel=0.000
2021-10-05 11:58:29,580:INFO: - Val metrics:
correct_num: 772.000; predict_num: 828.000; gold_num: 1113.000; precision: 0.932; recall: 0.694; f1: 0.795
2021-10-05 11:58:39,811:INFO: Epoch 147/150
2021-10-05 12:03:56,833:INFO: loss=0.002, loss_seq=0.000, loss_mat=0.002, loss_rel=0.000
2021-10-05 12:04:00,635:INFO: - Val metrics:
correct_num: 773.000; predict_num: 829.000; gold_num: 1113.000; precision: 0.932; recall: 0.695; f1: 0.796
2021-10-05 12:04:10,922:INFO: Epoch 148/150
2021-10-05 12:09:28,718:INFO: loss=0.002, loss_seq=0.000, loss_mat=0.002, loss_rel=0.000
2021-10-05 12:09:32,519:INFO: - Val metrics:
correct_num: 772.000; predict_num: 828.000; gold_num: 1113.000; precision: 0.932; recall: 0.694; f1: 0.795
2021-10-05 12:09:43,587:INFO: Epoch 149/150
2021-10-05 12:15:00,323:INFO: loss=0.002, loss_seq=0.000, loss_mat=0.002, loss_rel=0.000
2021-10-05 12:15:04,132:INFO: - Val metrics:
correct_num: 772.000; predict_num: 828.000; gold_num: 1113.000; precision: 0.932; recall: 0.694; f1: 0.795
2021-10-05 12:15:14,725:INFO: Epoch 150/150
2021-10-05 12:20:31,571:INFO: loss=0.002, loss_seq=0.000, loss_mat=0.002, loss_rel=0.000
2021-10-05 12:20:35,367:INFO: - Val metrics:
correct_num: 772.000; predict_num: 828.000; gold_num: 1113.000; precision: 0.932; recall: 0.694; f1: 0.795
2021-10-05 12:20:45,704:WARNING: Best val f1: 0.8006182380216382
