2021-10-27 13:54:57,603:INFO: 
Running with the following configs:
 >> seed : 2021
 >> ex_index : 2021-10-27_13-54-56
 >> corpus_type : WebNLG
 >> device_id : 1
 >> epoch_num : 150
 >> multi_gpu : False
 >> restore_file : None
 >> corres_threshold : 0.5
 >> rel_threshold : 0.5
 >> emb_fusion : concat
 >> ensure_cross : none
 >> ensure_rel : default
 >> ensure_corres : default
 >> use_symmetries : none
 >> sent_rels : none
 >> sent_attn : none
 >> cross_data : 1
 >> num_negs : 4


2021-10-27 13:54:57,603:INFO: Params: 
 >> bert_model_dir: ../Bert/bert-base-cased
 >> n_gpu: 4
 >> max_seq_length: 100
 >> data_cache: False
 >> train_batch_size: 6
 >> val_batch_size: 24
 >> test_batch_size: 24
 >> seq_tag_size: 3
 >> rel_num: 216
 >> min_epoch_num: 20
 >> patience: 1e-05
 >> patience_num: 100
 >> fin_tuning_lr: 0.0001
 >> downs_en_lr: 0.001
 >> clip_grad: 2.0
 >> drop_prob: 0.3
 >> weight_decay_rate: 0.01
 >> warmup_prop: 0.1
 >> gradient_accumulation_steps: 2

2021-10-27 13:54:57,609:INFO: Model type:
2021-10-27 13:54:57,610:INFO: device: cuda
2021-10-27 13:54:57,610:INFO: Load pre-train model weights...
2021-10-27 13:54:57,611:INFO: loading configuration file ../Bert/bert-base-cased/config.json
2021-10-27 13:54:57,611:INFO: Model config BertConfig {
  "architectures": [
    "BertForMaskedLM"
  ],
  "attention_probs_dropout_prob": 0.1,
  "bos_token_id": null,
  "do_sample": false,
  "eos_token_ids": null,
  "finetuning_task": null,
  "gradient_checkpointing": false,
  "hidden_act": "gelu",
  "hidden_dropout_prob": 0.1,
  "hidden_size": 768,
  "id2label": {
    "0": "LABEL_0",
    "1": "LABEL_1"
  },
  "initializer_range": 0.02,
  "intermediate_size": 3072,
  "is_decoder": false,
  "label2id": {
    "LABEL_0": 0,
    "LABEL_1": 1
  },
  "layer_norm_eps": 1e-12,
  "length_penalty": 1.0,
  "max_length": 20,
  "max_position_embeddings": 512,
  "model_type": "bert",
  "num_attention_heads": 12,
  "num_beams": 1,
  "num_hidden_layers": 12,
  "num_labels": 2,
  "num_return_sequences": 1,
  "output_attentions": false,
  "output_hidden_states": false,
  "output_past": true,
  "pad_token_id": 0,
  "position_embedding_type": "absolute",
  "pruned_heads": {},
  "repetition_penalty": 1.0,
  "temperature": 1.0,
  "top_k": 50,
  "top_p": 1.0,
  "torchscript": false,
  "transformers_version": "4.6.0.dev0",
  "type_vocab_size": 2,
  "use_bfloat16": false,
  "use_cache": true,
  "vocab_size": 28996
}

2021-10-27 13:54:57,611:INFO: loading weights file ../Bert/bert-base-cased/pytorch_model.bin
2021-10-27 13:54:59,925:INFO: -done
2021-10-27 13:54:59,925:INFO: Starting training for 150 epoch(s)
2021-10-27 13:55:44,264:INFO: Epoch 1/150
2021-10-27 13:59:53,500:INFO: loss=0.480, loss_seq=0.291, loss_mat=0.043, loss_rel=0.146
2021-10-27 13:59:56,021:INFO: - Val metrics:
correct_num: 27.0000; predict_num: 115.0000; gold_num: 1223.0000; precision: 0.2348; recall: 0.0221; f1: 0.0404
2021-10-27 14:00:00,066:INFO: - Found new best F1
2021-10-27 14:00:00,066:INFO: Epoch 2/150
2021-10-27 14:04:12,843:INFO: loss=0.141, loss_seq=0.097, loss_mat=0.005, loss_rel=0.040
2021-10-27 14:04:15,465:INFO: - Val metrics:
correct_num: 411.0000; predict_num: 696.0000; gold_num: 1223.0000; precision: 0.5905; recall: 0.3361; f1: 0.4283
