2021-09-22 13:32:42,231:INFO: Model type:
2021-09-22 13:32:42,231:INFO: device: cuda
2021-09-22 13:32:42,232:INFO: Load pre-train model weights...
2021-09-22 13:32:44,010:INFO: -done
2021-09-22 13:32:44,010:INFO: Starting training for 100 epoch(s)
2021-09-22 13:32:52,362:INFO: Epoch 1/100
2021-09-22 13:37:27,545:INFO: Model type:
2021-09-22 13:37:27,546:INFO: device: cuda
2021-09-22 13:37:27,546:INFO: Load pre-train model weights...
2021-09-22 13:37:29,274:INFO: -done
2021-09-22 13:37:29,274:INFO: Starting training for 100 epoch(s)
2021-09-22 13:37:37,270:INFO: Epoch 1/100
2021-09-22 14:55:33,865:INFO: - Val metrics:
correct_num: 340.000; predict_num: 748.000; gold_num: 1113.000; precision: 0.455; recall: 0.305; f1: 0.365
2021-09-22 14:55:36,505:INFO: - Found new best F1
2021-09-22 14:55:36,505:INFO: Epoch 2/100
2021-09-22 15:01:10,737:INFO: - Val metrics:
correct_num: 763.000; predict_num: 1019.000; gold_num: 1113.000; precision: 0.749; recall: 0.686; f1: 0.716
2021-09-22 15:01:29,899:INFO: - Found new best F1
2021-09-22 15:01:29,899:INFO: Epoch 3/100
2021-09-22 15:07:05,789:INFO: - Val metrics:
correct_num: 889.000; predict_num: 1199.000; gold_num: 1113.000; precision: 0.741; recall: 0.799; f1: 0.769
2021-09-22 15:07:24,866:INFO: - Found new best F1
2021-09-22 15:07:24,866:INFO: Epoch 4/100
2021-09-22 15:13:00,378:INFO: - Val metrics:
correct_num: 855.000; predict_num: 1432.000; gold_num: 1113.000; precision: 0.597; recall: 0.768; f1: 0.672
2021-09-22 15:13:10,546:INFO: Epoch 5/100
2021-09-22 15:18:45,788:INFO: - Val metrics:
correct_num: 715.000; predict_num: 1247.000; gold_num: 1113.000; precision: 0.573; recall: 0.642; f1: 0.606
2021-09-22 15:18:55,799:INFO: Epoch 6/100
2021-09-22 15:24:31,613:INFO: - Val metrics:
correct_num: 616.000; predict_num: 1203.000; gold_num: 1113.000; precision: 0.512; recall: 0.553; f1: 0.532
2021-09-22 15:24:41,592:INFO: Epoch 7/100
2021-09-22 15:30:17,035:INFO: - Val metrics:
correct_num: 533.000; predict_num: 1018.000; gold_num: 1113.000; precision: 0.524; recall: 0.479; f1: 0.500
2021-09-22 15:30:27,333:INFO: Epoch 8/100
2021-09-22 15:36:02,728:INFO: - Val metrics:
correct_num: 356.000; predict_num: 669.000; gold_num: 1113.000; precision: 0.532; recall: 0.320; f1: 0.400
2021-09-22 15:36:12,677:INFO: Epoch 9/100
2021-09-22 15:42:22,828:INFO: - Val metrics:
correct_num: 0.000; predict_num: 0.000; gold_num: 1113.000; precision: 0.000; recall: 0.000; f1: 0.000
2021-09-22 15:42:32,736:INFO: Epoch 10/100
2021-09-22 15:48:07,233:INFO: - Val metrics:
correct_num: 0.000; predict_num: 0.000; gold_num: 1113.000; precision: 0.000; recall: 0.000; f1: 0.000
2021-09-22 15:48:17,262:INFO: Epoch 11/100
2021-09-22 15:54:05,208:INFO: - Val metrics:
correct_num: 0.000; predict_num: 0.000; gold_num: 1113.000; precision: 0.000; recall: 0.000; f1: 0.000
2021-09-22 15:54:15,254:INFO: Epoch 12/100
2021-09-22 16:00:02,156:INFO: - Val metrics:
correct_num: 0.000; predict_num: 0.000; gold_num: 1113.000; precision: 0.000; recall: 0.000; f1: 0.000
2021-09-22 16:00:12,184:INFO: Epoch 13/100
2021-09-22 16:05:59,030:INFO: - Val metrics:
correct_num: 0.000; predict_num: 0.000; gold_num: 1113.000; precision: 0.000; recall: 0.000; f1: 0.000
2021-09-22 16:06:09,239:INFO: Epoch 14/100
2021-09-22 16:11:44,022:INFO: - Val metrics:
correct_num: 0.000; predict_num: 0.000; gold_num: 1113.000; precision: 0.000; recall: 0.000; f1: 0.000
2021-09-22 16:11:54,523:INFO: Epoch 15/100
2021-09-22 16:17:27,896:INFO: - Val metrics:
correct_num: 0.000; predict_num: 0.000; gold_num: 1113.000; precision: 0.000; recall: 0.000; f1: 0.000
2021-09-22 16:17:37,816:INFO: Epoch 16/100
2021-09-22 16:23:12,440:INFO: - Val metrics:
correct_num: 0.000; predict_num: 0.000; gold_num: 1113.000; precision: 0.000; recall: 0.000; f1: 0.000
2021-09-22 16:23:22,514:INFO: Epoch 17/100
2021-09-22 16:29:07,860:INFO: - Val metrics:
correct_num: 0.000; predict_num: 0.000; gold_num: 1113.000; precision: 0.000; recall: 0.000; f1: 0.000
2021-09-22 16:29:17,942:INFO: Epoch 18/100
2021-09-22 16:35:04,368:INFO: - Val metrics:
correct_num: 0.000; predict_num: 0.000; gold_num: 1113.000; precision: 0.000; recall: 0.000; f1: 0.000
2021-09-22 16:35:14,185:INFO: Epoch 19/100
2021-09-22 16:40:47,704:INFO: - Val metrics:
correct_num: 0.000; predict_num: 0.000; gold_num: 1113.000; precision: 0.000; recall: 0.000; f1: 0.000
2021-09-22 16:40:57,947:INFO: Epoch 20/100
2021-09-22 16:46:31,625:INFO: - Val metrics:
correct_num: 0.000; predict_num: 0.000; gold_num: 1113.000; precision: 0.000; recall: 0.000; f1: 0.000
2021-09-22 16:46:43,038:INFO: Model type:
2021-09-22 16:46:43,038:INFO: device: cuda
2021-09-22 16:46:43,038:INFO: Load pre-train model weights...
2021-09-22 16:46:44,800:INFO: -done
2021-09-22 16:46:44,801:INFO: Starting training for 100 epoch(s)
2021-09-22 16:46:52,954:INFO: Epoch 1/100
2021-09-22 16:52:29,775:INFO: - Val metrics:
correct_num: 312.000; predict_num: 640.000; gold_num: 1113.000; precision: 0.487; recall: 0.280; f1: 0.356
2021-09-22 16:52:48,776:INFO: - Found new best F1
2021-09-22 16:52:48,776:INFO: Epoch 2/100
2021-09-22 16:58:23,662:INFO: - Val metrics:
correct_num: 756.000; predict_num: 1143.000; gold_num: 1113.000; precision: 0.661; recall: 0.679; f1: 0.670
2021-09-22 16:58:42,843:INFO: - Found new best F1
2021-09-22 16:58:42,843:INFO: Epoch 3/100
2021-09-22 17:04:20,068:INFO: - Val metrics:
correct_num: 470.000; predict_num: 695.000; gold_num: 1113.000; precision: 0.676; recall: 0.422; f1: 0.520
2021-09-22 17:04:30,236:INFO: Epoch 4/100
2021-09-22 17:10:05,668:INFO: - Val metrics:
correct_num: 777.000; predict_num: 1134.000; gold_num: 1113.000; precision: 0.685; recall: 0.698; f1: 0.692
2021-09-22 17:10:24,581:INFO: - Found new best F1
2021-09-22 17:10:24,581:INFO: Epoch 5/100
2021-09-22 17:15:59,395:INFO: - Val metrics:
correct_num: 765.000; predict_num: 1256.000; gold_num: 1113.000; precision: 0.609; recall: 0.687; f1: 0.646
2021-09-22 17:16:09,694:INFO: Epoch 6/100
2021-09-22 17:21:44,584:INFO: - Val metrics:
correct_num: 572.000; predict_num: 1131.000; gold_num: 1113.000; precision: 0.506; recall: 0.514; f1: 0.510
2021-09-22 17:21:54,548:INFO: Epoch 7/100
2021-09-22 17:27:28,657:INFO: - Val metrics:
correct_num: 0.000; predict_num: 0.000; gold_num: 1113.000; precision: 0.000; recall: 0.000; f1: 0.000
2021-09-22 17:27:38,767:INFO: Epoch 8/100
2021-09-22 17:33:12,144:INFO: - Val metrics:
correct_num: 0.000; predict_num: 0.000; gold_num: 1113.000; precision: 0.000; recall: 0.000; f1: 0.000
2021-09-22 17:33:22,189:INFO: Epoch 9/100
2021-09-22 17:38:54,930:INFO: - Val metrics:
correct_num: 0.000; predict_num: 0.000; gold_num: 1113.000; precision: 0.000; recall: 0.000; f1: 0.000
2021-09-22 17:39:04,899:INFO: Epoch 10/100
2021-09-22 17:44:37,559:INFO: - Val metrics:
correct_num: 0.000; predict_num: 0.000; gold_num: 1113.000; precision: 0.000; recall: 0.000; f1: 0.000
2021-09-22 17:44:47,553:INFO: Epoch 11/100
2021-09-22 17:50:20,876:INFO: - Val metrics:
correct_num: 0.000; predict_num: 0.000; gold_num: 1113.000; precision: 0.000; recall: 0.000; f1: 0.000
2021-09-22 17:50:31,160:INFO: Epoch 12/100
2021-09-22 17:56:04,108:INFO: - Val metrics:
correct_num: 0.000; predict_num: 0.000; gold_num: 1113.000; precision: 0.000; recall: 0.000; f1: 0.000
2021-09-22 17:56:14,134:INFO: Epoch 13/100
2021-09-22 18:01:47,437:INFO: - Val metrics:
correct_num: 0.000; predict_num: 0.000; gold_num: 1113.000; precision: 0.000; recall: 0.000; f1: 0.000
2021-09-22 18:01:57,492:INFO: Epoch 14/100
2021-09-22 18:07:31,218:INFO: - Val metrics:
correct_num: 0.000; predict_num: 0.000; gold_num: 1113.000; precision: 0.000; recall: 0.000; f1: 0.000
2021-09-22 18:07:41,229:INFO: Epoch 15/100
2021-09-22 18:13:13,790:INFO: - Val metrics:
correct_num: 0.000; predict_num: 0.000; gold_num: 1113.000; precision: 0.000; recall: 0.000; f1: 0.000
2021-09-22 18:13:23,686:INFO: Epoch 16/100
2021-09-22 18:18:56,376:INFO: - Val metrics:
correct_num: 0.000; predict_num: 0.000; gold_num: 1113.000; precision: 0.000; recall: 0.000; f1: 0.000
2021-09-22 18:19:06,379:INFO: Epoch 17/100
2021-09-22 18:24:41,412:INFO: - Val metrics:
correct_num: 0.000; predict_num: 0.000; gold_num: 1113.000; precision: 0.000; recall: 0.000; f1: 0.000
2021-09-22 18:24:51,580:INFO: Epoch 18/100
2021-09-22 18:51:53,547:INFO: Model type:
2021-09-22 18:51:53,547:INFO: device: cuda
2021-09-22 18:51:53,547:INFO: Load pre-train model weights...
2021-09-22 18:51:55,307:INFO: -done
2021-09-22 18:51:55,307:INFO: Starting training for 100 epoch(s)
2021-09-22 18:52:07,462:INFO: Epoch 1/100
2021-09-22 18:57:42,780:INFO: - Val metrics:
correct_num: 312.000; predict_num: 640.000; gold_num: 1113.000; precision: 0.487; recall: 0.280; f1: 0.356
2021-09-22 18:58:01,981:INFO: - Found new best F1
2021-09-22 18:58:01,982:INFO: Epoch 2/100
2021-09-22 19:03:36,110:INFO: - Val metrics:
correct_num: 756.000; predict_num: 1143.000; gold_num: 1113.000; precision: 0.661; recall: 0.679; f1: 0.670
2021-09-22 19:03:55,565:INFO: - Found new best F1
2021-09-22 19:03:55,566:INFO: Epoch 3/100
2021-09-22 19:09:29,124:INFO: - Val metrics:
correct_num: 470.000; predict_num: 695.000; gold_num: 1113.000; precision: 0.676; recall: 0.422; f1: 0.520
2021-09-22 19:09:39,093:INFO: Epoch 4/100
2021-09-22 19:15:11,666:INFO: - Val metrics:
correct_num: 777.000; predict_num: 1134.000; gold_num: 1113.000; precision: 0.685; recall: 0.698; f1: 0.692
2021-09-22 19:15:30,895:INFO: - Found new best F1
2021-09-22 19:15:30,895:INFO: Epoch 5/100
2021-09-22 19:21:03,616:INFO: - Val metrics:
correct_num: 765.000; predict_num: 1256.000; gold_num: 1113.000; precision: 0.609; recall: 0.687; f1: 0.646
2021-09-22 19:21:13,675:INFO: Epoch 6/100
2021-09-22 19:26:46,689:INFO: - Val metrics:
correct_num: 572.000; predict_num: 1131.000; gold_num: 1113.000; precision: 0.506; recall: 0.514; f1: 0.510
2021-09-22 19:27:49,538:INFO: Epoch 7/100
2021-09-22 20:37:01,663:INFO: Model type:
2021-09-22 20:37:01,664:INFO: device: cuda
2021-09-22 20:37:01,664:INFO: Load pre-train model weights...
2021-09-22 20:37:03,421:INFO: -done
2021-09-22 20:37:03,421:INFO: Starting training for 100 epoch(s)
2021-09-22 20:37:12,600:INFO: Epoch 1/100
2021-09-22 20:43:05,405:INFO: - Val metrics:
correct_num: 301.000; predict_num: 498.000; gold_num: 1113.000; precision: 0.604; recall: 0.270; f1: 0.374
2021-09-22 20:43:25,171:INFO: - Found new best F1
2021-09-22 20:43:25,171:INFO: Epoch 2/100
2021-09-22 20:49:20,297:INFO: - Val metrics:
correct_num: 714.000; predict_num: 938.000; gold_num: 1113.000; precision: 0.761; recall: 0.642; f1: 0.696
2021-09-22 20:49:39,298:INFO: - Found new best F1
2021-09-22 20:49:39,298:INFO: Epoch 3/100
2021-09-22 20:55:28,174:INFO: - Val metrics:
correct_num: 422.000; predict_num: 539.000; gold_num: 1113.000; precision: 0.783; recall: 0.379; f1: 0.511
2021-09-22 20:55:38,324:INFO: Epoch 4/100
2021-09-22 21:01:26,397:INFO: - Val metrics:
correct_num: 597.000; predict_num: 752.000; gold_num: 1113.000; precision: 0.794; recall: 0.536; f1: 0.640
2021-09-22 21:01:37,190:INFO: Epoch 5/100
2021-09-22 21:07:11,693:INFO: - Val metrics:
correct_num: 492.000; predict_num: 636.000; gold_num: 1113.000; precision: 0.774; recall: 0.442; f1: 0.563
2021-09-22 21:07:21,991:INFO: Epoch 6/100
2021-09-22 21:18:23,517:INFO: - Val metrics:
correct_num: 317.000; predict_num: 446.000; gold_num: 1113.000; precision: 0.711; recall: 0.285; f1: 0.407
2021-09-22 21:18:36,847:INFO: Epoch 7/100
2021-09-22 21:25:00,436:INFO: - Val metrics:
correct_num: 0.000; predict_num: 0.000; gold_num: 1113.000; precision: 0.000; recall: 0.000; f1: 0.000
2021-09-22 21:25:14,805:INFO: Epoch 8/100
2021-09-22 21:31:41,765:INFO: - Val metrics:
correct_num: 0.000; predict_num: 0.000; gold_num: 1113.000; precision: 0.000; recall: 0.000; f1: 0.000
2021-09-22 21:31:55,413:INFO: Epoch 9/100
2021-09-22 21:38:22,135:INFO: - Val metrics:
correct_num: 0.000; predict_num: 0.000; gold_num: 1113.000; precision: 0.000; recall: 0.000; f1: 0.000
2021-09-22 21:38:36,423:INFO: Epoch 10/100
2021-09-22 21:52:25,597:INFO: Model type:
2021-09-22 21:52:25,598:INFO: device: cuda
2021-09-22 21:52:25,598:INFO: Load pre-train model weights...
2021-09-22 21:52:29,198:INFO: -done
2021-09-22 21:52:29,199:INFO: Starting training for 100 epoch(s)
2021-09-22 21:52:43,280:INFO: Epoch 1/100
2021-09-22 21:53:46,503:INFO: Model type:
2021-09-22 21:53:46,503:INFO: device: cuda
2021-09-22 21:53:46,503:INFO: Load pre-train model weights...
2021-09-22 21:53:50,744:INFO: -done
2021-09-22 21:53:50,744:INFO: Starting training for 100 epoch(s)
2021-09-22 21:54:04,771:INFO: Epoch 1/100
2021-09-22 22:00:34,384:INFO: - Val metrics:
correct_num: 301.000; predict_num: 498.000; gold_num: 1113.000; precision: 0.604; recall: 0.270; f1: 0.374
2021-09-22 22:00:57,469:INFO: - Found new best F1
2021-09-22 22:00:57,470:INFO: Epoch 2/100
2021-09-22 22:07:27,876:INFO: - Val metrics:
correct_num: 714.000; predict_num: 938.000; gold_num: 1113.000; precision: 0.761; recall: 0.642; f1: 0.696
2021-09-22 22:07:49,681:INFO: - Found new best F1
2021-09-22 22:07:49,682:INFO: Epoch 3/100
2021-09-22 22:14:20,100:INFO: - Val metrics:
correct_num: 422.000; predict_num: 539.000; gold_num: 1113.000; precision: 0.783; recall: 0.379; f1: 0.511
2021-09-22 22:14:33,619:INFO: Epoch 4/100
2021-09-22 22:21:04,667:INFO: - Val metrics:
correct_num: 597.000; predict_num: 752.000; gold_num: 1113.000; precision: 0.794; recall: 0.536; f1: 0.640
2021-09-22 22:21:17,978:INFO: Epoch 5/100
2021-09-22 22:27:49,964:INFO: - Val metrics:
correct_num: 492.000; predict_num: 636.000; gold_num: 1113.000; precision: 0.774; recall: 0.442; f1: 0.563
2021-09-22 22:28:03,132:INFO: Epoch 6/100
2021-09-22 22:34:35,547:INFO: - Val metrics:
correct_num: 317.000; predict_num: 446.000; gold_num: 1113.000; precision: 0.711; recall: 0.285; f1: 0.407
2021-09-22 22:34:48,510:INFO: Epoch 7/100
2021-09-23 08:31:25,393:INFO: Model type:
2021-09-23 08:31:25,393:INFO: device: cuda
2021-09-23 08:31:25,393:INFO: Load pre-train model weights...
2021-09-23 08:31:27,091:INFO: -done
2021-09-23 08:31:27,092:INFO: Starting training for 100 epoch(s)
2021-09-23 08:31:35,017:INFO: Epoch 1/100
2021-09-23 12:02:23,086:INFO: Model type:
2021-09-23 12:02:23,087:INFO: device: cuda
2021-09-23 12:02:23,087:INFO: Load pre-train model weights...
2021-09-23 12:02:26,563:INFO: -done
2021-09-23 12:02:26,564:INFO: Starting training for 100 epoch(s)
2021-09-23 12:02:41,649:INFO: Epoch 1/100
2021-09-23 12:02:57,634:INFO: Model type:
2021-09-23 12:02:57,634:INFO: device: cuda
2021-09-23 12:02:57,634:INFO: Load pre-train model weights...
2021-09-23 12:03:00,932:INFO: -done
2021-09-23 12:03:00,932:INFO: Starting training for 100 epoch(s)
2021-09-23 12:03:14,898:INFO: Epoch 1/100
2021-09-23 12:06:22,221:INFO: Model type:
2021-09-23 12:06:22,221:INFO: device: cuda
2021-09-23 12:06:22,222:INFO: Load pre-train model weights...
2021-09-23 12:06:26,438:INFO: -done
2021-09-23 12:06:26,438:INFO: Starting training for 100 epoch(s)
2021-09-23 12:06:40,527:INFO: Epoch 1/100
2021-09-23 12:07:55,048:INFO: Model type:
2021-09-23 12:07:55,048:INFO: device: cuda
2021-09-23 12:07:55,048:INFO: Load pre-train model weights...
2021-09-23 12:07:58,786:INFO: -done
2021-09-23 12:07:58,786:INFO: Starting training for 100 epoch(s)
2021-09-23 12:08:12,904:INFO: Epoch 1/100
2021-09-23 12:09:02,864:INFO: Model type:
2021-09-23 12:09:02,865:INFO: device: cuda
2021-09-23 12:09:02,865:INFO: Load pre-train model weights...
2021-09-23 12:09:06,907:INFO: -done
2021-09-23 12:09:06,907:INFO: Starting training for 100 epoch(s)
2021-09-23 12:09:21,589:INFO: Epoch 1/100
2021-09-23 13:32:57,100:INFO: Model type:
2021-09-23 13:32:57,100:INFO: device: cuda
2021-09-23 13:32:57,100:INFO: Load pre-train model weights...
2021-09-23 13:33:00,886:INFO: -done
2021-09-23 13:33:00,886:INFO: Starting training for 100 epoch(s)
2021-09-23 13:33:15,677:INFO: Epoch 1/100
2021-09-23 13:35:31,939:INFO: Model type:
2021-09-23 13:35:31,939:INFO: device: cuda
2021-09-23 13:35:31,939:INFO: Load pre-train model weights...
2021-09-23 13:35:35,477:INFO: -done
2021-09-23 13:35:35,477:INFO: Starting training for 100 epoch(s)
2021-09-23 13:35:48,595:INFO: Epoch 1/100
2021-09-23 13:44:07,739:INFO: Model type:
2021-09-23 13:44:07,740:INFO: device: cuda
2021-09-23 13:44:07,740:INFO: Load pre-train model weights...
2021-09-23 13:44:11,874:INFO: -done
2021-09-23 13:44:11,875:INFO: Starting training for 100 epoch(s)
2021-09-23 13:44:25,720:INFO: Epoch 1/100
2021-09-23 13:47:21,148:INFO: Model type:
2021-09-23 13:47:21,148:INFO: device: cuda
2021-09-23 13:47:21,148:INFO: Load pre-train model weights...
2021-09-23 13:47:38,788:INFO: Model type:
2021-09-23 13:47:38,788:INFO: device: cuda
2021-09-23 13:47:38,788:INFO: Load pre-train model weights...
2021-09-23 13:47:42,833:INFO: -done
2021-09-23 13:47:42,833:INFO: Starting training for 100 epoch(s)
2021-09-23 13:47:55,918:INFO: Epoch 1/100
2021-09-23 13:54:17,393:INFO: - Val metrics:
correct_num: 87.000; predict_num: 181.000; gold_num: 1113.000; precision: 0.481; recall: 0.078; f1: 0.134
2021-09-23 13:54:38,773:INFO: - Found new best F1
2021-09-23 13:54:38,773:INFO: Epoch 2/100
2021-09-23 14:00:59,091:INFO: - Val metrics:
correct_num: 543.000; predict_num: 694.000; gold_num: 1113.000; precision: 0.782; recall: 0.488; f1: 0.601
2021-09-23 14:01:21,500:INFO: - Found new best F1
2021-09-23 14:01:21,500:INFO: Epoch 3/100
2021-09-23 14:07:44,259:INFO: - Val metrics:
correct_num: 767.000; predict_num: 975.000; gold_num: 1113.000; precision: 0.787; recall: 0.689; f1: 0.735
2021-09-23 14:08:07,360:INFO: - Found new best F1
2021-09-23 14:08:07,360:INFO: Epoch 4/100
2021-09-23 14:14:27,943:INFO: - Val metrics:
correct_num: 695.000; predict_num: 954.000; gold_num: 1113.000; precision: 0.729; recall: 0.624; f1: 0.672
2021-09-23 14:14:41,641:INFO: Epoch 5/100
2021-09-23 14:21:02,207:INFO: - Val metrics:
correct_num: 432.000; predict_num: 551.000; gold_num: 1113.000; precision: 0.784; recall: 0.388; f1: 0.519
2021-09-23 14:21:15,709:INFO: Epoch 6/100
2021-09-23 14:27:52,513:INFO: - Val metrics:
correct_num: 669.000; predict_num: 10727.000; gold_num: 1113.000; precision: 0.062; recall: 0.601; f1: 0.113
2021-09-23 14:32:33,311:INFO: Model type:
2021-09-23 14:32:33,311:INFO: device: cuda
2021-09-23 14:32:33,311:INFO: Load pre-train model weights...
2021-09-23 14:32:37,101:INFO: -done
2021-09-23 14:32:37,102:INFO: Starting training for 100 epoch(s)
2021-09-23 14:32:51,040:INFO: Epoch 1/100
2021-09-23 14:32:56,118:INFO: Model type:
2021-09-23 14:32:56,119:INFO: device: cuda
2021-09-23 14:32:56,119:INFO: Load pre-train model weights...
2021-09-23 14:33:00,039:INFO: -done
2021-09-23 14:33:00,039:INFO: Starting training for 100 epoch(s)
2021-09-23 14:33:13,747:INFO: Epoch 1/100
2021-09-23 14:39:17,387:INFO: - Val metrics:
correct_num: 338.000; predict_num: 613.000; gold_num: 1113.000; precision: 0.551; recall: 0.304; f1: 0.392
2021-09-23 14:39:38,634:INFO: - Found new best F1
2021-09-23 14:39:38,635:INFO: Epoch 2/100
2021-09-23 14:45:43,508:INFO: - Val metrics:
correct_num: 710.000; predict_num: 888.000; gold_num: 1113.000; precision: 0.800; recall: 0.638; f1: 0.710
2021-09-23 14:46:05,345:INFO: - Found new best F1
2021-09-23 14:46:05,345:INFO: Epoch 3/100
2021-09-23 14:52:08,191:INFO: - Val metrics:
correct_num: 847.000; predict_num: 1019.000; gold_num: 1113.000; precision: 0.831; recall: 0.761; f1: 0.795
2021-09-23 14:52:28,285:INFO: - Found new best F1
2021-09-23 14:52:28,286:INFO: Epoch 4/100
2021-09-23 14:58:35,819:INFO: - Val metrics:
correct_num: 924.000; predict_num: 1063.000; gold_num: 1113.000; precision: 0.869; recall: 0.830; f1: 0.849
2021-09-23 14:58:58,138:INFO: - Found new best F1
2021-09-23 14:58:58,138:INFO: Epoch 5/100
2021-09-23 15:05:08,932:INFO: - Val metrics:
correct_num: 892.000; predict_num: 1016.000; gold_num: 1113.000; precision: 0.878; recall: 0.801; f1: 0.838
2021-09-23 15:05:22,302:INFO: Epoch 6/100
2021-09-23 15:11:33,208:INFO: - Val metrics:
correct_num: 902.000; predict_num: 1017.000; gold_num: 1113.000; precision: 0.887; recall: 0.810; f1: 0.847
2021-09-23 15:11:46,742:INFO: Epoch 7/100
2021-09-23 15:17:57,222:INFO: - Val metrics:
correct_num: 903.000; predict_num: 1006.000; gold_num: 1113.000; precision: 0.898; recall: 0.811; f1: 0.852
2021-09-23 15:18:20,267:INFO: - Found new best F1
2021-09-23 15:18:20,268:INFO: Epoch 8/100
2021-09-23 15:24:32,400:INFO: - Val metrics:
correct_num: 938.000; predict_num: 1045.000; gold_num: 1113.000; precision: 0.898; recall: 0.843; f1: 0.869
2021-09-23 15:24:56,023:INFO: - Found new best F1
2021-09-23 15:24:56,024:INFO: Epoch 9/100
2021-09-23 15:31:06,463:INFO: - Val metrics:
correct_num: 909.000; predict_num: 1044.000; gold_num: 1113.000; precision: 0.871; recall: 0.817; f1: 0.843
2021-09-23 15:31:19,945:INFO: Epoch 10/100
2021-09-23 15:37:31,639:INFO: - Val metrics:
correct_num: 949.000; predict_num: 1124.000; gold_num: 1113.000; precision: 0.844; recall: 0.853; f1: 0.848
2021-09-23 15:37:44,302:INFO: Epoch 11/100
2021-09-23 15:43:55,232:INFO: - Val metrics:
correct_num: 886.000; predict_num: 968.000; gold_num: 1113.000; precision: 0.915; recall: 0.796; f1: 0.852
2021-09-23 15:44:07,998:INFO: Epoch 12/100
2021-09-23 15:50:20,310:INFO: - Val metrics:
correct_num: 933.000; predict_num: 1032.000; gold_num: 1113.000; precision: 0.904; recall: 0.838; f1: 0.870
2021-09-23 15:50:43,315:INFO: - Found new best F1
2021-09-23 15:50:43,315:INFO: Epoch 13/100
2021-09-23 15:56:56,830:INFO: - Val metrics:
correct_num: 934.000; predict_num: 1078.000; gold_num: 1113.000; precision: 0.866; recall: 0.839; f1: 0.853
2021-09-23 15:57:09,945:INFO: Epoch 14/100
2021-09-23 16:03:23,736:INFO: - Val metrics:
correct_num: 962.000; predict_num: 1072.000; gold_num: 1113.000; precision: 0.897; recall: 0.864; f1: 0.881
2021-09-23 16:03:46,193:INFO: - Found new best F1
2021-09-23 16:03:46,193:INFO: Epoch 15/100
2021-09-23 16:09:57,994:INFO: - Val metrics:
correct_num: 934.000; predict_num: 1025.000; gold_num: 1113.000; precision: 0.911; recall: 0.839; f1: 0.874
2021-09-23 16:10:11,346:INFO: Epoch 16/100
2021-09-23 16:16:24,620:INFO: - Val metrics:
correct_num: 950.000; predict_num: 1056.000; gold_num: 1113.000; precision: 0.900; recall: 0.854; f1: 0.876
2021-09-23 16:16:37,308:INFO: Epoch 17/100
2021-09-23 16:22:50,351:INFO: - Val metrics:
correct_num: 928.000; predict_num: 1019.000; gold_num: 1113.000; precision: 0.911; recall: 0.834; f1: 0.871
2021-09-23 16:23:03,701:INFO: Epoch 18/100
2021-09-23 16:29:15,412:INFO: - Val metrics:
correct_num: 992.000; predict_num: 1106.000; gold_num: 1113.000; precision: 0.897; recall: 0.891; f1: 0.894
2021-09-23 16:29:37,787:INFO: - Found new best F1
2021-09-23 16:29:37,787:INFO: Epoch 19/100
2021-09-23 16:35:51,389:INFO: - Val metrics:
correct_num: 921.000; predict_num: 1034.000; gold_num: 1113.000; precision: 0.891; recall: 0.827; f1: 0.858
2021-09-23 16:36:04,796:INFO: Epoch 20/100
2021-09-23 16:42:20,520:INFO: - Val metrics:
correct_num: 989.000; predict_num: 1123.000; gold_num: 1113.000; precision: 0.881; recall: 0.889; f1: 0.885
2021-09-23 16:42:33,554:INFO: Epoch 21/100
2021-09-23 16:48:49,237:INFO: - Val metrics:
correct_num: 953.000; predict_num: 1053.000; gold_num: 1113.000; precision: 0.905; recall: 0.856; f1: 0.880
2021-09-23 16:49:03,418:INFO: Epoch 22/100
2021-09-23 16:55:04,699:INFO: - Val metrics:
correct_num: 991.000; predict_num: 1097.000; gold_num: 1113.000; precision: 0.903; recall: 0.890; f1: 0.897
2021-09-23 16:55:26,667:INFO: - Found new best F1
2021-09-23 16:55:26,667:INFO: Epoch 23/100
2021-09-23 17:01:23,080:INFO: - Val metrics:
correct_num: 975.000; predict_num: 1073.000; gold_num: 1113.000; precision: 0.909; recall: 0.876; f1: 0.892
2021-09-23 17:01:35,939:INFO: Epoch 24/100
2021-09-23 17:07:31,780:INFO: - Val metrics:
correct_num: 969.000; predict_num: 1080.000; gold_num: 1113.000; precision: 0.897; recall: 0.871; f1: 0.884
2021-09-23 17:07:45,456:INFO: Epoch 25/100
2021-09-23 17:13:45,293:INFO: - Val metrics:
correct_num: 998.000; predict_num: 1102.000; gold_num: 1113.000; precision: 0.906; recall: 0.897; f1: 0.901
2021-09-23 17:14:06,539:INFO: - Found new best F1
2021-09-23 17:14:06,539:INFO: Epoch 26/100
2021-09-23 17:20:04,642:INFO: - Val metrics:
correct_num: 989.000; predict_num: 1120.000; gold_num: 1113.000; precision: 0.883; recall: 0.889; f1: 0.886
2021-09-23 17:20:17,861:INFO: Epoch 27/100
2021-09-23 17:26:15,365:INFO: - Val metrics:
correct_num: 1007.000; predict_num: 1121.000; gold_num: 1113.000; precision: 0.898; recall: 0.905; f1: 0.902
2021-09-23 17:26:36,940:INFO: - Found new best F1
2021-09-23 17:26:36,941:INFO: Epoch 28/100
2021-09-23 17:32:34,343:INFO: - Val metrics:
correct_num: 990.000; predict_num: 1088.000; gold_num: 1113.000; precision: 0.910; recall: 0.889; f1: 0.900
2021-09-23 17:32:47,597:INFO: Epoch 29/100
2021-09-23 17:38:46,365:INFO: - Val metrics:
correct_num: 942.000; predict_num: 1046.000; gold_num: 1113.000; precision: 0.901; recall: 0.846; f1: 0.873
2021-09-23 17:38:58,975:INFO: Epoch 30/100
2021-09-23 17:44:57,553:INFO: - Val metrics:
correct_num: 987.000; predict_num: 1087.000; gold_num: 1113.000; precision: 0.908; recall: 0.887; f1: 0.897
2021-09-23 17:45:10,570:INFO: Epoch 31/100
2021-09-23 17:51:09,277:INFO: - Val metrics:
correct_num: 998.000; predict_num: 1084.000; gold_num: 1113.000; precision: 0.921; recall: 0.897; f1: 0.909
2021-09-23 17:51:30,912:INFO: - Found new best F1
2021-09-23 17:51:30,912:INFO: Epoch 32/100
2021-09-23 17:57:29,974:INFO: - Val metrics:
correct_num: 995.000; predict_num: 1113.000; gold_num: 1113.000; precision: 0.894; recall: 0.894; f1: 0.894
2021-09-23 17:57:42,737:INFO: Epoch 33/100
2021-09-23 18:03:41,945:INFO: - Val metrics:
correct_num: 993.000; predict_num: 1114.000; gold_num: 1113.000; precision: 0.891; recall: 0.892; f1: 0.892
2021-09-23 18:03:54,365:INFO: Epoch 34/100
2021-09-23 18:09:53,786:INFO: - Val metrics:
correct_num: 992.000; predict_num: 1085.000; gold_num: 1113.000; precision: 0.914; recall: 0.891; f1: 0.903
2021-09-23 18:10:05,998:INFO: Epoch 35/100
2021-09-23 18:16:03,754:INFO: - Val metrics:
correct_num: 980.000; predict_num: 1068.000; gold_num: 1113.000; precision: 0.918; recall: 0.881; f1: 0.899
2021-09-23 18:16:16,978:INFO: Epoch 36/100
2021-09-23 18:22:14,352:INFO: - Val metrics:
correct_num: 995.000; predict_num: 1089.000; gold_num: 1113.000; precision: 0.914; recall: 0.894; f1: 0.904
2021-09-23 18:22:27,468:INFO: Epoch 37/100
2021-09-23 18:28:27,138:INFO: - Val metrics:
correct_num: 991.000; predict_num: 1063.000; gold_num: 1113.000; precision: 0.932; recall: 0.890; f1: 0.911
2021-09-23 18:28:49,949:INFO: - Found new best F1
2021-09-23 18:28:49,950:INFO: Epoch 38/100
2021-09-23 18:34:57,262:INFO: - Val metrics:
correct_num: 970.000; predict_num: 1053.000; gold_num: 1113.000; precision: 0.921; recall: 0.872; f1: 0.896
2021-09-23 18:35:11,707:INFO: Epoch 39/100
2021-09-23 18:41:17,619:INFO: - Val metrics:
correct_num: 996.000; predict_num: 1090.000; gold_num: 1113.000; precision: 0.914; recall: 0.895; f1: 0.904
2021-09-23 18:41:31,070:INFO: Epoch 40/100
2021-09-23 18:47:37,500:INFO: - Val metrics:
correct_num: 1009.000; predict_num: 1104.000; gold_num: 1113.000; precision: 0.914; recall: 0.907; f1: 0.910
2021-09-23 18:47:50,662:INFO: Epoch 41/100
2021-09-23 18:53:56,838:INFO: - Val metrics:
correct_num: 983.000; predict_num: 1070.000; gold_num: 1113.000; precision: 0.919; recall: 0.883; f1: 0.901
2021-09-23 18:54:09,805:INFO: Epoch 42/100
2021-09-23 19:00:16,795:INFO: - Val metrics:
correct_num: 1000.000; predict_num: 1090.000; gold_num: 1113.000; precision: 0.917; recall: 0.898; f1: 0.908
2021-09-23 19:00:27,794:INFO: Epoch 43/100
2021-09-23 19:06:35,218:INFO: - Val metrics:
correct_num: 978.000; predict_num: 1066.000; gold_num: 1113.000; precision: 0.917; recall: 0.879; f1: 0.898
2021-09-23 19:06:49,371:INFO: Epoch 44/100
2021-09-23 19:12:56,770:INFO: - Val metrics:
correct_num: 1002.000; predict_num: 1102.000; gold_num: 1113.000; precision: 0.909; recall: 0.900; f1: 0.905
2021-09-23 19:13:09,311:INFO: Epoch 45/100
2021-09-23 19:19:17,639:INFO: - Val metrics:
correct_num: 958.000; predict_num: 1060.000; gold_num: 1113.000; precision: 0.904; recall: 0.861; f1: 0.882
2021-09-23 19:19:30,768:INFO: Epoch 46/100
2021-09-23 19:25:36,851:INFO: - Val metrics:
correct_num: 1008.000; predict_num: 1097.000; gold_num: 1113.000; precision: 0.919; recall: 0.906; f1: 0.912
2021-09-23 19:25:57,992:INFO: - Found new best F1
2021-09-23 19:25:57,992:INFO: Epoch 47/100
2021-09-23 19:32:05,618:INFO: - Val metrics:
correct_num: 986.000; predict_num: 1082.000; gold_num: 1113.000; precision: 0.911; recall: 0.886; f1: 0.898
2021-09-23 19:32:18,901:INFO: Epoch 48/100
2021-09-23 19:38:27,253:INFO: - Val metrics:
correct_num: 1003.000; predict_num: 1084.000; gold_num: 1113.000; precision: 0.925; recall: 0.901; f1: 0.913
2021-09-23 19:38:49,147:INFO: - Found new best F1
2021-09-23 19:38:49,148:INFO: Epoch 49/100
2021-09-23 19:44:56,630:INFO: - Val metrics:
correct_num: 1000.000; predict_num: 1092.000; gold_num: 1113.000; precision: 0.916; recall: 0.898; f1: 0.907
2021-09-23 19:45:10,249:INFO: Epoch 50/100
2021-09-29 21:20:55,172:INFO: Model type:
2021-09-29 21:20:55,174:INFO: device: cuda
2021-09-29 21:20:55,174:INFO: Load pre-train model weights...
2021-09-29 21:21:00,315:INFO: -done
2021-09-29 21:21:00,315:INFO: Starting training for 100 epoch(s)
2021-09-29 21:21:26,147:INFO: Epoch 1/100
2021-09-29 21:27:36,029:INFO: - Val metrics:
correct_num: 397.000; predict_num: 602.000; gold_num: 1113.000; precision: 0.659; recall: 0.357; f1: 0.463
2021-09-29 21:27:58,113:INFO: - Found new best F1
2021-09-29 21:27:58,114:INFO: Epoch 2/100
2021-09-29 21:34:11,546:INFO: - Val metrics:
correct_num: 773.000; predict_num: 995.000; gold_num: 1113.000; precision: 0.777; recall: 0.695; f1: 0.733
2021-09-29 21:34:33,142:INFO: - Found new best F1
2021-09-29 21:34:33,142:INFO: Epoch 3/100
2021-10-01 19:26:33,376:INFO: Model type:
2021-10-01 19:26:33,376:INFO: device: cuda
2021-10-01 19:26:33,376:INFO: Load pre-train model weights...
2021-10-01 19:26:48,690:INFO: Model type:
2021-10-01 19:26:48,690:INFO: device: cuda
2021-10-01 19:26:48,691:INFO: Load pre-train model weights...
2021-10-01 19:26:50,925:INFO: -done
2021-10-01 19:26:50,926:INFO: Starting training for 100 epoch(s)
2021-10-01 19:27:01,917:INFO: Epoch 1/100
2021-10-01 21:31:00,804:INFO: 
Running with the following configs:
 >> seed : 2020
 >> ex_index : debug
 >> corpus_type : WebNLG-star
 >> device_id : 0
 >> epoch_num : 100
 >> multi_gpu : False
 >> restore_file : None
 >> corres_threshold : 0.5
 >> rel_threshold : 0.5
 >> emb_fusion : concat
 >> ensure_cross : none
 >> ensure_rel : default
 >> ensure_corres : default
 >> num_negs : 4


2021-10-29 20:30:19,947:INFO: 
Running with the following configs:
 >> seed : 2021
 >> ex_index : debug
 >> corpus_type : WebNLG
 >> device_id : 1
 >> epoch_num : 10
 >> multi_gpu : False
 >> restore_file : None
 >> corres_threshold : 0.5
 >> rel_threshold : 0.5
 >> emb_fusion : concat
 >> ensure_cross : none
 >> ensure_rel : default
 >> ensure_corres : default
 >> use_symmetries : none
 >> sent_rels : none
 >> sent_attn : none
 >> cross_data : 2
 >> num_negs : 4


2021-10-29 20:30:19,948:INFO: Params: 
 >> bert_model_dir: ../Bert/bert-base-cased
 >> n_gpu: 4
 >> max_seq_length: 100
 >> data_cache: False
 >> train_batch_size: 6
 >> val_batch_size: 24
 >> test_batch_size: 24
 >> seq_tag_size: 3
 >> rel_num: 216
 >> min_epoch_num: 20
 >> patience: 1e-05
 >> patience_num: 100
 >> fin_tuning_lr: 0.0001
 >> downs_en_lr: 0.001
 >> clip_grad: 2.0
 >> drop_prob: 0.3
 >> weight_decay_rate: 0.01
 >> warmup_prop: 0.1
 >> gradient_accumulation_steps: 2

2021-10-29 20:30:19,954:INFO: Model type:
2021-10-29 20:30:19,954:INFO: device: cuda
2021-10-29 20:30:19,954:INFO: Load pre-train model weights...
2021-10-29 20:30:19,965:INFO: loading configuration file ../Bert/bert-base-cased/config.json
2021-10-29 20:30:19,967:INFO: Model config BertConfig {
  "architectures": [
    "BertForMaskedLM"
  ],
  "attention_probs_dropout_prob": 0.1,
  "bos_token_id": null,
  "do_sample": false,
  "eos_token_ids": null,
  "finetuning_task": null,
  "gradient_checkpointing": false,
  "hidden_act": "gelu",
  "hidden_dropout_prob": 0.1,
  "hidden_size": 768,
  "id2label": {
    "0": "LABEL_0",
    "1": "LABEL_1"
  },
  "initializer_range": 0.02,
  "intermediate_size": 3072,
  "is_decoder": false,
  "label2id": {
    "LABEL_0": 0,
    "LABEL_1": 1
  },
  "layer_norm_eps": 1e-12,
  "length_penalty": 1.0,
  "max_length": 20,
  "max_position_embeddings": 512,
  "model_type": "bert",
  "num_attention_heads": 12,
  "num_beams": 1,
  "num_hidden_layers": 12,
  "num_labels": 2,
  "num_return_sequences": 1,
  "output_attentions": false,
  "output_hidden_states": false,
  "output_past": true,
  "pad_token_id": 0,
  "position_embedding_type": "absolute",
  "pruned_heads": {},
  "repetition_penalty": 1.0,
  "temperature": 1.0,
  "top_k": 50,
  "top_p": 1.0,
  "torchscript": false,
  "transformers_version": "4.6.0.dev0",
  "type_vocab_size": 2,
  "use_bfloat16": false,
  "use_cache": true,
  "vocab_size": 28996
}

2021-10-29 20:30:19,967:INFO: loading weights file ../Bert/bert-base-cased/pytorch_model.bin
2021-10-29 20:30:24,883:INFO: -done
2021-10-29 20:30:24,883:INFO: Starting training for 10 epoch(s)
