2021-10-22 06:12:12,149:INFO: 
Running with the following configs:
 >> seed : 2021
 >> ex_index : 2021-10-22_06-12-07
 >> corpus_type : WebNLG
 >> device_id : 0
 >> epoch_num : 150
 >> multi_gpu : False
 >> restore_file : None
 >> corres_threshold : 0.5
 >> rel_threshold : 0.5
 >> emb_fusion : concat
 >> ensure_cross : none
 >> ensure_rel : default
 >> ensure_corres : default
 >> use_symmetries : symmetries
 >> sent_rels : none
 >> sent_attn : none
 >> num_negs : 4


2021-10-22 06:12:12,149:INFO: Params: 
 >> bert_model_dir: ../Bert/bert-base-cased
 >> n_gpu: 2
 >> max_seq_length: 100
 >> data_cache: False
 >> train_batch_size: 8
 >> val_batch_size: 24
 >> test_batch_size: 64
 >> seq_tag_size: 3
 >> rel_num: 216
 >> min_epoch_num: 20
 >> patience: 1e-05
 >> patience_num: 100
 >> fin_tuning_lr: 0.0001
 >> downs_en_lr: 0.001
 >> clip_grad: 2.0
 >> drop_prob: 0.3
 >> weight_decay_rate: 0.01
 >> warmup_prop: 0.1
 >> gradient_accumulation_steps: 2

2021-10-22 06:12:12,151:INFO: Model type:
2021-10-22 06:12:12,151:INFO: device: cuda
2021-10-22 06:12:12,151:INFO: Load pre-train model weights...
2021-10-22 06:12:14,001:INFO: -done
2021-10-22 06:12:14,001:INFO: Starting training for 150 epoch(s)
2021-10-22 06:12:20,614:INFO: Epoch 1/150
2021-10-22 06:16:34,884:INFO: loss=0.511, loss_seq=0.294, loss_mat=0.059, loss_rel=0.158
2021-10-22 06:16:35,952:INFO: - Val metrics:
correct_num: 26.000; predict_num: 83.000; gold_num: 1223.000; precision: 0.313; recall: 0.021; f1: 0.040
2021-10-22 06:16:38,056:INFO: - Found new best F1
2021-10-22 06:16:38,056:INFO: Epoch 2/150
2021-10-22 06:20:54,053:INFO: loss=0.155, loss_seq=0.103, loss_mat=0.009, loss_rel=0.043
2021-10-22 06:20:55,175:INFO: - Val metrics:
correct_num: 378.000; predict_num: 640.000; gold_num: 1223.000; precision: 0.591; recall: 0.309; f1: 0.406
2021-10-22 06:21:04,168:INFO: - Found new best F1
2021-10-22 06:21:04,168:INFO: Epoch 3/150
2021-10-22 06:25:17,981:INFO: loss=0.084, loss_seq=0.053, loss_mat=0.006, loss_rel=0.025
2021-10-22 06:25:19,092:INFO: - Val metrics:
correct_num: 555.000; predict_num: 833.000; gold_num: 1223.000; precision: 0.666; recall: 0.454; f1: 0.540
2021-10-22 06:25:27,823:INFO: - Found new best F1
2021-10-22 06:25:27,823:INFO: Epoch 4/150
2021-10-22 06:29:41,778:INFO: loss=0.055, loss_seq=0.035, loss_mat=0.004, loss_rel=0.016
2021-10-22 06:29:42,896:INFO: - Val metrics:
correct_num: 755.000; predict_num: 1030.000; gold_num: 1223.000; precision: 0.733; recall: 0.617; f1: 0.670
2021-10-22 06:29:51,531:INFO: - Found new best F1
2021-10-22 06:29:51,532:INFO: Epoch 5/150
2021-10-22 06:34:05,795:INFO: loss=0.041, loss_seq=0.027, loss_mat=0.003, loss_rel=0.012
2021-10-22 06:34:06,931:INFO: - Val metrics:
correct_num: 792.000; predict_num: 1013.000; gold_num: 1223.000; precision: 0.782; recall: 0.648; f1: 0.708
2021-10-22 06:34:15,495:INFO: - Found new best F1
2021-10-22 06:34:15,495:INFO: Epoch 6/150
2021-10-22 06:38:29,117:INFO: loss=0.034, loss_seq=0.023, loss_mat=0.002, loss_rel=0.009
2021-10-22 06:38:30,250:INFO: - Val metrics:
correct_num: 886.000; predict_num: 1126.000; gold_num: 1223.000; precision: 0.787; recall: 0.724; f1: 0.754
2021-10-22 06:38:38,969:INFO: - Found new best F1
2021-10-22 06:38:38,969:INFO: Epoch 7/150
2021-10-22 06:42:53,291:INFO: loss=0.029, loss_seq=0.020, loss_mat=0.002, loss_rel=0.007
2021-10-22 06:42:54,413:INFO: - Val metrics:
correct_num: 884.000; predict_num: 1133.000; gold_num: 1223.000; precision: 0.780; recall: 0.723; f1: 0.750
2021-10-22 06:42:59,155:INFO: Epoch 8/150
2021-10-22 06:47:13,165:INFO: loss=0.026, loss_seq=0.018, loss_mat=0.002, loss_rel=0.006
2021-10-22 06:47:14,304:INFO: - Val metrics:
correct_num: 940.000; predict_num: 1182.000; gold_num: 1223.000; precision: 0.795; recall: 0.769; f1: 0.782
2021-10-22 06:47:23,123:INFO: - Found new best F1
2021-10-22 06:47:23,124:INFO: Epoch 9/150
2021-10-22 06:51:37,472:INFO: loss=0.028, loss_seq=0.021, loss_mat=0.002, loss_rel=0.005
2021-10-22 06:51:38,599:INFO: - Val metrics:
correct_num: 906.000; predict_num: 1112.000; gold_num: 1223.000; precision: 0.815; recall: 0.741; f1: 0.776
2021-10-22 06:51:43,504:INFO: Epoch 10/150
2021-10-22 06:55:57,801:INFO: loss=0.027, loss_seq=0.020, loss_mat=0.002, loss_rel=0.005
2021-10-22 06:55:58,938:INFO: - Val metrics:
correct_num: 952.000; predict_num: 1156.000; gold_num: 1223.000; precision: 0.824; recall: 0.778; f1: 0.800
2021-10-22 06:56:08,124:INFO: - Found new best F1
2021-10-22 06:56:08,124:INFO: Epoch 11/150
2021-10-22 07:00:21,167:INFO: loss=0.026, loss_seq=0.020, loss_mat=0.002, loss_rel=0.004
2021-10-22 07:00:22,303:INFO: - Val metrics:
correct_num: 903.000; predict_num: 1141.000; gold_num: 1223.000; precision: 0.791; recall: 0.738; f1: 0.764
2021-10-22 07:00:27,101:INFO: Epoch 12/150
2021-10-22 07:04:41,172:INFO: loss=0.024, loss_seq=0.018, loss_mat=0.002, loss_rel=0.004
2021-10-22 07:04:42,290:INFO: - Val metrics:
correct_num: 916.000; predict_num: 1118.000; gold_num: 1223.000; precision: 0.819; recall: 0.749; f1: 0.783
2021-10-22 07:04:47,187:INFO: Epoch 13/150
2021-10-22 07:09:01,320:INFO: loss=0.021, loss_seq=0.016, loss_mat=0.001, loss_rel=0.004
2021-10-22 07:09:02,470:INFO: - Val metrics:
correct_num: 897.000; predict_num: 1174.000; gold_num: 1223.000; precision: 0.764; recall: 0.733; f1: 0.748
2021-10-22 07:09:07,377:INFO: Epoch 14/150
2021-10-22 07:13:21,544:INFO: loss=0.028, loss_seq=0.022, loss_mat=0.002, loss_rel=0.005
2021-10-22 07:13:22,676:INFO: - Val metrics:
correct_num: 977.000; predict_num: 1192.000; gold_num: 1223.000; precision: 0.820; recall: 0.799; f1: 0.809
2021-10-22 07:13:31,299:INFO: - Found new best F1
2021-10-22 07:13:31,299:INFO: Epoch 15/150
2021-10-22 07:17:45,705:INFO: loss=0.026, loss_seq=0.020, loss_mat=0.002, loss_rel=0.004
2021-10-22 07:17:46,844:INFO: - Val metrics:
correct_num: 942.000; predict_num: 1134.000; gold_num: 1223.000; precision: 0.831; recall: 0.770; f1: 0.799
2021-10-22 07:17:51,660:INFO: Epoch 16/150
2021-10-22 07:22:05,536:INFO: loss=0.025, loss_seq=0.020, loss_mat=0.002, loss_rel=0.004
2021-10-22 07:22:06,669:INFO: - Val metrics:
correct_num: 934.000; predict_num: 1157.000; gold_num: 1223.000; precision: 0.807; recall: 0.764; f1: 0.785
2021-10-22 07:22:11,558:INFO: Epoch 17/150
2021-10-22 07:26:25,625:INFO: loss=0.022, loss_seq=0.017, loss_mat=0.002, loss_rel=0.004
2021-10-22 07:26:26,759:INFO: - Val metrics:
correct_num: 959.000; predict_num: 1161.000; gold_num: 1223.000; precision: 0.826; recall: 0.784; f1: 0.805
2021-10-22 07:26:31,683:INFO: Epoch 18/150
2021-10-22 07:30:45,648:INFO: loss=0.019, loss_seq=0.015, loss_mat=0.001, loss_rel=0.003
2021-10-22 07:30:46,777:INFO: - Val metrics:
correct_num: 932.000; predict_num: 1122.000; gold_num: 1223.000; precision: 0.831; recall: 0.762; f1: 0.795
2021-10-22 07:30:51,527:INFO: Epoch 19/150
2021-10-22 07:35:06,575:INFO: loss=0.018, loss_seq=0.014, loss_mat=0.001, loss_rel=0.003
2021-10-22 07:35:07,709:INFO: - Val metrics:
correct_num: 927.000; predict_num: 1145.000; gold_num: 1223.000; precision: 0.810; recall: 0.758; f1: 0.783
2021-10-22 07:35:12,548:INFO: Epoch 20/150
2021-10-22 07:39:27,202:INFO: loss=0.023, loss_seq=0.019, loss_mat=0.001, loss_rel=0.003
2021-10-22 07:39:28,320:INFO: - Val metrics:
correct_num: 963.000; predict_num: 1162.000; gold_num: 1223.000; precision: 0.829; recall: 0.787; f1: 0.808
2021-10-22 07:39:33,131:INFO: Epoch 21/150
2021-10-22 07:43:47,886:INFO: loss=0.019, loss_seq=0.015, loss_mat=0.001, loss_rel=0.003
2021-10-22 07:43:49,025:INFO: - Val metrics:
correct_num: 964.000; predict_num: 1167.000; gold_num: 1223.000; precision: 0.826; recall: 0.788; f1: 0.807
2021-10-22 07:43:53,762:INFO: Epoch 22/150
2021-10-22 07:48:08,474:INFO: loss=0.020, loss_seq=0.016, loss_mat=0.001, loss_rel=0.003
2021-10-22 07:48:09,604:INFO: - Val metrics:
correct_num: 930.000; predict_num: 1150.000; gold_num: 1223.000; precision: 0.809; recall: 0.760; f1: 0.784
2021-10-22 07:48:14,319:INFO: Epoch 23/150
2021-10-22 07:52:28,805:INFO: loss=0.019, loss_seq=0.015, loss_mat=0.001, loss_rel=0.003
2021-10-22 07:52:29,934:INFO: - Val metrics:
correct_num: 967.000; predict_num: 1155.000; gold_num: 1223.000; precision: 0.837; recall: 0.791; f1: 0.813
2021-10-22 07:52:38,750:INFO: - Found new best F1
2021-10-22 07:52:38,751:INFO: Epoch 24/150
2021-10-22 07:56:53,299:INFO: loss=0.015, loss_seq=0.012, loss_mat=0.001, loss_rel=0.002
2021-10-22 07:56:54,457:INFO: - Val metrics:
correct_num: 942.000; predict_num: 1171.000; gold_num: 1223.000; precision: 0.804; recall: 0.770; f1: 0.787
2021-10-22 07:56:59,480:INFO: Epoch 25/150
2021-10-22 08:01:13,884:INFO: loss=0.016, loss_seq=0.013, loss_mat=0.001, loss_rel=0.002
2021-10-22 08:01:15,021:INFO: - Val metrics:
correct_num: 973.000; predict_num: 1202.000; gold_num: 1223.000; precision: 0.809; recall: 0.796; f1: 0.802
2021-10-22 08:01:19,802:INFO: Epoch 26/150
2021-10-22 08:05:33,466:INFO: loss=0.016, loss_seq=0.013, loss_mat=0.001, loss_rel=0.002
2021-10-22 08:05:34,581:INFO: - Val metrics:
correct_num: 948.000; predict_num: 1139.000; gold_num: 1223.000; precision: 0.832; recall: 0.775; f1: 0.803
2021-10-22 08:05:39,361:INFO: Epoch 27/150
2021-10-22 08:09:53,901:INFO: loss=0.015, loss_seq=0.012, loss_mat=0.001, loss_rel=0.002
2021-10-22 08:09:55,033:INFO: - Val metrics:
correct_num: 968.000; predict_num: 1180.000; gold_num: 1223.000; precision: 0.820; recall: 0.791; f1: 0.806
2021-10-22 08:09:59,915:INFO: Epoch 28/150
2021-10-22 08:14:13,996:INFO: loss=0.016, loss_seq=0.012, loss_mat=0.001, loss_rel=0.002
2021-10-22 08:14:15,133:INFO: - Val metrics:
correct_num: 981.000; predict_num: 1181.000; gold_num: 1223.000; precision: 0.831; recall: 0.802; f1: 0.816
2021-10-22 08:14:23,765:INFO: - Found new best F1
2021-10-22 08:14:23,765:INFO: Epoch 29/150
2021-10-22 08:18:37,587:INFO: loss=0.021, loss_seq=0.017, loss_mat=0.001, loss_rel=0.003
2021-10-22 08:18:38,705:INFO: - Val metrics:
correct_num: 922.000; predict_num: 1148.000; gold_num: 1223.000; precision: 0.803; recall: 0.754; f1: 0.778
2021-10-22 08:18:43,436:INFO: Epoch 30/150
2021-10-22 08:22:57,821:INFO: loss=0.015, loss_seq=0.012, loss_mat=0.001, loss_rel=0.002
2021-10-22 08:22:58,955:INFO: - Val metrics:
correct_num: 980.000; predict_num: 1162.000; gold_num: 1223.000; precision: 0.843; recall: 0.801; f1: 0.822
2021-10-22 08:23:07,547:INFO: - Found new best F1
2021-10-22 08:23:07,547:INFO: Epoch 31/150
2021-10-22 08:27:21,416:INFO: loss=0.016, loss_seq=0.012, loss_mat=0.001, loss_rel=0.002
2021-10-22 08:27:22,555:INFO: - Val metrics:
correct_num: 953.000; predict_num: 1122.000; gold_num: 1223.000; precision: 0.849; recall: 0.779; f1: 0.813
2021-10-22 08:27:27,335:INFO: Epoch 32/150
2021-10-22 08:31:41,343:INFO: loss=0.012, loss_seq=0.009, loss_mat=0.001, loss_rel=0.002
2021-10-22 08:31:42,469:INFO: - Val metrics:
correct_num: 1021.000; predict_num: 1188.000; gold_num: 1223.000; precision: 0.859; recall: 0.835; f1: 0.847
2021-10-22 08:31:50,839:INFO: - Found new best F1
2021-10-22 08:31:50,839:INFO: Epoch 33/150
2021-10-22 08:36:04,500:INFO: loss=0.012, loss_seq=0.009, loss_mat=0.001, loss_rel=0.002
2021-10-22 08:36:05,633:INFO: - Val metrics:
correct_num: 989.000; predict_num: 1157.000; gold_num: 1223.000; precision: 0.855; recall: 0.809; f1: 0.831
2021-10-22 08:36:10,398:INFO: Epoch 34/150
2021-10-22 08:40:24,351:INFO: loss=0.016, loss_seq=0.013, loss_mat=0.001, loss_rel=0.002
2021-10-22 08:40:25,463:INFO: - Val metrics:
correct_num: 945.000; predict_num: 1107.000; gold_num: 1223.000; precision: 0.854; recall: 0.773; f1: 0.811
2021-10-22 08:40:29,927:INFO: Epoch 35/150
2021-10-22 08:44:44,283:INFO: loss=0.014, loss_seq=0.011, loss_mat=0.001, loss_rel=0.002
2021-10-22 08:44:45,398:INFO: - Val metrics:
correct_num: 957.000; predict_num: 1147.000; gold_num: 1223.000; precision: 0.834; recall: 0.783; f1: 0.808
2021-10-22 08:44:50,179:INFO: Epoch 36/150
2021-10-22 08:49:05,269:INFO: loss=0.010, loss_seq=0.008, loss_mat=0.001, loss_rel=0.001
2021-10-22 08:49:06,382:INFO: - Val metrics:
correct_num: 990.000; predict_num: 1138.000; gold_num: 1223.000; precision: 0.870; recall: 0.809; f1: 0.839
2021-10-22 08:49:11,354:INFO: Epoch 37/150
2021-10-22 08:53:25,448:INFO: loss=0.013, loss_seq=0.010, loss_mat=0.001, loss_rel=0.002
2021-10-22 08:53:26,587:INFO: - Val metrics:
correct_num: 944.000; predict_num: 1164.000; gold_num: 1223.000; precision: 0.811; recall: 0.772; f1: 0.791
2021-10-22 08:53:31,376:INFO: Epoch 38/150
2021-10-22 08:57:45,937:INFO: loss=0.015, loss_seq=0.011, loss_mat=0.001, loss_rel=0.002
2021-10-22 08:57:47,069:INFO: - Val metrics:
correct_num: 1011.000; predict_num: 1170.000; gold_num: 1223.000; precision: 0.864; recall: 0.827; f1: 0.845
2021-10-22 08:57:51,884:INFO: Epoch 39/150
2021-10-22 09:02:06,047:INFO: loss=0.012, loss_seq=0.009, loss_mat=0.001, loss_rel=0.002
2021-10-22 09:02:07,182:INFO: - Val metrics:
correct_num: 1004.000; predict_num: 1180.000; gold_num: 1223.000; precision: 0.851; recall: 0.821; f1: 0.836
2021-10-22 09:02:11,897:INFO: Epoch 40/150
2021-10-22 09:06:26,809:INFO: loss=0.010, loss_seq=0.008, loss_mat=0.001, loss_rel=0.002
2021-10-22 09:06:27,930:INFO: - Val metrics:
correct_num: 993.000; predict_num: 1158.000; gold_num: 1223.000; precision: 0.858; recall: 0.812; f1: 0.834
2021-10-22 09:06:32,721:INFO: Epoch 41/150
2021-10-22 09:10:47,598:INFO: loss=0.010, loss_seq=0.008, loss_mat=0.001, loss_rel=0.002
2021-10-22 09:10:48,712:INFO: - Val metrics:
correct_num: 980.000; predict_num: 1157.000; gold_num: 1223.000; precision: 0.847; recall: 0.801; f1: 0.824
2021-10-22 09:10:54,268:INFO: Epoch 42/150
2021-10-22 09:15:16,922:INFO: loss=0.011, loss_seq=0.008, loss_mat=0.001, loss_rel=0.002
2021-10-22 09:15:18,045:INFO: - Val metrics:
correct_num: 1019.000; predict_num: 1169.000; gold_num: 1223.000; precision: 0.872; recall: 0.833; f1: 0.852
2021-10-22 09:15:26,806:INFO: - Found new best F1
2021-10-22 09:15:26,807:INFO: Epoch 43/150
2021-10-22 09:26:04,546:INFO: loss=0.008, loss_seq=0.006, loss_mat=0.001, loss_rel=0.001
2021-10-22 09:26:07,735:INFO: - Val metrics:
correct_num: 993.000; predict_num: 1167.000; gold_num: 1223.000; precision: 0.851; recall: 0.812; f1: 0.831
2021-10-22 09:26:12,623:INFO: Epoch 44/150
2021-10-22 10:02:22,869:INFO: loss=0.017, loss_seq=0.013, loss_mat=0.001, loss_rel=0.002
2021-10-22 10:02:28,668:INFO: - Val metrics:
correct_num: 982.000; predict_num: 1177.000; gold_num: 1223.000; precision: 0.834; recall: 0.803; f1: 0.818
2021-10-22 10:02:33,495:INFO: Epoch 45/150
2021-10-22 10:39:21,915:INFO: loss=0.012, loss_seq=0.010, loss_mat=0.001, loss_rel=0.002
2021-10-22 10:39:25,284:INFO: - Val metrics:
correct_num: 992.000; predict_num: 1163.000; gold_num: 1223.000; precision: 0.853; recall: 0.811; f1: 0.832
2021-10-22 10:39:30,187:INFO: Epoch 46/150
2021-10-22 11:14:14,958:INFO: loss=0.009, loss_seq=0.007, loss_mat=0.001, loss_rel=0.002
2021-10-22 11:14:20,776:INFO: - Val metrics:
correct_num: 994.000; predict_num: 1192.000; gold_num: 1223.000; precision: 0.834; recall: 0.813; f1: 0.823
2021-10-22 11:14:25,605:INFO: Epoch 47/150
2021-10-22 11:51:33,638:INFO: loss=0.008, loss_seq=0.006, loss_mat=0.001, loss_rel=0.001
2021-10-22 11:51:39,420:INFO: - Val metrics:
correct_num: 1011.000; predict_num: 1197.000; gold_num: 1223.000; precision: 0.845; recall: 0.827; f1: 0.836
2021-10-22 11:51:44,117:INFO: Epoch 48/150
2021-10-22 12:26:37,412:INFO: loss=0.008, loss_seq=0.006, loss_mat=0.001, loss_rel=0.001
2021-10-22 12:26:43,252:INFO: - Val metrics:
correct_num: 1026.000; predict_num: 1176.000; gold_num: 1223.000; precision: 0.872; recall: 0.839; f1: 0.855
2021-10-22 12:26:51,956:INFO: - Found new best F1
2021-10-22 12:26:51,956:INFO: Epoch 49/150
2021-10-22 13:04:01,127:INFO: loss=0.009, loss_seq=0.007, loss_mat=0.001, loss_rel=0.001
2021-10-22 13:04:06,920:INFO: - Val metrics:
correct_num: 1011.000; predict_num: 1202.000; gold_num: 1223.000; precision: 0.841; recall: 0.827; f1: 0.834
2021-10-22 13:04:11,730:INFO: Epoch 50/150
2021-10-22 13:40:34,788:INFO: loss=0.010, loss_seq=0.008, loss_mat=0.001, loss_rel=0.001
2021-10-22 13:40:40,555:INFO: - Val metrics:
correct_num: 975.000; predict_num: 1131.000; gold_num: 1223.000; precision: 0.862; recall: 0.797; f1: 0.828
2021-10-22 13:40:45,412:INFO: Epoch 51/150
2021-10-22 14:17:53,479:INFO: loss=0.009, loss_seq=0.007, loss_mat=0.001, loss_rel=0.001
2021-10-22 14:17:59,235:INFO: - Val metrics:
correct_num: 1020.000; predict_num: 1205.000; gold_num: 1223.000; precision: 0.846; recall: 0.834; f1: 0.840
2021-10-22 14:18:04,033:INFO: Epoch 52/150
2021-10-22 14:40:33,335:INFO: loss=0.007, loss_seq=0.005, loss_mat=0.001, loss_rel=0.001
2021-10-22 14:40:36,582:INFO: - Val metrics:
correct_num: 1028.000; predict_num: 1205.000; gold_num: 1223.000; precision: 0.853; recall: 0.841; f1: 0.847
2021-10-22 14:40:41,667:INFO: Epoch 53/150
2021-10-22 14:56:33,212:INFO: loss=0.008, loss_seq=0.006, loss_mat=0.001, loss_rel=0.001
2021-10-22 14:56:35,360:INFO: - Val metrics:
correct_num: 1001.000; predict_num: 1168.000; gold_num: 1223.000; precision: 0.857; recall: 0.818; f1: 0.837
2021-10-22 14:56:40,568:INFO: Epoch 54/150
2021-10-22 15:08:37,319:INFO: loss=0.007, loss_seq=0.005, loss_mat=0.001, loss_rel=0.001
2021-10-22 15:08:40,557:INFO: - Val metrics:
correct_num: 1000.000; predict_num: 1160.000; gold_num: 1223.000; precision: 0.862; recall: 0.818; f1: 0.839
2021-10-22 15:08:45,504:INFO: Epoch 55/150
2021-10-22 15:23:15,073:INFO: loss=0.008, loss_seq=0.006, loss_mat=0.001, loss_rel=0.001
2021-10-22 15:23:17,213:INFO: - Val metrics:
correct_num: 953.000; predict_num: 1083.000; gold_num: 1223.000; precision: 0.880; recall: 0.779; f1: 0.827
2021-10-22 15:23:22,239:INFO: Epoch 56/150
2021-10-22 15:36:41,495:INFO: loss=0.006, loss_seq=0.004, loss_mat=0.001, loss_rel=0.001
2021-10-22 15:36:44,847:INFO: - Val metrics:
correct_num: 1018.000; predict_num: 1187.000; gold_num: 1223.000; precision: 0.858; recall: 0.832; f1: 0.845
2021-10-22 15:36:49,696:INFO: Epoch 57/150
2021-10-22 15:49:56,632:INFO: loss=0.008, loss_seq=0.006, loss_mat=0.001, loss_rel=0.001
2021-10-22 15:49:58,777:INFO: - Val metrics:
correct_num: 1016.000; predict_num: 1177.000; gold_num: 1223.000; precision: 0.863; recall: 0.831; f1: 0.847
2021-10-22 15:50:03,818:INFO: Epoch 58/150
2021-10-22 16:04:42,671:INFO: loss=0.005, loss_seq=0.004, loss_mat=0.000, loss_rel=0.001
2021-10-22 16:04:45,889:INFO: - Val metrics:
correct_num: 1002.000; predict_num: 1153.000; gold_num: 1223.000; precision: 0.869; recall: 0.819; f1: 0.843
2021-10-22 16:04:50,774:INFO: Epoch 59/150
2021-10-22 16:16:37,039:INFO: loss=0.007, loss_seq=0.005, loss_mat=0.001, loss_rel=0.001
2021-10-22 16:16:38,205:INFO: - Val metrics:
correct_num: 1039.000; predict_num: 1189.000; gold_num: 1223.000; precision: 0.874; recall: 0.850; f1: 0.862
2021-10-22 16:16:47,194:INFO: - Found new best F1
2021-10-22 16:16:47,194:INFO: Epoch 60/150
2021-10-22 16:32:47,124:INFO: loss=0.006, loss_seq=0.005, loss_mat=0.000, loss_rel=0.001
2021-10-22 16:32:50,393:INFO: - Val metrics:
correct_num: 1033.000; predict_num: 1204.000; gold_num: 1223.000; precision: 0.858; recall: 0.845; f1: 0.851
2021-10-22 16:32:55,369:INFO: Epoch 61/150
2021-10-22 16:44:39,104:INFO: loss=0.005, loss_seq=0.004, loss_mat=0.000, loss_rel=0.001
2021-10-22 16:44:42,413:INFO: - Val metrics:
correct_num: 1036.000; predict_num: 1186.000; gold_num: 1223.000; precision: 0.874; recall: 0.847; f1: 0.860
2021-10-22 16:44:47,140:INFO: Epoch 62/150
2021-10-22 17:00:46,777:INFO: loss=0.005, loss_seq=0.004, loss_mat=0.000, loss_rel=0.001
2021-10-22 17:00:50,061:INFO: - Val metrics:
correct_num: 1013.000; predict_num: 1162.000; gold_num: 1223.000; precision: 0.872; recall: 0.828; f1: 0.849
2021-10-22 17:00:55,064:INFO: Epoch 63/150
2021-10-22 17:12:37,038:INFO: loss=0.006, loss_seq=0.005, loss_mat=0.000, loss_rel=0.001
2021-10-22 17:12:40,286:INFO: - Val metrics:
correct_num: 997.000; predict_num: 1154.000; gold_num: 1223.000; precision: 0.864; recall: 0.815; f1: 0.839
2021-10-22 17:12:45,302:INFO: Epoch 64/150
2021-10-22 17:28:32,238:INFO: loss=0.009, loss_seq=0.007, loss_mat=0.001, loss_rel=0.001
2021-10-22 17:28:34,382:INFO: - Val metrics:
correct_num: 991.000; predict_num: 1160.000; gold_num: 1223.000; precision: 0.854; recall: 0.810; f1: 0.832
2021-10-22 17:28:39,626:INFO: Epoch 65/150
2021-10-22 17:40:46,526:INFO: loss=0.006, loss_seq=0.005, loss_mat=0.000, loss_rel=0.001
2021-10-22 17:40:49,774:INFO: - Val metrics:
correct_num: 1013.000; predict_num: 1144.000; gold_num: 1223.000; precision: 0.885; recall: 0.828; f1: 0.856
2021-10-22 17:40:54,920:INFO: Epoch 66/150
2021-10-22 17:55:16,188:INFO: loss=0.005, loss_seq=0.004, loss_mat=0.000, loss_rel=0.001
2021-10-22 17:55:18,333:INFO: - Val metrics:
correct_num: 1029.000; predict_num: 1202.000; gold_num: 1223.000; precision: 0.856; recall: 0.841; f1: 0.849
2021-10-22 17:55:23,334:INFO: Epoch 67/150
2021-10-22 18:08:55,048:INFO: loss=0.004, loss_seq=0.003, loss_mat=0.000, loss_rel=0.001
2021-10-22 18:08:58,272:INFO: - Val metrics:
correct_num: 1032.000; predict_num: 1197.000; gold_num: 1223.000; precision: 0.862; recall: 0.844; f1: 0.853
2021-10-22 18:09:03,240:INFO: Epoch 68/150
2021-10-22 18:22:00,029:INFO: loss=0.004, loss_seq=0.003, loss_mat=0.000, loss_rel=0.001
2021-10-22 18:22:02,164:INFO: - Val metrics:
correct_num: 1016.000; predict_num: 1172.000; gold_num: 1223.000; precision: 0.867; recall: 0.831; f1: 0.848
2021-10-22 18:22:07,178:INFO: Epoch 69/150
2021-10-22 18:37:05,479:INFO: loss=0.005, loss_seq=0.004, loss_mat=0.000, loss_rel=0.001
2021-10-22 18:37:08,679:INFO: - Val metrics:
correct_num: 1011.000; predict_num: 1159.000; gold_num: 1223.000; precision: 0.872; recall: 0.827; f1: 0.849
2021-10-22 18:37:13,559:INFO: Epoch 70/150
2021-10-22 18:49:00,945:INFO: loss=0.007, loss_seq=0.006, loss_mat=0.000, loss_rel=0.001
2021-10-22 18:49:04,178:INFO: - Val metrics:
correct_num: 983.000; predict_num: 1141.000; gold_num: 1223.000; precision: 0.862; recall: 0.804; f1: 0.832
2021-10-22 18:49:09,149:INFO: Epoch 71/150
2021-10-22 19:05:11,114:INFO: loss=0.005, loss_seq=0.004, loss_mat=0.000, loss_rel=0.001
2021-10-22 19:05:14,317:INFO: - Val metrics:
correct_num: 1044.000; predict_num: 1173.000; gold_num: 1223.000; precision: 0.890; recall: 0.854; f1: 0.871
2021-10-22 19:05:23,062:INFO: - Found new best F1
2021-10-22 19:05:23,062:INFO: Epoch 72/150
2021-10-22 19:17:05,360:INFO: loss=0.004, loss_seq=0.003, loss_mat=0.000, loss_rel=0.001
2021-10-22 19:17:08,628:INFO: - Val metrics:
correct_num: 1042.000; predict_num: 1178.000; gold_num: 1223.000; precision: 0.885; recall: 0.852; f1: 0.868
2021-10-22 19:17:13,428:INFO: Epoch 73/150
2021-10-22 19:33:13,779:INFO: loss=0.004, loss_seq=0.003, loss_mat=0.000, loss_rel=0.000
2021-10-22 19:33:17,025:INFO: - Val metrics:
correct_num: 1020.000; predict_num: 1167.000; gold_num: 1223.000; precision: 0.874; recall: 0.834; f1: 0.854
2021-10-22 19:33:21,960:INFO: Epoch 74/150
2021-10-22 19:45:03,939:INFO: loss=0.004, loss_seq=0.003, loss_mat=0.000, loss_rel=0.000
2021-10-22 19:45:07,186:INFO: - Val metrics:
correct_num: 1011.000; predict_num: 1154.000; gold_num: 1223.000; precision: 0.876; recall: 0.827; f1: 0.851
2021-10-22 19:45:12,081:INFO: Epoch 75/150
2021-10-22 20:00:40,099:INFO: loss=0.006, loss_seq=0.005, loss_mat=0.000, loss_rel=0.001
2021-10-22 20:00:42,247:INFO: - Val metrics:
correct_num: 1042.000; predict_num: 1188.000; gold_num: 1223.000; precision: 0.877; recall: 0.852; f1: 0.864
2021-10-22 20:00:47,231:INFO: Epoch 76/150
2021-10-22 20:13:16,033:INFO: loss=0.003, loss_seq=0.003, loss_mat=0.000, loss_rel=0.000
2021-10-22 20:13:19,260:INFO: - Val metrics:
correct_num: 1044.000; predict_num: 1182.000; gold_num: 1223.000; precision: 0.883; recall: 0.854; f1: 0.868
2021-10-22 20:13:24,216:INFO: Epoch 77/150
2021-10-22 20:27:24,451:INFO: loss=0.002, loss_seq=0.001, loss_mat=0.000, loss_rel=0.000
2021-10-22 20:27:26,596:INFO: - Val metrics:
correct_num: 1030.000; predict_num: 1169.000; gold_num: 1223.000; precision: 0.881; recall: 0.842; f1: 0.861
2021-10-22 20:27:31,437:INFO: Epoch 78/150
2021-10-22 20:41:26,241:INFO: loss=0.003, loss_seq=0.002, loss_mat=0.000, loss_rel=0.001
2021-10-22 20:41:29,465:INFO: - Val metrics:
correct_num: 1042.000; predict_num: 1181.000; gold_num: 1223.000; precision: 0.882; recall: 0.852; f1: 0.867
2021-10-22 20:41:34,710:INFO: Epoch 79/150
2021-10-22 20:54:08,035:INFO: loss=0.004, loss_seq=0.003, loss_mat=0.000, loss_rel=0.000
2021-10-22 20:54:10,168:INFO: - Val metrics:
correct_num: 1039.000; predict_num: 1185.000; gold_num: 1223.000; precision: 0.877; recall: 0.850; f1: 0.863
2021-10-22 20:54:15,325:INFO: Epoch 80/150
2021-10-22 21:09:37,059:INFO: loss=0.002, loss_seq=0.002, loss_mat=0.000, loss_rel=0.000
2021-10-22 21:09:40,318:INFO: - Val metrics:
correct_num: 1043.000; predict_num: 1177.000; gold_num: 1223.000; precision: 0.886; recall: 0.853; f1: 0.869
2021-10-22 21:09:45,138:INFO: Epoch 81/150
2021-10-22 21:21:30,577:INFO: loss=0.002, loss_seq=0.002, loss_mat=0.000, loss_rel=0.000
2021-10-22 21:21:33,803:INFO: - Val metrics:
correct_num: 1042.000; predict_num: 1185.000; gold_num: 1223.000; precision: 0.879; recall: 0.852; f1: 0.865
2021-10-22 21:21:38,689:INFO: Epoch 82/150
2021-10-22 21:37:41,877:INFO: loss=0.002, loss_seq=0.002, loss_mat=0.000, loss_rel=0.000
2021-10-22 21:37:45,087:INFO: - Val metrics:
correct_num: 1041.000; predict_num: 1177.000; gold_num: 1223.000; precision: 0.884; recall: 0.851; f1: 0.868
2021-10-22 21:37:49,933:INFO: Epoch 83/150
2021-10-22 21:49:36,753:INFO: loss=0.003, loss_seq=0.002, loss_mat=0.000, loss_rel=0.000
2021-10-22 21:49:39,986:INFO: - Val metrics:
correct_num: 1030.000; predict_num: 1179.000; gold_num: 1223.000; precision: 0.874; recall: 0.842; f1: 0.858
2021-10-22 21:49:44,860:INFO: Epoch 84/150
2021-10-22 22:05:45,545:INFO: loss=0.002, loss_seq=0.002, loss_mat=0.000, loss_rel=0.000
2021-10-22 22:05:48,814:INFO: - Val metrics:
correct_num: 1041.000; predict_num: 1165.000; gold_num: 1223.000; precision: 0.894; recall: 0.851; f1: 0.872
2021-10-22 22:05:57,696:INFO: - Found new best F1
2021-10-22 22:05:57,696:INFO: Epoch 85/150
2021-10-22 22:17:38,013:INFO: loss=0.002, loss_seq=0.002, loss_mat=0.000, loss_rel=0.000
2021-10-22 22:17:41,307:INFO: - Val metrics:
correct_num: 1059.000; predict_num: 1185.000; gold_num: 1223.000; precision: 0.894; recall: 0.866; f1: 0.880
2021-10-22 22:17:50,205:INFO: - Found new best F1
2021-10-22 22:17:50,205:INFO: Epoch 86/150
2021-10-22 22:32:51,529:INFO: loss=0.002, loss_seq=0.002, loss_mat=0.000, loss_rel=0.000
2021-10-22 22:32:53,664:INFO: - Val metrics:
correct_num: 1051.000; predict_num: 1181.000; gold_num: 1223.000; precision: 0.890; recall: 0.859; f1: 0.874
2021-10-22 22:32:58,668:INFO: Epoch 87/150
2021-10-22 22:45:48,774:INFO: loss=0.002, loss_seq=0.001, loss_mat=0.000, loss_rel=0.000
2021-10-22 22:45:51,999:INFO: - Val metrics:
correct_num: 1047.000; predict_num: 1182.000; gold_num: 1223.000; precision: 0.886; recall: 0.856; f1: 0.871
2021-10-22 22:45:56,919:INFO: Epoch 88/150
2021-10-22 22:59:33,069:INFO: loss=0.002, loss_seq=0.002, loss_mat=0.000, loss_rel=0.000
2021-10-22 22:59:35,212:INFO: - Val metrics:
correct_num: 1060.000; predict_num: 1194.000; gold_num: 1223.000; precision: 0.888; recall: 0.867; f1: 0.877
2021-10-22 22:59:40,274:INFO: Epoch 89/150
2021-10-22 23:13:52,889:INFO: loss=0.001, loss_seq=0.001, loss_mat=0.000, loss_rel=0.000
2021-10-22 23:13:56,172:INFO: - Val metrics:
correct_num: 1057.000; predict_num: 1184.000; gold_num: 1223.000; precision: 0.893; recall: 0.864; f1: 0.878
2021-10-22 23:14:01,044:INFO: Epoch 90/150
2021-10-22 23:26:12,821:INFO: loss=0.002, loss_seq=0.002, loss_mat=0.000, loss_rel=0.000
2021-10-22 23:26:14,966:INFO: - Val metrics:
correct_num: 1054.000; predict_num: 1193.000; gold_num: 1223.000; precision: 0.883; recall: 0.862; f1: 0.873
2021-10-22 23:26:20,027:INFO: Epoch 91/150
2021-10-22 23:41:53,540:INFO: loss=0.001, loss_seq=0.000, loss_mat=0.000, loss_rel=0.000
2021-10-22 23:41:56,810:INFO: - Val metrics:
correct_num: 1051.000; predict_num: 1184.000; gold_num: 1223.000; precision: 0.888; recall: 0.859; f1: 0.873
2021-10-22 23:42:01,856:INFO: Epoch 92/150
2021-10-22 23:53:46,058:INFO: loss=0.001, loss_seq=0.001, loss_mat=0.000, loss_rel=0.000
2021-10-22 23:53:49,274:INFO: - Val metrics:
correct_num: 1048.000; predict_num: 1185.000; gold_num: 1223.000; precision: 0.884; recall: 0.857; f1: 0.870
2021-10-22 23:53:54,290:INFO: Epoch 93/150
2021-10-23 00:09:52,173:INFO: loss=0.002, loss_seq=0.002, loss_mat=0.000, loss_rel=0.000
2021-10-23 00:09:55,417:INFO: - Val metrics:
correct_num: 1056.000; predict_num: 1187.000; gold_num: 1223.000; precision: 0.890; recall: 0.863; f1: 0.876
2021-10-23 00:10:00,368:INFO: Epoch 94/150
2021-10-23 00:21:45,229:INFO: loss=0.001, loss_seq=0.001, loss_mat=0.000, loss_rel=0.000
2021-10-23 00:21:48,469:INFO: - Val metrics:
correct_num: 1055.000; predict_num: 1185.000; gold_num: 1223.000; precision: 0.890; recall: 0.863; f1: 0.876
2021-10-23 00:21:53,426:INFO: Epoch 95/150
2021-10-23 00:37:52,335:INFO: loss=0.001, loss_seq=0.001, loss_mat=0.000, loss_rel=0.000
2021-10-23 00:37:55,587:INFO: - Val metrics:
correct_num: 1060.000; predict_num: 1188.000; gold_num: 1223.000; precision: 0.892; recall: 0.867; f1: 0.879
2021-10-23 00:38:00,525:INFO: Epoch 96/150
2021-10-23 00:49:42,539:INFO: loss=0.001, loss_seq=0.001, loss_mat=0.000, loss_rel=0.000
2021-10-23 00:49:45,817:INFO: - Val metrics:
correct_num: 1056.000; predict_num: 1184.000; gold_num: 1223.000; precision: 0.892; recall: 0.863; f1: 0.877
2021-10-23 00:49:50,748:INFO: Epoch 97/150
2021-10-23 01:04:40,356:INFO: loss=0.001, loss_seq=0.001, loss_mat=0.000, loss_rel=0.000
2021-10-23 01:04:42,500:INFO: - Val metrics:
correct_num: 1050.000; predict_num: 1177.000; gold_num: 1223.000; precision: 0.892; recall: 0.859; f1: 0.875
2021-10-23 01:04:47,611:INFO: Epoch 98/150
2021-10-23 01:17:47,012:INFO: loss=0.001, loss_seq=0.001, loss_mat=0.000, loss_rel=0.000
2021-10-23 01:17:50,279:INFO: - Val metrics:
correct_num: 1036.000; predict_num: 1170.000; gold_num: 1223.000; precision: 0.885; recall: 0.847; f1: 0.866
2021-10-23 01:17:55,262:INFO: Epoch 99/150
2021-10-23 01:31:21,522:INFO: loss=0.002, loss_seq=0.001, loss_mat=0.000, loss_rel=0.000
2021-10-23 01:31:23,674:INFO: - Val metrics:
correct_num: 1048.000; predict_num: 1177.000; gold_num: 1223.000; precision: 0.890; recall: 0.857; f1: 0.873
2021-10-23 01:31:28,678:INFO: Epoch 100/150
2021-10-23 01:45:53,123:INFO: loss=0.001, loss_seq=0.001, loss_mat=0.000, loss_rel=0.000
2021-10-23 01:45:56,335:INFO: - Val metrics:
correct_num: 1046.000; predict_num: 1173.000; gold_num: 1223.000; precision: 0.892; recall: 0.855; f1: 0.873
2021-10-23 01:46:01,237:INFO: Epoch 101/150
2021-10-23 01:58:03,111:INFO: loss=0.001, loss_seq=0.000, loss_mat=0.000, loss_rel=0.000
2021-10-23 01:58:05,251:INFO: - Val metrics:
correct_num: 1046.000; predict_num: 1174.000; gold_num: 1223.000; precision: 0.891; recall: 0.855; f1: 0.873
2021-10-23 01:58:10,359:INFO: Epoch 102/150
2021-10-23 02:13:59,794:INFO: loss=0.001, loss_seq=0.000, loss_mat=0.000, loss_rel=0.000
2021-10-23 02:14:03,037:INFO: - Val metrics:
correct_num: 1057.000; predict_num: 1192.000; gold_num: 1223.000; precision: 0.887; recall: 0.864; f1: 0.875
2021-10-23 02:14:07,989:INFO: Epoch 103/150
2021-10-23 02:25:53,139:INFO: loss=0.000, loss_seq=0.000, loss_mat=0.000, loss_rel=0.000
2021-10-23 02:25:56,422:INFO: - Val metrics:
correct_num: 1053.000; predict_num: 1181.000; gold_num: 1223.000; precision: 0.892; recall: 0.861; f1: 0.876
2021-10-23 02:26:01,347:INFO: Epoch 104/150
2021-10-23 02:41:58,826:INFO: loss=0.001, loss_seq=0.001, loss_mat=0.000, loss_rel=0.000
2021-10-23 02:42:02,043:INFO: - Val metrics:
correct_num: 1057.000; predict_num: 1179.000; gold_num: 1223.000; precision: 0.897; recall: 0.864; f1: 0.880
2021-10-23 02:42:11,039:INFO: - Found new best F1
2021-10-23 02:42:11,039:INFO: Epoch 105/150
2021-10-23 02:53:51,990:INFO: loss=0.000, loss_seq=0.000, loss_mat=0.000, loss_rel=0.000
2021-10-23 02:53:55,192:INFO: - Val metrics:
correct_num: 1054.000; predict_num: 1180.000; gold_num: 1223.000; precision: 0.893; recall: 0.862; f1: 0.877
2021-10-23 02:54:00,139:INFO: Epoch 106/150
2021-10-23 03:09:54,110:INFO: loss=0.001, loss_seq=0.001, loss_mat=0.000, loss_rel=0.000
2021-10-23 03:09:56,251:INFO: - Val metrics:
correct_num: 1059.000; predict_num: 1186.000; gold_num: 1223.000; precision: 0.893; recall: 0.866; f1: 0.879
2021-10-23 03:10:01,307:INFO: Epoch 107/150
2021-10-23 03:21:51,967:INFO: loss=0.000, loss_seq=0.000, loss_mat=0.000, loss_rel=0.000
2021-10-23 03:21:55,250:INFO: - Val metrics:
correct_num: 1064.000; predict_num: 1198.000; gold_num: 1223.000; precision: 0.888; recall: 0.870; f1: 0.879
2021-10-23 03:22:00,161:INFO: Epoch 108/150
2021-10-23 03:36:33,007:INFO: loss=0.001, loss_seq=0.000, loss_mat=0.000, loss_rel=0.000
2021-10-23 03:36:35,152:INFO: - Val metrics:
correct_num: 1056.000; predict_num: 1183.000; gold_num: 1223.000; precision: 0.893; recall: 0.863; f1: 0.878
2021-10-23 03:36:40,185:INFO: Epoch 109/150
2021-10-23 03:49:54,076:INFO: loss=0.001, loss_seq=0.001, loss_mat=0.000, loss_rel=0.000
2021-10-23 03:49:57,360:INFO: - Val metrics:
correct_num: 1055.000; predict_num: 1188.000; gold_num: 1223.000; precision: 0.888; recall: 0.863; f1: 0.875
2021-10-23 03:50:02,242:INFO: Epoch 110/150
2021-10-23 04:03:12,641:INFO: loss=0.000, loss_seq=0.000, loss_mat=0.000, loss_rel=0.000
2021-10-23 04:03:14,770:INFO: - Val metrics:
correct_num: 1059.000; predict_num: 1184.000; gold_num: 1223.000; precision: 0.894; recall: 0.866; f1: 0.880
2021-10-23 04:03:19,731:INFO: Epoch 111/150
2021-10-23 04:17:57,415:INFO: loss=0.000, loss_seq=0.000, loss_mat=0.000, loss_rel=0.000
2021-10-23 04:18:00,669:INFO: - Val metrics:
correct_num: 1057.000; predict_num: 1186.000; gold_num: 1223.000; precision: 0.891; recall: 0.864; f1: 0.878
2021-10-23 04:18:05,565:INFO: Epoch 112/150
2021-10-23 04:29:52,453:INFO: loss=0.000, loss_seq=0.000, loss_mat=0.000, loss_rel=0.000
2021-10-23 04:29:53,620:INFO: - Val metrics:
correct_num: 1057.000; predict_num: 1180.000; gold_num: 1223.000; precision: 0.896; recall: 0.864; f1: 0.880
2021-10-23 04:29:58,811:INFO: Epoch 113/150
2021-10-23 04:45:57,340:INFO: loss=0.000, loss_seq=0.000, loss_mat=0.000, loss_rel=0.000
2021-10-23 04:46:00,572:INFO: - Val metrics:
correct_num: 1074.000; predict_num: 1197.000; gold_num: 1223.000; precision: 0.897; recall: 0.878; f1: 0.888
2021-10-23 04:46:09,724:INFO: - Found new best F1
2021-10-23 04:46:09,724:INFO: Epoch 114/150
2021-10-23 04:57:55,935:INFO: loss=0.001, loss_seq=0.000, loss_mat=0.000, loss_rel=0.000
2021-10-23 04:57:59,134:INFO: - Val metrics:
correct_num: 1062.000; predict_num: 1193.000; gold_num: 1223.000; precision: 0.890; recall: 0.868; f1: 0.879
2021-10-23 04:58:04,124:INFO: Epoch 115/150
2021-10-23 05:14:02,919:INFO: loss=0.000, loss_seq=0.000, loss_mat=0.000, loss_rel=0.000
2021-10-23 05:14:06,189:INFO: - Val metrics:
correct_num: 1057.000; predict_num: 1180.000; gold_num: 1223.000; precision: 0.896; recall: 0.864; f1: 0.880
2021-10-23 05:14:11,078:INFO: Epoch 116/150
2021-10-23 05:25:51,649:INFO: loss=0.000, loss_seq=0.000, loss_mat=0.000, loss_rel=0.000
2021-10-23 05:25:54,899:INFO: - Val metrics:
correct_num: 1060.000; predict_num: 1186.000; gold_num: 1223.000; precision: 0.894; recall: 0.867; f1: 0.880
2021-10-23 05:25:59,822:INFO: Epoch 117/150
2021-10-23 05:41:43,080:INFO: loss=0.000, loss_seq=0.000, loss_mat=0.000, loss_rel=0.000
2021-10-23 05:41:45,219:INFO: - Val metrics:
correct_num: 1059.000; predict_num: 1188.000; gold_num: 1223.000; precision: 0.891; recall: 0.866; f1: 0.878
2021-10-23 05:41:50,266:INFO: Epoch 118/150
2021-10-23 05:53:54,403:INFO: loss=0.000, loss_seq=0.000, loss_mat=0.000, loss_rel=0.000
2021-10-23 05:53:57,625:INFO: - Val metrics:
correct_num: 1068.000; predict_num: 1192.000; gold_num: 1223.000; precision: 0.896; recall: 0.873; f1: 0.884
2021-10-23 05:54:02,439:INFO: Epoch 119/150
2021-10-23 06:08:23,540:INFO: loss=0.000, loss_seq=0.000, loss_mat=0.000, loss_rel=0.000
2021-10-23 06:08:25,681:INFO: - Val metrics:
correct_num: 1068.000; predict_num: 1190.000; gold_num: 1223.000; precision: 0.897; recall: 0.873; f1: 0.885
2021-10-23 06:08:30,619:INFO: Epoch 120/150
2021-10-23 06:21:58,487:INFO: loss=0.000, loss_seq=0.000, loss_mat=0.000, loss_rel=0.000
2021-10-23 06:22:01,761:INFO: - Val metrics:
correct_num: 1075.000; predict_num: 1193.000; gold_num: 1223.000; precision: 0.901; recall: 0.879; f1: 0.890
2021-10-23 06:22:10,643:INFO: - Found new best F1
2021-10-23 06:22:10,644:INFO: Epoch 121/150
2021-10-23 06:35:07,746:INFO: loss=0.000, loss_seq=0.000, loss_mat=0.000, loss_rel=0.000
2021-10-23 06:35:09,874:INFO: - Val metrics:
correct_num: 1068.000; predict_num: 1194.000; gold_num: 1223.000; precision: 0.894; recall: 0.873; f1: 0.884
2021-10-23 06:35:14,893:INFO: Epoch 122/150
2021-10-23 06:50:14,946:INFO: loss=0.000, loss_seq=0.000, loss_mat=0.000, loss_rel=0.000
2021-10-23 06:50:18,199:INFO: - Val metrics:
correct_num: 1063.000; predict_num: 1190.000; gold_num: 1223.000; precision: 0.893; recall: 0.869; f1: 0.881
2021-10-23 06:50:23,074:INFO: Epoch 123/150
2021-10-23 07:02:06,939:INFO: loss=0.000, loss_seq=0.000, loss_mat=0.000, loss_rel=0.000
2021-10-23 07:02:10,158:INFO: - Val metrics:
correct_num: 1066.000; predict_num: 1189.000; gold_num: 1223.000; precision: 0.897; recall: 0.872; f1: 0.884
2021-10-23 07:02:15,137:INFO: Epoch 124/150
2021-10-23 07:18:21,678:INFO: loss=0.000, loss_seq=0.000, loss_mat=0.000, loss_rel=0.000
2021-10-23 07:18:24,875:INFO: - Val metrics:
correct_num: 1062.000; predict_num: 1180.000; gold_num: 1223.000; precision: 0.900; recall: 0.868; f1: 0.884
2021-10-23 07:18:29,763:INFO: Epoch 125/150
2021-10-23 07:30:15,306:INFO: loss=0.000, loss_seq=0.000, loss_mat=0.000, loss_rel=0.000
2021-10-23 07:30:18,534:INFO: - Val metrics:
correct_num: 1067.000; predict_num: 1184.000; gold_num: 1223.000; precision: 0.901; recall: 0.872; f1: 0.887
2021-10-23 07:30:23,579:INFO: Epoch 126/150
2021-10-23 07:46:26,648:INFO: loss=0.000, loss_seq=0.000, loss_mat=0.000, loss_rel=0.000
2021-10-23 07:46:29,899:INFO: - Val metrics:
correct_num: 1060.000; predict_num: 1168.000; gold_num: 1223.000; precision: 0.908; recall: 0.867; f1: 0.887
2021-10-23 07:46:34,806:INFO: Epoch 127/150
2021-10-23 07:58:21,761:INFO: loss=0.000, loss_seq=0.000, loss_mat=0.000, loss_rel=0.000
2021-10-23 07:58:25,047:INFO: - Val metrics:
correct_num: 1066.000; predict_num: 1184.000; gold_num: 1223.000; precision: 0.900; recall: 0.872; f1: 0.886
2021-10-23 07:58:29,947:INFO: Epoch 128/150
2021-10-23 08:13:47,335:INFO: loss=0.000, loss_seq=0.000, loss_mat=0.000, loss_rel=0.000
2021-10-23 08:13:49,478:INFO: - Val metrics:
correct_num: 1061.000; predict_num: 1182.000; gold_num: 1223.000; precision: 0.898; recall: 0.868; f1: 0.882
2021-10-23 08:13:54,486:INFO: Epoch 129/150
2021-10-23 08:26:30,485:INFO: loss=0.000, loss_seq=0.000, loss_mat=0.000, loss_rel=0.000
2021-10-23 08:26:33,705:INFO: - Val metrics:
correct_num: 1061.000; predict_num: 1186.000; gold_num: 1223.000; precision: 0.895; recall: 0.868; f1: 0.881
2021-10-23 08:26:38,601:INFO: Epoch 130/150
2021-10-23 08:40:31,489:INFO: loss=0.000, loss_seq=0.000, loss_mat=0.000, loss_rel=0.000
2021-10-23 08:40:33,625:INFO: - Val metrics:
correct_num: 1065.000; predict_num: 1186.000; gold_num: 1223.000; precision: 0.898; recall: 0.871; f1: 0.884
2021-10-23 08:40:38,649:INFO: Epoch 131/150
2021-10-23 08:54:40,897:INFO: loss=0.000, loss_seq=0.000, loss_mat=0.000, loss_rel=0.000
2021-10-23 08:54:44,142:INFO: - Val metrics:
correct_num: 1069.000; predict_num: 1191.000; gold_num: 1223.000; precision: 0.898; recall: 0.874; f1: 0.886
2021-10-23 08:54:49,087:INFO: Epoch 132/150
2021-10-23 09:07:15,133:INFO: loss=0.000, loss_seq=0.000, loss_mat=0.000, loss_rel=0.000
2021-10-23 09:07:17,272:INFO: - Val metrics:
correct_num: 1067.000; predict_num: 1187.000; gold_num: 1223.000; precision: 0.899; recall: 0.872; f1: 0.885
2021-10-23 09:07:22,237:INFO: Epoch 133/150
2021-10-23 09:22:56,175:INFO: loss=0.000, loss_seq=0.000, loss_mat=0.000, loss_rel=0.000
2021-10-23 09:22:59,390:INFO: - Val metrics:
correct_num: 1058.000; predict_num: 1179.000; gold_num: 1223.000; precision: 0.897; recall: 0.865; f1: 0.881
2021-10-23 09:23:04,312:INFO: Epoch 134/150
2021-10-23 09:34:48,292:INFO: loss=0.000, loss_seq=0.000, loss_mat=0.000, loss_rel=0.000
2021-10-23 09:34:51,470:INFO: - Val metrics:
correct_num: 1058.000; predict_num: 1181.000; gold_num: 1223.000; precision: 0.896; recall: 0.865; f1: 0.880
2021-10-23 09:34:56,634:INFO: Epoch 135/150
2021-10-23 09:51:03,850:INFO: loss=0.000, loss_seq=0.000, loss_mat=0.000, loss_rel=0.000
2021-10-23 09:51:07,079:INFO: - Val metrics:
correct_num: 1062.000; predict_num: 1183.000; gold_num: 1223.000; precision: 0.898; recall: 0.868; f1: 0.883
2021-10-23 09:51:12,074:INFO: Epoch 136/150
2021-10-23 10:02:55,953:INFO: loss=0.000, loss_seq=0.000, loss_mat=0.000, loss_rel=0.000
2021-10-23 10:02:59,183:INFO: - Val metrics:
correct_num: 1060.000; predict_num: 1179.000; gold_num: 1223.000; precision: 0.899; recall: 0.867; f1: 0.883
2021-10-23 10:03:04,226:INFO: Epoch 137/150
2021-10-23 10:19:04,523:INFO: loss=0.000, loss_seq=0.000, loss_mat=0.000, loss_rel=0.000
2021-10-23 10:19:07,736:INFO: - Val metrics:
correct_num: 1059.000; predict_num: 1178.000; gold_num: 1223.000; precision: 0.899; recall: 0.866; f1: 0.882
2021-10-23 10:19:12,668:INFO: Epoch 138/150
2021-10-23 10:30:55,640:INFO: loss=0.000, loss_seq=0.000, loss_mat=0.000, loss_rel=0.000
2021-10-23 10:30:58,864:INFO: - Val metrics:
correct_num: 1061.000; predict_num: 1179.000; gold_num: 1223.000; precision: 0.900; recall: 0.868; f1: 0.883
2021-10-23 10:31:03,766:INFO: Epoch 139/150
2021-10-23 10:45:51,038:INFO: loss=0.000, loss_seq=0.000, loss_mat=0.000, loss_rel=0.000
2021-10-23 10:45:53,166:INFO: - Val metrics:
correct_num: 1059.000; predict_num: 1174.000; gold_num: 1223.000; precision: 0.902; recall: 0.866; f1: 0.884
2021-10-23 10:45:58,330:INFO: Epoch 140/150
2021-10-23 10:59:01,577:INFO: loss=0.000, loss_seq=0.000, loss_mat=0.000, loss_rel=0.000
2021-10-23 10:59:04,792:INFO: - Val metrics:
correct_num: 1058.000; predict_num: 1173.000; gold_num: 1223.000; precision: 0.902; recall: 0.865; f1: 0.883
2021-10-23 10:59:09,842:INFO: Epoch 141/150
2021-10-23 11:12:36,028:INFO: loss=0.000, loss_seq=0.000, loss_mat=0.000, loss_rel=0.000
2021-10-23 11:12:38,166:INFO: - Val metrics:
correct_num: 1061.000; predict_num: 1176.000; gold_num: 1223.000; precision: 0.902; recall: 0.868; f1: 0.885
2021-10-23 11:12:43,394:INFO: Epoch 142/150
2021-10-23 11:27:15,992:INFO: loss=0.000, loss_seq=0.000, loss_mat=0.000, loss_rel=0.000
2021-10-23 11:27:19,276:INFO: - Val metrics:
correct_num: 1060.000; predict_num: 1179.000; gold_num: 1223.000; precision: 0.899; recall: 0.867; f1: 0.883
2021-10-23 11:27:24,491:INFO: Epoch 143/150
2021-10-23 11:39:22,217:INFO: loss=0.000, loss_seq=0.000, loss_mat=0.000, loss_rel=0.000
2021-10-23 11:39:24,352:INFO: - Val metrics:
correct_num: 1059.000; predict_num: 1175.000; gold_num: 1223.000; precision: 0.901; recall: 0.866; f1: 0.883
2021-10-23 11:39:29,731:INFO: Epoch 144/150
2021-10-23 11:55:35,797:INFO: loss=0.000, loss_seq=0.000, loss_mat=0.000, loss_rel=0.000
2021-10-23 11:55:38,995:INFO: - Val metrics:
correct_num: 1060.000; predict_num: 1177.000; gold_num: 1223.000; precision: 0.901; recall: 0.867; f1: 0.883
2021-10-23 11:55:44,176:INFO: Epoch 145/150
2021-10-23 12:07:25,727:INFO: loss=0.000, loss_seq=0.000, loss_mat=0.000, loss_rel=0.000
2021-10-23 12:07:28,949:INFO: - Val metrics:
correct_num: 1060.000; predict_num: 1175.000; gold_num: 1223.000; precision: 0.902; recall: 0.867; f1: 0.884
2021-10-23 12:07:33,854:INFO: Epoch 146/150
2021-10-23 12:23:38,513:INFO: loss=0.000, loss_seq=0.000, loss_mat=0.000, loss_rel=0.000
2021-10-23 12:23:41,735:INFO: - Val metrics:
correct_num: 1061.000; predict_num: 1176.000; gold_num: 1223.000; precision: 0.902; recall: 0.868; f1: 0.885
2021-10-23 12:23:46,656:INFO: Epoch 147/150
2021-10-23 12:35:31,924:INFO: loss=0.000, loss_seq=0.000, loss_mat=0.000, loss_rel=0.000
2021-10-23 12:35:35,157:INFO: - Val metrics:
correct_num: 1061.000; predict_num: 1175.000; gold_num: 1223.000; precision: 0.903; recall: 0.868; f1: 0.885
2021-10-23 12:35:40,128:INFO: Epoch 148/150
2021-10-23 12:51:22,909:INFO: loss=0.000, loss_seq=0.000, loss_mat=0.000, loss_rel=0.000
2021-10-23 12:51:25,053:INFO: - Val metrics:
correct_num: 1061.000; predict_num: 1175.000; gold_num: 1223.000; precision: 0.903; recall: 0.868; f1: 0.885
2021-10-23 12:51:30,035:INFO: Epoch 149/150
2021-10-23 12:57:38,595:INFO: loss=0.000, loss_seq=0.000, loss_mat=0.000, loss_rel=0.000
2021-10-23 12:57:39,736:INFO: - Val metrics:
correct_num: 1061.000; predict_num: 1175.000; gold_num: 1223.000; precision: 0.903; recall: 0.868; f1: 0.885
2021-10-23 12:57:44,580:INFO: Epoch 150/150
2021-10-23 13:02:10,874:INFO: loss=0.000, loss_seq=0.000, loss_mat=0.000, loss_rel=0.000
2021-10-23 13:02:12,015:INFO: - Val metrics:
correct_num: 1061.000; predict_num: 1175.000; gold_num: 1223.000; precision: 0.903; recall: 0.868; f1: 0.885
2021-10-23 13:02:16,817:WARNING: Best val f1: 0.8899006622516555
2021-10-23 13:02:18,336:INFO: - test metrics:
correct_num: 1398.000; predict_num: 1547.000; gold_num: 1607.000; precision: 0.904; recall: 0.870; f1: 0.886
2021-10-23 13:02:18,339:INFO: 

Test in TestSet:

2021-10-23 13:02:18,339:INFO: correct_num: 1398.000; predict_num: 1547.000; gold_num: 1607.000; precision: 0.904; recall: 0.870; f1: 0.886
2021-10-23 13:02:18,418:INFO: -done
